[0.067s] Invoking command in '/home/nvidia/f1tenth_ws/build/fixposition_gnss_tf': CMAKE_PREFIX_PATH=${CMAKE_PREFIX_PATH}:/home/nvidia/f1tenth_ws/install/f1tenth_stack:/home/nvidia/f1tenth_ws/install/joy_teleop:/home/nvidia/f1tenth_ws/install/mouse_teleop:/home/nvidia/f1tenth_ws/install/key_teleop:/opt/ros/humble /usr/bin/cmake /home/nvidia/f1tenth_ws/src/fixposition_gnss_tf -DCMAKE_BUILD_TYPE=Release -DCMAKE_INSTALL_PREFIX=/home/nvidia/f1tenth_ws/install/fixposition_gnss_tf
[0.100s] -- Configuring done
[0.104s] -- Generating done
[0.106s] -- Build files have been written to: /home/nvidia/f1tenth_ws/build/fixposition_gnss_tf
[0.750s] Invoked command in '/home/nvidia/f1tenth_ws/build/fixposition_gnss_tf' returned '0': CMAKE_PREFIX_PATH=${CMAKE_PREFIX_PATH}:/home/nvidia/f1tenth_ws/install/f1tenth_stack:/home/nvidia/f1tenth_ws/install/joy_teleop:/home/nvidia/f1tenth_ws/install/mouse_teleop:/home/nvidia/f1tenth_ws/install/key_teleop:/opt/ros/humble /usr/bin/cmake /home/nvidia/f1tenth_ws/src/fixposition_gnss_tf -DCMAKE_BUILD_TYPE=Release -DCMAKE_INSTALL_PREFIX=/home/nvidia/f1tenth_ws/install/fixposition_gnss_tf
[0.754s] Invoking command in '/home/nvidia/f1tenth_ws/build/fixposition_gnss_tf': CMAKE_PREFIX_PATH=${CMAKE_PREFIX_PATH}:/home/nvidia/f1tenth_ws/install/f1tenth_stack:/home/nvidia/f1tenth_ws/install/joy_teleop:/home/nvidia/f1tenth_ws/install/mouse_teleop:/home/nvidia/f1tenth_ws/install/key_teleop:/opt/ros/humble /usr/bin/cmake --build /home/nvidia/f1tenth_ws/build/fixposition_gnss_tf -- -j6 -l6
[0.873s] [35m[1mConsolidate compiler generated dependencies of target fixposition_gnss_tf[0m
[0.922s] [100%] Built target fixposition_gnss_tf
[0.959s] Invoked command in '/home/nvidia/f1tenth_ws/build/fixposition_gnss_tf' returned '0': CMAKE_PREFIX_PATH=${CMAKE_PREFIX_PATH}:/home/nvidia/f1tenth_ws/install/f1tenth_stack:/home/nvidia/f1tenth_ws/install/joy_teleop:/home/nvidia/f1tenth_ws/install/mouse_teleop:/home/nvidia/f1tenth_ws/install/key_teleop:/opt/ros/humble /usr/bin/cmake --build /home/nvidia/f1tenth_ws/build/fixposition_gnss_tf -- -j6 -l6
[1.059s] Invoking command in '/home/nvidia/f1tenth_ws/build/fixposition_gnss_tf': CMAKE_PREFIX_PATH=${CMAKE_PREFIX_PATH}:/home/nvidia/f1tenth_ws/install/f1tenth_stack:/home/nvidia/f1tenth_ws/install/joy_teleop:/home/nvidia/f1tenth_ws/install/mouse_teleop:/home/nvidia/f1tenth_ws/install/key_teleop:/opt/ros/humble /usr/bin/cmake --install /home/nvidia/f1tenth_ws/build/fixposition_gnss_tf
[1.081s] -- Install configuration: "Release"
[1.081s] -- Up-to-date: /home/nvidia/f1tenth_ws/install/fixposition_gnss_tf/./include
[1.082s] -- Up-to-date: /home/nvidia/f1tenth_ws/install/fixposition_gnss_tf/./include/fixposition_gnss_tf
[1.082s] -- Up-to-date: /home/nvidia/f1tenth_ws/install/fixposition_gnss_tf/./include/fixposition_gnss_tf/gnss_tf.hpp
[1.082s] -- Up-to-date: /home/nvidia/f1tenth_ws/install/fixposition_gnss_tf/lib/libfixposition_gnss_tf.so
[1.082s] -- Up-to-date: /home/nvidia/f1tenth_ws/install/fixposition_gnss_tf/lib/libfixposition_gnss_tf.so
[1.082s] -- Up-to-date: /home/nvidia/f1tenth_ws/install/fixposition_gnss_tf/lib/cmake/fixposition_gnss_tf/fixposition_gnss_tf-targets.cmake
[1.083s] -- Up-to-date: /home/nvidia/f1tenth_ws/install/fixposition_gnss_tf/lib/cmake/fixposition_gnss_tf/fixposition_gnss_tf-targets-release.cmake
[1.083s] -- Up-to-date: /home/nvidia/f1tenth_ws/install/fixposition_gnss_tf/include/fixposition_gnss_tf
[1.083s] -- Up-to-date: /home/nvidia/f1tenth_ws/install/fixposition_gnss_tf/include/fixposition_gnss_tf/gnss_tf.hpp
[1.083s] -- Up-to-date: /home/nvidia/f1tenth_ws/install/fixposition_gnss_tf/share/fixposition_gnss_tf/package.xml
[1.083s] -- Up-to-date: /home/nvidia/f1tenth_ws/install/fixposition_gnss_tf/lib/cmake/fixposition_gnss_tf/fixposition_gnss_tf-config.cmake
[1.083s] -- Up-to-date: /home/nvidia/f1tenth_ws/install/fixposition_gnss_tf/lib/cmake/fixposition_gnss_tf/fixposition_gnss_tf-config-version.cmake
[1.088s] Invoked command in '/home/nvidia/f1tenth_ws/build/fixposition_gnss_tf' returned '0': CMAKE_PREFIX_PATH=${CMAKE_PREFIX_PATH}:/home/nvidia/f1tenth_ws/install/f1tenth_stack:/home/nvidia/f1tenth_ws/install/joy_teleop:/home/nvidia/f1tenth_ws/install/mouse_teleop:/home/nvidia/f1tenth_ws/install/key_teleop:/opt/ros/humble /usr/bin/cmake --install /home/nvidia/f1tenth_ws/build/fixposition_gnss_tf
