[0.033s] Invoking command in '/home/nvidia/f1tenth_ws/build/fixposition_odometry_converter_ros2': AMENT_PREFIX_PATH=/home/nvidia/f1tenth_ws/install/fixposition_driver_ros2:${AMENT_PREFIX_PATH} CMAKE_PREFIX_PATH=/home/nvidia/f1tenth_ws/install/fixposition_driver_ros2:/home/nvidia/f1tenth_ws/install/fixposition_gnss_tf:/opt/ros/humble LD_LIBRARY_PATH=/home/nvidia/f1tenth_ws/install/fixposition_driver_ros2/lib:/home/nvidia/f1tenth_ws/install/fixposition_gnss_tf/lib:/opt/ros/humble/opt/rviz_ogre_vendor/lib:/opt/ros/humble/lib/aarch64-linux-gnu:/opt/ros/humble/lib:/usr/local/cuda-12.2/lib64 PKG_CONFIG_PATH=/home/nvidia/f1tenth_ws/install/fixposition_gnss_tf/lib/aarch64-linux-gnu/pkgconfig:/home/nvidia/f1tenth_ws/install/fixposition_gnss_tf/lib/pkgconfig PYTHONPATH=/home/nvidia/f1tenth_ws/install/fixposition_driver_ros2/local/lib/python3.10/dist-packages:${PYTHONPATH} /usr/bin/cmake /home/nvidia/f1tenth_ws/src/fixposition_driver/fixposition_odometry_converter_ros2 -DCMAKE_INSTALL_PREFIX=/home/nvidia/f1tenth_ws/install/fixposition_odometry_converter_ros2
[0.132s] -- The C compiler identification is GNU 11.4.0
[0.231s] -- The CXX compiler identification is GNU 11.4.0
[0.243s] -- Detecting C compiler ABI info
[0.380s] -- Detecting C compiler ABI info - done
[0.405s] -- Check for working C compiler: /usr/bin/cc - skipped
[0.407s] -- Detecting C compile features
[0.409s] -- Detecting C compile features - done
[0.420s] -- Detecting CXX compiler ABI info
[0.580s] -- Detecting CXX compiler ABI info - done
[0.593s] -- Check for working CXX compiler: /usr/bin/c++ - skipped
[0.594s] -- Detecting CXX compile features
[0.595s] -- Detecting CXX compile features - done
[0.602s] -- Found ament_cmake: 1.3.8 (/opt/ros/humble/share/ament_cmake/cmake)
[0.948s] -- Found Python3: /usr/bin/python3 (found version "3.10.12") found components: Interpreter 
[1.168s] -- Found rclcpp: 16.0.8 (/opt/ros/humble/share/rclcpp/cmake)
[1.260s] -- Found rosidl_generator_c: 3.1.5 (/opt/ros/humble/share/rosidl_generator_c/cmake)
[1.269s] -- Found rosidl_adapter: 3.1.5 (/opt/ros/humble/share/rosidl_adapter/cmake)
[1.286s] -- Found rosidl_generator_cpp: 3.1.5 (/opt/ros/humble/share/rosidl_generator_cpp/cmake)
[1.311s] -- Using all available rosidl_typesupport_c: rosidl_typesupport_fastrtps_c;rosidl_typesupport_introspection_c
[1.349s] -- Using all available rosidl_typesupport_cpp: rosidl_typesupport_fastrtps_cpp;rosidl_typesupport_introspection_cpp
[1.484s] -- Found rmw_implementation_cmake: 6.1.1 (/opt/ros/humble/share/rmw_implementation_cmake/cmake)
[1.488s] -- Found rmw_fastrtps_cpp: 6.2.6 (/opt/ros/humble/share/rmw_fastrtps_cpp/cmake)
[1.661s] -- Found OpenSSL: /usr/lib/aarch64-linux-gnu/libcrypto.so (found version "3.0.2")  
[1.719s] -- Found FastRTPS: /opt/ros/humble/include  
[1.805s] -- Using RMW implementation 'rmw_fastrtps_cpp' as default
[1.823s] -- Looking for pthread.h
[1.963s] -- Looking for pthread.h - found
[1.964s] -- Performing Test CMAKE_HAVE_LIBC_PTHREAD
[2.111s] -- Performing Test CMAKE_HAVE_LIBC_PTHREAD - Success
[2.115s] -- Found Threads: TRUE  
[2.439s] -- Found rclcpp_components: 16.0.8 (/opt/ros/humble/share/rclcpp_components/cmake)
[2.559s] -- Found nav_msgs: 4.2.3 (/opt/ros/humble/share/nav_msgs/cmake)
[2.793s] -- Found fixposition_driver_ros2: 5.0.0 (/home/nvidia/f1tenth_ws/install/fixposition_driver_ros2/share/fixposition_driver_ros2/cmake)
[3.154s] -- Configuring done
[3.189s] -- Generating done
[3.193s] -- Build files have been written to: /home/nvidia/f1tenth_ws/build/fixposition_odometry_converter_ros2
[3.220s] Invoked command in '/home/nvidia/f1tenth_ws/build/fixposition_odometry_converter_ros2' returned '0': AMENT_PREFIX_PATH=/home/nvidia/f1tenth_ws/install/fixposition_driver_ros2:${AMENT_PREFIX_PATH} CMAKE_PREFIX_PATH=/home/nvidia/f1tenth_ws/install/fixposition_driver_ros2:/home/nvidia/f1tenth_ws/install/fixposition_gnss_tf:/opt/ros/humble LD_LIBRARY_PATH=/home/nvidia/f1tenth_ws/install/fixposition_driver_ros2/lib:/home/nvidia/f1tenth_ws/install/fixposition_gnss_tf/lib:/opt/ros/humble/opt/rviz_ogre_vendor/lib:/opt/ros/humble/lib/aarch64-linux-gnu:/opt/ros/humble/lib:/usr/local/cuda-12.2/lib64 PKG_CONFIG_PATH=/home/nvidia/f1tenth_ws/install/fixposition_gnss_tf/lib/aarch64-linux-gnu/pkgconfig:/home/nvidia/f1tenth_ws/install/fixposition_gnss_tf/lib/pkgconfig PYTHONPATH=/home/nvidia/f1tenth_ws/install/fixposition_driver_ros2/local/lib/python3.10/dist-packages:${PYTHONPATH} /usr/bin/cmake /home/nvidia/f1tenth_ws/src/fixposition_driver/fixposition_odometry_converter_ros2 -DCMAKE_INSTALL_PREFIX=/home/nvidia/f1tenth_ws/install/fixposition_odometry_converter_ros2
[3.225s] Invoking command in '/home/nvidia/f1tenth_ws/build/fixposition_odometry_converter_ros2': AMENT_PREFIX_PATH=/home/nvidia/f1tenth_ws/install/fixposition_driver_ros2:${AMENT_PREFIX_PATH} CMAKE_PREFIX_PATH=/home/nvidia/f1tenth_ws/install/fixposition_driver_ros2:/home/nvidia/f1tenth_ws/install/fixposition_gnss_tf:/opt/ros/humble LD_LIBRARY_PATH=/home/nvidia/f1tenth_ws/install/fixposition_driver_ros2/lib:/home/nvidia/f1tenth_ws/install/fixposition_gnss_tf/lib:/opt/ros/humble/opt/rviz_ogre_vendor/lib:/opt/ros/humble/lib/aarch64-linux-gnu:/opt/ros/humble/lib:/usr/local/cuda-12.2/lib64 PKG_CONFIG_PATH=/home/nvidia/f1tenth_ws/install/fixposition_gnss_tf/lib/aarch64-linux-gnu/pkgconfig:/home/nvidia/f1tenth_ws/install/fixposition_gnss_tf/lib/pkgconfig PYTHONPATH=/home/nvidia/f1tenth_ws/install/fixposition_driver_ros2/local/lib/python3.10/dist-packages:${PYTHONPATH} /usr/bin/cmake --build /home/nvidia/f1tenth_ws/build/fixposition_odometry_converter_ros2 -- -j6 -l6
[3.325s] [ 60%] [32mBuilding CXX object CMakeFiles/odom_converter.dir/src/odom_converter_node.cpp.o[0m
[3.325s] [ 60%] [32mBuilding CXX object CMakeFiles/odom_converter_node.dir/rclcpp_components/node_main_odom_converter_node.cpp.o[0m
[3.326s] [ 60%] [32mBuilding CXX object CMakeFiles/odom_converter.dir/src/params.cpp.o[0m
[11.573s] [ 80%] [32m[1mLinking CXX executable odom_converter_node[0m
[11.802s] [ 80%] Built target odom_converter_node
[44.794s] [100%] [32m[1mLinking CXX shared library libodom_converter.so[0m
[45.224s] [100%] Built target odom_converter
[45.252s] Invoked command in '/home/nvidia/f1tenth_ws/build/fixposition_odometry_converter_ros2' returned '0': AMENT_PREFIX_PATH=/home/nvidia/f1tenth_ws/install/fixposition_driver_ros2:${AMENT_PREFIX_PATH} CMAKE_PREFIX_PATH=/home/nvidia/f1tenth_ws/install/fixposition_driver_ros2:/home/nvidia/f1tenth_ws/install/fixposition_gnss_tf:/opt/ros/humble LD_LIBRARY_PATH=/home/nvidia/f1tenth_ws/install/fixposition_driver_ros2/lib:/home/nvidia/f1tenth_ws/install/fixposition_gnss_tf/lib:/opt/ros/humble/opt/rviz_ogre_vendor/lib:/opt/ros/humble/lib/aarch64-linux-gnu:/opt/ros/humble/lib:/usr/local/cuda-12.2/lib64 PKG_CONFIG_PATH=/home/nvidia/f1tenth_ws/install/fixposition_gnss_tf/lib/aarch64-linux-gnu/pkgconfig:/home/nvidia/f1tenth_ws/install/fixposition_gnss_tf/lib/pkgconfig PYTHONPATH=/home/nvidia/f1tenth_ws/install/fixposition_driver_ros2/local/lib/python3.10/dist-packages:${PYTHONPATH} /usr/bin/cmake --build /home/nvidia/f1tenth_ws/build/fixposition_odometry_converter_ros2 -- -j6 -l6
[45.315s] Invoking command in '/home/nvidia/f1tenth_ws/build/fixposition_odometry_converter_ros2': AMENT_PREFIX_PATH=/home/nvidia/f1tenth_ws/install/fixposition_driver_ros2:${AMENT_PREFIX_PATH} CMAKE_PREFIX_PATH=/home/nvidia/f1tenth_ws/install/fixposition_driver_ros2:/home/nvidia/f1tenth_ws/install/fixposition_gnss_tf:/opt/ros/humble LD_LIBRARY_PATH=/home/nvidia/f1tenth_ws/install/fixposition_driver_ros2/lib:/home/nvidia/f1tenth_ws/install/fixposition_gnss_tf/lib:/opt/ros/humble/opt/rviz_ogre_vendor/lib:/opt/ros/humble/lib/aarch64-linux-gnu:/opt/ros/humble/lib:/usr/local/cuda-12.2/lib64 PKG_CONFIG_PATH=/home/nvidia/f1tenth_ws/install/fixposition_gnss_tf/lib/aarch64-linux-gnu/pkgconfig:/home/nvidia/f1tenth_ws/install/fixposition_gnss_tf/lib/pkgconfig PYTHONPATH=/home/nvidia/f1tenth_ws/install/fixposition_driver_ros2/local/lib/python3.10/dist-packages:${PYTHONPATH} /usr/bin/cmake --install /home/nvidia/f1tenth_ws/build/fixposition_odometry_converter_ros2
[45.332s] -- Install configuration: "Release"
[45.332s] -- Installing: /home/nvidia/f1tenth_ws/install/fixposition_odometry_converter_ros2/lib/fixposition_odometry_converter_ros2/odom_converter_node
[45.333s] -- Set runtime path of "/home/nvidia/f1tenth_ws/install/fixposition_odometry_converter_ros2/lib/fixposition_odometry_converter_ros2/odom_converter_node" to ""
[45.333s] -- Installing: /home/nvidia/f1tenth_ws/install/fixposition_odometry_converter_ros2/share/fixposition_odometry_converter_ros2/launch
[45.334s] -- Installing: /home/nvidia/f1tenth_ws/install/fixposition_odometry_converter_ros2/share/fixposition_odometry_converter_ros2/launch/odom_converter.yaml
[45.334s] -- Installing: /home/nvidia/f1tenth_ws/install/fixposition_odometry_converter_ros2/share/fixposition_odometry_converter_ros2/launch/odom_converter.launch
[45.335s] -- Installing: /home/nvidia/f1tenth_ws/install/fixposition_odometry_converter_ros2/lib/libodom_converter.so
[45.341s] -- Set runtime path of "/home/nvidia/f1tenth_ws/install/fixposition_odometry_converter_ros2/lib/libodom_converter.so" to ""
[45.341s] -- Installing: /home/nvidia/f1tenth_ws/install/fixposition_odometry_converter_ros2/./include
[45.341s] -- Installing: /home/nvidia/f1tenth_ws/install/fixposition_odometry_converter_ros2/./include/fixposition_odometry_converter_ros2
[45.341s] -- Installing: /home/nvidia/f1tenth_ws/install/fixposition_odometry_converter_ros2/./include/fixposition_odometry_converter_ros2/params.hpp
[45.342s] -- Installing: /home/nvidia/f1tenth_ws/install/fixposition_odometry_converter_ros2/./include/fixposition_odometry_converter_ros2/odom_converter_node.hpp
[45.342s] -- Installing: /home/nvidia/f1tenth_ws/install/fixposition_odometry_converter_ros2/share/ament_index/resource_index/package_run_dependencies/fixposition_odometry_converter_ros2
[45.343s] -- Installing: /home/nvidia/f1tenth_ws/install/fixposition_odometry_converter_ros2/share/ament_index/resource_index/parent_prefix_path/fixposition_odometry_converter_ros2
[45.343s] -- Installing: /home/nvidia/f1tenth_ws/install/fixposition_odometry_converter_ros2/share/fixposition_odometry_converter_ros2/environment/ament_prefix_path.sh
[45.343s] -- Installing: /home/nvidia/f1tenth_ws/install/fixposition_odometry_converter_ros2/share/fixposition_odometry_converter_ros2/environment/ament_prefix_path.dsv
[45.344s] -- Installing: /home/nvidia/f1tenth_ws/install/fixposition_odometry_converter_ros2/share/fixposition_odometry_converter_ros2/environment/path.sh
[45.344s] -- Installing: /home/nvidia/f1tenth_ws/install/fixposition_odometry_converter_ros2/share/fixposition_odometry_converter_ros2/environment/path.dsv
[45.344s] -- Installing: /home/nvidia/f1tenth_ws/install/fixposition_odometry_converter_ros2/share/fixposition_odometry_converter_ros2/local_setup.bash
[45.345s] -- Installing: /home/nvidia/f1tenth_ws/install/fixposition_odometry_converter_ros2/share/fixposition_odometry_converter_ros2/local_setup.sh
[45.345s] -- Installing: /home/nvidia/f1tenth_ws/install/fixposition_odometry_converter_ros2/share/fixposition_odometry_converter_ros2/local_setup.zsh
[45.345s] -- Installing: /home/nvidia/f1tenth_ws/install/fixposition_odometry_converter_ros2/share/fixposition_odometry_converter_ros2/local_setup.dsv
[45.345s] -- Installing: /home/nvidia/f1tenth_ws/install/fixposition_odometry_converter_ros2/share/fixposition_odometry_converter_ros2/package.dsv
[45.346s] -- Installing: /home/nvidia/f1tenth_ws/install/fixposition_odometry_converter_ros2/share/ament_index/resource_index/packages/fixposition_odometry_converter_ros2
[45.346s] -- Installing: /home/nvidia/f1tenth_ws/install/fixposition_odometry_converter_ros2/share/ament_index/resource_index/rclcpp_components/fixposition_odometry_converter_ros2
[45.347s] -- Installing: /home/nvidia/f1tenth_ws/install/fixposition_odometry_converter_ros2/share/fixposition_odometry_converter_ros2/cmake/fixposition_odometry_converter_ros2Config.cmake
[45.347s] -- Installing: /home/nvidia/f1tenth_ws/install/fixposition_odometry_converter_ros2/share/fixposition_odometry_converter_ros2/cmake/fixposition_odometry_converter_ros2Config-version.cmake
[45.347s] -- Installing: /home/nvidia/f1tenth_ws/install/fixposition_odometry_converter_ros2/share/fixposition_odometry_converter_ros2/package.xml
[45.353s] Invoked command in '/home/nvidia/f1tenth_ws/build/fixposition_odometry_converter_ros2' returned '0': AMENT_PREFIX_PATH=/home/nvidia/f1tenth_ws/install/fixposition_driver_ros2:${AMENT_PREFIX_PATH} CMAKE_PREFIX_PATH=/home/nvidia/f1tenth_ws/install/fixposition_driver_ros2:/home/nvidia/f1tenth_ws/install/fixposition_gnss_tf:/opt/ros/humble LD_LIBRARY_PATH=/home/nvidia/f1tenth_ws/install/fixposition_driver_ros2/lib:/home/nvidia/f1tenth_ws/install/fixposition_gnss_tf/lib:/opt/ros/humble/opt/rviz_ogre_vendor/lib:/opt/ros/humble/lib/aarch64-linux-gnu:/opt/ros/humble/lib:/usr/local/cuda-12.2/lib64 PKG_CONFIG_PATH=/home/nvidia/f1tenth_ws/install/fixposition_gnss_tf/lib/aarch64-linux-gnu/pkgconfig:/home/nvidia/f1tenth_ws/install/fixposition_gnss_tf/lib/pkgconfig PYTHONPATH=/home/nvidia/f1tenth_ws/install/fixposition_driver_ros2/local/lib/python3.10/dist-packages:${PYTHONPATH} /usr/bin/cmake --install /home/nvidia/f1tenth_ws/build/fixposition_odometry_converter_ros2
