[0.053s] Invoking command in '/home/nvidia/f1tenth_ws/build/ouster_msgs': CMAKE_PREFIX_PATH=${CMAKE_PREFIX_PATH}:/home/nvidia/f1tenth_ws/install/f1tenth_stack:/home/nvidia/f1tenth_ws/install/joy_teleop:/home/nvidia/f1tenth_ws/install/mouse_teleop:/home/nvidia/f1tenth_ws/install/key_teleop:/opt/ros/humble /usr/bin/cmake --build /home/nvidia/f1tenth_ws/build/ouster_msgs -- -j6 -l6
[0.290s] [  2%] Built target ouster_msgs__cpp
[0.291s] [ 12%] Built target ouster_msgs__rosidl_generator_c
[0.325s] [ 12%] Built target ament_cmake_python_copy_ouster_msgs
[0.454s] [ 23%] Built target ouster_msgs__rosidl_typesupport_cpp
[0.455s] [ 33%] Built target ouster_msgs__rosidl_typesupport_c
[0.462s] [ 43%] Built target ouster_msgs__rosidl_typesupport_fastrtps_cpp
[0.475s] [ 53%] Built target ouster_msgs__rosidl_typesupport_introspection_c
[0.486s] [ 64%] Built target ouster_msgs__rosidl_typesupport_introspection_cpp
[0.490s] [ 74%] Built target ouster_msgs__rosidl_typesupport_fastrtps_c
[0.570s] [ 74%] Built target ouster_msgs
[0.658s] [ 76%] Built target ouster_msgs__py
[0.739s] [ 84%] Built target ouster_msgs__rosidl_generator_py
[0.873s] [ 89%] Built target ouster_msgs__rosidl_typesupport_fastrtps_c__pyext
[0.877s] [ 94%] Built target ouster_msgs__rosidl_typesupport_introspection_c__pyext
[0.901s] [100%] Built target ouster_msgs__rosidl_typesupport_c__pyext
[1.342s] running egg_info
[1.343s] writing ouster_msgs.egg-info/PKG-INFO
[1.344s] writing dependency_links to ouster_msgs.egg-info/dependency_links.txt
[1.345s] writing top-level names to ouster_msgs.egg-info/top_level.txt
[1.351s] reading manifest file 'ouster_msgs.egg-info/SOURCES.txt'
[1.352s] writing manifest file 'ouster_msgs.egg-info/SOURCES.txt'
[1.450s] [100%] Built target ament_cmake_python_build_ouster_msgs_egg
[1.703s] Invoked command in '/home/nvidia/f1tenth_ws/build/ouster_msgs' returned '0': CMAKE_PREFIX_PATH=${CMAKE_PREFIX_PATH}:/home/nvidia/f1tenth_ws/install/f1tenth_stack:/home/nvidia/f1tenth_ws/install/joy_teleop:/home/nvidia/f1tenth_ws/install/mouse_teleop:/home/nvidia/f1tenth_ws/install/key_teleop:/opt/ros/humble /usr/bin/cmake --build /home/nvidia/f1tenth_ws/build/ouster_msgs -- -j6 -l6
[1.936s] Invoking command in '/home/nvidia/f1tenth_ws/build/ouster_msgs': CMAKE_PREFIX_PATH=${CMAKE_PREFIX_PATH}:/home/nvidia/f1tenth_ws/install/f1tenth_stack:/home/nvidia/f1tenth_ws/install/joy_teleop:/home/nvidia/f1tenth_ws/install/mouse_teleop:/home/nvidia/f1tenth_ws/install/key_teleop:/opt/ros/humble /usr/bin/cmake --install /home/nvidia/f1tenth_ws/build/ouster_msgs
[1.957s] -- Install configuration: ""
[1.957s] -- Up-to-date: /home/nvidia/f1tenth_ws/install/ouster_msgs/share/ament_index/resource_index/rosidl_interfaces/ouster_msgs
[1.958s] -- Up-to-date: /home/nvidia/f1tenth_ws/install/ouster_msgs/include/ouster_msgs/ouster_msgs
[1.958s] -- Up-to-date: /home/nvidia/f1tenth_ws/install/ouster_msgs/include/ouster_msgs/ouster_msgs/srv
[1.958s] -- Up-to-date: /home/nvidia/f1tenth_ws/install/ouster_msgs/include/ouster_msgs/ouster_msgs/srv/get_metadata.h
[1.958s] -- Up-to-date: /home/nvidia/f1tenth_ws/install/ouster_msgs/include/ouster_msgs/ouster_msgs/srv/detail
[1.958s] -- Up-to-date: /home/nvidia/f1tenth_ws/install/ouster_msgs/include/ouster_msgs/ouster_msgs/srv/detail/get_metadata__type_support.h
[1.959s] -- Up-to-date: /home/nvidia/f1tenth_ws/install/ouster_msgs/include/ouster_msgs/ouster_msgs/srv/detail/get_metadata__struct.h
[1.959s] -- Up-to-date: /home/nvidia/f1tenth_ws/install/ouster_msgs/include/ouster_msgs/ouster_msgs/srv/detail/get_metadata__functions.c
[1.959s] -- Up-to-date: /home/nvidia/f1tenth_ws/install/ouster_msgs/include/ouster_msgs/ouster_msgs/srv/detail/get_metadata__functions.h
[1.959s] -- Up-to-date: /home/nvidia/f1tenth_ws/install/ouster_msgs/include/ouster_msgs/ouster_msgs/msg
[1.960s] -- Up-to-date: /home/nvidia/f1tenth_ws/install/ouster_msgs/include/ouster_msgs/ouster_msgs/msg/metadata.h
[1.960s] -- Up-to-date: /home/nvidia/f1tenth_ws/install/ouster_msgs/include/ouster_msgs/ouster_msgs/msg/detail
[1.960s] -- Up-to-date: /home/nvidia/f1tenth_ws/install/ouster_msgs/include/ouster_msgs/ouster_msgs/msg/detail/metadata__type_support.h
[1.960s] -- Up-to-date: /home/nvidia/f1tenth_ws/install/ouster_msgs/include/ouster_msgs/ouster_msgs/msg/detail/metadata__functions.h
[1.961s] -- Up-to-date: /home/nvidia/f1tenth_ws/install/ouster_msgs/include/ouster_msgs/ouster_msgs/msg/detail/metadata__struct.h
[1.961s] -- Up-to-date: /home/nvidia/f1tenth_ws/install/ouster_msgs/include/ouster_msgs/ouster_msgs/msg/detail/metadata__functions.c
[1.961s] -- Up-to-date: /home/nvidia/f1tenth_ws/install/ouster_msgs/include/ouster_msgs/ouster_msgs/msg/rosidl_generator_c__visibility_control.h
[1.961s] -- Up-to-date: /home/nvidia/f1tenth_ws/install/ouster_msgs/share/ouster_msgs/environment/library_path.sh
[1.962s] -- Up-to-date: /home/nvidia/f1tenth_ws/install/ouster_msgs/share/ouster_msgs/environment/library_path.dsv
[1.962s] -- Up-to-date: /home/nvidia/f1tenth_ws/install/ouster_msgs/lib/libouster_msgs__rosidl_generator_c.so
[1.962s] -- Up-to-date: /home/nvidia/f1tenth_ws/install/ouster_msgs/include/ouster_msgs/ouster_msgs
[1.962s] -- Up-to-date: /home/nvidia/f1tenth_ws/install/ouster_msgs/include/ouster_msgs/ouster_msgs/srv
[1.962s] -- Up-to-date: /home/nvidia/f1tenth_ws/install/ouster_msgs/include/ouster_msgs/ouster_msgs/srv/detail
[1.963s] -- Up-to-date: /home/nvidia/f1tenth_ws/install/ouster_msgs/include/ouster_msgs/ouster_msgs/srv/detail/get_metadata__rosidl_typesupport_fastrtps_c.h
[1.963s] -- Up-to-date: /home/nvidia/f1tenth_ws/install/ouster_msgs/include/ouster_msgs/ouster_msgs/msg
[1.963s] -- Up-to-date: /home/nvidia/f1tenth_ws/install/ouster_msgs/include/ouster_msgs/ouster_msgs/msg/rosidl_typesupport_fastrtps_c__visibility_control.h
[1.963s] -- Up-to-date: /home/nvidia/f1tenth_ws/install/ouster_msgs/include/ouster_msgs/ouster_msgs/msg/detail
[1.963s] -- Up-to-date: /home/nvidia/f1tenth_ws/install/ouster_msgs/include/ouster_msgs/ouster_msgs/msg/detail/metadata__rosidl_typesupport_fastrtps_c.h
[1.963s] -- Up-to-date: /home/nvidia/f1tenth_ws/install/ouster_msgs/lib/libouster_msgs__rosidl_typesupport_fastrtps_c.so
[1.964s] -- Up-to-date: /home/nvidia/f1tenth_ws/install/ouster_msgs/include/ouster_msgs/ouster_msgs
[1.964s] -- Up-to-date: /home/nvidia/f1tenth_ws/install/ouster_msgs/include/ouster_msgs/ouster_msgs/srv
[1.964s] -- Up-to-date: /home/nvidia/f1tenth_ws/install/ouster_msgs/include/ouster_msgs/ouster_msgs/srv/detail
[1.964s] -- Up-to-date: /home/nvidia/f1tenth_ws/install/ouster_msgs/include/ouster_msgs/ouster_msgs/srv/detail/get_metadata__builder.hpp
[1.964s] -- Up-to-date: /home/nvidia/f1tenth_ws/install/ouster_msgs/include/ouster_msgs/ouster_msgs/srv/detail/get_metadata__struct.hpp
[1.964s] -- Up-to-date: /home/nvidia/f1tenth_ws/install/ouster_msgs/include/ouster_msgs/ouster_msgs/srv/detail/get_metadata__traits.hpp
[1.964s] -- Up-to-date: /home/nvidia/f1tenth_ws/install/ouster_msgs/include/ouster_msgs/ouster_msgs/srv/get_metadata.hpp
[1.964s] -- Up-to-date: /home/nvidia/f1tenth_ws/install/ouster_msgs/include/ouster_msgs/ouster_msgs/msg
[1.965s] -- Up-to-date: /home/nvidia/f1tenth_ws/install/ouster_msgs/include/ouster_msgs/ouster_msgs/msg/metadata.hpp
[1.965s] -- Up-to-date: /home/nvidia/f1tenth_ws/install/ouster_msgs/include/ouster_msgs/ouster_msgs/msg/detail
[1.965s] -- Up-to-date: /home/nvidia/f1tenth_ws/install/ouster_msgs/include/ouster_msgs/ouster_msgs/msg/detail/metadata__builder.hpp
[1.965s] -- Up-to-date: /home/nvidia/f1tenth_ws/install/ouster_msgs/include/ouster_msgs/ouster_msgs/msg/detail/metadata__traits.hpp
[1.965s] -- Up-to-date: /home/nvidia/f1tenth_ws/install/ouster_msgs/include/ouster_msgs/ouster_msgs/msg/detail/metadata__struct.hpp
[1.965s] -- Up-to-date: /home/nvidia/f1tenth_ws/install/ouster_msgs/include/ouster_msgs/ouster_msgs
[1.965s] -- Up-to-date: /home/nvidia/f1tenth_ws/install/ouster_msgs/include/ouster_msgs/ouster_msgs/srv
[1.965s] -- Up-to-date: /home/nvidia/f1tenth_ws/install/ouster_msgs/include/ouster_msgs/ouster_msgs/srv/detail
[1.966s] -- Up-to-date: /home/nvidia/f1tenth_ws/install/ouster_msgs/include/ouster_msgs/ouster_msgs/srv/detail/dds_fastrtps
[1.966s] -- Up-to-date: /home/nvidia/f1tenth_ws/install/ouster_msgs/include/ouster_msgs/ouster_msgs/srv/detail/get_metadata__rosidl_typesupport_fastrtps_cpp.hpp
[1.967s] -- Up-to-date: /home/nvidia/f1tenth_ws/install/ouster_msgs/include/ouster_msgs/ouster_msgs/msg
[1.968s] -- Up-to-date: /home/nvidia/f1tenth_ws/install/ouster_msgs/include/ouster_msgs/ouster_msgs/msg/rosidl_typesupport_fastrtps_cpp__visibility_control.h
[1.968s] -- Up-to-date: /home/nvidia/f1tenth_ws/install/ouster_msgs/include/ouster_msgs/ouster_msgs/msg/detail
[1.968s] -- Up-to-date: /home/nvidia/f1tenth_ws/install/ouster_msgs/include/ouster_msgs/ouster_msgs/msg/detail/dds_fastrtps
[1.968s] -- Up-to-date: /home/nvidia/f1tenth_ws/install/ouster_msgs/include/ouster_msgs/ouster_msgs/msg/detail/metadata__rosidl_typesupport_fastrtps_cpp.hpp
[1.969s] -- Up-to-date: /home/nvidia/f1tenth_ws/install/ouster_msgs/lib/libouster_msgs__rosidl_typesupport_fastrtps_cpp.so
[1.969s] -- Up-to-date: /home/nvidia/f1tenth_ws/install/ouster_msgs/include/ouster_msgs/ouster_msgs
[1.969s] -- Up-to-date: /home/nvidia/f1tenth_ws/install/ouster_msgs/include/ouster_msgs/ouster_msgs/srv
[1.969s] -- Up-to-date: /home/nvidia/f1tenth_ws/install/ouster_msgs/include/ouster_msgs/ouster_msgs/srv/detail
[1.969s] -- Up-to-date: /home/nvidia/f1tenth_ws/install/ouster_msgs/include/ouster_msgs/ouster_msgs/srv/detail/get_metadata__type_support.c
[1.969s] -- Up-to-date: /home/nvidia/f1tenth_ws/install/ouster_msgs/include/ouster_msgs/ouster_msgs/srv/detail/get_metadata__rosidl_typesupport_introspection_c.h
[1.970s] -- Up-to-date: /home/nvidia/f1tenth_ws/install/ouster_msgs/include/ouster_msgs/ouster_msgs/msg
[1.970s] -- Up-to-date: /home/nvidia/f1tenth_ws/install/ouster_msgs/include/ouster_msgs/ouster_msgs/msg/detail
[1.970s] -- Up-to-date: /home/nvidia/f1tenth_ws/install/ouster_msgs/include/ouster_msgs/ouster_msgs/msg/detail/metadata__rosidl_typesupport_introspection_c.h
[1.970s] -- Up-to-date: /home/nvidia/f1tenth_ws/install/ouster_msgs/include/ouster_msgs/ouster_msgs/msg/detail/metadata__type_support.c
[1.970s] -- Up-to-date: /home/nvidia/f1tenth_ws/install/ouster_msgs/include/ouster_msgs/ouster_msgs/msg/rosidl_typesupport_introspection_c__visibility_control.h
[1.970s] -- Up-to-date: /home/nvidia/f1tenth_ws/install/ouster_msgs/lib/libouster_msgs__rosidl_typesupport_introspection_c.so
[1.970s] -- Up-to-date: /home/nvidia/f1tenth_ws/install/ouster_msgs/lib/libouster_msgs__rosidl_typesupport_c.so
[1.971s] -- Up-to-date: /home/nvidia/f1tenth_ws/install/ouster_msgs/include/ouster_msgs/ouster_msgs
[1.971s] -- Up-to-date: /home/nvidia/f1tenth_ws/install/ouster_msgs/include/ouster_msgs/ouster_msgs/srv
[1.971s] -- Up-to-date: /home/nvidia/f1tenth_ws/install/ouster_msgs/include/ouster_msgs/ouster_msgs/srv/detail
[1.971s] -- Up-to-date: /home/nvidia/f1tenth_ws/install/ouster_msgs/include/ouster_msgs/ouster_msgs/srv/detail/get_metadata__rosidl_typesupport_introspection_cpp.hpp
[1.972s] -- Up-to-date: /home/nvidia/f1tenth_ws/install/ouster_msgs/include/ouster_msgs/ouster_msgs/srv/detail/get_metadata__type_support.cpp
[1.972s] -- Up-to-date: /home/nvidia/f1tenth_ws/install/ouster_msgs/include/ouster_msgs/ouster_msgs/msg
[1.972s] -- Up-to-date: /home/nvidia/f1tenth_ws/install/ouster_msgs/include/ouster_msgs/ouster_msgs/msg/detail
[1.973s] -- Up-to-date: /home/nvidia/f1tenth_ws/install/ouster_msgs/include/ouster_msgs/ouster_msgs/msg/detail/metadata__type_support.cpp
[1.973s] -- Up-to-date: /home/nvidia/f1tenth_ws/install/ouster_msgs/include/ouster_msgs/ouster_msgs/msg/detail/metadata__rosidl_typesupport_introspection_cpp.hpp
[1.973s] -- Up-to-date: /home/nvidia/f1tenth_ws/install/ouster_msgs/lib/libouster_msgs__rosidl_typesupport_introspection_cpp.so
[1.973s] -- Up-to-date: /home/nvidia/f1tenth_ws/install/ouster_msgs/lib/libouster_msgs__rosidl_typesupport_cpp.so
[1.973s] -- Up-to-date: /home/nvidia/f1tenth_ws/install/ouster_msgs/share/ouster_msgs/environment/pythonpath.sh
[1.973s] -- Up-to-date: /home/nvidia/f1tenth_ws/install/ouster_msgs/share/ouster_msgs/environment/pythonpath.dsv
[1.973s] -- Up-to-date: /home/nvidia/f1tenth_ws/install/ouster_msgs/local/lib/python3.10/dist-packages/ouster_msgs-0.5.1-py3.10.egg-info
[1.973s] -- Installing: /home/nvidia/f1tenth_ws/install/ouster_msgs/local/lib/python3.10/dist-packages/ouster_msgs-0.5.1-py3.10.egg-info/dependency_links.txt
[1.973s] -- Installing: /home/nvidia/f1tenth_ws/install/ouster_msgs/local/lib/python3.10/dist-packages/ouster_msgs-0.5.1-py3.10.egg-info/PKG-INFO
[1.974s] -- Installing: /home/nvidia/f1tenth_ws/install/ouster_msgs/local/lib/python3.10/dist-packages/ouster_msgs-0.5.1-py3.10.egg-info/SOURCES.txt
[1.974s] -- Installing: /home/nvidia/f1tenth_ws/install/ouster_msgs/local/lib/python3.10/dist-packages/ouster_msgs-0.5.1-py3.10.egg-info/top_level.txt
[1.974s] -- Up-to-date: /home/nvidia/f1tenth_ws/install/ouster_msgs/local/lib/python3.10/dist-packages/ouster_msgs
[1.974s] -- Up-to-date: /home/nvidia/f1tenth_ws/install/ouster_msgs/local/lib/python3.10/dist-packages/ouster_msgs/_ouster_msgs_s.ep.rosidl_typesupport_introspection_c.c
[1.974s] -- Up-to-date: /home/nvidia/f1tenth_ws/install/ouster_msgs/local/lib/python3.10/dist-packages/ouster_msgs/srv
[1.982s] -- Up-to-date: /home/nvidia/f1tenth_ws/install/ouster_msgs/local/lib/python3.10/dist-packages/ouster_msgs/srv/__init__.py
[1.982s] -- Up-to-date: /home/nvidia/f1tenth_ws/install/ouster_msgs/local/lib/python3.10/dist-packages/ouster_msgs/srv/_get_metadata_s.c
[1.982s] -- Up-to-date: /home/nvidia/f1tenth_ws/install/ouster_msgs/local/lib/python3.10/dist-packages/ouster_msgs/srv/_get_metadata.py
[1.982s] -- Up-to-date: /home/nvidia/f1tenth_ws/install/ouster_msgs/local/lib/python3.10/dist-packages/ouster_msgs/__init__.py
[1.982s] -- Up-to-date: /home/nvidia/f1tenth_ws/install/ouster_msgs/local/lib/python3.10/dist-packages/ouster_msgs/_ouster_msgs_s.ep.rosidl_typesupport_fastrtps_c.c
[1.982s] -- Up-to-date: /home/nvidia/f1tenth_ws/install/ouster_msgs/local/lib/python3.10/dist-packages/ouster_msgs/msg
[1.983s] -- Up-to-date: /home/nvidia/f1tenth_ws/install/ouster_msgs/local/lib/python3.10/dist-packages/ouster_msgs/msg/_metadata_s.c
[1.983s] -- Up-to-date: /home/nvidia/f1tenth_ws/install/ouster_msgs/local/lib/python3.10/dist-packages/ouster_msgs/msg/__init__.py
[1.983s] -- Up-to-date: /home/nvidia/f1tenth_ws/install/ouster_msgs/local/lib/python3.10/dist-packages/ouster_msgs/msg/_metadata.py
[1.983s] -- Up-to-date: /home/nvidia/f1tenth_ws/install/ouster_msgs/local/lib/python3.10/dist-packages/ouster_msgs/libouster_msgs__rosidl_generator_py.so
[1.983s] -- Up-to-date: /home/nvidia/f1tenth_ws/install/ouster_msgs/local/lib/python3.10/dist-packages/ouster_msgs/ouster_msgs_s__rosidl_typesupport_fastrtps_c.cpython-310-aarch64-linux-gnu.so
[1.984s] -- Up-to-date: /home/nvidia/f1tenth_ws/install/ouster_msgs/local/lib/python3.10/dist-packages/ouster_msgs/ouster_msgs_s__rosidl_typesupport_c.cpython-310-aarch64-linux-gnu.so
[1.984s] -- Up-to-date: /home/nvidia/f1tenth_ws/install/ouster_msgs/local/lib/python3.10/dist-packages/ouster_msgs/_ouster_msgs_s.ep.rosidl_typesupport_c.c
[1.985s] -- Up-to-date: /home/nvidia/f1tenth_ws/install/ouster_msgs/local/lib/python3.10/dist-packages/ouster_msgs/ouster_msgs_s__rosidl_typesupport_introspection_c.cpython-310-aarch64-linux-gnu.so
[2.081s] Listing '/home/nvidia/f1tenth_ws/install/ouster_msgs/local/lib/python3.10/dist-packages/ouster_msgs'...
[2.081s] Listing '/home/nvidia/f1tenth_ws/install/ouster_msgs/local/lib/python3.10/dist-packages/ouster_msgs/msg'...
[2.081s] Listing '/home/nvidia/f1tenth_ws/install/ouster_msgs/local/lib/python3.10/dist-packages/ouster_msgs/srv'...
[2.093s] -- Up-to-date: /home/nvidia/f1tenth_ws/install/ouster_msgs/local/lib/python3.10/dist-packages/ouster_msgs/ouster_msgs_s__rosidl_typesupport_fastrtps_c.cpython-310-aarch64-linux-gnu.so
[2.093s] -- Up-to-date: /home/nvidia/f1tenth_ws/install/ouster_msgs/local/lib/python3.10/dist-packages/ouster_msgs/ouster_msgs_s__rosidl_typesupport_introspection_c.cpython-310-aarch64-linux-gnu.so
[2.093s] -- Up-to-date: /home/nvidia/f1tenth_ws/install/ouster_msgs/local/lib/python3.10/dist-packages/ouster_msgs/ouster_msgs_s__rosidl_typesupport_c.cpython-310-aarch64-linux-gnu.so
[2.094s] -- Up-to-date: /home/nvidia/f1tenth_ws/install/ouster_msgs/lib/libouster_msgs__rosidl_generator_py.so
[2.094s] -- Up-to-date: /home/nvidia/f1tenth_ws/install/ouster_msgs/share/ouster_msgs/srv/GetMetadata.idl
[2.094s] -- Up-to-date: /home/nvidia/f1tenth_ws/install/ouster_msgs/share/ouster_msgs/msg/Metadata.idl
[2.095s] -- Up-to-date: /home/nvidia/f1tenth_ws/install/ouster_msgs/share/ouster_msgs/srv/GetMetadata.srv
[2.095s] -- Up-to-date: /home/nvidia/f1tenth_ws/install/ouster_msgs/share/ouster_msgs/srv/GetMetadata_Request.msg
[2.095s] -- Up-to-date: /home/nvidia/f1tenth_ws/install/ouster_msgs/share/ouster_msgs/srv/GetMetadata_Response.msg
[2.096s] -- Up-to-date: /home/nvidia/f1tenth_ws/install/ouster_msgs/share/ouster_msgs/msg/Metadata.msg
[2.096s] -- Up-to-date: /home/nvidia/f1tenth_ws/install/ouster_msgs/share/ament_index/resource_index/package_run_dependencies/ouster_msgs
[2.096s] -- Up-to-date: /home/nvidia/f1tenth_ws/install/ouster_msgs/share/ament_index/resource_index/parent_prefix_path/ouster_msgs
[2.096s] -- Up-to-date: /home/nvidia/f1tenth_ws/install/ouster_msgs/share/ouster_msgs/environment/ament_prefix_path.sh
[2.096s] -- Up-to-date: /home/nvidia/f1tenth_ws/install/ouster_msgs/share/ouster_msgs/environment/ament_prefix_path.dsv
[2.096s] -- Up-to-date: /home/nvidia/f1tenth_ws/install/ouster_msgs/share/ouster_msgs/environment/path.sh
[2.097s] -- Up-to-date: /home/nvidia/f1tenth_ws/install/ouster_msgs/share/ouster_msgs/environment/path.dsv
[2.097s] -- Up-to-date: /home/nvidia/f1tenth_ws/install/ouster_msgs/share/ouster_msgs/local_setup.bash
[2.097s] -- Up-to-date: /home/nvidia/f1tenth_ws/install/ouster_msgs/share/ouster_msgs/local_setup.sh
[2.097s] -- Up-to-date: /home/nvidia/f1tenth_ws/install/ouster_msgs/share/ouster_msgs/local_setup.zsh
[2.097s] -- Up-to-date: /home/nvidia/f1tenth_ws/install/ouster_msgs/share/ouster_msgs/local_setup.dsv
[2.098s] -- Installing: /home/nvidia/f1tenth_ws/install/ouster_msgs/share/ouster_msgs/package.dsv
[2.099s] -- Up-to-date: /home/nvidia/f1tenth_ws/install/ouster_msgs/share/ament_index/resource_index/packages/ouster_msgs
[2.099s] -- Up-to-date: /home/nvidia/f1tenth_ws/install/ouster_msgs/share/ouster_msgs/cmake/export_ouster_msgs__rosidl_generator_cExport.cmake
[2.099s] -- Up-to-date: /home/nvidia/f1tenth_ws/install/ouster_msgs/share/ouster_msgs/cmake/export_ouster_msgs__rosidl_generator_cExport-noconfig.cmake
[2.099s] -- Up-to-date: /home/nvidia/f1tenth_ws/install/ouster_msgs/share/ouster_msgs/cmake/export_ouster_msgs__rosidl_typesupport_fastrtps_cExport.cmake
[2.100s] -- Up-to-date: /home/nvidia/f1tenth_ws/install/ouster_msgs/share/ouster_msgs/cmake/export_ouster_msgs__rosidl_typesupport_fastrtps_cExport-noconfig.cmake
[2.100s] -- Up-to-date: /home/nvidia/f1tenth_ws/install/ouster_msgs/share/ouster_msgs/cmake/export_ouster_msgs__rosidl_generator_cppExport.cmake
[2.100s] -- Up-to-date: /home/nvidia/f1tenth_ws/install/ouster_msgs/share/ouster_msgs/cmake/export_ouster_msgs__rosidl_typesupport_fastrtps_cppExport.cmake
[2.100s] -- Up-to-date: /home/nvidia/f1tenth_ws/install/ouster_msgs/share/ouster_msgs/cmake/export_ouster_msgs__rosidl_typesupport_fastrtps_cppExport-noconfig.cmake
[2.100s] -- Up-to-date: /home/nvidia/f1tenth_ws/install/ouster_msgs/share/ouster_msgs/cmake/ouster_msgs__rosidl_typesupport_introspection_cExport.cmake
[2.100s] -- Up-to-date: /home/nvidia/f1tenth_ws/install/ouster_msgs/share/ouster_msgs/cmake/ouster_msgs__rosidl_typesupport_introspection_cExport-noconfig.cmake
[2.100s] -- Up-to-date: /home/nvidia/f1tenth_ws/install/ouster_msgs/share/ouster_msgs/cmake/ouster_msgs__rosidl_typesupport_cExport.cmake
[2.101s] -- Up-to-date: /home/nvidia/f1tenth_ws/install/ouster_msgs/share/ouster_msgs/cmake/ouster_msgs__rosidl_typesupport_cExport-noconfig.cmake
[2.101s] -- Up-to-date: /home/nvidia/f1tenth_ws/install/ouster_msgs/share/ouster_msgs/cmake/ouster_msgs__rosidl_typesupport_introspection_cppExport.cmake
[2.101s] -- Up-to-date: /home/nvidia/f1tenth_ws/install/ouster_msgs/share/ouster_msgs/cmake/ouster_msgs__rosidl_typesupport_introspection_cppExport-noconfig.cmake
[2.101s] -- Up-to-date: /home/nvidia/f1tenth_ws/install/ouster_msgs/share/ouster_msgs/cmake/ouster_msgs__rosidl_typesupport_cppExport.cmake
[2.101s] -- Up-to-date: /home/nvidia/f1tenth_ws/install/ouster_msgs/share/ouster_msgs/cmake/ouster_msgs__rosidl_typesupport_cppExport-noconfig.cmake
[2.101s] -- Up-to-date: /home/nvidia/f1tenth_ws/install/ouster_msgs/share/ouster_msgs/cmake/export_ouster_msgs__rosidl_generator_pyExport.cmake
[2.101s] -- Up-to-date: /home/nvidia/f1tenth_ws/install/ouster_msgs/share/ouster_msgs/cmake/export_ouster_msgs__rosidl_generator_pyExport-noconfig.cmake
[2.101s] -- Up-to-date: /home/nvidia/f1tenth_ws/install/ouster_msgs/share/ouster_msgs/cmake/rosidl_cmake-extras.cmake
[2.102s] -- Up-to-date: /home/nvidia/f1tenth_ws/install/ouster_msgs/share/ouster_msgs/cmake/ament_cmake_export_dependencies-extras.cmake
[2.102s] -- Up-to-date: /home/nvidia/f1tenth_ws/install/ouster_msgs/share/ouster_msgs/cmake/ament_cmake_export_include_directories-extras.cmake
[2.102s] -- Up-to-date: /home/nvidia/f1tenth_ws/install/ouster_msgs/share/ouster_msgs/cmake/ament_cmake_export_libraries-extras.cmake
[2.102s] -- Up-to-date: /home/nvidia/f1tenth_ws/install/ouster_msgs/share/ouster_msgs/cmake/ament_cmake_export_targets-extras.cmake
[2.104s] -- Up-to-date: /home/nvidia/f1tenth_ws/install/ouster_msgs/share/ouster_msgs/cmake/rosidl_cmake_export_typesupport_targets-extras.cmake
[2.117s] -- Up-to-date: /home/nvidia/f1tenth_ws/install/ouster_msgs/share/ouster_msgs/cmake/rosidl_cmake_export_typesupport_libraries-extras.cmake
[2.117s] -- Up-to-date: /home/nvidia/f1tenth_ws/install/ouster_msgs/share/ouster_msgs/cmake/ouster_msgsConfig.cmake
[2.118s] -- Up-to-date: /home/nvidia/f1tenth_ws/install/ouster_msgs/share/ouster_msgs/cmake/ouster_msgsConfig-version.cmake
[2.118s] -- Up-to-date: /home/nvidia/f1tenth_ws/install/ouster_msgs/share/ouster_msgs/package.xml
[2.118s] Invoked command in '/home/nvidia/f1tenth_ws/build/ouster_msgs' returned '0': CMAKE_PREFIX_PATH=${CMAKE_PREFIX_PATH}:/home/nvidia/f1tenth_ws/install/f1tenth_stack:/home/nvidia/f1tenth_ws/install/joy_teleop:/home/nvidia/f1tenth_ws/install/mouse_teleop:/home/nvidia/f1tenth_ws/install/key_teleop:/opt/ros/humble /usr/bin/cmake --install /home/nvidia/f1tenth_ws/build/ouster_msgs
