-- Found ament_cmake: 1.3.8 (/opt/ros/humble/share/ament_cmake/cmake)
-- Found rclcpp: 16.0.8 (/opt/ros/humble/share/rclcpp/cmake)
-- Found rosidl_generator_c: 3.1.5 (/opt/ros/humble/share/rosidl_generator_c/cmake)
-- Found rosidl_adapter: 3.1.5 (/opt/ros/humble/share/rosidl_adapter/cmake)
-- Found rosidl_generator_cpp: 3.1.5 (/opt/ros/humble/share/rosidl_generator_cpp/cmake)
-- Using all available rosidl_typesupport_c: rosidl_typesupport_fastrtps_c;rosidl_typesupport_introspection_c
-- Using all available rosidl_typesupport_cpp: rosidl_typesupport_fastrtps_cpp;rosidl_typesupport_introspection_cpp
-- Found rmw_implementation_cmake: 6.1.1 (/opt/ros/humble/share/rmw_implementation_cmake/cmake)
-- Found rmw_fastrtps_cpp: 6.2.6 (/opt/ros/humble/share/rmw_fastrtps_cpp/cmake)
-- Using RMW implementation 'rmw_fastrtps_cpp' as default
-- Found rclcpp_lifecycle: 16.0.8 (/opt/ros/humble/share/rclcpp_lifecycle/cmake)
-- Found rclcpp_components: 16.0.8 (/opt/ros/humble/share/rclcpp_components/cmake)
-- Found std_srvs: 4.2.3 (/opt/ros/humble/share/std_srvs/cmake)
-- Found sensor_msgs: 4.2.3 (/opt/ros/humble/share/sensor_msgs/cmake)
-- Found tf2_geometry_msgs: 0.25.6 (/opt/ros/humble/share/tf2_geometry_msgs/cmake)
-- Found eigen3_cmake_module: 0.1.1 (/opt/ros/humble/share/eigen3_cmake_module/cmake)
-- Ensuring Eigen3 include directory is part of orocos-kdl CMake target
-- Found pcl_conversions: 2.4.0 (/opt/ros/humble/share/pcl_conversions/cmake)
-- Found ouster_msgs: 0.5.1 (/home/nvidia/f1tenth_ws/install/ouster_msgs/share/ouster_msgs/cmake)
-- Eigen found (include: /usr/include/eigen3, version: 3.4.0)
-- looking for PCL_COMMON
-- Found ament_lint_auto: 0.12.10 (/opt/ros/humble/share/ament_lint_auto/cmake)
-- Added test 'copyright' to check source files copyright and LICENSE
-- Added test 'cppcheck' to perform static code analysis on C / C++ code
-- Configured cppcheck include dirs: /home/nvidia/f1tenth_ws/src/ros2_ouster_drivers/ros2_ouster/include
-- Configured cppcheck exclude dirs and/or files: 
-- Added test 'cpplint' to check C / C++ code against the Google style
-- Configured cpplint exclude dirs and/or files: 
-- Added test 'flake8' to check Python code syntax and style conventions
-- Added test 'lint_cmake' to check CMake code style
-- Added test 'pep257' to check Python code against some of the docstring style conventions in PEP 257
-- Added test 'uncrustify' to check C / C++ code style
-- Configured uncrustify additional arguments: 
-- Added test 'xmllint' to check XML markup files
-- Configuring done
-- Generating done
-- Build files have been written to: /home/nvidia/f1tenth_ws/build/ros2_ouster
[35m[1mConsolidate compiler generated dependencies of target ouster_driver_core[0m
[  7%] [32mBuilding CXX object CMakeFiles/ouster_driver_core.dir/src/driver_types.cpp.o[0m
[ 14%] [32mBuilding CXX object CMakeFiles/ouster_driver_core.dir/src/ouster_driver.cpp.o[0m
[ 21%] [32mBuilding CXX object CMakeFiles/ouster_driver_core.dir/src/lifecycle_interface.cpp.o[0m
[ 35%] [32mBuilding CXX object CMakeFiles/ouster_driver_core.dir/src/sensor_tins.cpp.o[0m
[ 35%] [32mBuilding CXX object CMakeFiles/ouster_driver_core.dir/src/sensor.cpp.o[0m
[ 42%] [32mBuilding CXX object CMakeFiles/ouster_driver_core.dir/src/client/client.cpp.o[0m
[ 50%] [32mBuilding CXX object CMakeFiles/ouster_driver_core.dir/src/client/lidar_scan.cpp.o[0m
[ 57%] [32mBuilding CXX object CMakeFiles/ouster_driver_core.dir/src/client/netcompat.cpp.o[0m
[ 64%] [32mBuilding CXX object CMakeFiles/ouster_driver_core.dir/src/client/types.cpp.o[0m
[ 71%] [32m[1mLinking CXX shared library libouster_driver_core.so[0m
[ 71%] Built target ouster_driver_core
[35m[1mConsolidate compiler generated dependencies of target ouster_tins_driver[0m
[35m[1mConsolidate compiler generated dependencies of target ouster_driver[0m
[ 78%] [32mBuilding CXX object CMakeFiles/ouster_tins_driver.dir/src/main_tins.cpp.o[0m
[ 85%] [32mBuilding CXX object CMakeFiles/ouster_driver.dir/src/main.cpp.o[0m
[ 92%] [32m[1mLinking CXX executable ouster_driver[0m
[100%] [32m[1mLinking CXX executable ouster_tins_driver[0m
[100%] Built target ouster_driver
[100%] Built target ouster_tins_driver
-- Install configuration: "Release"
-- Installing: /home/nvidia/f1tenth_ws/install/ros2_ouster/lib/ros2_ouster/ouster_driver
-- Set runtime path of "/home/nvidia/f1tenth_ws/install/ros2_ouster/lib/ros2_ouster/ouster_driver" to ""
-- Installing: /home/nvidia/f1tenth_ws/install/ros2_ouster/lib/ros2_ouster/ouster_tins_driver
-- Set runtime path of "/home/nvidia/f1tenth_ws/install/ros2_ouster/lib/ros2_ouster/ouster_tins_driver" to ""
-- Installing: /home/nvidia/f1tenth_ws/install/ros2_ouster/lib/libouster_driver_core.so
-- Set runtime path of "/home/nvidia/f1tenth_ws/install/ros2_ouster/lib/libouster_driver_core.so" to ""
-- Up-to-date: /home/nvidia/f1tenth_ws/install/ros2_ouster/include/
-- Up-to-date: /home/nvidia/f1tenth_ws/install/ros2_ouster/include//ros2_ouster
-- Installing: /home/nvidia/f1tenth_ws/install/ros2_ouster/include//ros2_ouster/driver_types.hpp
-- Installing: /home/nvidia/f1tenth_ws/install/ros2_ouster/include//ros2_ouster/ringbuffer.hpp
-- Installing: /home/nvidia/f1tenth_ws/install/ros2_ouster/include//ros2_ouster/string_utils.hpp
-- Up-to-date: /home/nvidia/f1tenth_ws/install/ros2_ouster/include//ros2_ouster/client
-- Up-to-date: /home/nvidia/f1tenth_ws/install/ros2_ouster/include//ros2_ouster/client/viz
-- Installing: /home/nvidia/f1tenth_ws/install/ros2_ouster/include//ros2_ouster/client/viz/beam_uniformity.h
-- Installing: /home/nvidia/f1tenth_ws/install/ros2_ouster/include//ros2_ouster/client/viz/autoexposure.h
-- Up-to-date: /home/nvidia/f1tenth_ws/install/ros2_ouster/include//ros2_ouster/client/impl
-- Installing: /home/nvidia/f1tenth_ws/install/ros2_ouster/include//ros2_ouster/client/impl/parsing.h
-- Installing: /home/nvidia/f1tenth_ws/install/ros2_ouster/include//ros2_ouster/client/impl/netcompat.h
-- Installing: /home/nvidia/f1tenth_ws/install/ros2_ouster/include//ros2_ouster/client/lidar_scan.h
-- Installing: /home/nvidia/f1tenth_ws/install/ros2_ouster/include//ros2_ouster/client/types.h
-- Installing: /home/nvidia/f1tenth_ws/install/ros2_ouster/include//ros2_ouster/client/client.h
-- Installing: /home/nvidia/f1tenth_ws/install/ros2_ouster/include//ros2_ouster/client/point.h
-- Installing: /home/nvidia/f1tenth_ws/install/ros2_ouster/include//ros2_ouster/client/version.h
-- Up-to-date: /home/nvidia/f1tenth_ws/install/ros2_ouster/include//ros2_ouster/client/optional-lite
-- Installing: /home/nvidia/f1tenth_ws/install/ros2_ouster/include//ros2_ouster/client/optional-lite/LICENSE.txt
-- Installing: /home/nvidia/f1tenth_ws/install/ros2_ouster/include//ros2_ouster/client/optional-lite/optional.hpp
-- Installing: /home/nvidia/f1tenth_ws/install/ros2_ouster/include//ros2_ouster/sensor.hpp
-- Installing: /home/nvidia/f1tenth_ws/install/ros2_ouster/include//ros2_ouster/ros2_utils.hpp
-- Installing: /home/nvidia/f1tenth_ws/install/ros2_ouster/include//ros2_ouster/conversions.hpp
-- Installing: /home/nvidia/f1tenth_ws/install/ros2_ouster/include//ros2_ouster/full_rotation_accumulator.hpp
-- Installing: /home/nvidia/f1tenth_ws/install/ros2_ouster/include//ros2_ouster/sensor_tins.hpp
-- Up-to-date: /home/nvidia/f1tenth_ws/install/ros2_ouster/include//ros2_ouster/processors
-- Installing: /home/nvidia/f1tenth_ws/install/ros2_ouster/include//ros2_ouster/processors/imu_processor.hpp
-- Installing: /home/nvidia/f1tenth_ws/install/ros2_ouster/include//ros2_ouster/processors/scan_processor.hpp
-- Installing: /home/nvidia/f1tenth_ws/install/ros2_ouster/include//ros2_ouster/processors/processor_factories.hpp
-- Installing: /home/nvidia/f1tenth_ws/install/ros2_ouster/include//ros2_ouster/processors/pointcloud_processor.hpp
-- Installing: /home/nvidia/f1tenth_ws/install/ros2_ouster/include//ros2_ouster/processors/image_processor.hpp
-- Installing: /home/nvidia/f1tenth_ws/install/ros2_ouster/include//ros2_ouster/ouster_driver.hpp
-- Up-to-date: /home/nvidia/f1tenth_ws/install/ros2_ouster/include//ros2_ouster/interfaces
-- Installing: /home/nvidia/f1tenth_ws/install/ros2_ouster/include//ros2_ouster/interfaces/configuration.hpp
-- Installing: /home/nvidia/f1tenth_ws/install/ros2_ouster/include//ros2_ouster/interfaces/metadata.hpp
-- Installing: /home/nvidia/f1tenth_ws/install/ros2_ouster/include//ros2_ouster/interfaces/data_processor_interface.hpp
-- Installing: /home/nvidia/f1tenth_ws/install/ros2_ouster/include//ros2_ouster/interfaces/sensor_interface.hpp
-- Installing: /home/nvidia/f1tenth_ws/install/ros2_ouster/include//ros2_ouster/interfaces/lifecycle_interface.hpp
-- Installing: /home/nvidia/f1tenth_ws/install/ros2_ouster/include//ros2_ouster/exception.hpp
-- Up-to-date: /home/nvidia/f1tenth_ws/install/ros2_ouster/share/ros2_ouster/launch
-- Installing: /home/nvidia/f1tenth_ws/install/ros2_ouster/share/ros2_ouster/launch/driver_launch.py
-- Installing: /home/nvidia/f1tenth_ws/install/ros2_ouster/share/ros2_ouster/launch/tins_driver_launch.py
-- Up-to-date: /home/nvidia/f1tenth_ws/install/ros2_ouster/share/ros2_ouster/params
-- Installing: /home/nvidia/f1tenth_ws/install/ros2_ouster/share/ros2_ouster/params/ouster_os0128_2048_metadata.json
-- Installing: /home/nvidia/f1tenth_ws/install/ros2_ouster/share/ros2_ouster/params/tins_driver_config.yaml
-- Installing: /home/nvidia/f1tenth_ws/install/ros2_ouster/share/ros2_ouster/params/ouster_os0128_1024_metadata.json
-- Installing: /home/nvidia/f1tenth_ws/install/ros2_ouster/share/ros2_ouster/params/driver_config.yaml
-- Up-to-date: /home/nvidia/f1tenth_ws/install/ros2_ouster/share/ros2_ouster/environment/library_path.sh
-- Installing: /home/nvidia/f1tenth_ws/install/ros2_ouster/share/ros2_ouster/environment/library_path.dsv
-- Up-to-date: /home/nvidia/f1tenth_ws/install/ros2_ouster/share/ament_index/resource_index/package_run_dependencies/ros2_ouster
-- Up-to-date: /home/nvidia/f1tenth_ws/install/ros2_ouster/share/ament_index/resource_index/parent_prefix_path/ros2_ouster
-- Up-to-date: /home/nvidia/f1tenth_ws/install/ros2_ouster/share/ros2_ouster/environment/ament_prefix_path.sh
-- Installing: /home/nvidia/f1tenth_ws/install/ros2_ouster/share/ros2_ouster/environment/ament_prefix_path.dsv
-- Up-to-date: /home/nvidia/f1tenth_ws/install/ros2_ouster/share/ros2_ouster/environment/path.sh
-- Installing: /home/nvidia/f1tenth_ws/install/ros2_ouster/share/ros2_ouster/environment/path.dsv
-- Up-to-date: /home/nvidia/f1tenth_ws/install/ros2_ouster/share/ros2_ouster/local_setup.bash
-- Up-to-date: /home/nvidia/f1tenth_ws/install/ros2_ouster/share/ros2_ouster/local_setup.sh
-- Up-to-date: /home/nvidia/f1tenth_ws/install/ros2_ouster/share/ros2_ouster/local_setup.zsh
-- Installing: /home/nvidia/f1tenth_ws/install/ros2_ouster/share/ros2_ouster/local_setup.dsv
-- Installing: /home/nvidia/f1tenth_ws/install/ros2_ouster/share/ros2_ouster/package.dsv
-- Up-to-date: /home/nvidia/f1tenth_ws/install/ros2_ouster/share/ament_index/resource_index/packages/ros2_ouster
-- Up-to-date: /home/nvidia/f1tenth_ws/install/ros2_ouster/share/ament_index/resource_index/rclcpp_components/ros2_ouster
-- Up-to-date: /home/nvidia/f1tenth_ws/install/ros2_ouster/share/ros2_ouster/cmake/ament_cmake_export_include_directories-extras.cmake
-- Up-to-date: /home/nvidia/f1tenth_ws/install/ros2_ouster/share/ros2_ouster/cmake/ament_cmake_export_libraries-extras.cmake
-- Up-to-date: /home/nvidia/f1tenth_ws/install/ros2_ouster/share/ros2_ouster/cmake/ament_cmake_export_dependencies-extras.cmake
-- Up-to-date: /home/nvidia/f1tenth_ws/install/ros2_ouster/share/ros2_ouster/cmake/ros2_ousterConfig.cmake
-- Up-to-date: /home/nvidia/f1tenth_ws/install/ros2_ouster/share/ros2_ouster/cmake/ros2_ousterConfig-version.cmake
-- Installing: /home/nvidia/f1tenth_ws/install/ros2_ouster/share/ros2_ouster/package.xml
