[0.034s] Invoking command in '/home/nvidia/f1tenth_ws/build/ouster_ros': CMAKE_PREFIX_PATH=/home/nvidia/f1tenth_ws/install/ouster_sensor_msgs:/home/nvidia/f1tenth_ws/install/vesc:/home/nvidia/f1tenth_ws/install/vesc_driver:/home/nvidia/f1tenth_ws/install/vesc_ackermann:/home/nvidia/f1tenth_ws/install/vesc_msgs:/home/nvidia/f1tenth_ws/install/teleop_tools:/home/nvidia/f1tenth_ws/install/teleop_tools_msgs:/home/nvidia/f1tenth_ws/install/ros2_ouster:/home/nvidia/f1tenth_ws/install/realsense2_description:/home/nvidia/f1tenth_ws/install/realsense2_camera:/home/nvidia/f1tenth_ws/install/realsense2_camera_msgs:/home/nvidia/f1tenth_ws/install/ouster_ros:/home/nvidia/f1tenth_ws/install/ouster_msgs:/home/nvidia/f1tenth_ws/install/fixposition_odometry_converter_ros2:/home/nvidia/f1tenth_ws/install/fixposition_driver_ros2:/home/nvidia/f1tenth_ws/install/fixposition_driver_lib:/home/nvidia/f1tenth_ws/install/fixposition_gnss_tf:/home/nvidia/f1tenth_ws/install/ackermann_mux:/home/nvidia/f1tenth_ws/install/f1tenth_stack:/home/nvidia/f1tenth_ws/install/joy_teleop:/home/nvidia/f1tenth_ws/install/mouse_teleop:/home/nvidia/f1tenth_ws/install/key_teleop:/opt/ros/humble LD_LIBRARY_PATH=/home/nvidia/f1tenth_ws/install/ouster_sensor_msgs/lib:/home/nvidia/f1tenth_ws/install/vesc_driver/lib:/home/nvidia/f1tenth_ws/install/vesc_ackermann/lib:/home/nvidia/f1tenth_ws/install/vesc_msgs/lib:/home/nvidia/f1tenth_ws/install/teleop_tools_msgs/lib:/home/nvidia/f1tenth_ws/install/ros2_ouster/lib:/home/nvidia/f1tenth_ws/install/realsense2_camera/lib:/home/nvidia/f1tenth_ws/install/realsense2_camera_msgs/lib:/home/nvidia/f1tenth_ws/install/ouster_ros/lib:/home/nvidia/f1tenth_ws/install/ouster_msgs/lib:/home/nvidia/f1tenth_ws/install/fixposition_odometry_converter_ros2/lib:/home/nvidia/f1tenth_ws/install/fixposition_driver_ros2/lib:/home/nvidia/f1tenth_ws/install/fixposition_driver_lib/lib:/home/nvidia/f1tenth_ws/install/fixposition_gnss_tf/lib:/opt/ros/humble/opt/rviz_ogre_vendor/lib:/opt/ros/humble/lib/aarch64-linux-gnu:/opt/ros/humble/lib:/usr/local/cuda-12.2/lib64 /usr/bin/cmake --build /home/nvidia/f1tenth_ws/build/ouster_ros -- -j6 -l6
[0.238s] [34m[1mGenerating build info header[0m
[0.244s] [  3%] Built target os_sensor
[0.260s] [  7%] Built target os_driver
[0.265s] [ 11%] Built target os_cloud
[0.285s] [ 15%] Built target os_replay
[0.297s] [ 18%] Built target os_image
[0.335s] [ 18%] Built target ouster_generate_header
[0.341s] [ 22%] Built target gtest_main
[0.348s] [ 26%] Built target gtest
[0.413s] [ 54%] Built target ouster_client
[0.492s] [ 58%] Built target ouster_ros_library
[0.629s] [ 64%] Built target os_replay_component
[0.630s] [ 69%] Built target os_sensor_component
[0.637s] [ 75%] Built target os_cloud_component
[0.648s] [ 84%] Built target os_image_component
[0.651s] [ 88%] Built target os_driver_component
[0.682s] [100%] Built target ouster_ros_test
[1.300s] Invoked command in '/home/nvidia/f1tenth_ws/build/ouster_ros' returned '0': CMAKE_PREFIX_PATH=/home/nvidia/f1tenth_ws/install/ouster_sensor_msgs:/home/nvidia/f1tenth_ws/install/vesc:/home/nvidia/f1tenth_ws/install/vesc_driver:/home/nvidia/f1tenth_ws/install/vesc_ackermann:/home/nvidia/f1tenth_ws/install/vesc_msgs:/home/nvidia/f1tenth_ws/install/teleop_tools:/home/nvidia/f1tenth_ws/install/teleop_tools_msgs:/home/nvidia/f1tenth_ws/install/ros2_ouster:/home/nvidia/f1tenth_ws/install/realsense2_description:/home/nvidia/f1tenth_ws/install/realsense2_camera:/home/nvidia/f1tenth_ws/install/realsense2_camera_msgs:/home/nvidia/f1tenth_ws/install/ouster_ros:/home/nvidia/f1tenth_ws/install/ouster_msgs:/home/nvidia/f1tenth_ws/install/fixposition_odometry_converter_ros2:/home/nvidia/f1tenth_ws/install/fixposition_driver_ros2:/home/nvidia/f1tenth_ws/install/fixposition_driver_lib:/home/nvidia/f1tenth_ws/install/fixposition_gnss_tf:/home/nvidia/f1tenth_ws/install/ackermann_mux:/home/nvidia/f1tenth_ws/install/f1tenth_stack:/home/nvidia/f1tenth_ws/install/joy_teleop:/home/nvidia/f1tenth_ws/install/mouse_teleop:/home/nvidia/f1tenth_ws/install/key_teleop:/opt/ros/humble LD_LIBRARY_PATH=/home/nvidia/f1tenth_ws/install/ouster_sensor_msgs/lib:/home/nvidia/f1tenth_ws/install/vesc_driver/lib:/home/nvidia/f1tenth_ws/install/vesc_ackermann/lib:/home/nvidia/f1tenth_ws/install/vesc_msgs/lib:/home/nvidia/f1tenth_ws/install/teleop_tools_msgs/lib:/home/nvidia/f1tenth_ws/install/ros2_ouster/lib:/home/nvidia/f1tenth_ws/install/realsense2_camera/lib:/home/nvidia/f1tenth_ws/install/realsense2_camera_msgs/lib:/home/nvidia/f1tenth_ws/install/ouster_ros/lib:/home/nvidia/f1tenth_ws/install/ouster_msgs/lib:/home/nvidia/f1tenth_ws/install/fixposition_odometry_converter_ros2/lib:/home/nvidia/f1tenth_ws/install/fixposition_driver_ros2/lib:/home/nvidia/f1tenth_ws/install/fixposition_driver_lib/lib:/home/nvidia/f1tenth_ws/install/fixposition_gnss_tf/lib:/opt/ros/humble/opt/rviz_ogre_vendor/lib:/opt/ros/humble/lib/aarch64-linux-gnu:/opt/ros/humble/lib:/usr/local/cuda-12.2/lib64 /usr/bin/cmake --build /home/nvidia/f1tenth_ws/build/ouster_ros -- -j6 -l6
[1.490s] Invoking command in '/home/nvidia/f1tenth_ws/build/ouster_ros': CMAKE_PREFIX_PATH=/home/nvidia/f1tenth_ws/install/ouster_sensor_msgs:/home/nvidia/f1tenth_ws/install/vesc:/home/nvidia/f1tenth_ws/install/vesc_driver:/home/nvidia/f1tenth_ws/install/vesc_ackermann:/home/nvidia/f1tenth_ws/install/vesc_msgs:/home/nvidia/f1tenth_ws/install/teleop_tools:/home/nvidia/f1tenth_ws/install/teleop_tools_msgs:/home/nvidia/f1tenth_ws/install/ros2_ouster:/home/nvidia/f1tenth_ws/install/realsense2_description:/home/nvidia/f1tenth_ws/install/realsense2_camera:/home/nvidia/f1tenth_ws/install/realsense2_camera_msgs:/home/nvidia/f1tenth_ws/install/ouster_ros:/home/nvidia/f1tenth_ws/install/ouster_msgs:/home/nvidia/f1tenth_ws/install/fixposition_odometry_converter_ros2:/home/nvidia/f1tenth_ws/install/fixposition_driver_ros2:/home/nvidia/f1tenth_ws/install/fixposition_driver_lib:/home/nvidia/f1tenth_ws/install/fixposition_gnss_tf:/home/nvidia/f1tenth_ws/install/ackermann_mux:/home/nvidia/f1tenth_ws/install/f1tenth_stack:/home/nvidia/f1tenth_ws/install/joy_teleop:/home/nvidia/f1tenth_ws/install/mouse_teleop:/home/nvidia/f1tenth_ws/install/key_teleop:/opt/ros/humble LD_LIBRARY_PATH=/home/nvidia/f1tenth_ws/install/ouster_sensor_msgs/lib:/home/nvidia/f1tenth_ws/install/vesc_driver/lib:/home/nvidia/f1tenth_ws/install/vesc_ackermann/lib:/home/nvidia/f1tenth_ws/install/vesc_msgs/lib:/home/nvidia/f1tenth_ws/install/teleop_tools_msgs/lib:/home/nvidia/f1tenth_ws/install/ros2_ouster/lib:/home/nvidia/f1tenth_ws/install/realsense2_camera/lib:/home/nvidia/f1tenth_ws/install/realsense2_camera_msgs/lib:/home/nvidia/f1tenth_ws/install/ouster_ros/lib:/home/nvidia/f1tenth_ws/install/ouster_msgs/lib:/home/nvidia/f1tenth_ws/install/fixposition_odometry_converter_ros2/lib:/home/nvidia/f1tenth_ws/install/fixposition_driver_ros2/lib:/home/nvidia/f1tenth_ws/install/fixposition_driver_lib/lib:/home/nvidia/f1tenth_ws/install/fixposition_gnss_tf/lib:/opt/ros/humble/opt/rviz_ogre_vendor/lib:/opt/ros/humble/lib/aarch64-linux-gnu:/opt/ros/humble/lib:/usr/local/cuda-12.2/lib64 /usr/bin/cmake --install /home/nvidia/f1tenth_ws/build/ouster_ros
[1.508s] -- Install configuration: "Release"
[1.508s] -- Up-to-date: /home/nvidia/f1tenth_ws/install/ouster_ros/lib/ouster_ros/os_sensor
[1.508s] -- Up-to-date: /home/nvidia/f1tenth_ws/install/ouster_ros/lib/ouster_ros/os_replay
[1.509s] -- Up-to-date: /home/nvidia/f1tenth_ws/install/ouster_ros/lib/ouster_ros/os_cloud
[1.509s] -- Up-to-date: /home/nvidia/f1tenth_ws/install/ouster_ros/lib/ouster_ros/os_image
[1.510s] -- Up-to-date: /home/nvidia/f1tenth_ws/install/ouster_ros/lib/ouster_ros/os_driver
[1.510s] -- Up-to-date: /home/nvidia/f1tenth_ws/install/ouster_ros/lib/libouster_ros_library.so
[1.511s] -- Up-to-date: /home/nvidia/f1tenth_ws/install/ouster_ros/lib/libos_sensor_component.so
[1.511s] -- Up-to-date: /home/nvidia/f1tenth_ws/install/ouster_ros/lib/libos_replay_component.so
[1.511s] -- Up-to-date: /home/nvidia/f1tenth_ws/install/ouster_ros/lib/libos_cloud_component.so
[1.512s] -- Up-to-date: /home/nvidia/f1tenth_ws/install/ouster_ros/lib/libos_image_component.so
[1.512s] -- Up-to-date: /home/nvidia/f1tenth_ws/install/ouster_ros/lib/libos_driver_component.so
[1.513s] -- Up-to-date: /home/nvidia/f1tenth_ws/install/ouster_ros/include/ouster_ros/include
[1.514s] -- Up-to-date: /home/nvidia/f1tenth_ws/install/ouster_ros/include/ouster_ros/include/ouster_ros
[1.514s] -- Up-to-date: /home/nvidia/f1tenth_ws/install/ouster_ros/include/ouster_ros/include/ouster_ros/sensor_point_types.h
[1.515s] -- Up-to-date: /home/nvidia/f1tenth_ws/install/ouster_ros/include/ouster_ros/include/ouster_ros/os_sensor_node_base.h
[1.515s] -- Up-to-date: /home/nvidia/f1tenth_ws/install/ouster_ros/include/ouster_ros/include/ouster_ros/os_point.h
[1.515s] -- Up-to-date: /home/nvidia/f1tenth_ws/install/ouster_ros/include/ouster_ros/include/ouster_ros/common_point_types.h
[1.516s] -- Up-to-date: /home/nvidia/f1tenth_ws/install/ouster_ros/include/ouster_ros/include/ouster_ros/visibility_control.h
[1.516s] -- Up-to-date: /home/nvidia/f1tenth_ws/install/ouster_ros/include/ouster_ros/include/ouster_ros/os_ros.h
[1.516s] -- Up-to-date: /home/nvidia/f1tenth_ws/install/ouster_ros/include/ouster_ros/include/ouster_ros/os_processing_node_base.h
[1.517s] -- Up-to-date: /home/nvidia/f1tenth_ws/install/ouster_ros/include/ouster_ros/include
[1.517s] -- Up-to-date: /home/nvidia/f1tenth_ws/install/ouster_ros/include/ouster_ros/include/ouster
[1.517s] -- Up-to-date: /home/nvidia/f1tenth_ws/install/ouster_ros/include/ouster_ros/include/ouster/impl
[1.518s] -- Up-to-date: /home/nvidia/f1tenth_ws/install/ouster_ros/include/ouster_ros/include/ouster/impl/packet_writer.h
[1.518s] -- Up-to-date: /home/nvidia/f1tenth_ws/install/ouster_ros/include/ouster_ros/include/ouster/impl/profile_extension.h
[1.518s] -- Up-to-date: /home/nvidia/f1tenth_ws/install/ouster_ros/include/ouster_ros/include/ouster/impl/cartesian.h
[1.518s] -- Up-to-date: /home/nvidia/f1tenth_ws/install/ouster_ros/include/ouster_ros/include/ouster/impl/lidar_scan_impl.h
[1.519s] -- Up-to-date: /home/nvidia/f1tenth_ws/install/ouster_ros/include/ouster_ros/include/ouster/lidar_scan.h
[1.519s] -- Up-to-date: /home/nvidia/f1tenth_ws/install/ouster_ros/include/ouster_ros/include/ouster/defaults.h
[1.519s] -- Up-to-date: /home/nvidia/f1tenth_ws/install/ouster_ros/include/ouster_ros/include/ouster/types.h
[1.519s] -- Up-to-date: /home/nvidia/f1tenth_ws/install/ouster_ros/include/ouster_ros/include/ouster/sensor_http.h
[1.519s] -- Up-to-date: /home/nvidia/f1tenth_ws/install/ouster_ros/include/ouster_ros/include/ouster/client.h
[1.520s] -- Up-to-date: /home/nvidia/f1tenth_ws/install/ouster_ros/include/ouster_ros/include/ouster/buffered_udp_source.h
[1.520s] -- Up-to-date: /home/nvidia/f1tenth_ws/install/ouster_ros/include/ouster_ros/include/ouster/version.h
[1.520s] -- Up-to-date: /home/nvidia/f1tenth_ws/install/ouster_ros/include/ouster_ros/include/ouster/util.h
[1.520s] -- Up-to-date: /home/nvidia/f1tenth_ws/install/ouster_ros/include/ouster_ros/include/ouster/image_processing.h
[1.520s] -- Up-to-date: /home/nvidia/f1tenth_ws/install/ouster_ros/include/ouster_ros/include/optional-lite
[1.521s] -- Up-to-date: /home/nvidia/f1tenth_ws/install/ouster_ros/include/ouster_ros/include/optional-lite/nonstd
[1.521s] -- Up-to-date: /home/nvidia/f1tenth_ws/install/ouster_ros/include/ouster_ros/include/optional-lite/nonstd/optional.hpp
[1.521s] -- Up-to-date: /home/nvidia/f1tenth_ws/install/ouster_ros/include/ouster_ros/optional-lite
[1.522s] -- Up-to-date: /home/nvidia/f1tenth_ws/install/ouster_ros/include/ouster_ros/optional-lite/nonstd
[1.522s] -- Up-to-date: /home/nvidia/f1tenth_ws/install/ouster_ros/include/ouster_ros/optional-lite/nonstd/optional.hpp
[1.524s] -- Up-to-date: /home/nvidia/f1tenth_ws/install/ouster_ros/share/ouster_ros/LICENSE
[1.526s] -- Up-to-date: /home/nvidia/f1tenth_ws/install/ouster_ros/share/ouster_ros/launch
[1.526s] -- Up-to-date: /home/nvidia/f1tenth_ws/install/ouster_ros/share/ouster_ros/launch/driver_launch.py
[1.527s] -- Up-to-date: /home/nvidia/f1tenth_ws/install/ouster_ros/share/ouster_ros/launch/record.composite.launch.xml
[1.527s] -- Up-to-date: /home/nvidia/f1tenth_ws/install/ouster_ros/share/ouster_ros/launch/sensor.launch.xml
[1.528s] -- Up-to-date: /home/nvidia/f1tenth_ws/install/ouster_ros/share/ouster_ros/launch/rviz.launch.xml
[1.528s] -- Up-to-date: /home/nvidia/f1tenth_ws/install/ouster_ros/share/ouster_ros/launch/replay.launch.xml
[1.528s] -- Up-to-date: /home/nvidia/f1tenth_ws/install/ouster_ros/share/ouster_ros/launch/sensor_mtp.launch.xml
[1.529s] -- Up-to-date: /home/nvidia/f1tenth_ws/install/ouster_ros/share/ouster_ros/launch/replay.composite.launch.xml
[1.529s] -- Up-to-date: /home/nvidia/f1tenth_ws/install/ouster_ros/share/ouster_ros/launch/sensor.composite.launch.xml
[1.530s] -- Up-to-date: /home/nvidia/f1tenth_ws/install/ouster_ros/share/ouster_ros/launch/rviz.launch.py
[1.530s] -- Up-to-date: /home/nvidia/f1tenth_ws/install/ouster_ros/share/ouster_ros/launch/sensor.independent.launch.py
[1.530s] -- Up-to-date: /home/nvidia/f1tenth_ws/install/ouster_ros/share/ouster_ros/launch/sensor.independent.launch.xml
[1.531s] -- Up-to-date: /home/nvidia/f1tenth_ws/install/ouster_ros/share/ouster_ros/launch/sensor.composite.launch.py
[1.531s] -- Up-to-date: /home/nvidia/f1tenth_ws/install/ouster_ros/share/ouster_ros/launch/record.launch.xml
[1.531s] -- Up-to-date: /home/nvidia/f1tenth_ws/install/ouster_ros/share/ouster_ros/launch/driver.launch.py
[1.532s] -- Up-to-date: /home/nvidia/f1tenth_ws/install/ouster_ros/share/ouster_ros/config
[1.532s] -- Up-to-date: /home/nvidia/f1tenth_ws/install/ouster_ros/share/ouster_ros/config/driver_params.yaml
[1.532s] -- Up-to-date: /home/nvidia/f1tenth_ws/install/ouster_ros/share/ouster_ros/config/viz.rviz
[1.533s] -- Up-to-date: /home/nvidia/f1tenth_ws/install/ouster_ros/share/ouster_ros/config/os_sensor_cloud_image_params.yaml
[1.533s] -- Up-to-date: /home/nvidia/f1tenth_ws/install/ouster_ros/share/ouster_ros/config/community_driver.rviz
[1.533s] -- Up-to-date: /home/nvidia/f1tenth_ws/install/ouster_ros/share/ouster_ros/config/viz-reliable.rviz
[1.534s] -- Up-to-date: /home/nvidia/f1tenth_ws/install/ouster_ros/share/ouster_ros/config/metadata-qos-override.yaml
[1.534s] -- Up-to-date: /home/nvidia/f1tenth_ws/install/ouster_ros/share/ouster_ros/config/community_driver_config.yaml
[1.534s] -- Up-to-date: /home/nvidia/f1tenth_ws/install/ouster_ros/share/ouster_ros/environment/library_path.sh
[1.535s] -- Up-to-date: /home/nvidia/f1tenth_ws/install/ouster_ros/share/ouster_ros/environment/library_path.dsv
[1.536s] -- Up-to-date: /home/nvidia/f1tenth_ws/install/ouster_ros/share/ament_index/resource_index/package_run_dependencies/ouster_ros
[1.536s] -- Up-to-date: /home/nvidia/f1tenth_ws/install/ouster_ros/share/ament_index/resource_index/parent_prefix_path/ouster_ros
[1.536s] -- Up-to-date: /home/nvidia/f1tenth_ws/install/ouster_ros/share/ouster_ros/environment/ament_prefix_path.sh
[1.537s] -- Up-to-date: /home/nvidia/f1tenth_ws/install/ouster_ros/share/ouster_ros/environment/ament_prefix_path.dsv
[1.537s] -- Up-to-date: /home/nvidia/f1tenth_ws/install/ouster_ros/share/ouster_ros/environment/path.sh
[1.538s] -- Up-to-date: /home/nvidia/f1tenth_ws/install/ouster_ros/share/ouster_ros/environment/path.dsv
[1.539s] -- Up-to-date: /home/nvidia/f1tenth_ws/install/ouster_ros/share/ouster_ros/local_setup.bash
[1.540s] -- Up-to-date: /home/nvidia/f1tenth_ws/install/ouster_ros/share/ouster_ros/local_setup.sh
[1.540s] -- Up-to-date: /home/nvidia/f1tenth_ws/install/ouster_ros/share/ouster_ros/local_setup.zsh
[1.540s] -- Up-to-date: /home/nvidia/f1tenth_ws/install/ouster_ros/share/ouster_ros/local_setup.dsv
[1.541s] -- Installing: /home/nvidia/f1tenth_ws/install/ouster_ros/share/ouster_ros/package.dsv
[1.541s] -- Up-to-date: /home/nvidia/f1tenth_ws/install/ouster_ros/share/ament_index/resource_index/packages/ouster_ros
[1.542s] -- Up-to-date: /home/nvidia/f1tenth_ws/install/ouster_ros/share/ament_index/resource_index/rclcpp_components/ouster_ros
[1.542s] -- Up-to-date: /home/nvidia/f1tenth_ws/install/ouster_ros/share/ouster_ros/cmake/ament_cmake_export_include_directories-extras.cmake
[1.543s] -- Up-to-date: /home/nvidia/f1tenth_ws/install/ouster_ros/share/ouster_ros/cmake/ament_cmake_export_dependencies-extras.cmake
[1.543s] -- Up-to-date: /home/nvidia/f1tenth_ws/install/ouster_ros/share/ouster_ros/cmake/ament_cmake_export_libraries-extras.cmake
[1.544s] -- Up-to-date: /home/nvidia/f1tenth_ws/install/ouster_ros/share/ouster_ros/cmake/ouster_rosConfig.cmake
[1.545s] -- Up-to-date: /home/nvidia/f1tenth_ws/install/ouster_ros/share/ouster_ros/cmake/ouster_rosConfig-version.cmake
[1.545s] -- Up-to-date: /home/nvidia/f1tenth_ws/install/ouster_ros/share/ouster_ros/package.xml
[1.546s] Invoked command in '/home/nvidia/f1tenth_ws/build/ouster_ros' returned '0': CMAKE_PREFIX_PATH=/home/nvidia/f1tenth_ws/install/ouster_sensor_msgs:/home/nvidia/f1tenth_ws/install/vesc:/home/nvidia/f1tenth_ws/install/vesc_driver:/home/nvidia/f1tenth_ws/install/vesc_ackermann:/home/nvidia/f1tenth_ws/install/vesc_msgs:/home/nvidia/f1tenth_ws/install/teleop_tools:/home/nvidia/f1tenth_ws/install/teleop_tools_msgs:/home/nvidia/f1tenth_ws/install/ros2_ouster:/home/nvidia/f1tenth_ws/install/realsense2_description:/home/nvidia/f1tenth_ws/install/realsense2_camera:/home/nvidia/f1tenth_ws/install/realsense2_camera_msgs:/home/nvidia/f1tenth_ws/install/ouster_ros:/home/nvidia/f1tenth_ws/install/ouster_msgs:/home/nvidia/f1tenth_ws/install/fixposition_odometry_converter_ros2:/home/nvidia/f1tenth_ws/install/fixposition_driver_ros2:/home/nvidia/f1tenth_ws/install/fixposition_driver_lib:/home/nvidia/f1tenth_ws/install/fixposition_gnss_tf:/home/nvidia/f1tenth_ws/install/ackermann_mux:/home/nvidia/f1tenth_ws/install/f1tenth_stack:/home/nvidia/f1tenth_ws/install/joy_teleop:/home/nvidia/f1tenth_ws/install/mouse_teleop:/home/nvidia/f1tenth_ws/install/key_teleop:/opt/ros/humble LD_LIBRARY_PATH=/home/nvidia/f1tenth_ws/install/ouster_sensor_msgs/lib:/home/nvidia/f1tenth_ws/install/vesc_driver/lib:/home/nvidia/f1tenth_ws/install/vesc_ackermann/lib:/home/nvidia/f1tenth_ws/install/vesc_msgs/lib:/home/nvidia/f1tenth_ws/install/teleop_tools_msgs/lib:/home/nvidia/f1tenth_ws/install/ros2_ouster/lib:/home/nvidia/f1tenth_ws/install/realsense2_camera/lib:/home/nvidia/f1tenth_ws/install/realsense2_camera_msgs/lib:/home/nvidia/f1tenth_ws/install/ouster_ros/lib:/home/nvidia/f1tenth_ws/install/ouster_msgs/lib:/home/nvidia/f1tenth_ws/install/fixposition_odometry_converter_ros2/lib:/home/nvidia/f1tenth_ws/install/fixposition_driver_ros2/lib:/home/nvidia/f1tenth_ws/install/fixposition_driver_lib/lib:/home/nvidia/f1tenth_ws/install/fixposition_gnss_tf/lib:/opt/ros/humble/opt/rviz_ogre_vendor/lib:/opt/ros/humble/lib/aarch64-linux-gnu:/opt/ros/humble/lib:/usr/local/cuda-12.2/lib64 /usr/bin/cmake --install /home/nvidia/f1tenth_ws/build/ouster_ros
