[0.016s] Invoking command in '/home/nvidia/f1tenth_ws/build/vesc_driver': AMENT_PREFIX_PATH=/home/nvidia/f1tenth_ws/install/vesc_msgs:${AMENT_PREFIX_PATH} CMAKE_PREFIX_PATH=/home/nvidia/f1tenth_ws/install/vesc_msgs:/opt/ros/humble LD_LIBRARY_PATH=/home/nvidia/f1tenth_ws/install/vesc_msgs/lib:/opt/ros/humble/opt/rviz_ogre_vendor/lib:/opt/ros/humble/lib/aarch64-linux-gnu:/opt/ros/humble/lib:/usr/local/cuda-12.2/lib64 PYTHONPATH=/home/nvidia/f1tenth_ws/install/vesc_msgs/local/lib/python3.10/dist-packages:${PYTHONPATH} /usr/bin/cmake /home/nvidia/f1tenth_ws/src/f1tenth_system/vesc/vesc_driver -DCMAKE_INSTALL_PREFIX=/home/nvidia/f1tenth_ws/install/vesc_driver
[0.129s] -- The C compiler identification is GNU 11.4.0
[0.236s] -- The CXX compiler identification is GNU 11.4.0
[0.251s] -- Detecting C compiler ABI info
[0.388s] -- Detecting C compiler ABI info - done
[0.403s] -- Check for working C compiler: /usr/bin/cc - skipped
[0.403s] -- Detecting C compile features
[0.404s] -- Detecting C compile features - done
[0.410s] -- Detecting CXX compiler ABI info
[0.574s] -- Detecting CXX compiler ABI info - done
[0.588s] -- Check for working CXX compiler: /usr/bin/c++ - skipped
[0.588s] -- Detecting CXX compile features
[0.589s] -- Detecting CXX compile features - done
[0.593s] -- Found ament_cmake_auto: 1.3.8 (/opt/ros/humble/share/ament_cmake_auto/cmake)
[0.933s] -- Found Python3: /usr/bin/python3 (found version "3.10.12") found components: Interpreter 
[1.323s] -- Found rosidl_generator_c: 3.1.5 (/opt/ros/humble/share/rosidl_generator_c/cmake)
[1.332s] -- Found rosidl_adapter: 3.1.5 (/opt/ros/humble/share/rosidl_adapter/cmake)
[1.348s] -- Found rosidl_generator_cpp: 3.1.5 (/opt/ros/humble/share/rosidl_generator_cpp/cmake)
[1.374s] -- Using all available rosidl_typesupport_c: rosidl_typesupport_fastrtps_c;rosidl_typesupport_introspection_c
[1.412s] -- Using all available rosidl_typesupport_cpp: rosidl_typesupport_fastrtps_cpp;rosidl_typesupport_introspection_cpp
[1.542s] -- Found rmw_implementation_cmake: 6.1.1 (/opt/ros/humble/share/rmw_implementation_cmake/cmake)
[1.547s] -- Found rmw_fastrtps_cpp: 6.2.6 (/opt/ros/humble/share/rmw_fastrtps_cpp/cmake)
[1.719s] -- Found OpenSSL: /usr/lib/aarch64-linux-gnu/libcrypto.so (found version "3.0.2")  
[1.768s] -- Found FastRTPS: /opt/ros/humble/include  
[1.855s] -- Using RMW implementation 'rmw_fastrtps_cpp' as default
[1.874s] -- Looking for pthread.h
[2.009s] -- Looking for pthread.h - found
[2.009s] -- Performing Test CMAKE_HAVE_LIBC_PTHREAD
[2.148s] -- Performing Test CMAKE_HAVE_LIBC_PTHREAD - Success
[2.150s] -- Found Threads: TRUE  
[3.496s] -- Found ament_lint_auto: 0.12.10 (/opt/ros/humble/share/ament_lint_auto/cmake)
[3.532s] -- Added test 'copyright' to check source files copyright and LICENSE
[3.535s] -- Added test 'cppcheck' to perform static code analysis on C / C++ code
[3.536s] -- Configured cppcheck include dirs: /home/nvidia/f1tenth_ws/src/f1tenth_system/vesc/vesc_driver/include
[3.536s] -- Configured cppcheck exclude dirs and/or files: 
[3.539s] -- Added test 'cpplint' to check C / C++ code against the Google style
[3.539s] -- Configured cpplint exclude dirs and/or files: 
[3.540s] -- Added test 'flake8' to check Python code syntax and style conventions
[3.541s] -- Added test 'lint_cmake' to check CMake code style
[3.542s] -- Added test 'pep257' to check Python code against some of the docstring style conventions in PEP 257
[3.545s] -- Added test 'uncrustify' to check C / C++ code style
[3.545s] -- Configured uncrustify additional arguments: 
[3.546s] -- Added test 'xmllint' to check XML markup files
[3.552s] -- Configuring done
[3.628s] -- Generating done
[3.632s] -- Build files have been written to: /home/nvidia/f1tenth_ws/build/vesc_driver
[3.663s] Invoked command in '/home/nvidia/f1tenth_ws/build/vesc_driver' returned '0': AMENT_PREFIX_PATH=/home/nvidia/f1tenth_ws/install/vesc_msgs:${AMENT_PREFIX_PATH} CMAKE_PREFIX_PATH=/home/nvidia/f1tenth_ws/install/vesc_msgs:/opt/ros/humble LD_LIBRARY_PATH=/home/nvidia/f1tenth_ws/install/vesc_msgs/lib:/opt/ros/humble/opt/rviz_ogre_vendor/lib:/opt/ros/humble/lib/aarch64-linux-gnu:/opt/ros/humble/lib:/usr/local/cuda-12.2/lib64 PYTHONPATH=/home/nvidia/f1tenth_ws/install/vesc_msgs/local/lib/python3.10/dist-packages:${PYTHONPATH} /usr/bin/cmake /home/nvidia/f1tenth_ws/src/f1tenth_system/vesc/vesc_driver -DCMAKE_INSTALL_PREFIX=/home/nvidia/f1tenth_ws/install/vesc_driver
[3.667s] Invoking command in '/home/nvidia/f1tenth_ws/build/vesc_driver': AMENT_PREFIX_PATH=/home/nvidia/f1tenth_ws/install/vesc_msgs:${AMENT_PREFIX_PATH} CMAKE_PREFIX_PATH=/home/nvidia/f1tenth_ws/install/vesc_msgs:/opt/ros/humble LD_LIBRARY_PATH=/home/nvidia/f1tenth_ws/install/vesc_msgs/lib:/opt/ros/humble/opt/rviz_ogre_vendor/lib:/opt/ros/humble/lib/aarch64-linux-gnu:/opt/ros/humble/lib:/usr/local/cuda-12.2/lib64 PYTHONPATH=/home/nvidia/f1tenth_ws/install/vesc_msgs/local/lib/python3.10/dist-packages:${PYTHONPATH} /usr/bin/cmake --build /home/nvidia/f1tenth_ws/build/vesc_driver -- -j6 -l6
[3.767s] [ 30%] [32mBuilding CXX object CMakeFiles/vesc_driver.dir/src/vesc_interface.cpp.o[0m
[3.767s] [ 30%] [32mBuilding CXX object CMakeFiles/vesc_driver.dir/src/vesc_driver.cpp.o[0m
[3.767s] [ 30%] [32mBuilding CXX object CMakeFiles/vesc_driver_node.dir/rclcpp_components/node_main_vesc_driver_node.cpp.o[0m
[3.782s] [ 40%] [32mBuilding CXX object CMakeFiles/vesc_driver.dir/src/vesc_packet.cpp.o[0m
[3.782s] [ 50%] [32mBuilding CXX object CMakeFiles/vesc_driver.dir/src/vesc_packet_factory.cpp.o[0m
[14.722s] [ 60%] [32m[1mLinking CXX executable vesc_driver_node[0m
[15.346s] [ 60%] Built target vesc_driver_node
[30.178s] [ 70%] [32m[1mLinking CXX shared library libvesc_driver.so[0m
[31.535s] [ 70%] Built target vesc_driver
[31.577s] [ 90%] [32mBuilding CXX object CMakeFiles/vesc_device_namer.dir/src/vesc_device_uuid_lookup.cpp.o[0m
[31.578s] [ 90%] [32mBuilding CXX object CMakeFiles/vesc_device_namer.dir/src/vesc_device_namer.cpp.o[0m
[33.172s] [100%] [32m[1mLinking CXX executable vesc_device_namer[0m
[33.782s] [100%] Built target vesc_device_namer
