/usr/lib/python3/dist-packages/setuptools/dist.py:723: UserWarning: Usage of dash-separated 'script-dir' will not be supported in future versions. Please use the underscore name 'script_dir' instead
  warnings.warn(
running develop
/usr/lib/python3/dist-packages/setuptools/command/easy_install.py:158: EasyInstallDeprecationWarning: easy_install command is deprecated. Use build and pip and other standards-based tools.
  warnings.warn(
running egg_info
writing key_teleop.egg-info/PKG-INFO
writing dependency_links to key_teleop.egg-info/dependency_links.txt
writing entry points to key_teleop.egg-info/entry_points.txt
writing requirements to key_teleop.egg-info/requires.txt
writing top-level names to key_teleop.egg-info/top_level.txt
reading manifest file 'key_teleop.egg-info/SOURCES.txt'
writing manifest file 'key_teleop.egg-info/SOURCES.txt'
running build_ext
Creating /home/nvidia/f1tenth_ws/install/key_teleop/lib/python3.10/site-packages/key-teleop.egg-link (link to .)
Installing key_teleop script to /home/nvidia/f1tenth_ws/install/key_teleop/lib/key_teleop

Installed /home/nvidia/f1tenth_ws/build/key_teleop
running symlink_data
symbolically linking /home/nvidia/f1tenth_ws/build/key_teleop/package.xml -> /home/nvidia/f1tenth_ws/install/key_teleop/share/key_teleop
symbolically linking /home/nvidia/f1tenth_ws/build/key_teleop/config/key_teleop.yaml -> /home/nvidia/f1tenth_ws/install/key_teleop/share/key_teleop/config
symbolically linking /home/nvidia/f1tenth_ws/build/key_teleop/resource/key_teleop -> /home/nvidia/f1tenth_ws/install/key_teleop/share/ament_index/resource_index/packages
