[0.643s] Invoking command in '/home/nvidia/f1tenth_ws/build/realsense2_camera': AMENT_PREFIX_PATH=/home/nvidia/f1tenth_ws/install/realsense2_camera_msgs:${AMENT_PREFIX_PATH} CMAKE_PREFIX_PATH=/home/nvidia/f1tenth_ws/install/realsense2_camera_msgs:/opt/ros/humble LD_LIBRARY_PATH=/home/nvidia/f1tenth_ws/install/realsense2_camera_msgs/lib:/opt/ros/humble/opt/rviz_ogre_vendor/lib:/opt/ros/humble/lib/aarch64-linux-gnu:/opt/ros/humble/lib:/usr/local/cuda-12.2/lib64 PYTHONPATH=/home/nvidia/f1tenth_ws/install/realsense2_camera_msgs/local/lib/python3.10/dist-packages:${PYTHONPATH} /usr/bin/cmake --build /home/nvidia/f1tenth_ws/build/realsense2_camera -- -j6 -l6
[0.784s] [  9%] Built target gtest
[0.787s] [ 18%] Built target gtest_main
[0.847s] [ 27%] Built target realsense2_camera_node
[0.853s] [ 90%] Built target realsense2_camera
[0.864s] [100%] Built target gtest_template
[0.932s] Invoked command in '/home/nvidia/f1tenth_ws/build/realsense2_camera' returned '0': AMENT_PREFIX_PATH=/home/nvidia/f1tenth_ws/install/realsense2_camera_msgs:${AMENT_PREFIX_PATH} CMAKE_PREFIX_PATH=/home/nvidia/f1tenth_ws/install/realsense2_camera_msgs:/opt/ros/humble LD_LIBRARY_PATH=/home/nvidia/f1tenth_ws/install/realsense2_camera_msgs/lib:/opt/ros/humble/opt/rviz_ogre_vendor/lib:/opt/ros/humble/lib/aarch64-linux-gnu:/opt/ros/humble/lib:/usr/local/cuda-12.2/lib64 PYTHONPATH=/home/nvidia/f1tenth_ws/install/realsense2_camera_msgs/local/lib/python3.10/dist-packages:${PYTHONPATH} /usr/bin/cmake --build /home/nvidia/f1tenth_ws/build/realsense2_camera -- -j6 -l6
[1.141s] Invoking command in '/home/nvidia/f1tenth_ws/build/realsense2_camera': AMENT_PREFIX_PATH=/home/nvidia/f1tenth_ws/install/realsense2_camera_msgs:${AMENT_PREFIX_PATH} CMAKE_PREFIX_PATH=/home/nvidia/f1tenth_ws/install/realsense2_camera_msgs:/opt/ros/humble LD_LIBRARY_PATH=/home/nvidia/f1tenth_ws/install/realsense2_camera_msgs/lib:/opt/ros/humble/opt/rviz_ogre_vendor/lib:/opt/ros/humble/lib/aarch64-linux-gnu:/opt/ros/humble/lib:/usr/local/cuda-12.2/lib64 PYTHONPATH=/home/nvidia/f1tenth_ws/install/realsense2_camera_msgs/local/lib/python3.10/dist-packages:${PYTHONPATH} /usr/bin/cmake --install /home/nvidia/f1tenth_ws/build/realsense2_camera
[1.168s] -- Install configuration: "Release"
[1.168s] -- Up-to-date: /home/nvidia/f1tenth_ws/install/realsense2_camera/lib/realsense2_camera/realsense2_camera_node
[1.168s] -- Up-to-date: /home/nvidia/f1tenth_ws/install/realsense2_camera/lib/librealsense2_camera.so
[1.169s] -- Up-to-date: /home/nvidia/f1tenth_ws/install/realsense2_camera/include
[1.170s] -- Up-to-date: /home/nvidia/f1tenth_ws/install/realsense2_camera/include/ros_sensor.h
[1.170s] -- Up-to-date: /home/nvidia/f1tenth_ws/install/realsense2_camera/include/ros_utils.h
[1.170s] -- Up-to-date: /home/nvidia/f1tenth_ws/install/realsense2_camera/include/image_publisher.h
[1.170s] -- Up-to-date: /home/nvidia/f1tenth_ws/install/realsense2_camera/include/profile_manager.h
[1.171s] -- Up-to-date: /home/nvidia/f1tenth_ws/install/realsense2_camera/include/realsense_node_factory.h
[1.171s] -- Up-to-date: /home/nvidia/f1tenth_ws/install/realsense2_camera/include/sensor_params.h
[1.171s] -- Up-to-date: /home/nvidia/f1tenth_ws/install/realsense2_camera/include/named_filter.h
[1.171s] -- Up-to-date: /home/nvidia/f1tenth_ws/install/realsense2_camera/include/base_realsense_node.h
[1.171s] -- Up-to-date: /home/nvidia/f1tenth_ws/install/realsense2_camera/include/gl_window.h
[1.172s] -- Up-to-date: /home/nvidia/f1tenth_ws/install/realsense2_camera/include/dynamic_params.h
[1.172s] -- Up-to-date: /home/nvidia/f1tenth_ws/install/realsense2_camera/include/ros_param_backend.h
[1.172s] -- Up-to-date: /home/nvidia/f1tenth_ws/install/realsense2_camera/include/constants.h
[1.172s] -- Up-to-date: /home/nvidia/f1tenth_ws/install/realsense2_camera/share/realsense2_camera/launch
[1.172s] -- Up-to-date: /home/nvidia/f1tenth_ws/install/realsense2_camera/share/realsense2_camera/launch/rs_intra_process_demo_launch.py
[1.173s] -- Up-to-date: /home/nvidia/f1tenth_ws/install/realsense2_camera/share/realsense2_camera/launch/rs_launch.py
[1.173s] -- Up-to-date: /home/nvidia/f1tenth_ws/install/realsense2_camera/share/realsense2_camera/launch/default.rviz
[1.173s] -- Up-to-date: /home/nvidia/f1tenth_ws/install/realsense2_camera/share/realsense2_camera/launch/rs_multi_camera_launch.py
[1.173s] -- Up-to-date: /home/nvidia/f1tenth_ws/install/realsense2_camera/share/realsense2_camera/examples
[1.173s] -- Up-to-date: /home/nvidia/f1tenth_ws/install/realsense2_camera/share/realsense2_camera/examples/launch_params_from_file
[1.174s] -- Up-to-date: /home/nvidia/f1tenth_ws/install/realsense2_camera/share/realsense2_camera/examples/launch_params_from_file/README.md
[1.174s] -- Up-to-date: /home/nvidia/f1tenth_ws/install/realsense2_camera/share/realsense2_camera/examples/launch_params_from_file/config
[1.174s] -- Up-to-date: /home/nvidia/f1tenth_ws/install/realsense2_camera/share/realsense2_camera/examples/launch_params_from_file/config/config.yaml
[1.174s] -- Up-to-date: /home/nvidia/f1tenth_ws/install/realsense2_camera/share/realsense2_camera/examples/launch_params_from_file/rs_launch_get_params_from_yaml.py
[1.174s] -- Up-to-date: /home/nvidia/f1tenth_ws/install/realsense2_camera/share/realsense2_camera/examples/align_depth
[1.174s] -- Up-to-date: /home/nvidia/f1tenth_ws/install/realsense2_camera/share/realsense2_camera/examples/align_depth/rs_align_depth_launch.py
[1.175s] -- Up-to-date: /home/nvidia/f1tenth_ws/install/realsense2_camera/share/realsense2_camera/examples/align_depth/README.md
[1.175s] -- Up-to-date: /home/nvidia/f1tenth_ws/install/realsense2_camera/share/realsense2_camera/examples/dual_camera
[1.175s] -- Up-to-date: /home/nvidia/f1tenth_ws/install/realsense2_camera/share/realsense2_camera/examples/dual_camera/README.md
[1.175s] -- Up-to-date: /home/nvidia/f1tenth_ws/install/realsense2_camera/share/realsense2_camera/examples/dual_camera/rs_dual_camera_launch.py
[1.175s] -- Up-to-date: /home/nvidia/f1tenth_ws/install/realsense2_camera/share/realsense2_camera/examples/dual_camera/rviz
[1.176s] -- Up-to-date: /home/nvidia/f1tenth_ws/install/realsense2_camera/share/realsense2_camera/examples/dual_camera/rviz/dual_camera_pointcloud.rviz
[1.176s] -- Up-to-date: /home/nvidia/f1tenth_ws/install/realsense2_camera/share/realsense2_camera/examples/launch_from_rosbag
[1.176s] -- Up-to-date: /home/nvidia/f1tenth_ws/install/realsense2_camera/share/realsense2_camera/examples/launch_from_rosbag/rs_launch_from_rosbag.py
[1.176s] -- Up-to-date: /home/nvidia/f1tenth_ws/install/realsense2_camera/share/realsense2_camera/examples/launch_from_rosbag/README.md
[1.176s] -- Up-to-date: /home/nvidia/f1tenth_ws/install/realsense2_camera/share/realsense2_camera/examples/pointcloud
[1.176s] -- Up-to-date: /home/nvidia/f1tenth_ws/install/realsense2_camera/share/realsense2_camera/examples/pointcloud/rs_d455_pointcloud_launch.py
[1.177s] -- Up-to-date: /home/nvidia/f1tenth_ws/install/realsense2_camera/share/realsense2_camera/examples/pointcloud/README.md
[1.177s] -- Up-to-date: /home/nvidia/f1tenth_ws/install/realsense2_camera/share/realsense2_camera/examples/pointcloud/rviz
[1.177s] -- Up-to-date: /home/nvidia/f1tenth_ws/install/realsense2_camera/share/realsense2_camera/examples/pointcloud/rviz/pointcloud.rviz
[1.177s] -- Up-to-date: /home/nvidia/f1tenth_ws/install/realsense2_camera/share/realsense2_camera/examples/pointcloud/rviz/urdf_pointcloud.rviz
[1.177s] -- Up-to-date: /home/nvidia/f1tenth_ws/install/realsense2_camera/share/realsense2_camera/examples/pointcloud/rs_d405_pointcloud_launch.py
[1.178s] -- Up-to-date: /home/nvidia/f1tenth_ws/install/realsense2_camera/share/realsense2_camera/examples/pointcloud/rs_pointcloud_launch.py
[1.178s] -- Up-to-date: /home/nvidia/f1tenth_ws/install/realsense2_camera/share/realsense2_camera/environment/library_path.sh
[1.179s] -- Up-to-date: /home/nvidia/f1tenth_ws/install/realsense2_camera/share/realsense2_camera/environment/library_path.dsv
[1.179s] -- Up-to-date: /home/nvidia/f1tenth_ws/install/realsense2_camera/share/ament_index/resource_index/package_run_dependencies/realsense2_camera
[1.179s] -- Up-to-date: /home/nvidia/f1tenth_ws/install/realsense2_camera/share/ament_index/resource_index/parent_prefix_path/realsense2_camera
[1.179s] -- Up-to-date: /home/nvidia/f1tenth_ws/install/realsense2_camera/share/realsense2_camera/environment/ament_prefix_path.sh
[1.179s] -- Up-to-date: /home/nvidia/f1tenth_ws/install/realsense2_camera/share/realsense2_camera/environment/ament_prefix_path.dsv
[1.181s] -- Up-to-date: /home/nvidia/f1tenth_ws/install/realsense2_camera/share/realsense2_camera/environment/path.sh
[1.181s] -- Up-to-date: /home/nvidia/f1tenth_ws/install/realsense2_camera/share/realsense2_camera/environment/path.dsv
[1.181s] -- Up-to-date: /home/nvidia/f1tenth_ws/install/realsense2_camera/share/realsense2_camera/local_setup.bash
[1.181s] -- Up-to-date: /home/nvidia/f1tenth_ws/install/realsense2_camera/share/realsense2_camera/local_setup.sh
[1.181s] -- Up-to-date: /home/nvidia/f1tenth_ws/install/realsense2_camera/share/realsense2_camera/local_setup.zsh
[1.181s] -- Up-to-date: /home/nvidia/f1tenth_ws/install/realsense2_camera/share/realsense2_camera/local_setup.dsv
[1.182s] -- Installing: /home/nvidia/f1tenth_ws/install/realsense2_camera/share/realsense2_camera/package.dsv
[1.182s] -- Up-to-date: /home/nvidia/f1tenth_ws/install/realsense2_camera/share/ament_index/resource_index/packages/realsense2_camera
[1.183s] -- Up-to-date: /home/nvidia/f1tenth_ws/install/realsense2_camera/share/ament_index/resource_index/rclcpp_components/realsense2_camera
[1.183s] -- Up-to-date: /home/nvidia/f1tenth_ws/install/realsense2_camera/share/realsense2_camera/cmake/ament_cmake_export_include_directories-extras.cmake
[1.184s] -- Up-to-date: /home/nvidia/f1tenth_ws/install/realsense2_camera/share/realsense2_camera/cmake/ament_cmake_export_libraries-extras.cmake
[1.184s] -- Up-to-date: /home/nvidia/f1tenth_ws/install/realsense2_camera/share/realsense2_camera/cmake/ament_cmake_export_dependencies-extras.cmake
[1.184s] -- Up-to-date: /home/nvidia/f1tenth_ws/install/realsense2_camera/share/realsense2_camera/cmake/realsense2_cameraConfig.cmake
[1.184s] -- Up-to-date: /home/nvidia/f1tenth_ws/install/realsense2_camera/share/realsense2_camera/cmake/realsense2_cameraConfig-version.cmake
[1.184s] -- Up-to-date: /home/nvidia/f1tenth_ws/install/realsense2_camera/share/realsense2_camera/package.xml
[1.199s] Invoked command in '/home/nvidia/f1tenth_ws/build/realsense2_camera' returned '0': AMENT_PREFIX_PATH=/home/nvidia/f1tenth_ws/install/realsense2_camera_msgs:${AMENT_PREFIX_PATH} CMAKE_PREFIX_PATH=/home/nvidia/f1tenth_ws/install/realsense2_camera_msgs:/opt/ros/humble LD_LIBRARY_PATH=/home/nvidia/f1tenth_ws/install/realsense2_camera_msgs/lib:/opt/ros/humble/opt/rviz_ogre_vendor/lib:/opt/ros/humble/lib/aarch64-linux-gnu:/opt/ros/humble/lib:/usr/local/cuda-12.2/lib64 PYTHONPATH=/home/nvidia/f1tenth_ws/install/realsense2_camera_msgs/local/lib/python3.10/dist-packages:${PYTHONPATH} /usr/bin/cmake --install /home/nvidia/f1tenth_ws/build/realsense2_camera
