[2.624s] Invoking command in '/home/nvidia/f1tenth_ws/src/f1tenth_system/teleop_tools/mouse_teleop': PYTHONPATH=/home/nvidia/f1tenth_ws/build/mouse_teleop/prefix_override:/home/nvidia/f1tenth_ws/install/mouse_teleop/lib/python3.10/site-packages:${PYTHONPATH} /usr/bin/python3 -W ignore:setup.py install is deprecated setup.py egg_info --egg-base ../../../../build/mouse_teleop build --build-base /home/nvidia/f1tenth_ws/build/mouse_teleop/build install --record /home/nvidia/f1tenth_ws/build/mouse_teleop/install.log --install-scripts $base/lib/mouse_teleop --single-version-externally-managed install_data
[3.247s] /usr/lib/python3/dist-packages/setuptools/dist.py:723: UserWarning: Usage of dash-separated 'script-dir' will not be supported in future versions. Please use the underscore name 'script_dir' instead
[3.247s]   warnings.warn(
[3.265s] running egg_info
[3.267s] writing ../../../../build/mouse_teleop/mouse_teleop.egg-info/PKG-INFO
[3.267s] writing dependency_links to ../../../../build/mouse_teleop/mouse_teleop.egg-info/dependency_links.txt
[3.268s] writing entry points to ../../../../build/mouse_teleop/mouse_teleop.egg-info/entry_points.txt
[3.269s] writing requirements to ../../../../build/mouse_teleop/mouse_teleop.egg-info/requires.txt
[3.269s] writing top-level names to ../../../../build/mouse_teleop/mouse_teleop.egg-info/top_level.txt
[3.273s] reading manifest file '../../../../build/mouse_teleop/mouse_teleop.egg-info/SOURCES.txt'
[3.274s] adding license file 'LICENSE'
[3.275s] writing manifest file '../../../../build/mouse_teleop/mouse_teleop.egg-info/SOURCES.txt'
[3.276s] running build
[3.276s] running build_py
[3.277s] running install
[3.277s] running install_lib
[3.281s] running install_data
[3.282s] running install_egg_info
[3.290s] removing '/home/nvidia/f1tenth_ws/install/mouse_teleop/lib/python3.10/site-packages/mouse_teleop-0.3.0-py3.10.egg-info' (and everything under it)
[3.291s] Copying ../../../../build/mouse_teleop/mouse_teleop.egg-info to /home/nvidia/f1tenth_ws/install/mouse_teleop/lib/python3.10/site-packages/mouse_teleop-0.3.0-py3.10.egg-info
[3.293s] running install_scripts
[3.342s] Installing mouse_teleop script to /home/nvidia/f1tenth_ws/install/mouse_teleop/lib/mouse_teleop
[3.343s] writing list of installed files to '/home/nvidia/f1tenth_ws/build/mouse_teleop/install.log'
[3.419s] Invoked command in '/home/nvidia/f1tenth_ws/src/f1tenth_system/teleop_tools/mouse_teleop' returned '0': PYTHONPATH=/home/nvidia/f1tenth_ws/build/mouse_teleop/prefix_override:/home/nvidia/f1tenth_ws/install/mouse_teleop/lib/python3.10/site-packages:${PYTHONPATH} /usr/bin/python3 -W ignore:setup.py install is deprecated setup.py egg_info --egg-base ../../../../build/mouse_teleop build --build-base /home/nvidia/f1tenth_ws/build/mouse_teleop/build install --record /home/nvidia/f1tenth_ws/build/mouse_teleop/install.log --install-scripts $base/lib/mouse_teleop --single-version-externally-managed install_data
