[0.044s] Invoking command in '/home/nvidia/f1tenth_ws/build/fixposition_driver_ros2': CMAKE_PREFIX_PATH=/home/nvidia/f1tenth_ws/install/fixposition_gnss_tf:/home/nvidia/f1tenth_ws/install/vesc:/home/nvidia/f1tenth_ws/install/vesc_driver:/home/nvidia/f1tenth_ws/install/vesc_ackermann:/home/nvidia/f1tenth_ws/install/vesc_msgs:/home/nvidia/f1tenth_ws/install/teleop_tools:/home/nvidia/f1tenth_ws/install/teleop_tools_msgs:/home/nvidia/f1tenth_ws/install/ros2_ouster:/home/nvidia/f1tenth_ws/install/realsense2_description:/home/nvidia/f1tenth_ws/install/realsense2_camera:/home/nvidia/f1tenth_ws/install/realsense2_camera_msgs:/home/nvidia/f1tenth_ws/install/ouster_ros:/home/nvidia/f1tenth_ws/install/ouster_sensor_msgs:/home/nvidia/f1tenth_ws/install/ouster_msgs:/home/nvidia/f1tenth_ws/install/fixposition_odometry_converter_ros2:/home/nvidia/f1tenth_ws/install/fixposition_driver_ros2:/home/nvidia/f1tenth_ws/install/fixposition_driver_lib:/home/nvidia/f1tenth_ws/install/ackermann_mux:/home/nvidia/f1tenth_ws/install/f1tenth_stack:/home/nvidia/f1tenth_ws/install/joy_teleop:/home/nvidia/f1tenth_ws/install/mouse_teleop:/home/nvidia/f1tenth_ws/install/key_teleop:/opt/ros/humble LD_LIBRARY_PATH=/home/nvidia/f1tenth_ws/install/fixposition_gnss_tf/lib:/home/nvidia/f1tenth_ws/install/vesc_driver/lib:/home/nvidia/f1tenth_ws/install/vesc_ackermann/lib:/home/nvidia/f1tenth_ws/install/vesc_msgs/lib:/home/nvidia/f1tenth_ws/install/teleop_tools_msgs/lib:/home/nvidia/f1tenth_ws/install/ros2_ouster/lib:/home/nvidia/f1tenth_ws/install/realsense2_camera/lib:/home/nvidia/f1tenth_ws/install/realsense2_camera_msgs/lib:/home/nvidia/f1tenth_ws/install/ouster_ros/lib:/home/nvidia/f1tenth_ws/install/ouster_sensor_msgs/lib:/home/nvidia/f1tenth_ws/install/ouster_msgs/lib:/home/nvidia/f1tenth_ws/install/fixposition_odometry_converter_ros2/lib:/home/nvidia/f1tenth_ws/install/fixposition_driver_ros2/lib:/home/nvidia/f1tenth_ws/install/fixposition_driver_lib/lib:/opt/ros/humble/opt/rviz_ogre_vendor/lib:/opt/ros/humble/lib/aarch64-linux-gnu:/opt/ros/humble/lib:/usr/local/cuda-12.2/lib64 PKG_CONFIG_PATH=/home/nvidia/f1tenth_ws/install/fixposition_gnss_tf/lib/aarch64-linux-gnu/pkgconfig:/home/nvidia/f1tenth_ws/install/fixposition_gnss_tf/lib/pkgconfig:/home/nvidia/f1tenth_ws/install/fixposition_driver_lib/lib/aarch64-linux-gnu/pkgconfig:/home/nvidia/f1tenth_ws/install/fixposition_driver_lib/lib/pkgconfig /usr/bin/cmake --build /home/nvidia/f1tenth_ws/build/fixposition_driver_ros2 -- -j6 -l6
[0.243s] [  1%] Built target fixposition_driver_ros2__cpp
[0.270s] [ 11%] Built target fixposition_driver_ros2__rosidl_generator_c
[0.339s] [ 11%] Built target ament_cmake_python_copy_fixposition_driver_ros2
[0.376s] [ 22%] Built target fixposition_driver_ros2__rosidl_typesupport_cpp
[0.398s] [ 32%] Built target fixposition_driver_ros2__rosidl_typesupport_fastrtps_cpp
[0.412s] [ 42%] Built target fixposition_driver_ros2__rosidl_typesupport_introspection_cpp
[0.440s] [ 52%] Built target fixposition_driver_ros2__rosidl_typesupport_fastrtps_c
[0.474s] [ 62%] Built target fixposition_driver_ros2__rosidl_typesupport_c
[0.505s] [ 72%] Built target fixposition_driver_ros2__rosidl_typesupport_introspection_c
[0.527s] [ 79%] Built target fixposition_driver_ros2_exec
[0.601s] [ 79%] Built target fixposition_driver_ros2
[0.662s] [ 81%] Built target fixposition_driver_ros2__py
[0.749s] [ 89%] Built target fixposition_driver_ros2__rosidl_generator_py
[0.870s] [ 93%] Built target fixposition_driver_ros2__rosidl_typesupport_c__pyext
[0.882s] [ 96%] Built target fixposition_driver_ros2__rosidl_typesupport_fastrtps_c__pyext
[0.901s] [100%] Built target fixposition_driver_ros2__rosidl_typesupport_introspection_c__pyext
[1.035s] running egg_info
[1.037s] writing fixposition_driver_ros2.egg-info/PKG-INFO
[1.038s] writing dependency_links to fixposition_driver_ros2.egg-info/dependency_links.txt
[1.038s] writing top-level names to fixposition_driver_ros2.egg-info/top_level.txt
[1.044s] reading manifest file 'fixposition_driver_ros2.egg-info/SOURCES.txt'
[1.045s] writing manifest file 'fixposition_driver_ros2.egg-info/SOURCES.txt'
[1.142s] [100%] Built target ament_cmake_python_build_fixposition_driver_ros2_egg
[1.635s] Invoked command in '/home/nvidia/f1tenth_ws/build/fixposition_driver_ros2' returned '0': CMAKE_PREFIX_PATH=/home/nvidia/f1tenth_ws/install/fixposition_gnss_tf:/home/nvidia/f1tenth_ws/install/vesc:/home/nvidia/f1tenth_ws/install/vesc_driver:/home/nvidia/f1tenth_ws/install/vesc_ackermann:/home/nvidia/f1tenth_ws/install/vesc_msgs:/home/nvidia/f1tenth_ws/install/teleop_tools:/home/nvidia/f1tenth_ws/install/teleop_tools_msgs:/home/nvidia/f1tenth_ws/install/ros2_ouster:/home/nvidia/f1tenth_ws/install/realsense2_description:/home/nvidia/f1tenth_ws/install/realsense2_camera:/home/nvidia/f1tenth_ws/install/realsense2_camera_msgs:/home/nvidia/f1tenth_ws/install/ouster_ros:/home/nvidia/f1tenth_ws/install/ouster_sensor_msgs:/home/nvidia/f1tenth_ws/install/ouster_msgs:/home/nvidia/f1tenth_ws/install/fixposition_odometry_converter_ros2:/home/nvidia/f1tenth_ws/install/fixposition_driver_ros2:/home/nvidia/f1tenth_ws/install/fixposition_driver_lib:/home/nvidia/f1tenth_ws/install/ackermann_mux:/home/nvidia/f1tenth_ws/install/f1tenth_stack:/home/nvidia/f1tenth_ws/install/joy_teleop:/home/nvidia/f1tenth_ws/install/mouse_teleop:/home/nvidia/f1tenth_ws/install/key_teleop:/opt/ros/humble LD_LIBRARY_PATH=/home/nvidia/f1tenth_ws/install/fixposition_gnss_tf/lib:/home/nvidia/f1tenth_ws/install/vesc_driver/lib:/home/nvidia/f1tenth_ws/install/vesc_ackermann/lib:/home/nvidia/f1tenth_ws/install/vesc_msgs/lib:/home/nvidia/f1tenth_ws/install/teleop_tools_msgs/lib:/home/nvidia/f1tenth_ws/install/ros2_ouster/lib:/home/nvidia/f1tenth_ws/install/realsense2_camera/lib:/home/nvidia/f1tenth_ws/install/realsense2_camera_msgs/lib:/home/nvidia/f1tenth_ws/install/ouster_ros/lib:/home/nvidia/f1tenth_ws/install/ouster_sensor_msgs/lib:/home/nvidia/f1tenth_ws/install/ouster_msgs/lib:/home/nvidia/f1tenth_ws/install/fixposition_odometry_converter_ros2/lib:/home/nvidia/f1tenth_ws/install/fixposition_driver_ros2/lib:/home/nvidia/f1tenth_ws/install/fixposition_driver_lib/lib:/opt/ros/humble/opt/rviz_ogre_vendor/lib:/opt/ros/humble/lib/aarch64-linux-gnu:/opt/ros/humble/lib:/usr/local/cuda-12.2/lib64 PKG_CONFIG_PATH=/home/nvidia/f1tenth_ws/install/fixposition_gnss_tf/lib/aarch64-linux-gnu/pkgconfig:/home/nvidia/f1tenth_ws/install/fixposition_gnss_tf/lib/pkgconfig:/home/nvidia/f1tenth_ws/install/fixposition_driver_lib/lib/aarch64-linux-gnu/pkgconfig:/home/nvidia/f1tenth_ws/install/fixposition_driver_lib/lib/pkgconfig /usr/bin/cmake --build /home/nvidia/f1tenth_ws/build/fixposition_driver_ros2 -- -j6 -l6
[2.380s] Invoking command in '/home/nvidia/f1tenth_ws/build/fixposition_driver_ros2': CMAKE_PREFIX_PATH=/home/nvidia/f1tenth_ws/install/fixposition_gnss_tf:/home/nvidia/f1tenth_ws/install/vesc:/home/nvidia/f1tenth_ws/install/vesc_driver:/home/nvidia/f1tenth_ws/install/vesc_ackermann:/home/nvidia/f1tenth_ws/install/vesc_msgs:/home/nvidia/f1tenth_ws/install/teleop_tools:/home/nvidia/f1tenth_ws/install/teleop_tools_msgs:/home/nvidia/f1tenth_ws/install/ros2_ouster:/home/nvidia/f1tenth_ws/install/realsense2_description:/home/nvidia/f1tenth_ws/install/realsense2_camera:/home/nvidia/f1tenth_ws/install/realsense2_camera_msgs:/home/nvidia/f1tenth_ws/install/ouster_ros:/home/nvidia/f1tenth_ws/install/ouster_sensor_msgs:/home/nvidia/f1tenth_ws/install/ouster_msgs:/home/nvidia/f1tenth_ws/install/fixposition_odometry_converter_ros2:/home/nvidia/f1tenth_ws/install/fixposition_driver_ros2:/home/nvidia/f1tenth_ws/install/fixposition_driver_lib:/home/nvidia/f1tenth_ws/install/ackermann_mux:/home/nvidia/f1tenth_ws/install/f1tenth_stack:/home/nvidia/f1tenth_ws/install/joy_teleop:/home/nvidia/f1tenth_ws/install/mouse_teleop:/home/nvidia/f1tenth_ws/install/key_teleop:/opt/ros/humble LD_LIBRARY_PATH=/home/nvidia/f1tenth_ws/install/fixposition_gnss_tf/lib:/home/nvidia/f1tenth_ws/install/vesc_driver/lib:/home/nvidia/f1tenth_ws/install/vesc_ackermann/lib:/home/nvidia/f1tenth_ws/install/vesc_msgs/lib:/home/nvidia/f1tenth_ws/install/teleop_tools_msgs/lib:/home/nvidia/f1tenth_ws/install/ros2_ouster/lib:/home/nvidia/f1tenth_ws/install/realsense2_camera/lib:/home/nvidia/f1tenth_ws/install/realsense2_camera_msgs/lib:/home/nvidia/f1tenth_ws/install/ouster_ros/lib:/home/nvidia/f1tenth_ws/install/ouster_sensor_msgs/lib:/home/nvidia/f1tenth_ws/install/ouster_msgs/lib:/home/nvidia/f1tenth_ws/install/fixposition_odometry_converter_ros2/lib:/home/nvidia/f1tenth_ws/install/fixposition_driver_ros2/lib:/home/nvidia/f1tenth_ws/install/fixposition_driver_lib/lib:/opt/ros/humble/opt/rviz_ogre_vendor/lib:/opt/ros/humble/lib/aarch64-linux-gnu:/opt/ros/humble/lib:/usr/local/cuda-12.2/lib64 PKG_CONFIG_PATH=/home/nvidia/f1tenth_ws/install/fixposition_gnss_tf/lib/aarch64-linux-gnu/pkgconfig:/home/nvidia/f1tenth_ws/install/fixposition_gnss_tf/lib/pkgconfig:/home/nvidia/f1tenth_ws/install/fixposition_driver_lib/lib/aarch64-linux-gnu/pkgconfig:/home/nvidia/f1tenth_ws/install/fixposition_driver_lib/lib/pkgconfig /usr/bin/cmake --install /home/nvidia/f1tenth_ws/build/fixposition_driver_ros2
[2.402s] -- Install configuration: "Release"
[2.405s] -- Up-to-date: /home/nvidia/f1tenth_ws/install/fixposition_driver_ros2/share/ament_index/resource_index/rosidl_interfaces/fixposition_driver_ros2
[2.405s] -- Up-to-date: /home/nvidia/f1tenth_ws/install/fixposition_driver_ros2/include/fixposition_driver_ros2/fixposition_driver_ros2
[2.405s] -- Up-to-date: /home/nvidia/f1tenth_ws/install/fixposition_driver_ros2/include/fixposition_driver_ros2/fixposition_driver_ros2/msg
[2.405s] -- Up-to-date: /home/nvidia/f1tenth_ws/install/fixposition_driver_ros2/include/fixposition_driver_ros2/fixposition_driver_ros2/msg/nmea.h
[2.406s] -- Up-to-date: /home/nvidia/f1tenth_ws/install/fixposition_driver_ros2/include/fixposition_driver_ros2/fixposition_driver_ros2/msg/wheel_sensor.h
[2.406s] -- Up-to-date: /home/nvidia/f1tenth_ws/install/fixposition_driver_ros2/include/fixposition_driver_ros2/fixposition_driver_ros2/msg/detail
[2.406s] -- Up-to-date: /home/nvidia/f1tenth_ws/install/fixposition_driver_ros2/include/fixposition_driver_ros2/fixposition_driver_ros2/msg/detail/vrtk__struct.h
[2.406s] -- Up-to-date: /home/nvidia/f1tenth_ws/install/fixposition_driver_ros2/include/fixposition_driver_ros2/fixposition_driver_ros2/msg/detail/speed__functions.c
[2.406s] -- Up-to-date: /home/nvidia/f1tenth_ws/install/fixposition_driver_ros2/include/fixposition_driver_ros2/fixposition_driver_ros2/msg/detail/speed__functions.h
[2.406s] -- Up-to-date: /home/nvidia/f1tenth_ws/install/fixposition_driver_ros2/include/fixposition_driver_ros2/fixposition_driver_ros2/msg/detail/vrtk__functions.h
[2.429s] -- Up-to-date: /home/nvidia/f1tenth_ws/install/fixposition_driver_ros2/include/fixposition_driver_ros2/fixposition_driver_ros2/msg/detail/speed__type_support.h
[2.429s] -- Up-to-date: /home/nvidia/f1tenth_ws/install/fixposition_driver_ros2/include/fixposition_driver_ros2/fixposition_driver_ros2/msg/detail/vrtk__type_support.h
[2.429s] -- Up-to-date: /home/nvidia/f1tenth_ws/install/fixposition_driver_ros2/include/fixposition_driver_ros2/fixposition_driver_ros2/msg/detail/nmea__type_support.h
[2.429s] -- Up-to-date: /home/nvidia/f1tenth_ws/install/fixposition_driver_ros2/include/fixposition_driver_ros2/fixposition_driver_ros2/msg/detail/wheel_sensor__struct.h
[2.430s] -- Up-to-date: /home/nvidia/f1tenth_ws/install/fixposition_driver_ros2/include/fixposition_driver_ros2/fixposition_driver_ros2/msg/detail/vrtk__functions.c
[2.430s] -- Up-to-date: /home/nvidia/f1tenth_ws/install/fixposition_driver_ros2/include/fixposition_driver_ros2/fixposition_driver_ros2/msg/detail/nmea__functions.h
[2.430s] -- Up-to-date: /home/nvidia/f1tenth_ws/install/fixposition_driver_ros2/include/fixposition_driver_ros2/fixposition_driver_ros2/msg/detail/wheel_sensor__functions.h
[2.430s] -- Up-to-date: /home/nvidia/f1tenth_ws/install/fixposition_driver_ros2/include/fixposition_driver_ros2/fixposition_driver_ros2/msg/detail/wheel_sensor__type_support.h
[2.430s] -- Up-to-date: /home/nvidia/f1tenth_ws/install/fixposition_driver_ros2/include/fixposition_driver_ros2/fixposition_driver_ros2/msg/detail/wheel_sensor__functions.c
[2.430s] -- Up-to-date: /home/nvidia/f1tenth_ws/install/fixposition_driver_ros2/include/fixposition_driver_ros2/fixposition_driver_ros2/msg/detail/nmea__struct.h
[2.431s] -- Up-to-date: /home/nvidia/f1tenth_ws/install/fixposition_driver_ros2/include/fixposition_driver_ros2/fixposition_driver_ros2/msg/detail/speed__struct.h
[2.431s] -- Up-to-date: /home/nvidia/f1tenth_ws/install/fixposition_driver_ros2/include/fixposition_driver_ros2/fixposition_driver_ros2/msg/detail/nmea__functions.c
[2.431s] -- Up-to-date: /home/nvidia/f1tenth_ws/install/fixposition_driver_ros2/include/fixposition_driver_ros2/fixposition_driver_ros2/msg/speed.h
[2.431s] -- Up-to-date: /home/nvidia/f1tenth_ws/install/fixposition_driver_ros2/include/fixposition_driver_ros2/fixposition_driver_ros2/msg/rosidl_generator_c__visibility_control.h
[2.431s] -- Up-to-date: /home/nvidia/f1tenth_ws/install/fixposition_driver_ros2/include/fixposition_driver_ros2/fixposition_driver_ros2/msg/vrtk.h
[2.431s] -- Up-to-date: /home/nvidia/f1tenth_ws/install/fixposition_driver_ros2/share/fixposition_driver_ros2/environment/library_path.sh
[2.431s] -- Up-to-date: /home/nvidia/f1tenth_ws/install/fixposition_driver_ros2/share/fixposition_driver_ros2/environment/library_path.dsv
[2.431s] -- Up-to-date: /home/nvidia/f1tenth_ws/install/fixposition_driver_ros2/lib/libfixposition_driver_ros2__rosidl_generator_c.so
[2.432s] -- Up-to-date: /home/nvidia/f1tenth_ws/install/fixposition_driver_ros2/include/fixposition_driver_ros2/fixposition_driver_ros2
[2.432s] -- Up-to-date: /home/nvidia/f1tenth_ws/install/fixposition_driver_ros2/include/fixposition_driver_ros2/fixposition_driver_ros2/msg
[2.432s] -- Up-to-date: /home/nvidia/f1tenth_ws/install/fixposition_driver_ros2/include/fixposition_driver_ros2/fixposition_driver_ros2/msg/rosidl_typesupport_fastrtps_c__visibility_control.h
[2.432s] -- Up-to-date: /home/nvidia/f1tenth_ws/install/fixposition_driver_ros2/include/fixposition_driver_ros2/fixposition_driver_ros2/msg/detail
[2.432s] -- Up-to-date: /home/nvidia/f1tenth_ws/install/fixposition_driver_ros2/include/fixposition_driver_ros2/fixposition_driver_ros2/msg/detail/nmea__rosidl_typesupport_fastrtps_c.h
[2.432s] -- Up-to-date: /home/nvidia/f1tenth_ws/install/fixposition_driver_ros2/include/fixposition_driver_ros2/fixposition_driver_ros2/msg/detail/wheel_sensor__rosidl_typesupport_fastrtps_c.h
[2.432s] -- Up-to-date: /home/nvidia/f1tenth_ws/install/fixposition_driver_ros2/include/fixposition_driver_ros2/fixposition_driver_ros2/msg/detail/vrtk__rosidl_typesupport_fastrtps_c.h
[2.432s] -- Up-to-date: /home/nvidia/f1tenth_ws/install/fixposition_driver_ros2/include/fixposition_driver_ros2/fixposition_driver_ros2/msg/detail/speed__rosidl_typesupport_fastrtps_c.h
[2.432s] -- Up-to-date: /home/nvidia/f1tenth_ws/install/fixposition_driver_ros2/lib/libfixposition_driver_ros2__rosidl_typesupport_fastrtps_c.so
[2.443s] -- Up-to-date: /home/nvidia/f1tenth_ws/install/fixposition_driver_ros2/include/fixposition_driver_ros2/fixposition_driver_ros2
[2.443s] -- Up-to-date: /home/nvidia/f1tenth_ws/install/fixposition_driver_ros2/include/fixposition_driver_ros2/fixposition_driver_ros2/msg
[2.443s] -- Up-to-date: /home/nvidia/f1tenth_ws/install/fixposition_driver_ros2/include/fixposition_driver_ros2/fixposition_driver_ros2/msg/nmea.hpp
[2.443s] -- Up-to-date: /home/nvidia/f1tenth_ws/install/fixposition_driver_ros2/include/fixposition_driver_ros2/fixposition_driver_ros2/msg/wheel_sensor.hpp
[2.443s] -- Up-to-date: /home/nvidia/f1tenth_ws/install/fixposition_driver_ros2/include/fixposition_driver_ros2/fixposition_driver_ros2/msg/vrtk.hpp
[2.443s] -- Up-to-date: /home/nvidia/f1tenth_ws/install/fixposition_driver_ros2/include/fixposition_driver_ros2/fixposition_driver_ros2/msg/speed.hpp
[2.444s] -- Up-to-date: /home/nvidia/f1tenth_ws/install/fixposition_driver_ros2/include/fixposition_driver_ros2/fixposition_driver_ros2/msg/detail
[2.444s] -- Up-to-date: /home/nvidia/f1tenth_ws/install/fixposition_driver_ros2/include/fixposition_driver_ros2/fixposition_driver_ros2/msg/detail/vrtk__struct.hpp
[2.444s] -- Up-to-date: /home/nvidia/f1tenth_ws/install/fixposition_driver_ros2/include/fixposition_driver_ros2/fixposition_driver_ros2/msg/detail/speed__builder.hpp
[2.444s] -- Up-to-date: /home/nvidia/f1tenth_ws/install/fixposition_driver_ros2/include/fixposition_driver_ros2/fixposition_driver_ros2/msg/detail/nmea__builder.hpp
[2.444s] -- Up-to-date: /home/nvidia/f1tenth_ws/install/fixposition_driver_ros2/include/fixposition_driver_ros2/fixposition_driver_ros2/msg/detail/speed__struct.hpp
[2.444s] -- Up-to-date: /home/nvidia/f1tenth_ws/install/fixposition_driver_ros2/include/fixposition_driver_ros2/fixposition_driver_ros2/msg/detail/vrtk__traits.hpp
[2.444s] -- Up-to-date: /home/nvidia/f1tenth_ws/install/fixposition_driver_ros2/include/fixposition_driver_ros2/fixposition_driver_ros2/msg/detail/wheel_sensor__builder.hpp
[2.444s] -- Up-to-date: /home/nvidia/f1tenth_ws/install/fixposition_driver_ros2/include/fixposition_driver_ros2/fixposition_driver_ros2/msg/detail/nmea__struct.hpp
[2.445s] -- Up-to-date: /home/nvidia/f1tenth_ws/install/fixposition_driver_ros2/include/fixposition_driver_ros2/fixposition_driver_ros2/msg/detail/speed__traits.hpp
[2.445s] -- Up-to-date: /home/nvidia/f1tenth_ws/install/fixposition_driver_ros2/include/fixposition_driver_ros2/fixposition_driver_ros2/msg/detail/nmea__traits.hpp
[2.445s] -- Up-to-date: /home/nvidia/f1tenth_ws/install/fixposition_driver_ros2/include/fixposition_driver_ros2/fixposition_driver_ros2/msg/detail/vrtk__builder.hpp
[2.445s] -- Up-to-date: /home/nvidia/f1tenth_ws/install/fixposition_driver_ros2/include/fixposition_driver_ros2/fixposition_driver_ros2/msg/detail/wheel_sensor__struct.hpp
[2.445s] -- Up-to-date: /home/nvidia/f1tenth_ws/install/fixposition_driver_ros2/include/fixposition_driver_ros2/fixposition_driver_ros2/msg/detail/wheel_sensor__traits.hpp
[2.445s] -- Up-to-date: /home/nvidia/f1tenth_ws/install/fixposition_driver_ros2/include/fixposition_driver_ros2/fixposition_driver_ros2
[2.445s] -- Up-to-date: /home/nvidia/f1tenth_ws/install/fixposition_driver_ros2/include/fixposition_driver_ros2/fixposition_driver_ros2/msg
[2.445s] -- Up-to-date: /home/nvidia/f1tenth_ws/install/fixposition_driver_ros2/include/fixposition_driver_ros2/fixposition_driver_ros2/msg/rosidl_typesupport_fastrtps_cpp__visibility_control.h
[2.446s] -- Up-to-date: /home/nvidia/f1tenth_ws/install/fixposition_driver_ros2/include/fixposition_driver_ros2/fixposition_driver_ros2/msg/detail
[2.446s] -- Up-to-date: /home/nvidia/f1tenth_ws/install/fixposition_driver_ros2/include/fixposition_driver_ros2/fixposition_driver_ros2/msg/detail/dds_fastrtps
[2.446s] -- Up-to-date: /home/nvidia/f1tenth_ws/install/fixposition_driver_ros2/include/fixposition_driver_ros2/fixposition_driver_ros2/msg/detail/speed__rosidl_typesupport_fastrtps_cpp.hpp
[2.446s] -- Up-to-date: /home/nvidia/f1tenth_ws/install/fixposition_driver_ros2/include/fixposition_driver_ros2/fixposition_driver_ros2/msg/detail/nmea__rosidl_typesupport_fastrtps_cpp.hpp
[2.446s] -- Up-to-date: /home/nvidia/f1tenth_ws/install/fixposition_driver_ros2/include/fixposition_driver_ros2/fixposition_driver_ros2/msg/detail/wheel_sensor__rosidl_typesupport_fastrtps_cpp.hpp
[2.446s] -- Up-to-date: /home/nvidia/f1tenth_ws/install/fixposition_driver_ros2/include/fixposition_driver_ros2/fixposition_driver_ros2/msg/detail/vrtk__rosidl_typesupport_fastrtps_cpp.hpp
[2.446s] -- Up-to-date: /home/nvidia/f1tenth_ws/install/fixposition_driver_ros2/lib/libfixposition_driver_ros2__rosidl_typesupport_fastrtps_cpp.so
[2.446s] -- Up-to-date: /home/nvidia/f1tenth_ws/install/fixposition_driver_ros2/include/fixposition_driver_ros2/fixposition_driver_ros2
[2.446s] -- Up-to-date: /home/nvidia/f1tenth_ws/install/fixposition_driver_ros2/include/fixposition_driver_ros2/fixposition_driver_ros2/msg
[2.447s] -- Up-to-date: /home/nvidia/f1tenth_ws/install/fixposition_driver_ros2/include/fixposition_driver_ros2/fixposition_driver_ros2/msg/detail
[2.447s] -- Up-to-date: /home/nvidia/f1tenth_ws/install/fixposition_driver_ros2/include/fixposition_driver_ros2/fixposition_driver_ros2/msg/detail/wheel_sensor__rosidl_typesupport_introspection_c.h
[2.447s] -- Up-to-date: /home/nvidia/f1tenth_ws/install/fixposition_driver_ros2/include/fixposition_driver_ros2/fixposition_driver_ros2/msg/detail/vrtk__rosidl_typesupport_introspection_c.h
[2.447s] -- Up-to-date: /home/nvidia/f1tenth_ws/install/fixposition_driver_ros2/include/fixposition_driver_ros2/fixposition_driver_ros2/msg/detail/nmea__type_support.c
[2.447s] -- Up-to-date: /home/nvidia/f1tenth_ws/install/fixposition_driver_ros2/include/fixposition_driver_ros2/fixposition_driver_ros2/msg/detail/nmea__rosidl_typesupport_introspection_c.h
[2.447s] -- Up-to-date: /home/nvidia/f1tenth_ws/install/fixposition_driver_ros2/include/fixposition_driver_ros2/fixposition_driver_ros2/msg/detail/wheel_sensor__type_support.c
[2.447s] -- Up-to-date: /home/nvidia/f1tenth_ws/install/fixposition_driver_ros2/include/fixposition_driver_ros2/fixposition_driver_ros2/msg/detail/speed__type_support.c
[2.447s] -- Up-to-date: /home/nvidia/f1tenth_ws/install/fixposition_driver_ros2/include/fixposition_driver_ros2/fixposition_driver_ros2/msg/detail/vrtk__type_support.c
[2.448s] -- Up-to-date: /home/nvidia/f1tenth_ws/install/fixposition_driver_ros2/include/fixposition_driver_ros2/fixposition_driver_ros2/msg/detail/speed__rosidl_typesupport_introspection_c.h
[2.448s] -- Up-to-date: /home/nvidia/f1tenth_ws/install/fixposition_driver_ros2/include/fixposition_driver_ros2/fixposition_driver_ros2/msg/rosidl_typesupport_introspection_c__visibility_control.h
[2.448s] -- Up-to-date: /home/nvidia/f1tenth_ws/install/fixposition_driver_ros2/lib/libfixposition_driver_ros2__rosidl_typesupport_introspection_c.so
[2.448s] -- Up-to-date: /home/nvidia/f1tenth_ws/install/fixposition_driver_ros2/lib/libfixposition_driver_ros2__rosidl_typesupport_c.so
[2.448s] -- Up-to-date: /home/nvidia/f1tenth_ws/install/fixposition_driver_ros2/include/fixposition_driver_ros2/fixposition_driver_ros2
[2.448s] -- Up-to-date: /home/nvidia/f1tenth_ws/install/fixposition_driver_ros2/include/fixposition_driver_ros2/fixposition_driver_ros2/msg
[2.448s] -- Up-to-date: /home/nvidia/f1tenth_ws/install/fixposition_driver_ros2/include/fixposition_driver_ros2/fixposition_driver_ros2/msg/detail
[2.448s] -- Up-to-date: /home/nvidia/f1tenth_ws/install/fixposition_driver_ros2/include/fixposition_driver_ros2/fixposition_driver_ros2/msg/detail/vrtk__type_support.cpp
[2.449s] -- Up-to-date: /home/nvidia/f1tenth_ws/install/fixposition_driver_ros2/include/fixposition_driver_ros2/fixposition_driver_ros2/msg/detail/nmea__type_support.cpp
[2.449s] -- Up-to-date: /home/nvidia/f1tenth_ws/install/fixposition_driver_ros2/include/fixposition_driver_ros2/fixposition_driver_ros2/msg/detail/speed__rosidl_typesupport_introspection_cpp.hpp
[2.449s] -- Up-to-date: /home/nvidia/f1tenth_ws/install/fixposition_driver_ros2/include/fixposition_driver_ros2/fixposition_driver_ros2/msg/detail/wheel_sensor__rosidl_typesupport_introspection_cpp.hpp
[2.449s] -- Up-to-date: /home/nvidia/f1tenth_ws/install/fixposition_driver_ros2/include/fixposition_driver_ros2/fixposition_driver_ros2/msg/detail/wheel_sensor__type_support.cpp
[2.449s] -- Up-to-date: /home/nvidia/f1tenth_ws/install/fixposition_driver_ros2/include/fixposition_driver_ros2/fixposition_driver_ros2/msg/detail/speed__type_support.cpp
[2.449s] -- Up-to-date: /home/nvidia/f1tenth_ws/install/fixposition_driver_ros2/include/fixposition_driver_ros2/fixposition_driver_ros2/msg/detail/nmea__rosidl_typesupport_introspection_cpp.hpp
[2.449s] -- Up-to-date: /home/nvidia/f1tenth_ws/install/fixposition_driver_ros2/include/fixposition_driver_ros2/fixposition_driver_ros2/msg/detail/vrtk__rosidl_typesupport_introspection_cpp.hpp
[2.449s] -- Up-to-date: /home/nvidia/f1tenth_ws/install/fixposition_driver_ros2/lib/libfixposition_driver_ros2__rosidl_typesupport_introspection_cpp.so
[2.451s] -- Up-to-date: /home/nvidia/f1tenth_ws/install/fixposition_driver_ros2/lib/libfixposition_driver_ros2__rosidl_typesupport_cpp.so
[2.451s] -- Up-to-date: /home/nvidia/f1tenth_ws/install/fixposition_driver_ros2/share/fixposition_driver_ros2/environment/pythonpath.sh
[2.451s] -- Up-to-date: /home/nvidia/f1tenth_ws/install/fixposition_driver_ros2/share/fixposition_driver_ros2/environment/pythonpath.dsv
[2.452s] -- Up-to-date: /home/nvidia/f1tenth_ws/install/fixposition_driver_ros2/local/lib/python3.10/dist-packages/fixposition_driver_ros2-5.0.0-py3.10.egg-info
[2.452s] -- Installing: /home/nvidia/f1tenth_ws/install/fixposition_driver_ros2/local/lib/python3.10/dist-packages/fixposition_driver_ros2-5.0.0-py3.10.egg-info/dependency_links.txt
[2.452s] -- Installing: /home/nvidia/f1tenth_ws/install/fixposition_driver_ros2/local/lib/python3.10/dist-packages/fixposition_driver_ros2-5.0.0-py3.10.egg-info/PKG-INFO
[2.452s] -- Installing: /home/nvidia/f1tenth_ws/install/fixposition_driver_ros2/local/lib/python3.10/dist-packages/fixposition_driver_ros2-5.0.0-py3.10.egg-info/SOURCES.txt
[2.452s] -- Installing: /home/nvidia/f1tenth_ws/install/fixposition_driver_ros2/local/lib/python3.10/dist-packages/fixposition_driver_ros2-5.0.0-py3.10.egg-info/top_level.txt
[2.452s] -- Up-to-date: /home/nvidia/f1tenth_ws/install/fixposition_driver_ros2/local/lib/python3.10/dist-packages/fixposition_driver_ros2
[2.452s] -- Up-to-date: /home/nvidia/f1tenth_ws/install/fixposition_driver_ros2/local/lib/python3.10/dist-packages/fixposition_driver_ros2/_fixposition_driver_ros2_s.ep.rosidl_typesupport_introspection_c.c
[2.452s] -- Up-to-date: /home/nvidia/f1tenth_ws/install/fixposition_driver_ros2/local/lib/python3.10/dist-packages/fixposition_driver_ros2/libfixposition_driver_ros2__rosidl_generator_py.so
[2.453s] -- Up-to-date: /home/nvidia/f1tenth_ws/install/fixposition_driver_ros2/local/lib/python3.10/dist-packages/fixposition_driver_ros2/fixposition_driver_ros2_s__rosidl_typesupport_c.cpython-310-aarch64-linux-gnu.so
[2.453s] -- Up-to-date: /home/nvidia/f1tenth_ws/install/fixposition_driver_ros2/local/lib/python3.10/dist-packages/fixposition_driver_ros2/fixposition_driver_ros2_s__rosidl_typesupport_introspection_c.cpython-310-aarch64-linux-gnu.so
[2.453s] -- Up-to-date: /home/nvidia/f1tenth_ws/install/fixposition_driver_ros2/local/lib/python3.10/dist-packages/fixposition_driver_ros2/__init__.py
[2.453s] -- Up-to-date: /home/nvidia/f1tenth_ws/install/fixposition_driver_ros2/local/lib/python3.10/dist-packages/fixposition_driver_ros2/_fixposition_driver_ros2_s.ep.rosidl_typesupport_c.c
[2.453s] -- Up-to-date: /home/nvidia/f1tenth_ws/install/fixposition_driver_ros2/local/lib/python3.10/dist-packages/fixposition_driver_ros2/_fixposition_driver_ros2_s.ep.rosidl_typesupport_fastrtps_c.c
[2.453s] -- Up-to-date: /home/nvidia/f1tenth_ws/install/fixposition_driver_ros2/local/lib/python3.10/dist-packages/fixposition_driver_ros2/msg
[2.453s] -- Up-to-date: /home/nvidia/f1tenth_ws/install/fixposition_driver_ros2/local/lib/python3.10/dist-packages/fixposition_driver_ros2/msg/_speed_s.c
[2.453s] -- Up-to-date: /home/nvidia/f1tenth_ws/install/fixposition_driver_ros2/local/lib/python3.10/dist-packages/fixposition_driver_ros2/msg/_vrtk.py
[2.453s] -- Up-to-date: /home/nvidia/f1tenth_ws/install/fixposition_driver_ros2/local/lib/python3.10/dist-packages/fixposition_driver_ros2/msg/__init__.py
[2.454s] -- Up-to-date: /home/nvidia/f1tenth_ws/install/fixposition_driver_ros2/local/lib/python3.10/dist-packages/fixposition_driver_ros2/msg/_wheel_sensor.py
[2.454s] -- Up-to-date: /home/nvidia/f1tenth_ws/install/fixposition_driver_ros2/local/lib/python3.10/dist-packages/fixposition_driver_ros2/msg/_nmea_s.c
[2.454s] -- Up-to-date: /home/nvidia/f1tenth_ws/install/fixposition_driver_ros2/local/lib/python3.10/dist-packages/fixposition_driver_ros2/msg/_wheel_sensor_s.c
[2.454s] -- Up-to-date: /home/nvidia/f1tenth_ws/install/fixposition_driver_ros2/local/lib/python3.10/dist-packages/fixposition_driver_ros2/msg/_speed.py
[2.454s] -- Up-to-date: /home/nvidia/f1tenth_ws/install/fixposition_driver_ros2/local/lib/python3.10/dist-packages/fixposition_driver_ros2/msg/_vrtk_s.c
[2.454s] -- Up-to-date: /home/nvidia/f1tenth_ws/install/fixposition_driver_ros2/local/lib/python3.10/dist-packages/fixposition_driver_ros2/msg/_nmea.py
[2.454s] -- Up-to-date: /home/nvidia/f1tenth_ws/install/fixposition_driver_ros2/local/lib/python3.10/dist-packages/fixposition_driver_ros2/fixposition_driver_ros2_s__rosidl_typesupport_fastrtps_c.cpython-310-aarch64-linux-gnu.so
[2.521s] Listing '/home/nvidia/f1tenth_ws/install/fixposition_driver_ros2/local/lib/python3.10/dist-packages/fixposition_driver_ros2'...
[2.521s] Listing '/home/nvidia/f1tenth_ws/install/fixposition_driver_ros2/local/lib/python3.10/dist-packages/fixposition_driver_ros2/msg'...
[2.535s] -- Up-to-date: /home/nvidia/f1tenth_ws/install/fixposition_driver_ros2/local/lib/python3.10/dist-packages/fixposition_driver_ros2/fixposition_driver_ros2_s__rosidl_typesupport_fastrtps_c.cpython-310-aarch64-linux-gnu.so
[2.535s] -- Up-to-date: /home/nvidia/f1tenth_ws/install/fixposition_driver_ros2/local/lib/python3.10/dist-packages/fixposition_driver_ros2/fixposition_driver_ros2_s__rosidl_typesupport_introspection_c.cpython-310-aarch64-linux-gnu.so
[2.537s] -- Up-to-date: /home/nvidia/f1tenth_ws/install/fixposition_driver_ros2/local/lib/python3.10/dist-packages/fixposition_driver_ros2/fixposition_driver_ros2_s__rosidl_typesupport_c.cpython-310-aarch64-linux-gnu.so
[2.537s] -- Up-to-date: /home/nvidia/f1tenth_ws/install/fixposition_driver_ros2/lib/libfixposition_driver_ros2__rosidl_generator_py.so
[2.538s] -- Up-to-date: /home/nvidia/f1tenth_ws/install/fixposition_driver_ros2/share/fixposition_driver_ros2/msg/VRTK.idl
[2.538s] -- Up-to-date: /home/nvidia/f1tenth_ws/install/fixposition_driver_ros2/share/fixposition_driver_ros2/msg/Speed.idl
[2.538s] -- Up-to-date: /home/nvidia/f1tenth_ws/install/fixposition_driver_ros2/share/fixposition_driver_ros2/msg/NMEA.idl
[2.538s] -- Up-to-date: /home/nvidia/f1tenth_ws/install/fixposition_driver_ros2/share/fixposition_driver_ros2/msg/WheelSensor.idl
[2.538s] -- Up-to-date: /home/nvidia/f1tenth_ws/install/fixposition_driver_ros2/share/fixposition_driver_ros2/msg/VRTK.msg
[2.539s] -- Up-to-date: /home/nvidia/f1tenth_ws/install/fixposition_driver_ros2/share/fixposition_driver_ros2/msg/Speed.msg
[2.539s] -- Up-to-date: /home/nvidia/f1tenth_ws/install/fixposition_driver_ros2/share/fixposition_driver_ros2/msg/NMEA.msg
[2.539s] -- Up-to-date: /home/nvidia/f1tenth_ws/install/fixposition_driver_ros2/share/fixposition_driver_ros2/msg/WheelSensor.msg
[2.539s] -- Up-to-date: /home/nvidia/f1tenth_ws/install/fixposition_driver_ros2/.
[2.539s] -- Up-to-date: /home/nvidia/f1tenth_ws/install/fixposition_driver_ros2/./fixposition_driver_ros2
[2.539s] -- Up-to-date: /home/nvidia/f1tenth_ws/install/fixposition_driver_ros2/./fixposition_driver_ros2/fixposition_driver_node.hpp
[2.539s] -- Up-to-date: /home/nvidia/f1tenth_ws/install/fixposition_driver_ros2/./fixposition_driver_ros2/params.hpp
[2.540s] -- Up-to-date: /home/nvidia/f1tenth_ws/install/fixposition_driver_ros2/./fixposition_driver_ros2/data_to_ros2.hpp
[2.540s] -- Up-to-date: /home/nvidia/f1tenth_ws/install/fixposition_driver_ros2/lib/fixposition_driver_ros2/fixposition_driver_ros2_exec
[2.540s] -- Up-to-date: /home/nvidia/f1tenth_ws/install/fixposition_driver_ros2/share/fixposition_driver_ros2//launch
[2.540s] -- Up-to-date: /home/nvidia/f1tenth_ws/install/fixposition_driver_ros2/share/fixposition_driver_ros2//launch/serial.launch
[2.540s] -- Up-to-date: /home/nvidia/f1tenth_ws/install/fixposition_driver_ros2/share/fixposition_driver_ros2//launch/serial.yaml
[2.540s] -- Up-to-date: /home/nvidia/f1tenth_ws/install/fixposition_driver_ros2/share/fixposition_driver_ros2//launch/tcp.launch
[2.540s] -- Up-to-date: /home/nvidia/f1tenth_ws/install/fixposition_driver_ros2/share/fixposition_driver_ros2//launch/tcp.yaml
[2.541s] -- Up-to-date: /home/nvidia/f1tenth_ws/install/fixposition_driver_ros2/share/ament_index/resource_index/package_run_dependencies/fixposition_driver_ros2
[2.541s] -- Up-to-date: /home/nvidia/f1tenth_ws/install/fixposition_driver_ros2/share/ament_index/resource_index/parent_prefix_path/fixposition_driver_ros2
[2.541s] -- Up-to-date: /home/nvidia/f1tenth_ws/install/fixposition_driver_ros2/share/fixposition_driver_ros2/environment/ament_prefix_path.sh
[2.551s] -- Up-to-date: /home/nvidia/f1tenth_ws/install/fixposition_driver_ros2/share/fixposition_driver_ros2/environment/ament_prefix_path.dsv
[2.551s] -- Up-to-date: /home/nvidia/f1tenth_ws/install/fixposition_driver_ros2/share/fixposition_driver_ros2/environment/path.sh
[2.551s] -- Up-to-date: /home/nvidia/f1tenth_ws/install/fixposition_driver_ros2/share/fixposition_driver_ros2/environment/path.dsv
[2.551s] -- Up-to-date: /home/nvidia/f1tenth_ws/install/fixposition_driver_ros2/share/fixposition_driver_ros2/local_setup.bash
[2.551s] -- Up-to-date: /home/nvidia/f1tenth_ws/install/fixposition_driver_ros2/share/fixposition_driver_ros2/local_setup.sh
[2.552s] -- Up-to-date: /home/nvidia/f1tenth_ws/install/fixposition_driver_ros2/share/fixposition_driver_ros2/local_setup.zsh
[2.552s] -- Up-to-date: /home/nvidia/f1tenth_ws/install/fixposition_driver_ros2/share/fixposition_driver_ros2/local_setup.dsv
[2.552s] -- Installing: /home/nvidia/f1tenth_ws/install/fixposition_driver_ros2/share/fixposition_driver_ros2/package.dsv
[2.552s] -- Up-to-date: /home/nvidia/f1tenth_ws/install/fixposition_driver_ros2/share/ament_index/resource_index/packages/fixposition_driver_ros2
[2.552s] -- Up-to-date: /home/nvidia/f1tenth_ws/install/fixposition_driver_ros2/share/fixposition_driver_ros2/cmake/export_fixposition_driver_ros2__rosidl_generator_cExport.cmake
[2.552s] -- Up-to-date: /home/nvidia/f1tenth_ws/install/fixposition_driver_ros2/share/fixposition_driver_ros2/cmake/export_fixposition_driver_ros2__rosidl_generator_cExport-release.cmake
[2.553s] -- Up-to-date: /home/nvidia/f1tenth_ws/install/fixposition_driver_ros2/share/fixposition_driver_ros2/cmake/export_fixposition_driver_ros2__rosidl_typesupport_fastrtps_cExport.cmake
[2.553s] -- Up-to-date: /home/nvidia/f1tenth_ws/install/fixposition_driver_ros2/share/fixposition_driver_ros2/cmake/export_fixposition_driver_ros2__rosidl_typesupport_fastrtps_cExport-release.cmake
[2.553s] -- Up-to-date: /home/nvidia/f1tenth_ws/install/fixposition_driver_ros2/share/fixposition_driver_ros2/cmake/export_fixposition_driver_ros2__rosidl_generator_cppExport.cmake
[2.553s] -- Up-to-date: /home/nvidia/f1tenth_ws/install/fixposition_driver_ros2/share/fixposition_driver_ros2/cmake/export_fixposition_driver_ros2__rosidl_typesupport_fastrtps_cppExport.cmake
[2.553s] -- Up-to-date: /home/nvidia/f1tenth_ws/install/fixposition_driver_ros2/share/fixposition_driver_ros2/cmake/export_fixposition_driver_ros2__rosidl_typesupport_fastrtps_cppExport-release.cmake
[2.553s] -- Up-to-date: /home/nvidia/f1tenth_ws/install/fixposition_driver_ros2/share/fixposition_driver_ros2/cmake/fixposition_driver_ros2__rosidl_typesupport_introspection_cExport.cmake
[2.553s] -- Up-to-date: /home/nvidia/f1tenth_ws/install/fixposition_driver_ros2/share/fixposition_driver_ros2/cmake/fixposition_driver_ros2__rosidl_typesupport_introspection_cExport-release.cmake
[2.553s] -- Up-to-date: /home/nvidia/f1tenth_ws/install/fixposition_driver_ros2/share/fixposition_driver_ros2/cmake/fixposition_driver_ros2__rosidl_typesupport_cExport.cmake
[2.554s] -- Up-to-date: /home/nvidia/f1tenth_ws/install/fixposition_driver_ros2/share/fixposition_driver_ros2/cmake/fixposition_driver_ros2__rosidl_typesupport_cExport-release.cmake
[2.554s] -- Up-to-date: /home/nvidia/f1tenth_ws/install/fixposition_driver_ros2/share/fixposition_driver_ros2/cmake/fixposition_driver_ros2__rosidl_typesupport_introspection_cppExport.cmake
[2.554s] -- Up-to-date: /home/nvidia/f1tenth_ws/install/fixposition_driver_ros2/share/fixposition_driver_ros2/cmake/fixposition_driver_ros2__rosidl_typesupport_introspection_cppExport-release.cmake
[2.555s] -- Up-to-date: /home/nvidia/f1tenth_ws/install/fixposition_driver_ros2/share/fixposition_driver_ros2/cmake/fixposition_driver_ros2__rosidl_typesupport_cppExport.cmake
[2.556s] -- Up-to-date: /home/nvidia/f1tenth_ws/install/fixposition_driver_ros2/share/fixposition_driver_ros2/cmake/fixposition_driver_ros2__rosidl_typesupport_cppExport-release.cmake
[2.556s] -- Up-to-date: /home/nvidia/f1tenth_ws/install/fixposition_driver_ros2/share/fixposition_driver_ros2/cmake/export_fixposition_driver_ros2__rosidl_generator_pyExport.cmake
[2.556s] -- Up-to-date: /home/nvidia/f1tenth_ws/install/fixposition_driver_ros2/share/fixposition_driver_ros2/cmake/export_fixposition_driver_ros2__rosidl_generator_pyExport-release.cmake
[2.556s] -- Up-to-date: /home/nvidia/f1tenth_ws/install/fixposition_driver_ros2/share/fixposition_driver_ros2/cmake/rosidl_cmake-extras.cmake
[2.556s] -- Up-to-date: /home/nvidia/f1tenth_ws/install/fixposition_driver_ros2/share/fixposition_driver_ros2/cmake/ament_cmake_export_dependencies-extras.cmake
[2.556s] -- Up-to-date: /home/nvidia/f1tenth_ws/install/fixposition_driver_ros2/share/fixposition_driver_ros2/cmake/ament_cmake_export_include_directories-extras.cmake
[2.556s] -- Up-to-date: /home/nvidia/f1tenth_ws/install/fixposition_driver_ros2/share/fixposition_driver_ros2/cmake/ament_cmake_export_libraries-extras.cmake
[2.556s] -- Up-to-date: /home/nvidia/f1tenth_ws/install/fixposition_driver_ros2/share/fixposition_driver_ros2/cmake/ament_cmake_export_targets-extras.cmake
[2.557s] -- Up-to-date: /home/nvidia/f1tenth_ws/install/fixposition_driver_ros2/share/fixposition_driver_ros2/cmake/rosidl_cmake_export_typesupport_targets-extras.cmake
[2.557s] -- Up-to-date: /home/nvidia/f1tenth_ws/install/fixposition_driver_ros2/share/fixposition_driver_ros2/cmake/rosidl_cmake_export_typesupport_libraries-extras.cmake
[2.557s] -- Up-to-date: /home/nvidia/f1tenth_ws/install/fixposition_driver_ros2/share/fixposition_driver_ros2/cmake/fixposition_driver_ros2Config.cmake
[2.557s] -- Up-to-date: /home/nvidia/f1tenth_ws/install/fixposition_driver_ros2/share/fixposition_driver_ros2/cmake/fixposition_driver_ros2Config-version.cmake
[2.557s] -- Up-to-date: /home/nvidia/f1tenth_ws/install/fixposition_driver_ros2/share/fixposition_driver_ros2/package.xml
[2.569s] Invoked command in '/home/nvidia/f1tenth_ws/build/fixposition_driver_ros2' returned '0': CMAKE_PREFIX_PATH=/home/nvidia/f1tenth_ws/install/fixposition_gnss_tf:/home/nvidia/f1tenth_ws/install/vesc:/home/nvidia/f1tenth_ws/install/vesc_driver:/home/nvidia/f1tenth_ws/install/vesc_ackermann:/home/nvidia/f1tenth_ws/install/vesc_msgs:/home/nvidia/f1tenth_ws/install/teleop_tools:/home/nvidia/f1tenth_ws/install/teleop_tools_msgs:/home/nvidia/f1tenth_ws/install/ros2_ouster:/home/nvidia/f1tenth_ws/install/realsense2_description:/home/nvidia/f1tenth_ws/install/realsense2_camera:/home/nvidia/f1tenth_ws/install/realsense2_camera_msgs:/home/nvidia/f1tenth_ws/install/ouster_ros:/home/nvidia/f1tenth_ws/install/ouster_sensor_msgs:/home/nvidia/f1tenth_ws/install/ouster_msgs:/home/nvidia/f1tenth_ws/install/fixposition_odometry_converter_ros2:/home/nvidia/f1tenth_ws/install/fixposition_driver_ros2:/home/nvidia/f1tenth_ws/install/fixposition_driver_lib:/home/nvidia/f1tenth_ws/install/ackermann_mux:/home/nvidia/f1tenth_ws/install/f1tenth_stack:/home/nvidia/f1tenth_ws/install/joy_teleop:/home/nvidia/f1tenth_ws/install/mouse_teleop:/home/nvidia/f1tenth_ws/install/key_teleop:/opt/ros/humble LD_LIBRARY_PATH=/home/nvidia/f1tenth_ws/install/fixposition_gnss_tf/lib:/home/nvidia/f1tenth_ws/install/vesc_driver/lib:/home/nvidia/f1tenth_ws/install/vesc_ackermann/lib:/home/nvidia/f1tenth_ws/install/vesc_msgs/lib:/home/nvidia/f1tenth_ws/install/teleop_tools_msgs/lib:/home/nvidia/f1tenth_ws/install/ros2_ouster/lib:/home/nvidia/f1tenth_ws/install/realsense2_camera/lib:/home/nvidia/f1tenth_ws/install/realsense2_camera_msgs/lib:/home/nvidia/f1tenth_ws/install/ouster_ros/lib:/home/nvidia/f1tenth_ws/install/ouster_sensor_msgs/lib:/home/nvidia/f1tenth_ws/install/ouster_msgs/lib:/home/nvidia/f1tenth_ws/install/fixposition_odometry_converter_ros2/lib:/home/nvidia/f1tenth_ws/install/fixposition_driver_ros2/lib:/home/nvidia/f1tenth_ws/install/fixposition_driver_lib/lib:/opt/ros/humble/opt/rviz_ogre_vendor/lib:/opt/ros/humble/lib/aarch64-linux-gnu:/opt/ros/humble/lib:/usr/local/cuda-12.2/lib64 PKG_CONFIG_PATH=/home/nvidia/f1tenth_ws/install/fixposition_gnss_tf/lib/aarch64-linux-gnu/pkgconfig:/home/nvidia/f1tenth_ws/install/fixposition_gnss_tf/lib/pkgconfig:/home/nvidia/f1tenth_ws/install/fixposition_driver_lib/lib/aarch64-linux-gnu/pkgconfig:/home/nvidia/f1tenth_ws/install/fixposition_driver_lib/lib/pkgconfig /usr/bin/cmake --install /home/nvidia/f1tenth_ws/build/fixposition_driver_ros2
