[0.048s] Invoking command in '/home/nvidia/f1tenth_ws/build/ros2_ouster': CMAKE_PREFIX_PATH=/home/nvidia/f1tenth_ws/install/ouster_msgs:/home/nvidia/f1tenth_ws/install/vesc:/home/nvidia/f1tenth_ws/install/vesc_driver:/home/nvidia/f1tenth_ws/install/vesc_ackermann:/home/nvidia/f1tenth_ws/install/vesc_msgs:/home/nvidia/f1tenth_ws/install/teleop_tools:/home/nvidia/f1tenth_ws/install/teleop_tools_msgs:/home/nvidia/f1tenth_ws/install/ros2_ouster:/home/nvidia/f1tenth_ws/install/ouster_ros:/home/nvidia/f1tenth_ws/install/ouster_sensor_msgs:/home/nvidia/f1tenth_ws/install/fixposition_odometry_converter_ros2:/home/nvidia/f1tenth_ws/install/fixposition_driver_ros2:/home/nvidia/f1tenth_ws/install/fixposition_driver_lib:/home/nvidia/f1tenth_ws/install/fixposition_gnss_tf:/home/nvidia/f1tenth_ws/install/ackermann_mux:/home/nvidia/f1tenth_ws/install/f1tenth_stack:/home/nvidia/f1tenth_ws/install/joy_teleop:/home/nvidia/f1tenth_ws/install/mouse_teleop:/home/nvidia/f1tenth_ws/install/key_teleop:/opt/ros/humble LD_LIBRARY_PATH=/home/nvidia/f1tenth_ws/install/ouster_msgs/lib:/home/nvidia/f1tenth_ws/install/vesc_driver/lib:/home/nvidia/f1tenth_ws/install/vesc_ackermann/lib:/home/nvidia/f1tenth_ws/install/vesc_msgs/lib:/home/nvidia/f1tenth_ws/install/teleop_tools_msgs/lib:/home/nvidia/f1tenth_ws/install/ros2_ouster/lib:/home/nvidia/f1tenth_ws/install/ouster_ros/lib:/home/nvidia/f1tenth_ws/install/ouster_sensor_msgs/lib:/home/nvidia/f1tenth_ws/install/fixposition_odometry_converter_ros2/lib:/home/nvidia/f1tenth_ws/install/fixposition_driver_ros2/lib:/home/nvidia/f1tenth_ws/install/fixposition_driver_lib/lib:/home/nvidia/f1tenth_ws/install/fixposition_gnss_tf/lib:/opt/ros/humble/opt/rviz_ogre_vendor/lib:/opt/ros/humble/lib/aarch64-linux-gnu:/opt/ros/humble/lib:/usr/local/cuda-12.2/lib64 /usr/bin/cmake --build /home/nvidia/f1tenth_ws/build/ros2_ouster -- -j6 -l6
[0.240s] [ 71%] Built target ouster_driver_core
[0.338s] [ 85%] Built target ouster_tins_driver
[0.341s] [100%] Built target ouster_driver
[0.386s] Invoked command in '/home/nvidia/f1tenth_ws/build/ros2_ouster' returned '0': CMAKE_PREFIX_PATH=/home/nvidia/f1tenth_ws/install/ouster_msgs:/home/nvidia/f1tenth_ws/install/vesc:/home/nvidia/f1tenth_ws/install/vesc_driver:/home/nvidia/f1tenth_ws/install/vesc_ackermann:/home/nvidia/f1tenth_ws/install/vesc_msgs:/home/nvidia/f1tenth_ws/install/teleop_tools:/home/nvidia/f1tenth_ws/install/teleop_tools_msgs:/home/nvidia/f1tenth_ws/install/ros2_ouster:/home/nvidia/f1tenth_ws/install/ouster_ros:/home/nvidia/f1tenth_ws/install/ouster_sensor_msgs:/home/nvidia/f1tenth_ws/install/fixposition_odometry_converter_ros2:/home/nvidia/f1tenth_ws/install/fixposition_driver_ros2:/home/nvidia/f1tenth_ws/install/fixposition_driver_lib:/home/nvidia/f1tenth_ws/install/fixposition_gnss_tf:/home/nvidia/f1tenth_ws/install/ackermann_mux:/home/nvidia/f1tenth_ws/install/f1tenth_stack:/home/nvidia/f1tenth_ws/install/joy_teleop:/home/nvidia/f1tenth_ws/install/mouse_teleop:/home/nvidia/f1tenth_ws/install/key_teleop:/opt/ros/humble LD_LIBRARY_PATH=/home/nvidia/f1tenth_ws/install/ouster_msgs/lib:/home/nvidia/f1tenth_ws/install/vesc_driver/lib:/home/nvidia/f1tenth_ws/install/vesc_ackermann/lib:/home/nvidia/f1tenth_ws/install/vesc_msgs/lib:/home/nvidia/f1tenth_ws/install/teleop_tools_msgs/lib:/home/nvidia/f1tenth_ws/install/ros2_ouster/lib:/home/nvidia/f1tenth_ws/install/ouster_ros/lib:/home/nvidia/f1tenth_ws/install/ouster_sensor_msgs/lib:/home/nvidia/f1tenth_ws/install/fixposition_odometry_converter_ros2/lib:/home/nvidia/f1tenth_ws/install/fixposition_driver_ros2/lib:/home/nvidia/f1tenth_ws/install/fixposition_driver_lib/lib:/home/nvidia/f1tenth_ws/install/fixposition_gnss_tf/lib:/opt/ros/humble/opt/rviz_ogre_vendor/lib:/opt/ros/humble/lib/aarch64-linux-gnu:/opt/ros/humble/lib:/usr/local/cuda-12.2/lib64 /usr/bin/cmake --build /home/nvidia/f1tenth_ws/build/ros2_ouster -- -j6 -l6
[0.537s] Invoking command in '/home/nvidia/f1tenth_ws/build/ros2_ouster': CMAKE_PREFIX_PATH=/home/nvidia/f1tenth_ws/install/ouster_msgs:/home/nvidia/f1tenth_ws/install/vesc:/home/nvidia/f1tenth_ws/install/vesc_driver:/home/nvidia/f1tenth_ws/install/vesc_ackermann:/home/nvidia/f1tenth_ws/install/vesc_msgs:/home/nvidia/f1tenth_ws/install/teleop_tools:/home/nvidia/f1tenth_ws/install/teleop_tools_msgs:/home/nvidia/f1tenth_ws/install/ros2_ouster:/home/nvidia/f1tenth_ws/install/ouster_ros:/home/nvidia/f1tenth_ws/install/ouster_sensor_msgs:/home/nvidia/f1tenth_ws/install/fixposition_odometry_converter_ros2:/home/nvidia/f1tenth_ws/install/fixposition_driver_ros2:/home/nvidia/f1tenth_ws/install/fixposition_driver_lib:/home/nvidia/f1tenth_ws/install/fixposition_gnss_tf:/home/nvidia/f1tenth_ws/install/ackermann_mux:/home/nvidia/f1tenth_ws/install/f1tenth_stack:/home/nvidia/f1tenth_ws/install/joy_teleop:/home/nvidia/f1tenth_ws/install/mouse_teleop:/home/nvidia/f1tenth_ws/install/key_teleop:/opt/ros/humble LD_LIBRARY_PATH=/home/nvidia/f1tenth_ws/install/ouster_msgs/lib:/home/nvidia/f1tenth_ws/install/vesc_driver/lib:/home/nvidia/f1tenth_ws/install/vesc_ackermann/lib:/home/nvidia/f1tenth_ws/install/vesc_msgs/lib:/home/nvidia/f1tenth_ws/install/teleop_tools_msgs/lib:/home/nvidia/f1tenth_ws/install/ros2_ouster/lib:/home/nvidia/f1tenth_ws/install/ouster_ros/lib:/home/nvidia/f1tenth_ws/install/ouster_sensor_msgs/lib:/home/nvidia/f1tenth_ws/install/fixposition_odometry_converter_ros2/lib:/home/nvidia/f1tenth_ws/install/fixposition_driver_ros2/lib:/home/nvidia/f1tenth_ws/install/fixposition_driver_lib/lib:/home/nvidia/f1tenth_ws/install/fixposition_gnss_tf/lib:/opt/ros/humble/opt/rviz_ogre_vendor/lib:/opt/ros/humble/lib/aarch64-linux-gnu:/opt/ros/humble/lib:/usr/local/cuda-12.2/lib64 /usr/bin/cmake --install /home/nvidia/f1tenth_ws/build/ros2_ouster
[0.555s] -- Install configuration: "Release"
[0.555s] -- Up-to-date: /home/nvidia/f1tenth_ws/install/ros2_ouster/lib/ros2_ouster/ouster_driver
[0.556s] -- Up-to-date: /home/nvidia/f1tenth_ws/install/ros2_ouster/lib/ros2_ouster/ouster_tins_driver
[0.557s] -- Up-to-date: /home/nvidia/f1tenth_ws/install/ros2_ouster/lib/libouster_driver_core.so
[0.558s] -- Up-to-date: /home/nvidia/f1tenth_ws/install/ros2_ouster/include/
[0.558s] -- Up-to-date: /home/nvidia/f1tenth_ws/install/ros2_ouster/include//ros2_ouster
[0.558s] -- Up-to-date: /home/nvidia/f1tenth_ws/install/ros2_ouster/include//ros2_ouster/driver_types.hpp
[0.558s] -- Up-to-date: /home/nvidia/f1tenth_ws/install/ros2_ouster/include//ros2_ouster/ringbuffer.hpp
[0.558s] -- Up-to-date: /home/nvidia/f1tenth_ws/install/ros2_ouster/include//ros2_ouster/string_utils.hpp
[0.559s] -- Up-to-date: /home/nvidia/f1tenth_ws/install/ros2_ouster/include//ros2_ouster/client
[0.559s] -- Up-to-date: /home/nvidia/f1tenth_ws/install/ros2_ouster/include//ros2_ouster/client/viz
[0.559s] -- Up-to-date: /home/nvidia/f1tenth_ws/install/ros2_ouster/include//ros2_ouster/client/viz/beam_uniformity.h
[0.559s] -- Up-to-date: /home/nvidia/f1tenth_ws/install/ros2_ouster/include//ros2_ouster/client/viz/autoexposure.h
[0.560s] -- Up-to-date: /home/nvidia/f1tenth_ws/install/ros2_ouster/include//ros2_ouster/client/impl
[0.560s] -- Up-to-date: /home/nvidia/f1tenth_ws/install/ros2_ouster/include//ros2_ouster/client/impl/parsing.h
[0.560s] -- Up-to-date: /home/nvidia/f1tenth_ws/install/ros2_ouster/include//ros2_ouster/client/impl/netcompat.h
[0.560s] -- Up-to-date: /home/nvidia/f1tenth_ws/install/ros2_ouster/include//ros2_ouster/client/lidar_scan.h
[0.560s] -- Up-to-date: /home/nvidia/f1tenth_ws/install/ros2_ouster/include//ros2_ouster/client/types.h
[0.560s] -- Up-to-date: /home/nvidia/f1tenth_ws/install/ros2_ouster/include//ros2_ouster/client/client.h
[0.561s] -- Up-to-date: /home/nvidia/f1tenth_ws/install/ros2_ouster/include//ros2_ouster/client/point.h
[0.561s] -- Up-to-date: /home/nvidia/f1tenth_ws/install/ros2_ouster/include//ros2_ouster/client/version.h
[0.561s] -- Up-to-date: /home/nvidia/f1tenth_ws/install/ros2_ouster/include//ros2_ouster/client/optional-lite
[0.561s] -- Up-to-date: /home/nvidia/f1tenth_ws/install/ros2_ouster/include//ros2_ouster/client/optional-lite/LICENSE.txt
[0.561s] -- Up-to-date: /home/nvidia/f1tenth_ws/install/ros2_ouster/include//ros2_ouster/client/optional-lite/optional.hpp
[0.561s] -- Up-to-date: /home/nvidia/f1tenth_ws/install/ros2_ouster/include//ros2_ouster/sensor.hpp
[0.561s] -- Up-to-date: /home/nvidia/f1tenth_ws/install/ros2_ouster/include//ros2_ouster/ros2_utils.hpp
[0.562s] -- Up-to-date: /home/nvidia/f1tenth_ws/install/ros2_ouster/include//ros2_ouster/conversions.hpp
[0.562s] -- Up-to-date: /home/nvidia/f1tenth_ws/install/ros2_ouster/include//ros2_ouster/full_rotation_accumulator.hpp
[0.562s] -- Up-to-date: /home/nvidia/f1tenth_ws/install/ros2_ouster/include//ros2_ouster/sensor_tins.hpp
[0.562s] -- Up-to-date: /home/nvidia/f1tenth_ws/install/ros2_ouster/include//ros2_ouster/processors
[0.562s] -- Up-to-date: /home/nvidia/f1tenth_ws/install/ros2_ouster/include//ros2_ouster/processors/imu_processor.hpp
[0.562s] -- Up-to-date: /home/nvidia/f1tenth_ws/install/ros2_ouster/include//ros2_ouster/processors/scan_processor.hpp
[0.562s] -- Up-to-date: /home/nvidia/f1tenth_ws/install/ros2_ouster/include//ros2_ouster/processors/processor_factories.hpp
[0.563s] -- Up-to-date: /home/nvidia/f1tenth_ws/install/ros2_ouster/include//ros2_ouster/processors/pointcloud_processor.hpp
[0.563s] -- Up-to-date: /home/nvidia/f1tenth_ws/install/ros2_ouster/include//ros2_ouster/processors/image_processor.hpp
[0.563s] -- Up-to-date: /home/nvidia/f1tenth_ws/install/ros2_ouster/include//ros2_ouster/ouster_driver.hpp
[0.563s] -- Up-to-date: /home/nvidia/f1tenth_ws/install/ros2_ouster/include//ros2_ouster/interfaces
[0.563s] -- Up-to-date: /home/nvidia/f1tenth_ws/install/ros2_ouster/include//ros2_ouster/interfaces/configuration.hpp
[0.563s] -- Up-to-date: /home/nvidia/f1tenth_ws/install/ros2_ouster/include//ros2_ouster/interfaces/metadata.hpp
[0.563s] -- Up-to-date: /home/nvidia/f1tenth_ws/install/ros2_ouster/include//ros2_ouster/interfaces/data_processor_interface.hpp
[0.564s] -- Up-to-date: /home/nvidia/f1tenth_ws/install/ros2_ouster/include//ros2_ouster/interfaces/sensor_interface.hpp
[0.564s] -- Up-to-date: /home/nvidia/f1tenth_ws/install/ros2_ouster/include//ros2_ouster/interfaces/lifecycle_interface.hpp
[0.564s] -- Up-to-date: /home/nvidia/f1tenth_ws/install/ros2_ouster/include//ros2_ouster/exception.hpp
[0.564s] -- Up-to-date: /home/nvidia/f1tenth_ws/install/ros2_ouster/share/ros2_ouster/launch
[0.564s] -- Up-to-date: /home/nvidia/f1tenth_ws/install/ros2_ouster/share/ros2_ouster/launch/driver_launch.py
[0.564s] -- Up-to-date: /home/nvidia/f1tenth_ws/install/ros2_ouster/share/ros2_ouster/launch/tins_driver_launch.py
[0.564s] -- Up-to-date: /home/nvidia/f1tenth_ws/install/ros2_ouster/share/ros2_ouster/params
[0.564s] -- Up-to-date: /home/nvidia/f1tenth_ws/install/ros2_ouster/share/ros2_ouster/params/ouster_os0128_2048_metadata.json
[0.564s] -- Up-to-date: /home/nvidia/f1tenth_ws/install/ros2_ouster/share/ros2_ouster/params/tins_driver_config.yaml
[0.565s] -- Up-to-date: /home/nvidia/f1tenth_ws/install/ros2_ouster/share/ros2_ouster/params/ouster_os0128_1024_metadata.json
[0.565s] -- Up-to-date: /home/nvidia/f1tenth_ws/install/ros2_ouster/share/ros2_ouster/params/driver_config.yaml
[0.565s] -- Up-to-date: /home/nvidia/f1tenth_ws/install/ros2_ouster/share/ros2_ouster/environment/library_path.sh
[0.565s] -- Up-to-date: /home/nvidia/f1tenth_ws/install/ros2_ouster/share/ros2_ouster/environment/library_path.dsv
[0.565s] -- Up-to-date: /home/nvidia/f1tenth_ws/install/ros2_ouster/share/ament_index/resource_index/package_run_dependencies/ros2_ouster
[0.565s] -- Up-to-date: /home/nvidia/f1tenth_ws/install/ros2_ouster/share/ament_index/resource_index/parent_prefix_path/ros2_ouster
[0.565s] -- Up-to-date: /home/nvidia/f1tenth_ws/install/ros2_ouster/share/ros2_ouster/environment/ament_prefix_path.sh
[0.565s] -- Up-to-date: /home/nvidia/f1tenth_ws/install/ros2_ouster/share/ros2_ouster/environment/ament_prefix_path.dsv
[0.565s] -- Up-to-date: /home/nvidia/f1tenth_ws/install/ros2_ouster/share/ros2_ouster/environment/path.sh
[0.566s] -- Up-to-date: /home/nvidia/f1tenth_ws/install/ros2_ouster/share/ros2_ouster/environment/path.dsv
[0.566s] -- Up-to-date: /home/nvidia/f1tenth_ws/install/ros2_ouster/share/ros2_ouster/local_setup.bash
[0.566s] -- Up-to-date: /home/nvidia/f1tenth_ws/install/ros2_ouster/share/ros2_ouster/local_setup.sh
[0.566s] -- Up-to-date: /home/nvidia/f1tenth_ws/install/ros2_ouster/share/ros2_ouster/local_setup.zsh
[0.567s] -- Up-to-date: /home/nvidia/f1tenth_ws/install/ros2_ouster/share/ros2_ouster/local_setup.dsv
[0.567s] -- Installing: /home/nvidia/f1tenth_ws/install/ros2_ouster/share/ros2_ouster/package.dsv
[0.567s] -- Up-to-date: /home/nvidia/f1tenth_ws/install/ros2_ouster/share/ament_index/resource_index/packages/ros2_ouster
[0.567s] -- Up-to-date: /home/nvidia/f1tenth_ws/install/ros2_ouster/share/ament_index/resource_index/rclcpp_components/ros2_ouster
[0.567s] -- Up-to-date: /home/nvidia/f1tenth_ws/install/ros2_ouster/share/ros2_ouster/cmake/ament_cmake_export_include_directories-extras.cmake
[0.568s] -- Up-to-date: /home/nvidia/f1tenth_ws/install/ros2_ouster/share/ros2_ouster/cmake/ament_cmake_export_libraries-extras.cmake
[0.569s] -- Up-to-date: /home/nvidia/f1tenth_ws/install/ros2_ouster/share/ros2_ouster/cmake/ament_cmake_export_dependencies-extras.cmake
[0.570s] -- Up-to-date: /home/nvidia/f1tenth_ws/install/ros2_ouster/share/ros2_ouster/cmake/ros2_ousterConfig.cmake
[0.570s] -- Up-to-date: /home/nvidia/f1tenth_ws/install/ros2_ouster/share/ros2_ouster/cmake/ros2_ousterConfig-version.cmake
[0.570s] -- Up-to-date: /home/nvidia/f1tenth_ws/install/ros2_ouster/share/ros2_ouster/package.xml
[0.571s] Invoked command in '/home/nvidia/f1tenth_ws/build/ros2_ouster' returned '0': CMAKE_PREFIX_PATH=/home/nvidia/f1tenth_ws/install/ouster_msgs:/home/nvidia/f1tenth_ws/install/vesc:/home/nvidia/f1tenth_ws/install/vesc_driver:/home/nvidia/f1tenth_ws/install/vesc_ackermann:/home/nvidia/f1tenth_ws/install/vesc_msgs:/home/nvidia/f1tenth_ws/install/teleop_tools:/home/nvidia/f1tenth_ws/install/teleop_tools_msgs:/home/nvidia/f1tenth_ws/install/ros2_ouster:/home/nvidia/f1tenth_ws/install/ouster_ros:/home/nvidia/f1tenth_ws/install/ouster_sensor_msgs:/home/nvidia/f1tenth_ws/install/fixposition_odometry_converter_ros2:/home/nvidia/f1tenth_ws/install/fixposition_driver_ros2:/home/nvidia/f1tenth_ws/install/fixposition_driver_lib:/home/nvidia/f1tenth_ws/install/fixposition_gnss_tf:/home/nvidia/f1tenth_ws/install/ackermann_mux:/home/nvidia/f1tenth_ws/install/f1tenth_stack:/home/nvidia/f1tenth_ws/install/joy_teleop:/home/nvidia/f1tenth_ws/install/mouse_teleop:/home/nvidia/f1tenth_ws/install/key_teleop:/opt/ros/humble LD_LIBRARY_PATH=/home/nvidia/f1tenth_ws/install/ouster_msgs/lib:/home/nvidia/f1tenth_ws/install/vesc_driver/lib:/home/nvidia/f1tenth_ws/install/vesc_ackermann/lib:/home/nvidia/f1tenth_ws/install/vesc_msgs/lib:/home/nvidia/f1tenth_ws/install/teleop_tools_msgs/lib:/home/nvidia/f1tenth_ws/install/ros2_ouster/lib:/home/nvidia/f1tenth_ws/install/ouster_ros/lib:/home/nvidia/f1tenth_ws/install/ouster_sensor_msgs/lib:/home/nvidia/f1tenth_ws/install/fixposition_odometry_converter_ros2/lib:/home/nvidia/f1tenth_ws/install/fixposition_driver_ros2/lib:/home/nvidia/f1tenth_ws/install/fixposition_driver_lib/lib:/home/nvidia/f1tenth_ws/install/fixposition_gnss_tf/lib:/opt/ros/humble/opt/rviz_ogre_vendor/lib:/opt/ros/humble/lib/aarch64-linux-gnu:/opt/ros/humble/lib:/usr/local/cuda-12.2/lib64 /usr/bin/cmake --install /home/nvidia/f1tenth_ws/build/ros2_ouster
