[0.059s] Invoking command in '/home/nvidia/f1tenth_ws/build/realsense2_camera_msgs': CMAKE_PREFIX_PATH=${CMAKE_PREFIX_PATH}:/home/nvidia/f1tenth_ws/install/f1tenth_stack:/home/nvidia/f1tenth_ws/install/joy_teleop:/home/nvidia/f1tenth_ws/install/mouse_teleop:/home/nvidia/f1tenth_ws/install/key_teleop:/opt/ros/humble /usr/bin/cmake --build /home/nvidia/f1tenth_ws/build/realsense2_camera_msgs -- -j6 -l6
[0.242s] [ 11%] Built target realsense2_camera_msgs__rosidl_generator_c
[0.254s] [ 12%] Built target realsense2_camera_msgs__cpp
[0.375s] [ 12%] Built target ament_cmake_python_copy_realsense2_camera_msgs
[0.410s] [ 23%] Built target realsense2_camera_msgs__rosidl_typesupport_c
[0.417s] [ 34%] Built target realsense2_camera_msgs__rosidl_typesupport_fastrtps_cpp
[0.445s] [ 46%] Built target realsense2_camera_msgs__rosidl_typesupport_introspection_cpp
[0.457s] [ 57%] Built target realsense2_camera_msgs__rosidl_typesupport_introspection_c
[0.458s] [ 68%] Built target realsense2_camera_msgs__rosidl_typesupport_fastrtps_c
[0.518s] [ 79%] Built target realsense2_camera_msgs__rosidl_typesupport_cpp
[0.602s] [ 79%] Built target realsense2_camera_msgs
[0.684s] [ 80%] Built target realsense2_camera_msgs__py
[0.803s] [ 90%] Built target realsense2_camera_msgs__rosidl_generator_py
[0.902s] [ 93%] Built target realsense2_camera_msgs__rosidl_typesupport_introspection_c__pyext
[0.926s] [ 96%] Built target realsense2_camera_msgs__rosidl_typesupport_fastrtps_c__pyext
[0.928s] [100%] Built target realsense2_camera_msgs__rosidl_typesupport_c__pyext
[1.097s] running egg_info
[1.099s] writing realsense2_camera_msgs.egg-info/PKG-INFO
[1.102s] writing dependency_links to realsense2_camera_msgs.egg-info/dependency_links.txt
[1.104s] writing top-level names to realsense2_camera_msgs.egg-info/top_level.txt
[1.110s] reading manifest file 'realsense2_camera_msgs.egg-info/SOURCES.txt'
[1.111s] writing manifest file 'realsense2_camera_msgs.egg-info/SOURCES.txt'
[1.192s] [100%] Built target ament_cmake_python_build_realsense2_camera_msgs_egg
[1.226s] Invoked command in '/home/nvidia/f1tenth_ws/build/realsense2_camera_msgs' returned '0': CMAKE_PREFIX_PATH=${CMAKE_PREFIX_PATH}:/home/nvidia/f1tenth_ws/install/f1tenth_stack:/home/nvidia/f1tenth_ws/install/joy_teleop:/home/nvidia/f1tenth_ws/install/mouse_teleop:/home/nvidia/f1tenth_ws/install/key_teleop:/opt/ros/humble /usr/bin/cmake --build /home/nvidia/f1tenth_ws/build/realsense2_camera_msgs -- -j6 -l6
[1.972s] Invoking command in '/home/nvidia/f1tenth_ws/build/realsense2_camera_msgs': CMAKE_PREFIX_PATH=${CMAKE_PREFIX_PATH}:/home/nvidia/f1tenth_ws/install/f1tenth_stack:/home/nvidia/f1tenth_ws/install/joy_teleop:/home/nvidia/f1tenth_ws/install/mouse_teleop:/home/nvidia/f1tenth_ws/install/key_teleop:/opt/ros/humble /usr/bin/cmake --install /home/nvidia/f1tenth_ws/build/realsense2_camera_msgs
[1.996s] -- Install configuration: ""
[1.997s] -- Up-to-date: /home/nvidia/f1tenth_ws/install/realsense2_camera_msgs/share/ament_index/resource_index/rosidl_interfaces/realsense2_camera_msgs
[1.997s] -- Up-to-date: /home/nvidia/f1tenth_ws/install/realsense2_camera_msgs/include/realsense2_camera_msgs/realsense2_camera_msgs
[1.997s] -- Up-to-date: /home/nvidia/f1tenth_ws/install/realsense2_camera_msgs/include/realsense2_camera_msgs/realsense2_camera_msgs/srv
[1.997s] -- Up-to-date: /home/nvidia/f1tenth_ws/install/realsense2_camera_msgs/include/realsense2_camera_msgs/realsense2_camera_msgs/srv/detail
[1.997s] -- Up-to-date: /home/nvidia/f1tenth_ws/install/realsense2_camera_msgs/include/realsense2_camera_msgs/realsense2_camera_msgs/srv/detail/device_info__functions.c
[1.997s] -- Up-to-date: /home/nvidia/f1tenth_ws/install/realsense2_camera_msgs/include/realsense2_camera_msgs/realsense2_camera_msgs/srv/detail/device_info__type_support.h
[1.998s] -- Up-to-date: /home/nvidia/f1tenth_ws/install/realsense2_camera_msgs/include/realsense2_camera_msgs/realsense2_camera_msgs/srv/detail/device_info__functions.h
[1.998s] -- Up-to-date: /home/nvidia/f1tenth_ws/install/realsense2_camera_msgs/include/realsense2_camera_msgs/realsense2_camera_msgs/srv/detail/device_info__struct.h
[1.998s] -- Up-to-date: /home/nvidia/f1tenth_ws/install/realsense2_camera_msgs/include/realsense2_camera_msgs/realsense2_camera_msgs/srv/device_info.h
[1.998s] -- Up-to-date: /home/nvidia/f1tenth_ws/install/realsense2_camera_msgs/include/realsense2_camera_msgs/realsense2_camera_msgs/msg
[1.998s] -- Up-to-date: /home/nvidia/f1tenth_ws/install/realsense2_camera_msgs/include/realsense2_camera_msgs/realsense2_camera_msgs/msg/extrinsics.h
[1.998s] -- Up-to-date: /home/nvidia/f1tenth_ws/install/realsense2_camera_msgs/include/realsense2_camera_msgs/realsense2_camera_msgs/msg/rgbd.h
[1.998s] -- Up-to-date: /home/nvidia/f1tenth_ws/install/realsense2_camera_msgs/include/realsense2_camera_msgs/realsense2_camera_msgs/msg/metadata.h
[1.999s] -- Up-to-date: /home/nvidia/f1tenth_ws/install/realsense2_camera_msgs/include/realsense2_camera_msgs/realsense2_camera_msgs/msg/imu_info.h
[1.999s] -- Up-to-date: /home/nvidia/f1tenth_ws/install/realsense2_camera_msgs/include/realsense2_camera_msgs/realsense2_camera_msgs/msg/detail
[2.000s] -- Up-to-date: /home/nvidia/f1tenth_ws/install/realsense2_camera_msgs/include/realsense2_camera_msgs/realsense2_camera_msgs/msg/detail/imu_info__functions.c
[2.000s] -- Up-to-date: /home/nvidia/f1tenth_ws/install/realsense2_camera_msgs/include/realsense2_camera_msgs/realsense2_camera_msgs/msg/detail/extrinsics__struct.h
[2.000s] -- Up-to-date: /home/nvidia/f1tenth_ws/install/realsense2_camera_msgs/include/realsense2_camera_msgs/realsense2_camera_msgs/msg/detail/metadata__type_support.h
[2.001s] -- Up-to-date: /home/nvidia/f1tenth_ws/install/realsense2_camera_msgs/include/realsense2_camera_msgs/realsense2_camera_msgs/msg/detail/extrinsics__type_support.h
[2.001s] -- Up-to-date: /home/nvidia/f1tenth_ws/install/realsense2_camera_msgs/include/realsense2_camera_msgs/realsense2_camera_msgs/msg/detail/extrinsics__functions.h
[2.001s] -- Up-to-date: /home/nvidia/f1tenth_ws/install/realsense2_camera_msgs/include/realsense2_camera_msgs/realsense2_camera_msgs/msg/detail/rgbd__struct.h
[2.002s] -- Up-to-date: /home/nvidia/f1tenth_ws/install/realsense2_camera_msgs/include/realsense2_camera_msgs/realsense2_camera_msgs/msg/detail/rgbd__functions.c
[2.002s] -- Up-to-date: /home/nvidia/f1tenth_ws/install/realsense2_camera_msgs/include/realsense2_camera_msgs/realsense2_camera_msgs/msg/detail/extrinsics__functions.c
[2.003s] -- Up-to-date: /home/nvidia/f1tenth_ws/install/realsense2_camera_msgs/include/realsense2_camera_msgs/realsense2_camera_msgs/msg/detail/imu_info__struct.h
[2.003s] -- Up-to-date: /home/nvidia/f1tenth_ws/install/realsense2_camera_msgs/include/realsense2_camera_msgs/realsense2_camera_msgs/msg/detail/metadata__functions.h
[2.005s] -- Up-to-date: /home/nvidia/f1tenth_ws/install/realsense2_camera_msgs/include/realsense2_camera_msgs/realsense2_camera_msgs/msg/detail/rgbd__type_support.h
[2.005s] -- Up-to-date: /home/nvidia/f1tenth_ws/install/realsense2_camera_msgs/include/realsense2_camera_msgs/realsense2_camera_msgs/msg/detail/metadata__struct.h
[2.006s] -- Up-to-date: /home/nvidia/f1tenth_ws/install/realsense2_camera_msgs/include/realsense2_camera_msgs/realsense2_camera_msgs/msg/detail/imu_info__type_support.h
[2.006s] -- Up-to-date: /home/nvidia/f1tenth_ws/install/realsense2_camera_msgs/include/realsense2_camera_msgs/realsense2_camera_msgs/msg/detail/metadata__functions.c
[2.006s] -- Up-to-date: /home/nvidia/f1tenth_ws/install/realsense2_camera_msgs/include/realsense2_camera_msgs/realsense2_camera_msgs/msg/detail/rgbd__functions.h
[2.007s] -- Up-to-date: /home/nvidia/f1tenth_ws/install/realsense2_camera_msgs/include/realsense2_camera_msgs/realsense2_camera_msgs/msg/detail/imu_info__functions.h
[2.008s] -- Up-to-date: /home/nvidia/f1tenth_ws/install/realsense2_camera_msgs/include/realsense2_camera_msgs/realsense2_camera_msgs/msg/rosidl_generator_c__visibility_control.h
[2.008s] -- Up-to-date: /home/nvidia/f1tenth_ws/install/realsense2_camera_msgs/share/realsense2_camera_msgs/environment/library_path.sh
[2.009s] -- Up-to-date: /home/nvidia/f1tenth_ws/install/realsense2_camera_msgs/share/realsense2_camera_msgs/environment/library_path.dsv
[2.010s] -- Up-to-date: /home/nvidia/f1tenth_ws/install/realsense2_camera_msgs/lib/librealsense2_camera_msgs__rosidl_generator_c.so
[2.011s] -- Up-to-date: /home/nvidia/f1tenth_ws/install/realsense2_camera_msgs/include/realsense2_camera_msgs/realsense2_camera_msgs
[2.011s] -- Up-to-date: /home/nvidia/f1tenth_ws/install/realsense2_camera_msgs/include/realsense2_camera_msgs/realsense2_camera_msgs/srv
[2.011s] -- Up-to-date: /home/nvidia/f1tenth_ws/install/realsense2_camera_msgs/include/realsense2_camera_msgs/realsense2_camera_msgs/srv/detail
[2.012s] -- Up-to-date: /home/nvidia/f1tenth_ws/install/realsense2_camera_msgs/include/realsense2_camera_msgs/realsense2_camera_msgs/srv/detail/device_info__rosidl_typesupport_fastrtps_c.h
[2.012s] -- Up-to-date: /home/nvidia/f1tenth_ws/install/realsense2_camera_msgs/include/realsense2_camera_msgs/realsense2_camera_msgs/msg
[2.013s] -- Up-to-date: /home/nvidia/f1tenth_ws/install/realsense2_camera_msgs/include/realsense2_camera_msgs/realsense2_camera_msgs/msg/rosidl_typesupport_fastrtps_c__visibility_control.h
[2.013s] -- Up-to-date: /home/nvidia/f1tenth_ws/install/realsense2_camera_msgs/include/realsense2_camera_msgs/realsense2_camera_msgs/msg/detail
[2.021s] -- Up-to-date: /home/nvidia/f1tenth_ws/install/realsense2_camera_msgs/include/realsense2_camera_msgs/realsense2_camera_msgs/msg/detail/metadata__rosidl_typesupport_fastrtps_c.h
[2.022s] -- Up-to-date: /home/nvidia/f1tenth_ws/install/realsense2_camera_msgs/include/realsense2_camera_msgs/realsense2_camera_msgs/msg/detail/extrinsics__rosidl_typesupport_fastrtps_c.h
[2.022s] -- Up-to-date: /home/nvidia/f1tenth_ws/install/realsense2_camera_msgs/include/realsense2_camera_msgs/realsense2_camera_msgs/msg/detail/rgbd__rosidl_typesupport_fastrtps_c.h
[2.022s] -- Up-to-date: /home/nvidia/f1tenth_ws/install/realsense2_camera_msgs/include/realsense2_camera_msgs/realsense2_camera_msgs/msg/detail/imu_info__rosidl_typesupport_fastrtps_c.h
[2.023s] -- Up-to-date: /home/nvidia/f1tenth_ws/install/realsense2_camera_msgs/lib/librealsense2_camera_msgs__rosidl_typesupport_fastrtps_c.so
[2.025s] -- Up-to-date: /home/nvidia/f1tenth_ws/install/realsense2_camera_msgs/include/realsense2_camera_msgs/realsense2_camera_msgs
[2.025s] -- Up-to-date: /home/nvidia/f1tenth_ws/install/realsense2_camera_msgs/include/realsense2_camera_msgs/realsense2_camera_msgs/srv
[2.025s] -- Up-to-date: /home/nvidia/f1tenth_ws/install/realsense2_camera_msgs/include/realsense2_camera_msgs/realsense2_camera_msgs/srv/detail
[2.026s] -- Up-to-date: /home/nvidia/f1tenth_ws/install/realsense2_camera_msgs/include/realsense2_camera_msgs/realsense2_camera_msgs/srv/detail/device_info__type_support.c
[2.026s] -- Up-to-date: /home/nvidia/f1tenth_ws/install/realsense2_camera_msgs/include/realsense2_camera_msgs/realsense2_camera_msgs/srv/detail/device_info__rosidl_typesupport_introspection_c.h
[2.027s] -- Up-to-date: /home/nvidia/f1tenth_ws/install/realsense2_camera_msgs/include/realsense2_camera_msgs/realsense2_camera_msgs/msg
[2.027s] -- Up-to-date: /home/nvidia/f1tenth_ws/install/realsense2_camera_msgs/include/realsense2_camera_msgs/realsense2_camera_msgs/msg/detail
[2.028s] -- Up-to-date: /home/nvidia/f1tenth_ws/install/realsense2_camera_msgs/include/realsense2_camera_msgs/realsense2_camera_msgs/msg/detail/extrinsics__rosidl_typesupport_introspection_c.h
[2.028s] -- Up-to-date: /home/nvidia/f1tenth_ws/install/realsense2_camera_msgs/include/realsense2_camera_msgs/realsense2_camera_msgs/msg/detail/metadata__rosidl_typesupport_introspection_c.h
[2.028s] -- Up-to-date: /home/nvidia/f1tenth_ws/install/realsense2_camera_msgs/include/realsense2_camera_msgs/realsense2_camera_msgs/msg/detail/rgbd__type_support.c
[2.029s] -- Up-to-date: /home/nvidia/f1tenth_ws/install/realsense2_camera_msgs/include/realsense2_camera_msgs/realsense2_camera_msgs/msg/detail/metadata__type_support.c
[2.029s] -- Up-to-date: /home/nvidia/f1tenth_ws/install/realsense2_camera_msgs/include/realsense2_camera_msgs/realsense2_camera_msgs/msg/detail/imu_info__rosidl_typesupport_introspection_c.h
[2.029s] -- Up-to-date: /home/nvidia/f1tenth_ws/install/realsense2_camera_msgs/include/realsense2_camera_msgs/realsense2_camera_msgs/msg/detail/imu_info__type_support.c
[2.030s] -- Up-to-date: /home/nvidia/f1tenth_ws/install/realsense2_camera_msgs/include/realsense2_camera_msgs/realsense2_camera_msgs/msg/detail/rgbd__rosidl_typesupport_introspection_c.h
[2.030s] -- Up-to-date: /home/nvidia/f1tenth_ws/install/realsense2_camera_msgs/include/realsense2_camera_msgs/realsense2_camera_msgs/msg/detail/extrinsics__type_support.c
[2.030s] -- Up-to-date: /home/nvidia/f1tenth_ws/install/realsense2_camera_msgs/include/realsense2_camera_msgs/realsense2_camera_msgs/msg/rosidl_typesupport_introspection_c__visibility_control.h
[2.031s] -- Up-to-date: /home/nvidia/f1tenth_ws/install/realsense2_camera_msgs/lib/librealsense2_camera_msgs__rosidl_typesupport_introspection_c.so
[2.033s] -- Up-to-date: /home/nvidia/f1tenth_ws/install/realsense2_camera_msgs/lib/librealsense2_camera_msgs__rosidl_typesupport_c.so
[2.033s] -- Up-to-date: /home/nvidia/f1tenth_ws/install/realsense2_camera_msgs/include/realsense2_camera_msgs/realsense2_camera_msgs
[2.034s] -- Up-to-date: /home/nvidia/f1tenth_ws/install/realsense2_camera_msgs/include/realsense2_camera_msgs/realsense2_camera_msgs/srv
[2.034s] -- Up-to-date: /home/nvidia/f1tenth_ws/install/realsense2_camera_msgs/include/realsense2_camera_msgs/realsense2_camera_msgs/srv/device_info.hpp
[2.035s] -- Up-to-date: /home/nvidia/f1tenth_ws/install/realsense2_camera_msgs/include/realsense2_camera_msgs/realsense2_camera_msgs/srv/detail
[2.035s] -- Up-to-date: /home/nvidia/f1tenth_ws/install/realsense2_camera_msgs/include/realsense2_camera_msgs/realsense2_camera_msgs/srv/detail/device_info__builder.hpp
[2.036s] -- Up-to-date: /home/nvidia/f1tenth_ws/install/realsense2_camera_msgs/include/realsense2_camera_msgs/realsense2_camera_msgs/srv/detail/device_info__traits.hpp
[2.036s] -- Up-to-date: /home/nvidia/f1tenth_ws/install/realsense2_camera_msgs/include/realsense2_camera_msgs/realsense2_camera_msgs/srv/detail/device_info__struct.hpp
[2.037s] -- Up-to-date: /home/nvidia/f1tenth_ws/install/realsense2_camera_msgs/include/realsense2_camera_msgs/realsense2_camera_msgs/msg
[2.037s] -- Up-to-date: /home/nvidia/f1tenth_ws/install/realsense2_camera_msgs/include/realsense2_camera_msgs/realsense2_camera_msgs/msg/imu_info.hpp
[2.037s] -- Up-to-date: /home/nvidia/f1tenth_ws/install/realsense2_camera_msgs/include/realsense2_camera_msgs/realsense2_camera_msgs/msg/metadata.hpp
[2.038s] -- Up-to-date: /home/nvidia/f1tenth_ws/install/realsense2_camera_msgs/include/realsense2_camera_msgs/realsense2_camera_msgs/msg/detail
[2.038s] -- Up-to-date: /home/nvidia/f1tenth_ws/install/realsense2_camera_msgs/include/realsense2_camera_msgs/realsense2_camera_msgs/msg/detail/rgbd__struct.hpp
[2.039s] -- Up-to-date: /home/nvidia/f1tenth_ws/install/realsense2_camera_msgs/include/realsense2_camera_msgs/realsense2_camera_msgs/msg/detail/rgbd__builder.hpp
[2.039s] -- Up-to-date: /home/nvidia/f1tenth_ws/install/realsense2_camera_msgs/include/realsense2_camera_msgs/realsense2_camera_msgs/msg/detail/imu_info__builder.hpp
[2.039s] -- Up-to-date: /home/nvidia/f1tenth_ws/install/realsense2_camera_msgs/include/realsense2_camera_msgs/realsense2_camera_msgs/msg/detail/imu_info__traits.hpp
[2.040s] -- Up-to-date: /home/nvidia/f1tenth_ws/install/realsense2_camera_msgs/include/realsense2_camera_msgs/realsense2_camera_msgs/msg/detail/metadata__builder.hpp
[2.041s] -- Up-to-date: /home/nvidia/f1tenth_ws/install/realsense2_camera_msgs/include/realsense2_camera_msgs/realsense2_camera_msgs/msg/detail/extrinsics__builder.hpp
[2.041s] -- Up-to-date: /home/nvidia/f1tenth_ws/install/realsense2_camera_msgs/include/realsense2_camera_msgs/realsense2_camera_msgs/msg/detail/metadata__traits.hpp
[2.042s] -- Up-to-date: /home/nvidia/f1tenth_ws/install/realsense2_camera_msgs/include/realsense2_camera_msgs/realsense2_camera_msgs/msg/detail/extrinsics__struct.hpp
[2.042s] -- Up-to-date: /home/nvidia/f1tenth_ws/install/realsense2_camera_msgs/include/realsense2_camera_msgs/realsense2_camera_msgs/msg/detail/extrinsics__traits.hpp
[2.042s] -- Up-to-date: /home/nvidia/f1tenth_ws/install/realsense2_camera_msgs/include/realsense2_camera_msgs/realsense2_camera_msgs/msg/detail/rgbd__traits.hpp
[2.043s] -- Up-to-date: /home/nvidia/f1tenth_ws/install/realsense2_camera_msgs/include/realsense2_camera_msgs/realsense2_camera_msgs/msg/detail/metadata__struct.hpp
[2.043s] -- Up-to-date: /home/nvidia/f1tenth_ws/install/realsense2_camera_msgs/include/realsense2_camera_msgs/realsense2_camera_msgs/msg/detail/imu_info__struct.hpp
[2.044s] -- Up-to-date: /home/nvidia/f1tenth_ws/install/realsense2_camera_msgs/include/realsense2_camera_msgs/realsense2_camera_msgs/msg/rgbd.hpp
[2.044s] -- Up-to-date: /home/nvidia/f1tenth_ws/install/realsense2_camera_msgs/include/realsense2_camera_msgs/realsense2_camera_msgs/msg/extrinsics.hpp
[2.045s] -- Up-to-date: /home/nvidia/f1tenth_ws/install/realsense2_camera_msgs/include/realsense2_camera_msgs/realsense2_camera_msgs
[2.046s] -- Up-to-date: /home/nvidia/f1tenth_ws/install/realsense2_camera_msgs/include/realsense2_camera_msgs/realsense2_camera_msgs/srv
[2.046s] -- Up-to-date: /home/nvidia/f1tenth_ws/install/realsense2_camera_msgs/include/realsense2_camera_msgs/realsense2_camera_msgs/srv/detail
[2.046s] -- Up-to-date: /home/nvidia/f1tenth_ws/install/realsense2_camera_msgs/include/realsense2_camera_msgs/realsense2_camera_msgs/srv/detail/dds_fastrtps
[2.047s] -- Up-to-date: /home/nvidia/f1tenth_ws/install/realsense2_camera_msgs/include/realsense2_camera_msgs/realsense2_camera_msgs/srv/detail/device_info__rosidl_typesupport_fastrtps_cpp.hpp
[2.047s] -- Up-to-date: /home/nvidia/f1tenth_ws/install/realsense2_camera_msgs/include/realsense2_camera_msgs/realsense2_camera_msgs/msg
[2.048s] -- Up-to-date: /home/nvidia/f1tenth_ws/install/realsense2_camera_msgs/include/realsense2_camera_msgs/realsense2_camera_msgs/msg/rosidl_typesupport_fastrtps_cpp__visibility_control.h
[2.048s] -- Up-to-date: /home/nvidia/f1tenth_ws/install/realsense2_camera_msgs/include/realsense2_camera_msgs/realsense2_camera_msgs/msg/detail
[2.049s] -- Up-to-date: /home/nvidia/f1tenth_ws/install/realsense2_camera_msgs/include/realsense2_camera_msgs/realsense2_camera_msgs/msg/detail/dds_fastrtps
[2.049s] -- Up-to-date: /home/nvidia/f1tenth_ws/install/realsense2_camera_msgs/include/realsense2_camera_msgs/realsense2_camera_msgs/msg/detail/metadata__rosidl_typesupport_fastrtps_cpp.hpp
[2.049s] -- Up-to-date: /home/nvidia/f1tenth_ws/install/realsense2_camera_msgs/include/realsense2_camera_msgs/realsense2_camera_msgs/msg/detail/imu_info__rosidl_typesupport_fastrtps_cpp.hpp
[2.049s] -- Up-to-date: /home/nvidia/f1tenth_ws/install/realsense2_camera_msgs/include/realsense2_camera_msgs/realsense2_camera_msgs/msg/detail/extrinsics__rosidl_typesupport_fastrtps_cpp.hpp
[2.050s] -- Up-to-date: /home/nvidia/f1tenth_ws/install/realsense2_camera_msgs/include/realsense2_camera_msgs/realsense2_camera_msgs/msg/detail/rgbd__rosidl_typesupport_fastrtps_cpp.hpp
[2.050s] -- Up-to-date: /home/nvidia/f1tenth_ws/install/realsense2_camera_msgs/lib/librealsense2_camera_msgs__rosidl_typesupport_fastrtps_cpp.so
[2.051s] -- Up-to-date: /home/nvidia/f1tenth_ws/install/realsense2_camera_msgs/include/realsense2_camera_msgs/realsense2_camera_msgs
[2.052s] -- Up-to-date: /home/nvidia/f1tenth_ws/install/realsense2_camera_msgs/include/realsense2_camera_msgs/realsense2_camera_msgs/srv
[2.052s] -- Up-to-date: /home/nvidia/f1tenth_ws/install/realsense2_camera_msgs/include/realsense2_camera_msgs/realsense2_camera_msgs/srv/detail
[2.053s] -- Up-to-date: /home/nvidia/f1tenth_ws/install/realsense2_camera_msgs/include/realsense2_camera_msgs/realsense2_camera_msgs/srv/detail/device_info__type_support.cpp
[2.053s] -- Up-to-date: /home/nvidia/f1tenth_ws/install/realsense2_camera_msgs/include/realsense2_camera_msgs/realsense2_camera_msgs/srv/detail/device_info__rosidl_typesupport_introspection_cpp.hpp
[2.053s] -- Up-to-date: /home/nvidia/f1tenth_ws/install/realsense2_camera_msgs/include/realsense2_camera_msgs/realsense2_camera_msgs/msg
[2.053s] -- Up-to-date: /home/nvidia/f1tenth_ws/install/realsense2_camera_msgs/include/realsense2_camera_msgs/realsense2_camera_msgs/msg/detail
[2.054s] -- Up-to-date: /home/nvidia/f1tenth_ws/install/realsense2_camera_msgs/include/realsense2_camera_msgs/realsense2_camera_msgs/msg/detail/metadata__type_support.cpp
[2.055s] -- Up-to-date: /home/nvidia/f1tenth_ws/install/realsense2_camera_msgs/include/realsense2_camera_msgs/realsense2_camera_msgs/msg/detail/metadata__rosidl_typesupport_introspection_cpp.hpp
[2.055s] -- Up-to-date: /home/nvidia/f1tenth_ws/install/realsense2_camera_msgs/include/realsense2_camera_msgs/realsense2_camera_msgs/msg/detail/imu_info__type_support.cpp
[2.055s] -- Up-to-date: /home/nvidia/f1tenth_ws/install/realsense2_camera_msgs/include/realsense2_camera_msgs/realsense2_camera_msgs/msg/detail/rgbd__rosidl_typesupport_introspection_cpp.hpp
[2.055s] -- Up-to-date: /home/nvidia/f1tenth_ws/install/realsense2_camera_msgs/include/realsense2_camera_msgs/realsense2_camera_msgs/msg/detail/imu_info__rosidl_typesupport_introspection_cpp.hpp
[2.056s] -- Up-to-date: /home/nvidia/f1tenth_ws/install/realsense2_camera_msgs/include/realsense2_camera_msgs/realsense2_camera_msgs/msg/detail/rgbd__type_support.cpp
[2.056s] -- Up-to-date: /home/nvidia/f1tenth_ws/install/realsense2_camera_msgs/include/realsense2_camera_msgs/realsense2_camera_msgs/msg/detail/extrinsics__type_support.cpp
[2.056s] -- Up-to-date: /home/nvidia/f1tenth_ws/install/realsense2_camera_msgs/include/realsense2_camera_msgs/realsense2_camera_msgs/msg/detail/extrinsics__rosidl_typesupport_introspection_cpp.hpp
[2.057s] -- Up-to-date: /home/nvidia/f1tenth_ws/install/realsense2_camera_msgs/lib/librealsense2_camera_msgs__rosidl_typesupport_introspection_cpp.so
[2.058s] -- Up-to-date: /home/nvidia/f1tenth_ws/install/realsense2_camera_msgs/lib/librealsense2_camera_msgs__rosidl_typesupport_cpp.so
[2.058s] -- Up-to-date: /home/nvidia/f1tenth_ws/install/realsense2_camera_msgs/share/realsense2_camera_msgs/environment/pythonpath.sh
[2.058s] -- Up-to-date: /home/nvidia/f1tenth_ws/install/realsense2_camera_msgs/share/realsense2_camera_msgs/environment/pythonpath.dsv
[2.059s] -- Up-to-date: /home/nvidia/f1tenth_ws/install/realsense2_camera_msgs/local/lib/python3.10/dist-packages/realsense2_camera_msgs-4.54.1-py3.10.egg-info
[2.059s] -- Installing: /home/nvidia/f1tenth_ws/install/realsense2_camera_msgs/local/lib/python3.10/dist-packages/realsense2_camera_msgs-4.54.1-py3.10.egg-info/dependency_links.txt
[2.060s] -- Installing: /home/nvidia/f1tenth_ws/install/realsense2_camera_msgs/local/lib/python3.10/dist-packages/realsense2_camera_msgs-4.54.1-py3.10.egg-info/PKG-INFO
[2.061s] -- Installing: /home/nvidia/f1tenth_ws/install/realsense2_camera_msgs/local/lib/python3.10/dist-packages/realsense2_camera_msgs-4.54.1-py3.10.egg-info/SOURCES.txt
[2.061s] -- Installing: /home/nvidia/f1tenth_ws/install/realsense2_camera_msgs/local/lib/python3.10/dist-packages/realsense2_camera_msgs-4.54.1-py3.10.egg-info/top_level.txt
[2.062s] -- Up-to-date: /home/nvidia/f1tenth_ws/install/realsense2_camera_msgs/local/lib/python3.10/dist-packages/realsense2_camera_msgs
[2.063s] -- Up-to-date: /home/nvidia/f1tenth_ws/install/realsense2_camera_msgs/local/lib/python3.10/dist-packages/realsense2_camera_msgs/realsense2_camera_msgs_s__rosidl_typesupport_fastrtps_c.cpython-310-aarch64-linux-gnu.so
[2.063s] -- Up-to-date: /home/nvidia/f1tenth_ws/install/realsense2_camera_msgs/local/lib/python3.10/dist-packages/realsense2_camera_msgs/_realsense2_camera_msgs_s.ep.rosidl_typesupport_introspection_c.c
[2.064s] -- Up-to-date: /home/nvidia/f1tenth_ws/install/realsense2_camera_msgs/local/lib/python3.10/dist-packages/realsense2_camera_msgs/_realsense2_camera_msgs_s.ep.rosidl_typesupport_fastrtps_c.c
[2.064s] -- Up-to-date: /home/nvidia/f1tenth_ws/install/realsense2_camera_msgs/local/lib/python3.10/dist-packages/realsense2_camera_msgs/srv
[2.065s] -- Up-to-date: /home/nvidia/f1tenth_ws/install/realsense2_camera_msgs/local/lib/python3.10/dist-packages/realsense2_camera_msgs/srv/__init__.py
[2.065s] -- Up-to-date: /home/nvidia/f1tenth_ws/install/realsense2_camera_msgs/local/lib/python3.10/dist-packages/realsense2_camera_msgs/srv/_device_info_s.c
[2.066s] -- Up-to-date: /home/nvidia/f1tenth_ws/install/realsense2_camera_msgs/local/lib/python3.10/dist-packages/realsense2_camera_msgs/srv/_device_info.py
[2.066s] -- Up-to-date: /home/nvidia/f1tenth_ws/install/realsense2_camera_msgs/local/lib/python3.10/dist-packages/realsense2_camera_msgs/__init__.py
[2.066s] -- Up-to-date: /home/nvidia/f1tenth_ws/install/realsense2_camera_msgs/local/lib/python3.10/dist-packages/realsense2_camera_msgs/realsense2_camera_msgs_s__rosidl_typesupport_c.cpython-310-aarch64-linux-gnu.so
[2.067s] -- Up-to-date: /home/nvidia/f1tenth_ws/install/realsense2_camera_msgs/local/lib/python3.10/dist-packages/realsense2_camera_msgs/librealsense2_camera_msgs__rosidl_generator_py.so
[2.067s] -- Up-to-date: /home/nvidia/f1tenth_ws/install/realsense2_camera_msgs/local/lib/python3.10/dist-packages/realsense2_camera_msgs/msg
[2.067s] -- Up-to-date: /home/nvidia/f1tenth_ws/install/realsense2_camera_msgs/local/lib/python3.10/dist-packages/realsense2_camera_msgs/msg/_imu_info.py
[2.068s] -- Up-to-date: /home/nvidia/f1tenth_ws/install/realsense2_camera_msgs/local/lib/python3.10/dist-packages/realsense2_camera_msgs/msg/_metadata_s.c
[2.069s] -- Up-to-date: /home/nvidia/f1tenth_ws/install/realsense2_camera_msgs/local/lib/python3.10/dist-packages/realsense2_camera_msgs/msg/_imu_info_s.c
[2.069s] -- Up-to-date: /home/nvidia/f1tenth_ws/install/realsense2_camera_msgs/local/lib/python3.10/dist-packages/realsense2_camera_msgs/msg/_extrinsics.py
[2.069s] -- Up-to-date: /home/nvidia/f1tenth_ws/install/realsense2_camera_msgs/local/lib/python3.10/dist-packages/realsense2_camera_msgs/msg/__init__.py
[2.069s] -- Up-to-date: /home/nvidia/f1tenth_ws/install/realsense2_camera_msgs/local/lib/python3.10/dist-packages/realsense2_camera_msgs/msg/_extrinsics_s.c
[2.069s] -- Up-to-date: /home/nvidia/f1tenth_ws/install/realsense2_camera_msgs/local/lib/python3.10/dist-packages/realsense2_camera_msgs/msg/_rgbd.py
[2.070s] -- Up-to-date: /home/nvidia/f1tenth_ws/install/realsense2_camera_msgs/local/lib/python3.10/dist-packages/realsense2_camera_msgs/msg/_rgbd_s.c
[2.071s] -- Up-to-date: /home/nvidia/f1tenth_ws/install/realsense2_camera_msgs/local/lib/python3.10/dist-packages/realsense2_camera_msgs/msg/_metadata.py
[2.072s] -- Up-to-date: /home/nvidia/f1tenth_ws/install/realsense2_camera_msgs/local/lib/python3.10/dist-packages/realsense2_camera_msgs/realsense2_camera_msgs_s__rosidl_typesupport_introspection_c.cpython-310-aarch64-linux-gnu.so
[2.072s] -- Up-to-date: /home/nvidia/f1tenth_ws/install/realsense2_camera_msgs/local/lib/python3.10/dist-packages/realsense2_camera_msgs/_realsense2_camera_msgs_s.ep.rosidl_typesupport_c.c
[2.171s] Listing '/home/nvidia/f1tenth_ws/install/realsense2_camera_msgs/local/lib/python3.10/dist-packages/realsense2_camera_msgs'...
[2.171s] Listing '/home/nvidia/f1tenth_ws/install/realsense2_camera_msgs/local/lib/python3.10/dist-packages/realsense2_camera_msgs/msg'...
[2.171s] Listing '/home/nvidia/f1tenth_ws/install/realsense2_camera_msgs/local/lib/python3.10/dist-packages/realsense2_camera_msgs/srv'...
[2.185s] -- Up-to-date: /home/nvidia/f1tenth_ws/install/realsense2_camera_msgs/local/lib/python3.10/dist-packages/realsense2_camera_msgs/realsense2_camera_msgs_s__rosidl_typesupport_fastrtps_c.cpython-310-aarch64-linux-gnu.so
[2.186s] -- Up-to-date: /home/nvidia/f1tenth_ws/install/realsense2_camera_msgs/local/lib/python3.10/dist-packages/realsense2_camera_msgs/realsense2_camera_msgs_s__rosidl_typesupport_introspection_c.cpython-310-aarch64-linux-gnu.so
[2.188s] -- Up-to-date: /home/nvidia/f1tenth_ws/install/realsense2_camera_msgs/local/lib/python3.10/dist-packages/realsense2_camera_msgs/realsense2_camera_msgs_s__rosidl_typesupport_c.cpython-310-aarch64-linux-gnu.so
[2.189s] -- Up-to-date: /home/nvidia/f1tenth_ws/install/realsense2_camera_msgs/lib/librealsense2_camera_msgs__rosidl_generator_py.so
[2.190s] -- Up-to-date: /home/nvidia/f1tenth_ws/install/realsense2_camera_msgs/share/realsense2_camera_msgs/msg/IMUInfo.idl
[2.191s] -- Up-to-date: /home/nvidia/f1tenth_ws/install/realsense2_camera_msgs/share/realsense2_camera_msgs/msg/Extrinsics.idl
[2.191s] -- Up-to-date: /home/nvidia/f1tenth_ws/install/realsense2_camera_msgs/share/realsense2_camera_msgs/msg/Metadata.idl
[2.191s] -- Up-to-date: /home/nvidia/f1tenth_ws/install/realsense2_camera_msgs/share/realsense2_camera_msgs/msg/RGBD.idl
[2.192s] -- Up-to-date: /home/nvidia/f1tenth_ws/install/realsense2_camera_msgs/share/realsense2_camera_msgs/srv/DeviceInfo.idl
[2.192s] -- Up-to-date: /home/nvidia/f1tenth_ws/install/realsense2_camera_msgs/share/realsense2_camera_msgs/msg/IMUInfo.msg
[2.193s] -- Up-to-date: /home/nvidia/f1tenth_ws/install/realsense2_camera_msgs/share/realsense2_camera_msgs/msg/Extrinsics.msg
[2.194s] -- Up-to-date: /home/nvidia/f1tenth_ws/install/realsense2_camera_msgs/share/realsense2_camera_msgs/msg/Metadata.msg
[2.194s] -- Up-to-date: /home/nvidia/f1tenth_ws/install/realsense2_camera_msgs/share/realsense2_camera_msgs/msg/RGBD.msg
[2.194s] -- Up-to-date: /home/nvidia/f1tenth_ws/install/realsense2_camera_msgs/share/realsense2_camera_msgs/srv/DeviceInfo.srv
[2.195s] -- Up-to-date: /home/nvidia/f1tenth_ws/install/realsense2_camera_msgs/share/realsense2_camera_msgs/srv/DeviceInfo_Request.msg
[2.195s] -- Up-to-date: /home/nvidia/f1tenth_ws/install/realsense2_camera_msgs/share/realsense2_camera_msgs/srv/DeviceInfo_Response.msg
[2.204s] -- Up-to-date: /home/nvidia/f1tenth_ws/install/realsense2_camera_msgs/share/ament_index/resource_index/package_run_dependencies/realsense2_camera_msgs
[2.204s] -- Up-to-date: /home/nvidia/f1tenth_ws/install/realsense2_camera_msgs/share/ament_index/resource_index/parent_prefix_path/realsense2_camera_msgs
[2.205s] -- Up-to-date: /home/nvidia/f1tenth_ws/install/realsense2_camera_msgs/share/realsense2_camera_msgs/environment/ament_prefix_path.sh
[2.205s] -- Up-to-date: /home/nvidia/f1tenth_ws/install/realsense2_camera_msgs/share/realsense2_camera_msgs/environment/ament_prefix_path.dsv
[2.205s] -- Up-to-date: /home/nvidia/f1tenth_ws/install/realsense2_camera_msgs/share/realsense2_camera_msgs/environment/path.sh
[2.206s] -- Up-to-date: /home/nvidia/f1tenth_ws/install/realsense2_camera_msgs/share/realsense2_camera_msgs/environment/path.dsv
[2.207s] -- Up-to-date: /home/nvidia/f1tenth_ws/install/realsense2_camera_msgs/share/realsense2_camera_msgs/local_setup.bash
[2.207s] -- Up-to-date: /home/nvidia/f1tenth_ws/install/realsense2_camera_msgs/share/realsense2_camera_msgs/local_setup.sh
[2.207s] -- Up-to-date: /home/nvidia/f1tenth_ws/install/realsense2_camera_msgs/share/realsense2_camera_msgs/local_setup.zsh
[2.207s] -- Up-to-date: /home/nvidia/f1tenth_ws/install/realsense2_camera_msgs/share/realsense2_camera_msgs/local_setup.dsv
[2.215s] -- Installing: /home/nvidia/f1tenth_ws/install/realsense2_camera_msgs/share/realsense2_camera_msgs/package.dsv
[2.215s] -- Up-to-date: /home/nvidia/f1tenth_ws/install/realsense2_camera_msgs/share/ament_index/resource_index/packages/realsense2_camera_msgs
[2.217s] -- Up-to-date: /home/nvidia/f1tenth_ws/install/realsense2_camera_msgs/share/realsense2_camera_msgs/cmake/export_realsense2_camera_msgs__rosidl_generator_cExport.cmake
[2.217s] -- Up-to-date: /home/nvidia/f1tenth_ws/install/realsense2_camera_msgs/share/realsense2_camera_msgs/cmake/export_realsense2_camera_msgs__rosidl_generator_cExport-noconfig.cmake
[2.218s] -- Up-to-date: /home/nvidia/f1tenth_ws/install/realsense2_camera_msgs/share/realsense2_camera_msgs/cmake/export_realsense2_camera_msgs__rosidl_typesupport_fastrtps_cExport.cmake
[2.218s] -- Up-to-date: /home/nvidia/f1tenth_ws/install/realsense2_camera_msgs/share/realsense2_camera_msgs/cmake/export_realsense2_camera_msgs__rosidl_typesupport_fastrtps_cExport-noconfig.cmake
[2.218s] -- Up-to-date: /home/nvidia/f1tenth_ws/install/realsense2_camera_msgs/share/realsense2_camera_msgs/cmake/realsense2_camera_msgs__rosidl_typesupport_introspection_cExport.cmake
[2.218s] -- Up-to-date: /home/nvidia/f1tenth_ws/install/realsense2_camera_msgs/share/realsense2_camera_msgs/cmake/realsense2_camera_msgs__rosidl_typesupport_introspection_cExport-noconfig.cmake
[2.218s] -- Up-to-date: /home/nvidia/f1tenth_ws/install/realsense2_camera_msgs/share/realsense2_camera_msgs/cmake/realsense2_camera_msgs__rosidl_typesupport_cExport.cmake
[2.218s] -- Up-to-date: /home/nvidia/f1tenth_ws/install/realsense2_camera_msgs/share/realsense2_camera_msgs/cmake/realsense2_camera_msgs__rosidl_typesupport_cExport-noconfig.cmake
[2.219s] -- Up-to-date: /home/nvidia/f1tenth_ws/install/realsense2_camera_msgs/share/realsense2_camera_msgs/cmake/export_realsense2_camera_msgs__rosidl_generator_cppExport.cmake
[2.219s] -- Up-to-date: /home/nvidia/f1tenth_ws/install/realsense2_camera_msgs/share/realsense2_camera_msgs/cmake/export_realsense2_camera_msgs__rosidl_typesupport_fastrtps_cppExport.cmake
[2.219s] -- Up-to-date: /home/nvidia/f1tenth_ws/install/realsense2_camera_msgs/share/realsense2_camera_msgs/cmake/export_realsense2_camera_msgs__rosidl_typesupport_fastrtps_cppExport-noconfig.cmake
[2.219s] -- Up-to-date: /home/nvidia/f1tenth_ws/install/realsense2_camera_msgs/share/realsense2_camera_msgs/cmake/realsense2_camera_msgs__rosidl_typesupport_introspection_cppExport.cmake
[2.219s] -- Up-to-date: /home/nvidia/f1tenth_ws/install/realsense2_camera_msgs/share/realsense2_camera_msgs/cmake/realsense2_camera_msgs__rosidl_typesupport_introspection_cppExport-noconfig.cmake
[2.219s] -- Up-to-date: /home/nvidia/f1tenth_ws/install/realsense2_camera_msgs/share/realsense2_camera_msgs/cmake/realsense2_camera_msgs__rosidl_typesupport_cppExport.cmake
[2.220s] -- Up-to-date: /home/nvidia/f1tenth_ws/install/realsense2_camera_msgs/share/realsense2_camera_msgs/cmake/realsense2_camera_msgs__rosidl_typesupport_cppExport-noconfig.cmake
[2.220s] -- Up-to-date: /home/nvidia/f1tenth_ws/install/realsense2_camera_msgs/share/realsense2_camera_msgs/cmake/export_realsense2_camera_msgs__rosidl_generator_pyExport.cmake
[2.220s] -- Up-to-date: /home/nvidia/f1tenth_ws/install/realsense2_camera_msgs/share/realsense2_camera_msgs/cmake/export_realsense2_camera_msgs__rosidl_generator_pyExport-noconfig.cmake
[2.220s] -- Up-to-date: /home/nvidia/f1tenth_ws/install/realsense2_camera_msgs/share/realsense2_camera_msgs/cmake/rosidl_cmake-extras.cmake
[2.220s] -- Up-to-date: /home/nvidia/f1tenth_ws/install/realsense2_camera_msgs/share/realsense2_camera_msgs/cmake/ament_cmake_export_dependencies-extras.cmake
[2.220s] -- Up-to-date: /home/nvidia/f1tenth_ws/install/realsense2_camera_msgs/share/realsense2_camera_msgs/cmake/ament_cmake_export_include_directories-extras.cmake
[2.220s] -- Up-to-date: /home/nvidia/f1tenth_ws/install/realsense2_camera_msgs/share/realsense2_camera_msgs/cmake/ament_cmake_export_libraries-extras.cmake
[2.220s] -- Up-to-date: /home/nvidia/f1tenth_ws/install/realsense2_camera_msgs/share/realsense2_camera_msgs/cmake/ament_cmake_export_targets-extras.cmake
[2.221s] -- Up-to-date: /home/nvidia/f1tenth_ws/install/realsense2_camera_msgs/share/realsense2_camera_msgs/cmake/rosidl_cmake_export_typesupport_targets-extras.cmake
[2.221s] -- Up-to-date: /home/nvidia/f1tenth_ws/install/realsense2_camera_msgs/share/realsense2_camera_msgs/cmake/rosidl_cmake_export_typesupport_libraries-extras.cmake
[2.221s] -- Up-to-date: /home/nvidia/f1tenth_ws/install/realsense2_camera_msgs/share/realsense2_camera_msgs/cmake/realsense2_camera_msgsConfig.cmake
[2.221s] -- Up-to-date: /home/nvidia/f1tenth_ws/install/realsense2_camera_msgs/share/realsense2_camera_msgs/cmake/realsense2_camera_msgsConfig-version.cmake
[2.221s] -- Up-to-date: /home/nvidia/f1tenth_ws/install/realsense2_camera_msgs/share/realsense2_camera_msgs/package.xml
[2.246s] Invoked command in '/home/nvidia/f1tenth_ws/build/realsense2_camera_msgs' returned '0': CMAKE_PREFIX_PATH=${CMAKE_PREFIX_PATH}:/home/nvidia/f1tenth_ws/install/f1tenth_stack:/home/nvidia/f1tenth_ws/install/joy_teleop:/home/nvidia/f1tenth_ws/install/mouse_teleop:/home/nvidia/f1tenth_ws/install/key_teleop:/opt/ros/humble /usr/bin/cmake --install /home/nvidia/f1tenth_ws/build/realsense2_camera_msgs
