[0.035s] Invoking command in '/home/nvidia/f1tenth_ws/build/ouster_ros': CMAKE_PREFIX_PATH=/home/nvidia/f1tenth_ws/install/ouster_sensor_msgs:/home/nvidia/f1tenth_ws/install/vesc:/home/nvidia/f1tenth_ws/install/vesc_driver:/home/nvidia/f1tenth_ws/install/vesc_ackermann:/home/nvidia/f1tenth_ws/install/vesc_msgs:/home/nvidia/f1tenth_ws/install/teleop_tools:/home/nvidia/f1tenth_ws/install/teleop_tools_msgs:/home/nvidia/f1tenth_ws/install/ros2_ouster:/home/nvidia/f1tenth_ws/install/realsense2_description:/home/nvidia/f1tenth_ws/install/realsense2_camera:/home/nvidia/f1tenth_ws/install/realsense2_camera_msgs:/home/nvidia/f1tenth_ws/install/ouster_ros:/home/nvidia/f1tenth_ws/install/ouster_msgs:/home/nvidia/f1tenth_ws/install/fixposition_odometry_converter_ros2:/home/nvidia/f1tenth_ws/install/fixposition_driver_ros2:/home/nvidia/f1tenth_ws/install/fixposition_driver_lib:/home/nvidia/f1tenth_ws/install/fixposition_gnss_tf:/home/nvidia/f1tenth_ws/install/ackermann_mux:/home/nvidia/f1tenth_ws/install/f1tenth_stack:/home/nvidia/f1tenth_ws/install/joy_teleop:/home/nvidia/f1tenth_ws/install/mouse_teleop:/home/nvidia/f1tenth_ws/install/key_teleop:/opt/ros/humble LD_LIBRARY_PATH=/home/nvidia/f1tenth_ws/install/ouster_sensor_msgs/lib:/home/nvidia/f1tenth_ws/install/vesc_driver/lib:/home/nvidia/f1tenth_ws/install/vesc_ackermann/lib:/home/nvidia/f1tenth_ws/install/vesc_msgs/lib:/home/nvidia/f1tenth_ws/install/teleop_tools_msgs/lib:/home/nvidia/f1tenth_ws/install/ros2_ouster/lib:/home/nvidia/f1tenth_ws/install/realsense2_camera/lib:/home/nvidia/f1tenth_ws/install/realsense2_camera_msgs/lib:/home/nvidia/f1tenth_ws/install/ouster_ros/lib:/home/nvidia/f1tenth_ws/install/ouster_msgs/lib:/home/nvidia/f1tenth_ws/install/fixposition_odometry_converter_ros2/lib:/home/nvidia/f1tenth_ws/install/fixposition_driver_ros2/lib:/home/nvidia/f1tenth_ws/install/fixposition_driver_lib/lib:/home/nvidia/f1tenth_ws/install/fixposition_gnss_tf/lib:/opt/ros/humble/opt/rviz_ogre_vendor/lib:/opt/ros/humble/lib/aarch64-linux-gnu:/opt/ros/humble/lib:/usr/local/cuda-12.2/lib64 /usr/bin/cmake --build /home/nvidia/f1tenth_ws/build/ouster_ros -- -j6 -l6
[0.230s] [34m[1mGenerating build info header[0m
[0.251s] [  3%] Built target os_replay
[0.279s] [  7%] Built target os_sensor
[0.302s] [ 11%] Built target os_cloud
[0.326s] [ 15%] Built target os_image
[0.327s] [ 18%] Built target os_driver
[0.349s] [ 18%] Built target ouster_generate_header
[0.382s] [ 22%] Built target gtest
[0.386s] [ 26%] Built target gtest_main
[0.434s] [ 54%] Built target ouster_client
[0.519s] [ 58%] Built target ouster_ros_library
[0.629s] [ 64%] Built target os_replay_component
[0.656s] [ 69%] Built target os_cloud_component
[0.663s] [ 77%] Built target os_driver_component
[0.675s] [ 83%] Built target os_sensor_component
[0.676s] [ 88%] Built target os_image_component
[0.704s] [100%] Built target ouster_ros_test
[0.735s] Invoked command in '/home/nvidia/f1tenth_ws/build/ouster_ros' returned '0': CMAKE_PREFIX_PATH=/home/nvidia/f1tenth_ws/install/ouster_sensor_msgs:/home/nvidia/f1tenth_ws/install/vesc:/home/nvidia/f1tenth_ws/install/vesc_driver:/home/nvidia/f1tenth_ws/install/vesc_ackermann:/home/nvidia/f1tenth_ws/install/vesc_msgs:/home/nvidia/f1tenth_ws/install/teleop_tools:/home/nvidia/f1tenth_ws/install/teleop_tools_msgs:/home/nvidia/f1tenth_ws/install/ros2_ouster:/home/nvidia/f1tenth_ws/install/realsense2_description:/home/nvidia/f1tenth_ws/install/realsense2_camera:/home/nvidia/f1tenth_ws/install/realsense2_camera_msgs:/home/nvidia/f1tenth_ws/install/ouster_ros:/home/nvidia/f1tenth_ws/install/ouster_msgs:/home/nvidia/f1tenth_ws/install/fixposition_odometry_converter_ros2:/home/nvidia/f1tenth_ws/install/fixposition_driver_ros2:/home/nvidia/f1tenth_ws/install/fixposition_driver_lib:/home/nvidia/f1tenth_ws/install/fixposition_gnss_tf:/home/nvidia/f1tenth_ws/install/ackermann_mux:/home/nvidia/f1tenth_ws/install/f1tenth_stack:/home/nvidia/f1tenth_ws/install/joy_teleop:/home/nvidia/f1tenth_ws/install/mouse_teleop:/home/nvidia/f1tenth_ws/install/key_teleop:/opt/ros/humble LD_LIBRARY_PATH=/home/nvidia/f1tenth_ws/install/ouster_sensor_msgs/lib:/home/nvidia/f1tenth_ws/install/vesc_driver/lib:/home/nvidia/f1tenth_ws/install/vesc_ackermann/lib:/home/nvidia/f1tenth_ws/install/vesc_msgs/lib:/home/nvidia/f1tenth_ws/install/teleop_tools_msgs/lib:/home/nvidia/f1tenth_ws/install/ros2_ouster/lib:/home/nvidia/f1tenth_ws/install/realsense2_camera/lib:/home/nvidia/f1tenth_ws/install/realsense2_camera_msgs/lib:/home/nvidia/f1tenth_ws/install/ouster_ros/lib:/home/nvidia/f1tenth_ws/install/ouster_msgs/lib:/home/nvidia/f1tenth_ws/install/fixposition_odometry_converter_ros2/lib:/home/nvidia/f1tenth_ws/install/fixposition_driver_ros2/lib:/home/nvidia/f1tenth_ws/install/fixposition_driver_lib/lib:/home/nvidia/f1tenth_ws/install/fixposition_gnss_tf/lib:/opt/ros/humble/opt/rviz_ogre_vendor/lib:/opt/ros/humble/lib/aarch64-linux-gnu:/opt/ros/humble/lib:/usr/local/cuda-12.2/lib64 /usr/bin/cmake --build /home/nvidia/f1tenth_ws/build/ouster_ros -- -j6 -l6
[0.937s] Invoking command in '/home/nvidia/f1tenth_ws/build/ouster_ros': CMAKE_PREFIX_PATH=/home/nvidia/f1tenth_ws/install/ouster_sensor_msgs:/home/nvidia/f1tenth_ws/install/vesc:/home/nvidia/f1tenth_ws/install/vesc_driver:/home/nvidia/f1tenth_ws/install/vesc_ackermann:/home/nvidia/f1tenth_ws/install/vesc_msgs:/home/nvidia/f1tenth_ws/install/teleop_tools:/home/nvidia/f1tenth_ws/install/teleop_tools_msgs:/home/nvidia/f1tenth_ws/install/ros2_ouster:/home/nvidia/f1tenth_ws/install/realsense2_description:/home/nvidia/f1tenth_ws/install/realsense2_camera:/home/nvidia/f1tenth_ws/install/realsense2_camera_msgs:/home/nvidia/f1tenth_ws/install/ouster_ros:/home/nvidia/f1tenth_ws/install/ouster_msgs:/home/nvidia/f1tenth_ws/install/fixposition_odometry_converter_ros2:/home/nvidia/f1tenth_ws/install/fixposition_driver_ros2:/home/nvidia/f1tenth_ws/install/fixposition_driver_lib:/home/nvidia/f1tenth_ws/install/fixposition_gnss_tf:/home/nvidia/f1tenth_ws/install/ackermann_mux:/home/nvidia/f1tenth_ws/install/f1tenth_stack:/home/nvidia/f1tenth_ws/install/joy_teleop:/home/nvidia/f1tenth_ws/install/mouse_teleop:/home/nvidia/f1tenth_ws/install/key_teleop:/opt/ros/humble LD_LIBRARY_PATH=/home/nvidia/f1tenth_ws/install/ouster_sensor_msgs/lib:/home/nvidia/f1tenth_ws/install/vesc_driver/lib:/home/nvidia/f1tenth_ws/install/vesc_ackermann/lib:/home/nvidia/f1tenth_ws/install/vesc_msgs/lib:/home/nvidia/f1tenth_ws/install/teleop_tools_msgs/lib:/home/nvidia/f1tenth_ws/install/ros2_ouster/lib:/home/nvidia/f1tenth_ws/install/realsense2_camera/lib:/home/nvidia/f1tenth_ws/install/realsense2_camera_msgs/lib:/home/nvidia/f1tenth_ws/install/ouster_ros/lib:/home/nvidia/f1tenth_ws/install/ouster_msgs/lib:/home/nvidia/f1tenth_ws/install/fixposition_odometry_converter_ros2/lib:/home/nvidia/f1tenth_ws/install/fixposition_driver_ros2/lib:/home/nvidia/f1tenth_ws/install/fixposition_driver_lib/lib:/home/nvidia/f1tenth_ws/install/fixposition_gnss_tf/lib:/opt/ros/humble/opt/rviz_ogre_vendor/lib:/opt/ros/humble/lib/aarch64-linux-gnu:/opt/ros/humble/lib:/usr/local/cuda-12.2/lib64 /usr/bin/cmake --install /home/nvidia/f1tenth_ws/build/ouster_ros
[0.958s] -- Install configuration: "Release"
[0.959s] -- Up-to-date: /home/nvidia/f1tenth_ws/install/ouster_ros/lib/ouster_ros/os_sensor
[0.959s] -- Up-to-date: /home/nvidia/f1tenth_ws/install/ouster_ros/lib/ouster_ros/os_replay
[0.959s] -- Up-to-date: /home/nvidia/f1tenth_ws/install/ouster_ros/lib/ouster_ros/os_cloud
[0.960s] -- Up-to-date: /home/nvidia/f1tenth_ws/install/ouster_ros/lib/ouster_ros/os_image
[0.961s] -- Up-to-date: /home/nvidia/f1tenth_ws/install/ouster_ros/lib/ouster_ros/os_driver
[0.961s] -- Up-to-date: /home/nvidia/f1tenth_ws/install/ouster_ros/lib/libouster_ros_library.so
[0.961s] -- Up-to-date: /home/nvidia/f1tenth_ws/install/ouster_ros/lib/libos_sensor_component.so
[0.962s] -- Up-to-date: /home/nvidia/f1tenth_ws/install/ouster_ros/lib/libos_replay_component.so
[0.962s] -- Up-to-date: /home/nvidia/f1tenth_ws/install/ouster_ros/lib/libos_cloud_component.so
[0.963s] -- Up-to-date: /home/nvidia/f1tenth_ws/install/ouster_ros/lib/libos_image_component.so
[0.963s] -- Up-to-date: /home/nvidia/f1tenth_ws/install/ouster_ros/lib/libos_driver_component.so
[0.963s] -- Up-to-date: /home/nvidia/f1tenth_ws/install/ouster_ros/include/ouster_ros/include
[0.963s] -- Up-to-date: /home/nvidia/f1tenth_ws/install/ouster_ros/include/ouster_ros/include/ouster_ros
[0.964s] -- Up-to-date: /home/nvidia/f1tenth_ws/install/ouster_ros/include/ouster_ros/include/ouster_ros/sensor_point_types.h
[0.964s] -- Up-to-date: /home/nvidia/f1tenth_ws/install/ouster_ros/include/ouster_ros/include/ouster_ros/os_sensor_node_base.h
[0.964s] -- Up-to-date: /home/nvidia/f1tenth_ws/install/ouster_ros/include/ouster_ros/include/ouster_ros/os_point.h
[0.964s] -- Up-to-date: /home/nvidia/f1tenth_ws/install/ouster_ros/include/ouster_ros/include/ouster_ros/common_point_types.h
[0.965s] -- Up-to-date: /home/nvidia/f1tenth_ws/install/ouster_ros/include/ouster_ros/include/ouster_ros/visibility_control.h
[0.965s] -- Up-to-date: /home/nvidia/f1tenth_ws/install/ouster_ros/include/ouster_ros/include/ouster_ros/os_ros.h
[0.965s] -- Up-to-date: /home/nvidia/f1tenth_ws/install/ouster_ros/include/ouster_ros/include/ouster_ros/os_processing_node_base.h
[0.965s] -- Up-to-date: /home/nvidia/f1tenth_ws/install/ouster_ros/include/ouster_ros/include
[0.965s] -- Up-to-date: /home/nvidia/f1tenth_ws/install/ouster_ros/include/ouster_ros/include/ouster
[0.965s] -- Up-to-date: /home/nvidia/f1tenth_ws/install/ouster_ros/include/ouster_ros/include/ouster/impl
[0.965s] -- Up-to-date: /home/nvidia/f1tenth_ws/install/ouster_ros/include/ouster_ros/include/ouster/impl/packet_writer.h
[0.965s] -- Up-to-date: /home/nvidia/f1tenth_ws/install/ouster_ros/include/ouster_ros/include/ouster/impl/profile_extension.h
[0.966s] -- Up-to-date: /home/nvidia/f1tenth_ws/install/ouster_ros/include/ouster_ros/include/ouster/impl/cartesian.h
[0.966s] -- Up-to-date: /home/nvidia/f1tenth_ws/install/ouster_ros/include/ouster_ros/include/ouster/impl/lidar_scan_impl.h
[0.966s] -- Up-to-date: /home/nvidia/f1tenth_ws/install/ouster_ros/include/ouster_ros/include/ouster/lidar_scan.h
[0.966s] -- Up-to-date: /home/nvidia/f1tenth_ws/install/ouster_ros/include/ouster_ros/include/ouster/defaults.h
[0.967s] -- Up-to-date: /home/nvidia/f1tenth_ws/install/ouster_ros/include/ouster_ros/include/ouster/types.h
[0.967s] -- Up-to-date: /home/nvidia/f1tenth_ws/install/ouster_ros/include/ouster_ros/include/ouster/sensor_http.h
[0.967s] -- Up-to-date: /home/nvidia/f1tenth_ws/install/ouster_ros/include/ouster_ros/include/ouster/client.h
[0.967s] -- Up-to-date: /home/nvidia/f1tenth_ws/install/ouster_ros/include/ouster_ros/include/ouster/buffered_udp_source.h
[0.968s] -- Up-to-date: /home/nvidia/f1tenth_ws/install/ouster_ros/include/ouster_ros/include/ouster/version.h
[0.968s] -- Up-to-date: /home/nvidia/f1tenth_ws/install/ouster_ros/include/ouster_ros/include/ouster/util.h
[0.968s] -- Up-to-date: /home/nvidia/f1tenth_ws/install/ouster_ros/include/ouster_ros/include/ouster/image_processing.h
[0.969s] -- Up-to-date: /home/nvidia/f1tenth_ws/install/ouster_ros/include/ouster_ros/include/optional-lite
[0.969s] -- Up-to-date: /home/nvidia/f1tenth_ws/install/ouster_ros/include/ouster_ros/include/optional-lite/nonstd
[0.969s] -- Up-to-date: /home/nvidia/f1tenth_ws/install/ouster_ros/include/ouster_ros/include/optional-lite/nonstd/optional.hpp
[0.969s] -- Up-to-date: /home/nvidia/f1tenth_ws/install/ouster_ros/include/ouster_ros/optional-lite
[0.969s] -- Up-to-date: /home/nvidia/f1tenth_ws/install/ouster_ros/include/ouster_ros/optional-lite/nonstd
[0.969s] -- Up-to-date: /home/nvidia/f1tenth_ws/install/ouster_ros/include/ouster_ros/optional-lite/nonstd/optional.hpp
[0.969s] -- Up-to-date: /home/nvidia/f1tenth_ws/install/ouster_ros/share/ouster_ros/LICENSE
[0.969s] -- Up-to-date: /home/nvidia/f1tenth_ws/install/ouster_ros/share/ouster_ros/launch
[0.969s] -- Up-to-date: /home/nvidia/f1tenth_ws/install/ouster_ros/share/ouster_ros/launch/driver_launch.py
[0.970s] -- Up-to-date: /home/nvidia/f1tenth_ws/install/ouster_ros/share/ouster_ros/launch/record.composite.launch.xml
[0.970s] -- Up-to-date: /home/nvidia/f1tenth_ws/install/ouster_ros/share/ouster_ros/launch/sensor.launch.xml
[0.970s] -- Up-to-date: /home/nvidia/f1tenth_ws/install/ouster_ros/share/ouster_ros/launch/rviz.launch.xml
[0.970s] -- Up-to-date: /home/nvidia/f1tenth_ws/install/ouster_ros/share/ouster_ros/launch/replay.launch.xml
[0.970s] -- Up-to-date: /home/nvidia/f1tenth_ws/install/ouster_ros/share/ouster_ros/launch/sensor_mtp.launch.xml
[0.970s] -- Up-to-date: /home/nvidia/f1tenth_ws/install/ouster_ros/share/ouster_ros/launch/replay.composite.launch.xml
[0.970s] -- Up-to-date: /home/nvidia/f1tenth_ws/install/ouster_ros/share/ouster_ros/launch/sensor.composite.launch.xml
[0.971s] -- Up-to-date: /home/nvidia/f1tenth_ws/install/ouster_ros/share/ouster_ros/launch/rviz.launch.py
[0.971s] -- Up-to-date: /home/nvidia/f1tenth_ws/install/ouster_ros/share/ouster_ros/launch/sensor.independent.launch.py
[0.971s] -- Up-to-date: /home/nvidia/f1tenth_ws/install/ouster_ros/share/ouster_ros/launch/sensor.independent.launch.xml
[0.971s] -- Up-to-date: /home/nvidia/f1tenth_ws/install/ouster_ros/share/ouster_ros/launch/sensor.composite.launch.py
[0.971s] -- Up-to-date: /home/nvidia/f1tenth_ws/install/ouster_ros/share/ouster_ros/launch/record.launch.xml
[0.971s] -- Up-to-date: /home/nvidia/f1tenth_ws/install/ouster_ros/share/ouster_ros/launch/driver.launch.py
[0.971s] -- Up-to-date: /home/nvidia/f1tenth_ws/install/ouster_ros/share/ouster_ros/config
[0.972s] -- Installing: /home/nvidia/f1tenth_ws/install/ouster_ros/share/ouster_ros/config/driver_params.yaml
[0.972s] -- Up-to-date: /home/nvidia/f1tenth_ws/install/ouster_ros/share/ouster_ros/config/viz.rviz
[0.972s] -- Up-to-date: /home/nvidia/f1tenth_ws/install/ouster_ros/share/ouster_ros/config/os_sensor_cloud_image_params.yaml
[0.973s] -- Up-to-date: /home/nvidia/f1tenth_ws/install/ouster_ros/share/ouster_ros/config/community_driver.rviz
[0.976s] -- Up-to-date: /home/nvidia/f1tenth_ws/install/ouster_ros/share/ouster_ros/config/viz-reliable.rviz
[0.976s] -- Up-to-date: /home/nvidia/f1tenth_ws/install/ouster_ros/share/ouster_ros/config/metadata-qos-override.yaml
[0.976s] -- Up-to-date: /home/nvidia/f1tenth_ws/install/ouster_ros/share/ouster_ros/config/community_driver_config.yaml
[0.977s] -- Up-to-date: /home/nvidia/f1tenth_ws/install/ouster_ros/share/ouster_ros/environment/library_path.sh
[0.977s] -- Up-to-date: /home/nvidia/f1tenth_ws/install/ouster_ros/share/ouster_ros/environment/library_path.dsv
[0.977s] -- Up-to-date: /home/nvidia/f1tenth_ws/install/ouster_ros/share/ament_index/resource_index/package_run_dependencies/ouster_ros
[0.977s] -- Up-to-date: /home/nvidia/f1tenth_ws/install/ouster_ros/share/ament_index/resource_index/parent_prefix_path/ouster_ros
[0.977s] -- Up-to-date: /home/nvidia/f1tenth_ws/install/ouster_ros/share/ouster_ros/environment/ament_prefix_path.sh
[0.978s] -- Up-to-date: /home/nvidia/f1tenth_ws/install/ouster_ros/share/ouster_ros/environment/ament_prefix_path.dsv
[0.978s] -- Up-to-date: /home/nvidia/f1tenth_ws/install/ouster_ros/share/ouster_ros/environment/path.sh
[0.978s] -- Up-to-date: /home/nvidia/f1tenth_ws/install/ouster_ros/share/ouster_ros/environment/path.dsv
[0.978s] -- Up-to-date: /home/nvidia/f1tenth_ws/install/ouster_ros/share/ouster_ros/local_setup.bash
[0.979s] -- Up-to-date: /home/nvidia/f1tenth_ws/install/ouster_ros/share/ouster_ros/local_setup.sh
[0.979s] -- Up-to-date: /home/nvidia/f1tenth_ws/install/ouster_ros/share/ouster_ros/local_setup.zsh
[0.979s] -- Up-to-date: /home/nvidia/f1tenth_ws/install/ouster_ros/share/ouster_ros/local_setup.dsv
[0.979s] -- Installing: /home/nvidia/f1tenth_ws/install/ouster_ros/share/ouster_ros/package.dsv
[0.979s] -- Up-to-date: /home/nvidia/f1tenth_ws/install/ouster_ros/share/ament_index/resource_index/packages/ouster_ros
[0.980s] -- Up-to-date: /home/nvidia/f1tenth_ws/install/ouster_ros/share/ament_index/resource_index/rclcpp_components/ouster_ros
[0.980s] -- Up-to-date: /home/nvidia/f1tenth_ws/install/ouster_ros/share/ouster_ros/cmake/ament_cmake_export_include_directories-extras.cmake
[0.980s] -- Up-to-date: /home/nvidia/f1tenth_ws/install/ouster_ros/share/ouster_ros/cmake/ament_cmake_export_dependencies-extras.cmake
[0.980s] -- Up-to-date: /home/nvidia/f1tenth_ws/install/ouster_ros/share/ouster_ros/cmake/ament_cmake_export_libraries-extras.cmake
[0.981s] -- Up-to-date: /home/nvidia/f1tenth_ws/install/ouster_ros/share/ouster_ros/cmake/ouster_rosConfig.cmake
[0.982s] -- Up-to-date: /home/nvidia/f1tenth_ws/install/ouster_ros/share/ouster_ros/cmake/ouster_rosConfig-version.cmake
[0.982s] -- Up-to-date: /home/nvidia/f1tenth_ws/install/ouster_ros/share/ouster_ros/package.xml
[0.983s] Invoked command in '/home/nvidia/f1tenth_ws/build/ouster_ros' returned '0': CMAKE_PREFIX_PATH=/home/nvidia/f1tenth_ws/install/ouster_sensor_msgs:/home/nvidia/f1tenth_ws/install/vesc:/home/nvidia/f1tenth_ws/install/vesc_driver:/home/nvidia/f1tenth_ws/install/vesc_ackermann:/home/nvidia/f1tenth_ws/install/vesc_msgs:/home/nvidia/f1tenth_ws/install/teleop_tools:/home/nvidia/f1tenth_ws/install/teleop_tools_msgs:/home/nvidia/f1tenth_ws/install/ros2_ouster:/home/nvidia/f1tenth_ws/install/realsense2_description:/home/nvidia/f1tenth_ws/install/realsense2_camera:/home/nvidia/f1tenth_ws/install/realsense2_camera_msgs:/home/nvidia/f1tenth_ws/install/ouster_ros:/home/nvidia/f1tenth_ws/install/ouster_msgs:/home/nvidia/f1tenth_ws/install/fixposition_odometry_converter_ros2:/home/nvidia/f1tenth_ws/install/fixposition_driver_ros2:/home/nvidia/f1tenth_ws/install/fixposition_driver_lib:/home/nvidia/f1tenth_ws/install/fixposition_gnss_tf:/home/nvidia/f1tenth_ws/install/ackermann_mux:/home/nvidia/f1tenth_ws/install/f1tenth_stack:/home/nvidia/f1tenth_ws/install/joy_teleop:/home/nvidia/f1tenth_ws/install/mouse_teleop:/home/nvidia/f1tenth_ws/install/key_teleop:/opt/ros/humble LD_LIBRARY_PATH=/home/nvidia/f1tenth_ws/install/ouster_sensor_msgs/lib:/home/nvidia/f1tenth_ws/install/vesc_driver/lib:/home/nvidia/f1tenth_ws/install/vesc_ackermann/lib:/home/nvidia/f1tenth_ws/install/vesc_msgs/lib:/home/nvidia/f1tenth_ws/install/teleop_tools_msgs/lib:/home/nvidia/f1tenth_ws/install/ros2_ouster/lib:/home/nvidia/f1tenth_ws/install/realsense2_camera/lib:/home/nvidia/f1tenth_ws/install/realsense2_camera_msgs/lib:/home/nvidia/f1tenth_ws/install/ouster_ros/lib:/home/nvidia/f1tenth_ws/install/ouster_msgs/lib:/home/nvidia/f1tenth_ws/install/fixposition_odometry_converter_ros2/lib:/home/nvidia/f1tenth_ws/install/fixposition_driver_ros2/lib:/home/nvidia/f1tenth_ws/install/fixposition_driver_lib/lib:/home/nvidia/f1tenth_ws/install/fixposition_gnss_tf/lib:/opt/ros/humble/opt/rviz_ogre_vendor/lib:/opt/ros/humble/lib/aarch64-linux-gnu:/opt/ros/humble/lib:/usr/local/cuda-12.2/lib64 /usr/bin/cmake --install /home/nvidia/f1tenth_ws/build/ouster_ros
