[0.061s] Invoking command in '/home/nvidia/f1tenth_ws/build/ouster_msgs': CMAKE_PREFIX_PATH=/opt/ros/humble /usr/bin/cmake --build /home/nvidia/f1tenth_ws/build/ouster_msgs -- -j6 -l6
[0.180s] [  2%] Built target ouster_msgs__cpp
[0.208s] [ 12%] Built target ouster_msgs__rosidl_generator_c
[0.226s] [ 12%] Built target ament_cmake_python_copy_ouster_msgs
[0.273s] [ 23%] Built target ouster_msgs__rosidl_typesupport_cpp
[0.294s] [ 33%] Built target ouster_msgs__rosidl_typesupport_fastrtps_cpp
[0.321s] [ 43%] Built target ouster_msgs__rosidl_typesupport_fastrtps_c
[0.344s] [ 53%] Built target ouster_msgs__rosidl_typesupport_introspection_cpp
[0.357s] [ 74%] Built target ouster_msgs__rosidl_typesupport_c
[0.359s] [ 74%] Built target ouster_msgs__rosidl_typesupport_introspection_c
[0.428s] [ 74%] Built target ouster_msgs
[0.545s] [ 76%] Built target ouster_msgs__py
[0.615s] [ 84%] Built target ouster_msgs__rosidl_generator_py
[0.694s] [ 89%] Built target ouster_msgs__rosidl_typesupport_introspection_c__pyext
[0.699s] [ 94%] Built target ouster_msgs__rosidl_typesupport_fastrtps_c__pyext
[0.733s] [100%] Built target ouster_msgs__rosidl_typesupport_c__pyext
[0.972s] running egg_info
[0.973s] writing ouster_msgs.egg-info/PKG-INFO
[0.974s] writing dependency_links to ouster_msgs.egg-info/dependency_links.txt
[0.974s] writing top-level names to ouster_msgs.egg-info/top_level.txt
[0.982s] reading manifest file 'ouster_msgs.egg-info/SOURCES.txt'
[0.983s] writing manifest file 'ouster_msgs.egg-info/SOURCES.txt'
[1.081s] [100%] Built target ament_cmake_python_build_ouster_msgs_egg
[1.594s] Invoked command in '/home/nvidia/f1tenth_ws/build/ouster_msgs' returned '0': CMAKE_PREFIX_PATH=/opt/ros/humble /usr/bin/cmake --build /home/nvidia/f1tenth_ws/build/ouster_msgs -- -j6 -l6
[1.790s] Invoking command in '/home/nvidia/f1tenth_ws/build/ouster_msgs': CMAKE_PREFIX_PATH=/opt/ros/humble /usr/bin/cmake --install /home/nvidia/f1tenth_ws/build/ouster_msgs
[1.810s] -- Install configuration: ""
[1.811s] -- Up-to-date: /home/nvidia/f1tenth_ws/install/ouster_msgs/share/ament_index/resource_index/rosidl_interfaces/ouster_msgs
[1.811s] -- Up-to-date: /home/nvidia/f1tenth_ws/install/ouster_msgs/include/ouster_msgs/ouster_msgs
[1.811s] -- Up-to-date: /home/nvidia/f1tenth_ws/install/ouster_msgs/include/ouster_msgs/ouster_msgs/srv
[1.811s] -- Up-to-date: /home/nvidia/f1tenth_ws/install/ouster_msgs/include/ouster_msgs/ouster_msgs/srv/get_metadata.h
[1.811s] -- Up-to-date: /home/nvidia/f1tenth_ws/install/ouster_msgs/include/ouster_msgs/ouster_msgs/srv/detail
[1.812s] -- Up-to-date: /home/nvidia/f1tenth_ws/install/ouster_msgs/include/ouster_msgs/ouster_msgs/srv/detail/get_metadata__type_support.h
[1.812s] -- Up-to-date: /home/nvidia/f1tenth_ws/install/ouster_msgs/include/ouster_msgs/ouster_msgs/srv/detail/get_metadata__struct.h
[1.812s] -- Up-to-date: /home/nvidia/f1tenth_ws/install/ouster_msgs/include/ouster_msgs/ouster_msgs/srv/detail/get_metadata__functions.c
[1.812s] -- Up-to-date: /home/nvidia/f1tenth_ws/install/ouster_msgs/include/ouster_msgs/ouster_msgs/srv/detail/get_metadata__functions.h
[1.812s] -- Up-to-date: /home/nvidia/f1tenth_ws/install/ouster_msgs/include/ouster_msgs/ouster_msgs/msg
[1.812s] -- Up-to-date: /home/nvidia/f1tenth_ws/install/ouster_msgs/include/ouster_msgs/ouster_msgs/msg/metadata.h
[1.813s] -- Up-to-date: /home/nvidia/f1tenth_ws/install/ouster_msgs/include/ouster_msgs/ouster_msgs/msg/detail
[1.813s] -- Up-to-date: /home/nvidia/f1tenth_ws/install/ouster_msgs/include/ouster_msgs/ouster_msgs/msg/detail/metadata__type_support.h
[1.813s] -- Up-to-date: /home/nvidia/f1tenth_ws/install/ouster_msgs/include/ouster_msgs/ouster_msgs/msg/detail/metadata__functions.h
[1.813s] -- Up-to-date: /home/nvidia/f1tenth_ws/install/ouster_msgs/include/ouster_msgs/ouster_msgs/msg/detail/metadata__struct.h
[1.813s] -- Up-to-date: /home/nvidia/f1tenth_ws/install/ouster_msgs/include/ouster_msgs/ouster_msgs/msg/detail/metadata__functions.c
[1.813s] -- Up-to-date: /home/nvidia/f1tenth_ws/install/ouster_msgs/include/ouster_msgs/ouster_msgs/msg/rosidl_generator_c__visibility_control.h
[1.813s] -- Up-to-date: /home/nvidia/f1tenth_ws/install/ouster_msgs/share/ouster_msgs/environment/library_path.sh
[1.813s] -- Up-to-date: /home/nvidia/f1tenth_ws/install/ouster_msgs/share/ouster_msgs/environment/library_path.dsv
[1.814s] -- Up-to-date: /home/nvidia/f1tenth_ws/install/ouster_msgs/lib/libouster_msgs__rosidl_generator_c.so
[1.814s] -- Up-to-date: /home/nvidia/f1tenth_ws/install/ouster_msgs/include/ouster_msgs/ouster_msgs
[1.814s] -- Up-to-date: /home/nvidia/f1tenth_ws/install/ouster_msgs/include/ouster_msgs/ouster_msgs/srv
[1.814s] -- Up-to-date: /home/nvidia/f1tenth_ws/install/ouster_msgs/include/ouster_msgs/ouster_msgs/srv/detail
[1.814s] -- Up-to-date: /home/nvidia/f1tenth_ws/install/ouster_msgs/include/ouster_msgs/ouster_msgs/srv/detail/get_metadata__rosidl_typesupport_fastrtps_c.h
[1.815s] -- Up-to-date: /home/nvidia/f1tenth_ws/install/ouster_msgs/include/ouster_msgs/ouster_msgs/msg
[1.815s] -- Up-to-date: /home/nvidia/f1tenth_ws/install/ouster_msgs/include/ouster_msgs/ouster_msgs/msg/rosidl_typesupport_fastrtps_c__visibility_control.h
[1.815s] -- Up-to-date: /home/nvidia/f1tenth_ws/install/ouster_msgs/include/ouster_msgs/ouster_msgs/msg/detail
[1.815s] -- Up-to-date: /home/nvidia/f1tenth_ws/install/ouster_msgs/include/ouster_msgs/ouster_msgs/msg/detail/metadata__rosidl_typesupport_fastrtps_c.h
[1.816s] -- Up-to-date: /home/nvidia/f1tenth_ws/install/ouster_msgs/lib/libouster_msgs__rosidl_typesupport_fastrtps_c.so
[1.816s] -- Up-to-date: /home/nvidia/f1tenth_ws/install/ouster_msgs/include/ouster_msgs/ouster_msgs
[1.816s] -- Up-to-date: /home/nvidia/f1tenth_ws/install/ouster_msgs/include/ouster_msgs/ouster_msgs/srv
[1.816s] -- Up-to-date: /home/nvidia/f1tenth_ws/install/ouster_msgs/include/ouster_msgs/ouster_msgs/srv/detail
[1.816s] -- Up-to-date: /home/nvidia/f1tenth_ws/install/ouster_msgs/include/ouster_msgs/ouster_msgs/srv/detail/get_metadata__builder.hpp
[1.816s] -- Up-to-date: /home/nvidia/f1tenth_ws/install/ouster_msgs/include/ouster_msgs/ouster_msgs/srv/detail/get_metadata__struct.hpp
[1.817s] -- Up-to-date: /home/nvidia/f1tenth_ws/install/ouster_msgs/include/ouster_msgs/ouster_msgs/srv/detail/get_metadata__traits.hpp
[1.817s] -- Up-to-date: /home/nvidia/f1tenth_ws/install/ouster_msgs/include/ouster_msgs/ouster_msgs/srv/get_metadata.hpp
[1.817s] -- Up-to-date: /home/nvidia/f1tenth_ws/install/ouster_msgs/include/ouster_msgs/ouster_msgs/msg
[1.817s] -- Up-to-date: /home/nvidia/f1tenth_ws/install/ouster_msgs/include/ouster_msgs/ouster_msgs/msg/metadata.hpp
[1.818s] -- Up-to-date: /home/nvidia/f1tenth_ws/install/ouster_msgs/include/ouster_msgs/ouster_msgs/msg/detail
[1.818s] -- Up-to-date: /home/nvidia/f1tenth_ws/install/ouster_msgs/include/ouster_msgs/ouster_msgs/msg/detail/metadata__builder.hpp
[1.818s] -- Up-to-date: /home/nvidia/f1tenth_ws/install/ouster_msgs/include/ouster_msgs/ouster_msgs/msg/detail/metadata__traits.hpp
[1.818s] -- Up-to-date: /home/nvidia/f1tenth_ws/install/ouster_msgs/include/ouster_msgs/ouster_msgs/msg/detail/metadata__struct.hpp
[1.818s] -- Up-to-date: /home/nvidia/f1tenth_ws/install/ouster_msgs/include/ouster_msgs/ouster_msgs
[1.818s] -- Up-to-date: /home/nvidia/f1tenth_ws/install/ouster_msgs/include/ouster_msgs/ouster_msgs/srv
[1.819s] -- Up-to-date: /home/nvidia/f1tenth_ws/install/ouster_msgs/include/ouster_msgs/ouster_msgs/srv/detail
[1.819s] -- Up-to-date: /home/nvidia/f1tenth_ws/install/ouster_msgs/include/ouster_msgs/ouster_msgs/srv/detail/dds_fastrtps
[1.819s] -- Up-to-date: /home/nvidia/f1tenth_ws/install/ouster_msgs/include/ouster_msgs/ouster_msgs/srv/detail/get_metadata__rosidl_typesupport_fastrtps_cpp.hpp
[1.819s] -- Up-to-date: /home/nvidia/f1tenth_ws/install/ouster_msgs/include/ouster_msgs/ouster_msgs/msg
[1.820s] -- Up-to-date: /home/nvidia/f1tenth_ws/install/ouster_msgs/include/ouster_msgs/ouster_msgs/msg/rosidl_typesupport_fastrtps_cpp__visibility_control.h
[1.820s] -- Up-to-date: /home/nvidia/f1tenth_ws/install/ouster_msgs/include/ouster_msgs/ouster_msgs/msg/detail
[1.820s] -- Up-to-date: /home/nvidia/f1tenth_ws/install/ouster_msgs/include/ouster_msgs/ouster_msgs/msg/detail/dds_fastrtps
[1.820s] -- Up-to-date: /home/nvidia/f1tenth_ws/install/ouster_msgs/include/ouster_msgs/ouster_msgs/msg/detail/metadata__rosidl_typesupport_fastrtps_cpp.hpp
[1.820s] -- Up-to-date: /home/nvidia/f1tenth_ws/install/ouster_msgs/lib/libouster_msgs__rosidl_typesupport_fastrtps_cpp.so
[1.821s] -- Up-to-date: /home/nvidia/f1tenth_ws/install/ouster_msgs/include/ouster_msgs/ouster_msgs
[1.821s] -- Up-to-date: /home/nvidia/f1tenth_ws/install/ouster_msgs/include/ouster_msgs/ouster_msgs/srv
[1.821s] -- Up-to-date: /home/nvidia/f1tenth_ws/install/ouster_msgs/include/ouster_msgs/ouster_msgs/srv/detail
[1.821s] -- Up-to-date: /home/nvidia/f1tenth_ws/install/ouster_msgs/include/ouster_msgs/ouster_msgs/srv/detail/get_metadata__type_support.c
[1.821s] -- Up-to-date: /home/nvidia/f1tenth_ws/install/ouster_msgs/include/ouster_msgs/ouster_msgs/srv/detail/get_metadata__rosidl_typesupport_introspection_c.h
[1.822s] -- Up-to-date: /home/nvidia/f1tenth_ws/install/ouster_msgs/include/ouster_msgs/ouster_msgs/msg
[1.822s] -- Up-to-date: /home/nvidia/f1tenth_ws/install/ouster_msgs/include/ouster_msgs/ouster_msgs/msg/detail
[1.822s] -- Up-to-date: /home/nvidia/f1tenth_ws/install/ouster_msgs/include/ouster_msgs/ouster_msgs/msg/detail/metadata__rosidl_typesupport_introspection_c.h
[1.822s] -- Up-to-date: /home/nvidia/f1tenth_ws/install/ouster_msgs/include/ouster_msgs/ouster_msgs/msg/detail/metadata__type_support.c
[1.822s] -- Up-to-date: /home/nvidia/f1tenth_ws/install/ouster_msgs/include/ouster_msgs/ouster_msgs/msg/rosidl_typesupport_introspection_c__visibility_control.h
[1.822s] -- Up-to-date: /home/nvidia/f1tenth_ws/install/ouster_msgs/lib/libouster_msgs__rosidl_typesupport_introspection_c.so
[1.823s] -- Up-to-date: /home/nvidia/f1tenth_ws/install/ouster_msgs/lib/libouster_msgs__rosidl_typesupport_c.so
[1.823s] -- Up-to-date: /home/nvidia/f1tenth_ws/install/ouster_msgs/include/ouster_msgs/ouster_msgs
[1.824s] -- Up-to-date: /home/nvidia/f1tenth_ws/install/ouster_msgs/include/ouster_msgs/ouster_msgs/srv
[1.824s] -- Up-to-date: /home/nvidia/f1tenth_ws/install/ouster_msgs/include/ouster_msgs/ouster_msgs/srv/detail
[1.824s] -- Up-to-date: /home/nvidia/f1tenth_ws/install/ouster_msgs/include/ouster_msgs/ouster_msgs/srv/detail/get_metadata__rosidl_typesupport_introspection_cpp.hpp
[1.825s] -- Up-to-date: /home/nvidia/f1tenth_ws/install/ouster_msgs/include/ouster_msgs/ouster_msgs/srv/detail/get_metadata__type_support.cpp
[1.825s] -- Up-to-date: /home/nvidia/f1tenth_ws/install/ouster_msgs/include/ouster_msgs/ouster_msgs/msg
[1.825s] -- Up-to-date: /home/nvidia/f1tenth_ws/install/ouster_msgs/include/ouster_msgs/ouster_msgs/msg/detail
[1.825s] -- Up-to-date: /home/nvidia/f1tenth_ws/install/ouster_msgs/include/ouster_msgs/ouster_msgs/msg/detail/metadata__type_support.cpp
[1.826s] -- Up-to-date: /home/nvidia/f1tenth_ws/install/ouster_msgs/include/ouster_msgs/ouster_msgs/msg/detail/metadata__rosidl_typesupport_introspection_cpp.hpp
[1.826s] -- Up-to-date: /home/nvidia/f1tenth_ws/install/ouster_msgs/lib/libouster_msgs__rosidl_typesupport_introspection_cpp.so
[1.826s] -- Up-to-date: /home/nvidia/f1tenth_ws/install/ouster_msgs/lib/libouster_msgs__rosidl_typesupport_cpp.so
[1.826s] -- Up-to-date: /home/nvidia/f1tenth_ws/install/ouster_msgs/share/ouster_msgs/environment/pythonpath.sh
[1.826s] -- Up-to-date: /home/nvidia/f1tenth_ws/install/ouster_msgs/share/ouster_msgs/environment/pythonpath.dsv
[1.826s] -- Up-to-date: /home/nvidia/f1tenth_ws/install/ouster_msgs/local/lib/python3.10/dist-packages/ouster_msgs-0.5.1-py3.10.egg-info
[1.826s] -- Installing: /home/nvidia/f1tenth_ws/install/ouster_msgs/local/lib/python3.10/dist-packages/ouster_msgs-0.5.1-py3.10.egg-info/dependency_links.txt
[1.826s] -- Installing: /home/nvidia/f1tenth_ws/install/ouster_msgs/local/lib/python3.10/dist-packages/ouster_msgs-0.5.1-py3.10.egg-info/PKG-INFO
[1.827s] -- Installing: /home/nvidia/f1tenth_ws/install/ouster_msgs/local/lib/python3.10/dist-packages/ouster_msgs-0.5.1-py3.10.egg-info/SOURCES.txt
[1.827s] -- Installing: /home/nvidia/f1tenth_ws/install/ouster_msgs/local/lib/python3.10/dist-packages/ouster_msgs-0.5.1-py3.10.egg-info/top_level.txt
[1.827s] -- Up-to-date: /home/nvidia/f1tenth_ws/install/ouster_msgs/local/lib/python3.10/dist-packages/ouster_msgs
[1.827s] -- Up-to-date: /home/nvidia/f1tenth_ws/install/ouster_msgs/local/lib/python3.10/dist-packages/ouster_msgs/_ouster_msgs_s.ep.rosidl_typesupport_introspection_c.c
[1.827s] -- Up-to-date: /home/nvidia/f1tenth_ws/install/ouster_msgs/local/lib/python3.10/dist-packages/ouster_msgs/srv
[1.827s] -- Up-to-date: /home/nvidia/f1tenth_ws/install/ouster_msgs/local/lib/python3.10/dist-packages/ouster_msgs/srv/__init__.py
[1.827s] -- Up-to-date: /home/nvidia/f1tenth_ws/install/ouster_msgs/local/lib/python3.10/dist-packages/ouster_msgs/srv/_get_metadata_s.c
[1.830s] -- Up-to-date: /home/nvidia/f1tenth_ws/install/ouster_msgs/local/lib/python3.10/dist-packages/ouster_msgs/srv/_get_metadata.py
[1.830s] -- Up-to-date: /home/nvidia/f1tenth_ws/install/ouster_msgs/local/lib/python3.10/dist-packages/ouster_msgs/__init__.py
[1.831s] -- Up-to-date: /home/nvidia/f1tenth_ws/install/ouster_msgs/local/lib/python3.10/dist-packages/ouster_msgs/_ouster_msgs_s.ep.rosidl_typesupport_fastrtps_c.c
[1.831s] -- Up-to-date: /home/nvidia/f1tenth_ws/install/ouster_msgs/local/lib/python3.10/dist-packages/ouster_msgs/msg
[1.831s] -- Up-to-date: /home/nvidia/f1tenth_ws/install/ouster_msgs/local/lib/python3.10/dist-packages/ouster_msgs/msg/_metadata_s.c
[1.831s] -- Up-to-date: /home/nvidia/f1tenth_ws/install/ouster_msgs/local/lib/python3.10/dist-packages/ouster_msgs/msg/__init__.py
[1.832s] -- Up-to-date: /home/nvidia/f1tenth_ws/install/ouster_msgs/local/lib/python3.10/dist-packages/ouster_msgs/msg/_metadata.py
[1.832s] -- Up-to-date: /home/nvidia/f1tenth_ws/install/ouster_msgs/local/lib/python3.10/dist-packages/ouster_msgs/libouster_msgs__rosidl_generator_py.so
[1.832s] -- Up-to-date: /home/nvidia/f1tenth_ws/install/ouster_msgs/local/lib/python3.10/dist-packages/ouster_msgs/ouster_msgs_s__rosidl_typesupport_fastrtps_c.cpython-310-aarch64-linux-gnu.so
[1.832s] -- Up-to-date: /home/nvidia/f1tenth_ws/install/ouster_msgs/local/lib/python3.10/dist-packages/ouster_msgs/ouster_msgs_s__rosidl_typesupport_c.cpython-310-aarch64-linux-gnu.so
[1.832s] -- Up-to-date: /home/nvidia/f1tenth_ws/install/ouster_msgs/local/lib/python3.10/dist-packages/ouster_msgs/_ouster_msgs_s.ep.rosidl_typesupport_c.c
[1.832s] -- Up-to-date: /home/nvidia/f1tenth_ws/install/ouster_msgs/local/lib/python3.10/dist-packages/ouster_msgs/ouster_msgs_s__rosidl_typesupport_introspection_c.cpython-310-aarch64-linux-gnu.so
[1.917s] Listing '/home/nvidia/f1tenth_ws/install/ouster_msgs/local/lib/python3.10/dist-packages/ouster_msgs'...
[1.917s] Listing '/home/nvidia/f1tenth_ws/install/ouster_msgs/local/lib/python3.10/dist-packages/ouster_msgs/msg'...
[1.917s] Listing '/home/nvidia/f1tenth_ws/install/ouster_msgs/local/lib/python3.10/dist-packages/ouster_msgs/srv'...
[1.930s] -- Up-to-date: /home/nvidia/f1tenth_ws/install/ouster_msgs/local/lib/python3.10/dist-packages/ouster_msgs/ouster_msgs_s__rosidl_typesupport_fastrtps_c.cpython-310-aarch64-linux-gnu.so
[1.931s] -- Up-to-date: /home/nvidia/f1tenth_ws/install/ouster_msgs/local/lib/python3.10/dist-packages/ouster_msgs/ouster_msgs_s__rosidl_typesupport_introspection_c.cpython-310-aarch64-linux-gnu.so
[1.931s] -- Up-to-date: /home/nvidia/f1tenth_ws/install/ouster_msgs/local/lib/python3.10/dist-packages/ouster_msgs/ouster_msgs_s__rosidl_typesupport_c.cpython-310-aarch64-linux-gnu.so
[1.931s] -- Up-to-date: /home/nvidia/f1tenth_ws/install/ouster_msgs/lib/libouster_msgs__rosidl_generator_py.so
[1.931s] -- Up-to-date: /home/nvidia/f1tenth_ws/install/ouster_msgs/share/ouster_msgs/srv/GetMetadata.idl
[1.932s] -- Up-to-date: /home/nvidia/f1tenth_ws/install/ouster_msgs/share/ouster_msgs/msg/Metadata.idl
[1.933s] -- Up-to-date: /home/nvidia/f1tenth_ws/install/ouster_msgs/share/ouster_msgs/srv/GetMetadata.srv
[1.933s] -- Up-to-date: /home/nvidia/f1tenth_ws/install/ouster_msgs/share/ouster_msgs/srv/GetMetadata_Request.msg
[1.933s] -- Up-to-date: /home/nvidia/f1tenth_ws/install/ouster_msgs/share/ouster_msgs/srv/GetMetadata_Response.msg
[1.933s] -- Up-to-date: /home/nvidia/f1tenth_ws/install/ouster_msgs/share/ouster_msgs/msg/Metadata.msg
[1.934s] -- Up-to-date: /home/nvidia/f1tenth_ws/install/ouster_msgs/share/ament_index/resource_index/package_run_dependencies/ouster_msgs
[1.941s] -- Up-to-date: /home/nvidia/f1tenth_ws/install/ouster_msgs/share/ament_index/resource_index/parent_prefix_path/ouster_msgs
[1.944s] -- Up-to-date: /home/nvidia/f1tenth_ws/install/ouster_msgs/share/ouster_msgs/environment/ament_prefix_path.sh
[1.944s] -- Up-to-date: /home/nvidia/f1tenth_ws/install/ouster_msgs/share/ouster_msgs/environment/ament_prefix_path.dsv
[1.944s] -- Up-to-date: /home/nvidia/f1tenth_ws/install/ouster_msgs/share/ouster_msgs/environment/path.sh
[1.944s] -- Up-to-date: /home/nvidia/f1tenth_ws/install/ouster_msgs/share/ouster_msgs/environment/path.dsv
[1.945s] -- Up-to-date: /home/nvidia/f1tenth_ws/install/ouster_msgs/share/ouster_msgs/local_setup.bash
[1.945s] -- Up-to-date: /home/nvidia/f1tenth_ws/install/ouster_msgs/share/ouster_msgs/local_setup.sh
[1.948s] -- Up-to-date: /home/nvidia/f1tenth_ws/install/ouster_msgs/share/ouster_msgs/local_setup.zsh
[1.951s] -- Up-to-date: /home/nvidia/f1tenth_ws/install/ouster_msgs/share/ouster_msgs/local_setup.dsv
[1.966s] -- Installing: /home/nvidia/f1tenth_ws/install/ouster_msgs/share/ouster_msgs/package.dsv
[1.967s] -- Up-to-date: /home/nvidia/f1tenth_ws/install/ouster_msgs/share/ament_index/resource_index/packages/ouster_msgs
[1.967s] -- Up-to-date: /home/nvidia/f1tenth_ws/install/ouster_msgs/share/ouster_msgs/cmake/export_ouster_msgs__rosidl_generator_cExport.cmake
[1.967s] -- Up-to-date: /home/nvidia/f1tenth_ws/install/ouster_msgs/share/ouster_msgs/cmake/export_ouster_msgs__rosidl_generator_cExport-noconfig.cmake
[1.967s] -- Up-to-date: /home/nvidia/f1tenth_ws/install/ouster_msgs/share/ouster_msgs/cmake/export_ouster_msgs__rosidl_typesupport_fastrtps_cExport.cmake
[1.967s] -- Up-to-date: /home/nvidia/f1tenth_ws/install/ouster_msgs/share/ouster_msgs/cmake/export_ouster_msgs__rosidl_typesupport_fastrtps_cExport-noconfig.cmake
[1.971s] -- Up-to-date: /home/nvidia/f1tenth_ws/install/ouster_msgs/share/ouster_msgs/cmake/export_ouster_msgs__rosidl_generator_cppExport.cmake
[1.971s] -- Up-to-date: /home/nvidia/f1tenth_ws/install/ouster_msgs/share/ouster_msgs/cmake/export_ouster_msgs__rosidl_typesupport_fastrtps_cppExport.cmake
[1.972s] -- Up-to-date: /home/nvidia/f1tenth_ws/install/ouster_msgs/share/ouster_msgs/cmake/export_ouster_msgs__rosidl_typesupport_fastrtps_cppExport-noconfig.cmake
[1.976s] -- Up-to-date: /home/nvidia/f1tenth_ws/install/ouster_msgs/share/ouster_msgs/cmake/ouster_msgs__rosidl_typesupport_introspection_cExport.cmake
[1.976s] -- Up-to-date: /home/nvidia/f1tenth_ws/install/ouster_msgs/share/ouster_msgs/cmake/ouster_msgs__rosidl_typesupport_introspection_cExport-noconfig.cmake
[1.976s] -- Up-to-date: /home/nvidia/f1tenth_ws/install/ouster_msgs/share/ouster_msgs/cmake/ouster_msgs__rosidl_typesupport_cExport.cmake
[1.976s] -- Up-to-date: /home/nvidia/f1tenth_ws/install/ouster_msgs/share/ouster_msgs/cmake/ouster_msgs__rosidl_typesupport_cExport-noconfig.cmake
[1.977s] -- Up-to-date: /home/nvidia/f1tenth_ws/install/ouster_msgs/share/ouster_msgs/cmake/ouster_msgs__rosidl_typesupport_introspection_cppExport.cmake
[1.977s] -- Up-to-date: /home/nvidia/f1tenth_ws/install/ouster_msgs/share/ouster_msgs/cmake/ouster_msgs__rosidl_typesupport_introspection_cppExport-noconfig.cmake
[1.977s] -- Up-to-date: /home/nvidia/f1tenth_ws/install/ouster_msgs/share/ouster_msgs/cmake/ouster_msgs__rosidl_typesupport_cppExport.cmake
[1.977s] -- Up-to-date: /home/nvidia/f1tenth_ws/install/ouster_msgs/share/ouster_msgs/cmake/ouster_msgs__rosidl_typesupport_cppExport-noconfig.cmake
[1.977s] -- Up-to-date: /home/nvidia/f1tenth_ws/install/ouster_msgs/share/ouster_msgs/cmake/export_ouster_msgs__rosidl_generator_pyExport.cmake
[1.977s] -- Up-to-date: /home/nvidia/f1tenth_ws/install/ouster_msgs/share/ouster_msgs/cmake/export_ouster_msgs__rosidl_generator_pyExport-noconfig.cmake
[1.977s] -- Up-to-date: /home/nvidia/f1tenth_ws/install/ouster_msgs/share/ouster_msgs/cmake/rosidl_cmake-extras.cmake
[1.978s] -- Up-to-date: /home/nvidia/f1tenth_ws/install/ouster_msgs/share/ouster_msgs/cmake/ament_cmake_export_dependencies-extras.cmake
[1.978s] -- Up-to-date: /home/nvidia/f1tenth_ws/install/ouster_msgs/share/ouster_msgs/cmake/ament_cmake_export_include_directories-extras.cmake
[1.978s] -- Up-to-date: /home/nvidia/f1tenth_ws/install/ouster_msgs/share/ouster_msgs/cmake/ament_cmake_export_libraries-extras.cmake
[1.978s] -- Up-to-date: /home/nvidia/f1tenth_ws/install/ouster_msgs/share/ouster_msgs/cmake/ament_cmake_export_targets-extras.cmake
[1.978s] -- Up-to-date: /home/nvidia/f1tenth_ws/install/ouster_msgs/share/ouster_msgs/cmake/rosidl_cmake_export_typesupport_targets-extras.cmake
[1.978s] -- Up-to-date: /home/nvidia/f1tenth_ws/install/ouster_msgs/share/ouster_msgs/cmake/rosidl_cmake_export_typesupport_libraries-extras.cmake
[1.978s] -- Up-to-date: /home/nvidia/f1tenth_ws/install/ouster_msgs/share/ouster_msgs/cmake/ouster_msgsConfig.cmake
[1.979s] -- Up-to-date: /home/nvidia/f1tenth_ws/install/ouster_msgs/share/ouster_msgs/cmake/ouster_msgsConfig-version.cmake
[1.979s] -- Up-to-date: /home/nvidia/f1tenth_ws/install/ouster_msgs/share/ouster_msgs/package.xml
[1.986s] Invoked command in '/home/nvidia/f1tenth_ws/build/ouster_msgs' returned '0': CMAKE_PREFIX_PATH=/opt/ros/humble /usr/bin/cmake --install /home/nvidia/f1tenth_ws/build/ouster_msgs
