[0.023s] Invoking command in '/home/nvidia/f1tenth_ws/build/realsense2_camera': AMENT_PREFIX_PATH=/home/nvidia/f1tenth_ws/install/realsense2_camera_msgs:${AMENT_PREFIX_PATH} CMAKE_PREFIX_PATH=/home/nvidia/f1tenth_ws/install/realsense2_camera_msgs:/opt/ros/humble LD_LIBRARY_PATH=/home/nvidia/f1tenth_ws/install/realsense2_camera_msgs/lib:/opt/ros/humble/opt/rviz_ogre_vendor/lib:/opt/ros/humble/lib/aarch64-linux-gnu:/opt/ros/humble/lib:/usr/local/cuda-12.2/lib64 PYTHONPATH=/home/nvidia/f1tenth_ws/install/realsense2_camera_msgs/local/lib/python3.10/dist-packages:${PYTHONPATH} /usr/bin/cmake --build /home/nvidia/f1tenth_ws/build/realsense2_camera -- -j6 -l6
[0.160s] [  9%] Built target gtest_main
[0.165s] [ 18%] Built target gtest
[0.187s] [ 27%] Built target realsense2_camera_node
[0.203s] [ 90%] Built target realsense2_camera
[0.233s] [100%] Built target gtest_template
[0.264s] Invoked command in '/home/nvidia/f1tenth_ws/build/realsense2_camera' returned '0': AMENT_PREFIX_PATH=/home/nvidia/f1tenth_ws/install/realsense2_camera_msgs:${AMENT_PREFIX_PATH} CMAKE_PREFIX_PATH=/home/nvidia/f1tenth_ws/install/realsense2_camera_msgs:/opt/ros/humble LD_LIBRARY_PATH=/home/nvidia/f1tenth_ws/install/realsense2_camera_msgs/lib:/opt/ros/humble/opt/rviz_ogre_vendor/lib:/opt/ros/humble/lib/aarch64-linux-gnu:/opt/ros/humble/lib:/usr/local/cuda-12.2/lib64 PYTHONPATH=/home/nvidia/f1tenth_ws/install/realsense2_camera_msgs/local/lib/python3.10/dist-packages:${PYTHONPATH} /usr/bin/cmake --build /home/nvidia/f1tenth_ws/build/realsense2_camera -- -j6 -l6
[0.411s] Invoking command in '/home/nvidia/f1tenth_ws/build/realsense2_camera': AMENT_PREFIX_PATH=/home/nvidia/f1tenth_ws/install/realsense2_camera_msgs:${AMENT_PREFIX_PATH} CMAKE_PREFIX_PATH=/home/nvidia/f1tenth_ws/install/realsense2_camera_msgs:/opt/ros/humble LD_LIBRARY_PATH=/home/nvidia/f1tenth_ws/install/realsense2_camera_msgs/lib:/opt/ros/humble/opt/rviz_ogre_vendor/lib:/opt/ros/humble/lib/aarch64-linux-gnu:/opt/ros/humble/lib:/usr/local/cuda-12.2/lib64 PYTHONPATH=/home/nvidia/f1tenth_ws/install/realsense2_camera_msgs/local/lib/python3.10/dist-packages:${PYTHONPATH} /usr/bin/cmake --install /home/nvidia/f1tenth_ws/build/realsense2_camera
[0.451s] -- Install configuration: "Release"
[0.451s] -- Up-to-date: /home/nvidia/f1tenth_ws/install/realsense2_camera/lib/realsense2_camera/realsense2_camera_node
[0.451s] -- Up-to-date: /home/nvidia/f1tenth_ws/install/realsense2_camera/lib/librealsense2_camera.so
[0.451s] -- Up-to-date: /home/nvidia/f1tenth_ws/install/realsense2_camera/include
[0.452s] -- Up-to-date: /home/nvidia/f1tenth_ws/install/realsense2_camera/include/ros_sensor.h
[0.452s] -- Up-to-date: /home/nvidia/f1tenth_ws/install/realsense2_camera/include/ros_utils.h
[0.452s] -- Up-to-date: /home/nvidia/f1tenth_ws/install/realsense2_camera/include/image_publisher.h
[0.452s] -- Up-to-date: /home/nvidia/f1tenth_ws/install/realsense2_camera/include/profile_manager.h
[0.452s] -- Up-to-date: /home/nvidia/f1tenth_ws/install/realsense2_camera/include/realsense_node_factory.h
[0.452s] -- Up-to-date: /home/nvidia/f1tenth_ws/install/realsense2_camera/include/sensor_params.h
[0.452s] -- Up-to-date: /home/nvidia/f1tenth_ws/install/realsense2_camera/include/named_filter.h
[0.452s] -- Up-to-date: /home/nvidia/f1tenth_ws/install/realsense2_camera/include/base_realsense_node.h
[0.453s] -- Up-to-date: /home/nvidia/f1tenth_ws/install/realsense2_camera/include/gl_window.h
[0.453s] -- Up-to-date: /home/nvidia/f1tenth_ws/install/realsense2_camera/include/dynamic_params.h
[0.457s] -- Up-to-date: /home/nvidia/f1tenth_ws/install/realsense2_camera/include/ros_param_backend.h
[0.458s] -- Up-to-date: /home/nvidia/f1tenth_ws/install/realsense2_camera/include/constants.h
[0.458s] -- Up-to-date: /home/nvidia/f1tenth_ws/install/realsense2_camera/share/realsense2_camera/launch
[0.458s] -- Up-to-date: /home/nvidia/f1tenth_ws/install/realsense2_camera/share/realsense2_camera/launch/rs_intra_process_demo_launch.py
[0.458s] -- Up-to-date: /home/nvidia/f1tenth_ws/install/realsense2_camera/share/realsense2_camera/launch/rs_launch.py
[0.458s] -- Up-to-date: /home/nvidia/f1tenth_ws/install/realsense2_camera/share/realsense2_camera/launch/default.rviz
[0.458s] -- Up-to-date: /home/nvidia/f1tenth_ws/install/realsense2_camera/share/realsense2_camera/launch/rs_multi_camera_launch.py
[0.458s] -- Up-to-date: /home/nvidia/f1tenth_ws/install/realsense2_camera/share/realsense2_camera/examples
[0.459s] -- Up-to-date: /home/nvidia/f1tenth_ws/install/realsense2_camera/share/realsense2_camera/examples/launch_params_from_file
[0.459s] -- Up-to-date: /home/nvidia/f1tenth_ws/install/realsense2_camera/share/realsense2_camera/examples/launch_params_from_file/README.md
[0.459s] -- Up-to-date: /home/nvidia/f1tenth_ws/install/realsense2_camera/share/realsense2_camera/examples/launch_params_from_file/config
[0.459s] -- Up-to-date: /home/nvidia/f1tenth_ws/install/realsense2_camera/share/realsense2_camera/examples/launch_params_from_file/config/config.yaml
[0.459s] -- Up-to-date: /home/nvidia/f1tenth_ws/install/realsense2_camera/share/realsense2_camera/examples/launch_params_from_file/rs_launch_get_params_from_yaml.py
[0.459s] -- Up-to-date: /home/nvidia/f1tenth_ws/install/realsense2_camera/share/realsense2_camera/examples/align_depth
[0.459s] -- Up-to-date: /home/nvidia/f1tenth_ws/install/realsense2_camera/share/realsense2_camera/examples/align_depth/rs_align_depth_launch.py
[0.459s] -- Up-to-date: /home/nvidia/f1tenth_ws/install/realsense2_camera/share/realsense2_camera/examples/align_depth/README.md
[0.459s] -- Up-to-date: /home/nvidia/f1tenth_ws/install/realsense2_camera/share/realsense2_camera/examples/dual_camera
[0.460s] -- Up-to-date: /home/nvidia/f1tenth_ws/install/realsense2_camera/share/realsense2_camera/examples/dual_camera/README.md
[0.460s] -- Up-to-date: /home/nvidia/f1tenth_ws/install/realsense2_camera/share/realsense2_camera/examples/dual_camera/rs_dual_camera_launch.py
[0.460s] -- Up-to-date: /home/nvidia/f1tenth_ws/install/realsense2_camera/share/realsense2_camera/examples/dual_camera/rviz
[0.460s] -- Up-to-date: /home/nvidia/f1tenth_ws/install/realsense2_camera/share/realsense2_camera/examples/dual_camera/rviz/dual_camera_pointcloud.rviz
[0.460s] -- Up-to-date: /home/nvidia/f1tenth_ws/install/realsense2_camera/share/realsense2_camera/examples/launch_from_rosbag
[0.460s] -- Up-to-date: /home/nvidia/f1tenth_ws/install/realsense2_camera/share/realsense2_camera/examples/launch_from_rosbag/rs_launch_from_rosbag.py
[0.460s] -- Up-to-date: /home/nvidia/f1tenth_ws/install/realsense2_camera/share/realsense2_camera/examples/launch_from_rosbag/README.md
[0.460s] -- Up-to-date: /home/nvidia/f1tenth_ws/install/realsense2_camera/share/realsense2_camera/examples/pointcloud
[0.460s] -- Up-to-date: /home/nvidia/f1tenth_ws/install/realsense2_camera/share/realsense2_camera/examples/pointcloud/rs_d455_pointcloud_launch.py
[0.461s] -- Up-to-date: /home/nvidia/f1tenth_ws/install/realsense2_camera/share/realsense2_camera/examples/pointcloud/README.md
[0.461s] -- Up-to-date: /home/nvidia/f1tenth_ws/install/realsense2_camera/share/realsense2_camera/examples/pointcloud/rviz
[0.461s] -- Up-to-date: /home/nvidia/f1tenth_ws/install/realsense2_camera/share/realsense2_camera/examples/pointcloud/rviz/pointcloud.rviz
[0.461s] -- Up-to-date: /home/nvidia/f1tenth_ws/install/realsense2_camera/share/realsense2_camera/examples/pointcloud/rviz/urdf_pointcloud.rviz
[0.461s] -- Up-to-date: /home/nvidia/f1tenth_ws/install/realsense2_camera/share/realsense2_camera/examples/pointcloud/rs_d405_pointcloud_launch.py
[0.461s] -- Up-to-date: /home/nvidia/f1tenth_ws/install/realsense2_camera/share/realsense2_camera/examples/pointcloud/rs_pointcloud_launch.py
[0.461s] -- Up-to-date: /home/nvidia/f1tenth_ws/install/realsense2_camera/share/realsense2_camera/environment/library_path.sh
[0.461s] -- Up-to-date: /home/nvidia/f1tenth_ws/install/realsense2_camera/share/realsense2_camera/environment/library_path.dsv
[0.463s] -- Up-to-date: /home/nvidia/f1tenth_ws/install/realsense2_camera/share/ament_index/resource_index/package_run_dependencies/realsense2_camera
[0.463s] -- Up-to-date: /home/nvidia/f1tenth_ws/install/realsense2_camera/share/ament_index/resource_index/parent_prefix_path/realsense2_camera
[0.463s] -- Up-to-date: /home/nvidia/f1tenth_ws/install/realsense2_camera/share/realsense2_camera/environment/ament_prefix_path.sh
[0.464s] -- Up-to-date: /home/nvidia/f1tenth_ws/install/realsense2_camera/share/realsense2_camera/environment/ament_prefix_path.dsv
[0.464s] -- Up-to-date: /home/nvidia/f1tenth_ws/install/realsense2_camera/share/realsense2_camera/environment/path.sh
[0.464s] -- Up-to-date: /home/nvidia/f1tenth_ws/install/realsense2_camera/share/realsense2_camera/environment/path.dsv
[0.464s] -- Up-to-date: /home/nvidia/f1tenth_ws/install/realsense2_camera/share/realsense2_camera/local_setup.bash
[0.464s] -- Up-to-date: /home/nvidia/f1tenth_ws/install/realsense2_camera/share/realsense2_camera/local_setup.sh
[0.464s] -- Up-to-date: /home/nvidia/f1tenth_ws/install/realsense2_camera/share/realsense2_camera/local_setup.zsh
[0.464s] -- Up-to-date: /home/nvidia/f1tenth_ws/install/realsense2_camera/share/realsense2_camera/local_setup.dsv
[0.464s] -- Installing: /home/nvidia/f1tenth_ws/install/realsense2_camera/share/realsense2_camera/package.dsv
[0.465s] -- Up-to-date: /home/nvidia/f1tenth_ws/install/realsense2_camera/share/ament_index/resource_index/packages/realsense2_camera
[0.465s] -- Up-to-date: /home/nvidia/f1tenth_ws/install/realsense2_camera/share/ament_index/resource_index/rclcpp_components/realsense2_camera
[0.465s] -- Up-to-date: /home/nvidia/f1tenth_ws/install/realsense2_camera/share/realsense2_camera/cmake/ament_cmake_export_include_directories-extras.cmake
[0.465s] -- Up-to-date: /home/nvidia/f1tenth_ws/install/realsense2_camera/share/realsense2_camera/cmake/ament_cmake_export_libraries-extras.cmake
[0.465s] -- Up-to-date: /home/nvidia/f1tenth_ws/install/realsense2_camera/share/realsense2_camera/cmake/ament_cmake_export_dependencies-extras.cmake
[0.465s] -- Up-to-date: /home/nvidia/f1tenth_ws/install/realsense2_camera/share/realsense2_camera/cmake/realsense2_cameraConfig.cmake
[0.465s] -- Up-to-date: /home/nvidia/f1tenth_ws/install/realsense2_camera/share/realsense2_camera/cmake/realsense2_cameraConfig-version.cmake
[0.465s] -- Up-to-date: /home/nvidia/f1tenth_ws/install/realsense2_camera/share/realsense2_camera/package.xml
[0.499s] Invoked command in '/home/nvidia/f1tenth_ws/build/realsense2_camera' returned '0': AMENT_PREFIX_PATH=/home/nvidia/f1tenth_ws/install/realsense2_camera_msgs:${AMENT_PREFIX_PATH} CMAKE_PREFIX_PATH=/home/nvidia/f1tenth_ws/install/realsense2_camera_msgs:/opt/ros/humble LD_LIBRARY_PATH=/home/nvidia/f1tenth_ws/install/realsense2_camera_msgs/lib:/opt/ros/humble/opt/rviz_ogre_vendor/lib:/opt/ros/humble/lib/aarch64-linux-gnu:/opt/ros/humble/lib:/usr/local/cuda-12.2/lib64 PYTHONPATH=/home/nvidia/f1tenth_ws/install/realsense2_camera_msgs/local/lib/python3.10/dist-packages:${PYTHONPATH} /usr/bin/cmake --install /home/nvidia/f1tenth_ws/build/realsense2_camera
