[0.018s] Invoking command in '/home/nvidia/f1tenth_ws/build/realsense2_description': AMENT_PREFIX_PATH=/home/nvidia/f1tenth_ws/install/realsense2_camera_msgs:${AMENT_PREFIX_PATH} CMAKE_PREFIX_PATH=/home/nvidia/f1tenth_ws/install/realsense2_camera_msgs:/opt/ros/humble LD_LIBRARY_PATH=/home/nvidia/f1tenth_ws/install/realsense2_camera_msgs/lib:/opt/ros/humble/opt/rviz_ogre_vendor/lib:/opt/ros/humble/lib/aarch64-linux-gnu:/opt/ros/humble/lib:/usr/local/cuda-12.2/lib64 PYTHONPATH=/home/nvidia/f1tenth_ws/install/realsense2_camera_msgs/local/lib/python3.10/dist-packages:${PYTHONPATH} /usr/bin/cmake /home/nvidia/f1tenth_ws/src/realsense-ros/realsense2_description -DCMAKE_INSTALL_PREFIX=/home/nvidia/f1tenth_ws/install/realsense2_description
[0.124s] -- The C compiler identification is GNU 11.4.0
[0.233s] -- The CXX compiler identification is GNU 11.4.0
[0.246s] -- Detecting C compiler ABI info
[0.387s] -- Detecting C compiler ABI info - done
[0.402s] -- Check for working C compiler: /usr/bin/cc - skipped
[0.402s] -- Detecting C compile features
[0.403s] -- Detecting C compile features - done
[0.409s] -- Detecting CXX compiler ABI info
[0.554s] -- Detecting CXX compiler ABI info - done
[0.567s] -- Check for working CXX compiler: /usr/bin/c++ - skipped
[0.568s] -- Detecting CXX compile features
[0.569s] -- Detecting CXX compile features - done
[0.574s] -- Found ament_cmake: 1.3.8 (/opt/ros/humble/share/ament_cmake/cmake)
[0.909s] -- Found Python3: /usr/bin/python3 (found version "3.10.12") found components: Interpreter 
[1.255s] -- Configuring done
[1.260s] -- Generating done
[1.262s] -- Build files have been written to: /home/nvidia/f1tenth_ws/build/realsense2_description
[1.272s] Invoked command in '/home/nvidia/f1tenth_ws/build/realsense2_description' returned '0': AMENT_PREFIX_PATH=/home/nvidia/f1tenth_ws/install/realsense2_camera_msgs:${AMENT_PREFIX_PATH} CMAKE_PREFIX_PATH=/home/nvidia/f1tenth_ws/install/realsense2_camera_msgs:/opt/ros/humble LD_LIBRARY_PATH=/home/nvidia/f1tenth_ws/install/realsense2_camera_msgs/lib:/opt/ros/humble/opt/rviz_ogre_vendor/lib:/opt/ros/humble/lib/aarch64-linux-gnu:/opt/ros/humble/lib:/usr/local/cuda-12.2/lib64 PYTHONPATH=/home/nvidia/f1tenth_ws/install/realsense2_camera_msgs/local/lib/python3.10/dist-packages:${PYTHONPATH} /usr/bin/cmake /home/nvidia/f1tenth_ws/src/realsense-ros/realsense2_description -DCMAKE_INSTALL_PREFIX=/home/nvidia/f1tenth_ws/install/realsense2_description
[1.276s] Invoking command in '/home/nvidia/f1tenth_ws/build/realsense2_description': AMENT_PREFIX_PATH=/home/nvidia/f1tenth_ws/install/realsense2_camera_msgs:${AMENT_PREFIX_PATH} CMAKE_PREFIX_PATH=/home/nvidia/f1tenth_ws/install/realsense2_camera_msgs:/opt/ros/humble LD_LIBRARY_PATH=/home/nvidia/f1tenth_ws/install/realsense2_camera_msgs/lib:/opt/ros/humble/opt/rviz_ogre_vendor/lib:/opt/ros/humble/lib/aarch64-linux-gnu:/opt/ros/humble/lib:/usr/local/cuda-12.2/lib64 PYTHONPATH=/home/nvidia/f1tenth_ws/install/realsense2_camera_msgs/local/lib/python3.10/dist-packages:${PYTHONPATH} /usr/bin/cmake --build /home/nvidia/f1tenth_ws/build/realsense2_description -- -j6 -l6
[1.347s] Invoked command in '/home/nvidia/f1tenth_ws/build/realsense2_description' returned '0': AMENT_PREFIX_PATH=/home/nvidia/f1tenth_ws/install/realsense2_camera_msgs:${AMENT_PREFIX_PATH} CMAKE_PREFIX_PATH=/home/nvidia/f1tenth_ws/install/realsense2_camera_msgs:/opt/ros/humble LD_LIBRARY_PATH=/home/nvidia/f1tenth_ws/install/realsense2_camera_msgs/lib:/opt/ros/humble/opt/rviz_ogre_vendor/lib:/opt/ros/humble/lib/aarch64-linux-gnu:/opt/ros/humble/lib:/usr/local/cuda-12.2/lib64 PYTHONPATH=/home/nvidia/f1tenth_ws/install/realsense2_camera_msgs/local/lib/python3.10/dist-packages:${PYTHONPATH} /usr/bin/cmake --build /home/nvidia/f1tenth_ws/build/realsense2_description -- -j6 -l6
[1.385s] Invoking command in '/home/nvidia/f1tenth_ws/build/realsense2_description': AMENT_PREFIX_PATH=/home/nvidia/f1tenth_ws/install/realsense2_camera_msgs:${AMENT_PREFIX_PATH} CMAKE_PREFIX_PATH=/home/nvidia/f1tenth_ws/install/realsense2_camera_msgs:/opt/ros/humble LD_LIBRARY_PATH=/home/nvidia/f1tenth_ws/install/realsense2_camera_msgs/lib:/opt/ros/humble/opt/rviz_ogre_vendor/lib:/opt/ros/humble/lib/aarch64-linux-gnu:/opt/ros/humble/lib:/usr/local/cuda-12.2/lib64 PYTHONPATH=/home/nvidia/f1tenth_ws/install/realsense2_camera_msgs/local/lib/python3.10/dist-packages:${PYTHONPATH} /usr/bin/cmake --install /home/nvidia/f1tenth_ws/build/realsense2_description
[1.398s] -- Install configuration: ""
[1.399s] -- Installing: /home/nvidia/f1tenth_ws/install/realsense2_description/share/realsense2_description/launch
[1.399s] -- Installing: /home/nvidia/f1tenth_ws/install/realsense2_description/share/realsense2_description/launch/view_model.launch.py
[1.399s] -- Installing: /home/nvidia/f1tenth_ws/install/realsense2_description/share/realsense2_description/launch/launch_utils.py
[1.400s] -- Installing: /home/nvidia/f1tenth_ws/install/realsense2_description/share/realsense2_description/meshes
[1.400s] -- Installing: /home/nvidia/f1tenth_ws/install/realsense2_description/share/realsense2_description/meshes/d405.stl
[1.400s] -- Installing: /home/nvidia/f1tenth_ws/install/realsense2_description/share/realsense2_description/meshes/d415.stl
[1.444s] -- Installing: /home/nvidia/f1tenth_ws/install/realsense2_description/share/realsense2_description/meshes/plug.stl
[1.445s] -- Installing: /home/nvidia/f1tenth_ws/install/realsense2_description/share/realsense2_description/meshes/d435.dae
[1.479s] -- Installing: /home/nvidia/f1tenth_ws/install/realsense2_description/share/realsense2_description/meshes/plug_collision.stl
[1.479s] -- Installing: /home/nvidia/f1tenth_ws/install/realsense2_description/share/realsense2_description/meshes/d455.stl
[1.483s] -- Installing: /home/nvidia/f1tenth_ws/install/realsense2_description/share/realsense2_description/meshes/l515.dae
[1.541s] -- Installing: /home/nvidia/f1tenth_ws/install/realsense2_description/share/realsense2_description/rviz
[1.541s] -- Installing: /home/nvidia/f1tenth_ws/install/realsense2_description/share/realsense2_description/rviz/urdf.rviz
[1.541s] -- Installing: /home/nvidia/f1tenth_ws/install/realsense2_description/share/realsense2_description/urdf
[1.542s] -- Installing: /home/nvidia/f1tenth_ws/install/realsense2_description/share/realsense2_description/urdf/_materials.urdf.xacro
[1.542s] -- Installing: /home/nvidia/f1tenth_ws/install/realsense2_description/share/realsense2_description/urdf/test_d405_camera.urdf.xacro
[1.542s] -- Installing: /home/nvidia/f1tenth_ws/install/realsense2_description/share/realsense2_description/urdf/_r410.urdf.xacro
[1.542s] -- Installing: /home/nvidia/f1tenth_ws/install/realsense2_description/share/realsense2_description/urdf/_r430.urdf.xacro
[1.542s] -- Installing: /home/nvidia/f1tenth_ws/install/realsense2_description/share/realsense2_description/urdf/test_r430_camera.urdf.xacro
[1.542s] -- Installing: /home/nvidia/f1tenth_ws/install/realsense2_description/share/realsense2_description/urdf/test_r410_camera.urdf.xacro
[1.543s] -- Installing: /home/nvidia/f1tenth_ws/install/realsense2_description/share/realsense2_description/urdf/_d435.urdf.xacro
[1.543s] -- Installing: /home/nvidia/f1tenth_ws/install/realsense2_description/share/realsense2_description/urdf/_d435i.urdf.xacro
[1.543s] -- Installing: /home/nvidia/f1tenth_ws/install/realsense2_description/share/realsense2_description/urdf/test_d415_camera.urdf.xacro
[1.543s] -- Installing: /home/nvidia/f1tenth_ws/install/realsense2_description/share/realsense2_description/urdf/test_d435_camera.urdf.xacro
[1.543s] -- Installing: /home/nvidia/f1tenth_ws/install/realsense2_description/share/realsense2_description/urdf/_d435i_imu_modules.urdf.xacro
[1.543s] -- Installing: /home/nvidia/f1tenth_ws/install/realsense2_description/share/realsense2_description/urdf/_usb_plug.urdf.xacro
[1.543s] -- Installing: /home/nvidia/f1tenth_ws/install/realsense2_description/share/realsense2_description/urdf/_d455.urdf.xacro
[1.544s] -- Installing: /home/nvidia/f1tenth_ws/install/realsense2_description/share/realsense2_description/urdf/test_d435i_camera.urdf.xacro
[1.544s] -- Installing: /home/nvidia/f1tenth_ws/install/realsense2_description/share/realsense2_description/urdf/test_d455_camera.urdf.xacro
[1.544s] -- Installing: /home/nvidia/f1tenth_ws/install/realsense2_description/share/realsense2_description/urdf/_d405.urdf.xacro
[1.544s] -- Installing: /home/nvidia/f1tenth_ws/install/realsense2_description/share/realsense2_description/urdf/test_d435_multiple_cameras.urdf.xacro
[1.544s] -- Installing: /home/nvidia/f1tenth_ws/install/realsense2_description/share/realsense2_description/urdf/_d415.urdf.xacro
[1.545s] -- Installing: /home/nvidia/f1tenth_ws/install/realsense2_description/share/ament_index/resource_index/package_run_dependencies/realsense2_description
[1.545s] -- Installing: /home/nvidia/f1tenth_ws/install/realsense2_description/share/ament_index/resource_index/parent_prefix_path/realsense2_description
[1.546s] -- Installing: /home/nvidia/f1tenth_ws/install/realsense2_description/share/realsense2_description/environment/ament_prefix_path.sh
[1.546s] -- Installing: /home/nvidia/f1tenth_ws/install/realsense2_description/share/realsense2_description/environment/ament_prefix_path.dsv
[1.546s] -- Installing: /home/nvidia/f1tenth_ws/install/realsense2_description/share/realsense2_description/environment/path.sh
[1.546s] -- Installing: /home/nvidia/f1tenth_ws/install/realsense2_description/share/realsense2_description/environment/path.dsv
[1.547s] -- Installing: /home/nvidia/f1tenth_ws/install/realsense2_description/share/realsense2_description/local_setup.bash
[1.547s] -- Installing: /home/nvidia/f1tenth_ws/install/realsense2_description/share/realsense2_description/local_setup.sh
[1.547s] -- Installing: /home/nvidia/f1tenth_ws/install/realsense2_description/share/realsense2_description/local_setup.zsh
[1.547s] -- Installing: /home/nvidia/f1tenth_ws/install/realsense2_description/share/realsense2_description/local_setup.dsv
[1.547s] -- Installing: /home/nvidia/f1tenth_ws/install/realsense2_description/share/realsense2_description/package.dsv
[1.548s] -- Installing: /home/nvidia/f1tenth_ws/install/realsense2_description/share/ament_index/resource_index/packages/realsense2_description
[1.548s] -- Installing: /home/nvidia/f1tenth_ws/install/realsense2_description/share/realsense2_description/cmake/realsense2_descriptionConfig.cmake
[1.548s] -- Installing: /home/nvidia/f1tenth_ws/install/realsense2_description/share/realsense2_description/cmake/realsense2_descriptionConfig-version.cmake
[1.549s] -- Installing: /home/nvidia/f1tenth_ws/install/realsense2_description/share/realsense2_description/package.xml
[1.555s] Invoked command in '/home/nvidia/f1tenth_ws/build/realsense2_description' returned '0': AMENT_PREFIX_PATH=/home/nvidia/f1tenth_ws/install/realsense2_camera_msgs:${AMENT_PREFIX_PATH} CMAKE_PREFIX_PATH=/home/nvidia/f1tenth_ws/install/realsense2_camera_msgs:/opt/ros/humble LD_LIBRARY_PATH=/home/nvidia/f1tenth_ws/install/realsense2_camera_msgs/lib:/opt/ros/humble/opt/rviz_ogre_vendor/lib:/opt/ros/humble/lib/aarch64-linux-gnu:/opt/ros/humble/lib:/usr/local/cuda-12.2/lib64 PYTHONPATH=/home/nvidia/f1tenth_ws/install/realsense2_camera_msgs/local/lib/python3.10/dist-packages:${PYTHONPATH} /usr/bin/cmake --install /home/nvidia/f1tenth_ws/build/realsense2_description
