[0.042s] Invoking command in '/home/nvidia/f1tenth_ws/build/vesc_ackermann': AMENT_PREFIX_PATH=/home/nvidia/f1tenth_ws/install/vesc_msgs:${AMENT_PREFIX_PATH} CMAKE_PREFIX_PATH=/home/nvidia/f1tenth_ws/install/vesc_msgs:/opt/ros/humble LD_LIBRARY_PATH=/home/nvidia/f1tenth_ws/install/vesc_msgs/lib:/opt/ros/humble/opt/rviz_ogre_vendor/lib:/opt/ros/humble/lib/aarch64-linux-gnu:/opt/ros/humble/lib:/usr/local/cuda-12.2/lib64 PYTHONPATH=/home/nvidia/f1tenth_ws/install/vesc_msgs/local/lib/python3.10/dist-packages:${PYTHONPATH} /usr/bin/cmake --build /home/nvidia/f1tenth_ws/build/vesc_ackermann -- -j6 -l6
[0.096s] -- Found ament_cmake_auto: 1.3.8 (/opt/ros/humble/share/ament_cmake_auto/cmake)
[0.616s] -- Found rosidl_generator_c: 3.1.5 (/opt/ros/humble/share/rosidl_generator_c/cmake)
[0.622s] -- Found rosidl_adapter: 3.1.5 (/opt/ros/humble/share/rosidl_adapter/cmake)
[0.635s] -- Found rosidl_generator_cpp: 3.1.5 (/opt/ros/humble/share/rosidl_generator_cpp/cmake)
[0.664s] -- Using all available rosidl_typesupport_c: rosidl_typesupport_fastrtps_c;rosidl_typesupport_introspection_c
[0.697s] -- Using all available rosidl_typesupport_cpp: rosidl_typesupport_fastrtps_cpp;rosidl_typesupport_introspection_cpp
[1.276s] -- Found rmw_implementation_cmake: 6.1.1 (/opt/ros/humble/share/rmw_implementation_cmake/cmake)
[1.278s] -- Found rmw_fastrtps_cpp: 6.2.6 (/opt/ros/humble/share/rmw_fastrtps_cpp/cmake)
[1.534s] -- Using RMW implementation 'rmw_fastrtps_cpp' as default
[2.589s] -- Found ament_lint_auto: 0.12.10 (/opt/ros/humble/share/ament_lint_auto/cmake)
[2.608s] -- Added test 'copyright' to check source files copyright and LICENSE
[2.610s] -- Added test 'cppcheck' to perform static code analysis on C / C++ code
[2.611s] -- Configured cppcheck include dirs: /home/nvidia/f1tenth_ws/src/f1tenth_system/vesc/vesc_ackermann/include
[2.611s] -- Configured cppcheck exclude dirs and/or files: 
[2.612s] -- Added test 'cpplint' to check C / C++ code against the Google style
[2.613s] -- Configured cpplint exclude dirs and/or files: 
[2.614s] -- Added test 'lint_cmake' to check CMake code style
[2.616s] -- Added test 'uncrustify' to check C / C++ code style
[2.616s] -- Configured uncrustify additional arguments: 
[2.616s] -- Added test 'xmllint' to check XML markup files
[2.621s] -- Configuring done
[2.666s] -- Generating done
[2.671s] -- Build files have been written to: /home/nvidia/f1tenth_ws/build/vesc_ackermann
[2.811s] [35m[1mConsolidate compiler generated dependencies of target vesc_ackermann[0m
[2.835s] [35m[1mConsolidate compiler generated dependencies of target ackermann_to_vesc_node[0m
[2.855s] [35m[1mConsolidate compiler generated dependencies of target vesc_to_odom_node[0m
[2.927s] [ 28%] Built target ackermann_to_vesc_node
[2.931s] [ 42%] [32mBuilding CXX object CMakeFiles/vesc_ackermann.dir/src/ackermann_to_vesc.cpp.o[0m
[2.939s] [ 57%] [32mBuilding CXX object CMakeFiles/vesc_ackermann.dir/src/vesc_to_odom.cpp.o[0m
[2.961s] [ 85%] Built target vesc_to_odom_node
[30.922s] [100%] [32m[1mLinking CXX shared library libvesc_ackermann.so[0m
[33.077s] [100%] Built target vesc_ackermann
[33.102s] Invoked command in '/home/nvidia/f1tenth_ws/build/vesc_ackermann' returned '0': AMENT_PREFIX_PATH=/home/nvidia/f1tenth_ws/install/vesc_msgs:${AMENT_PREFIX_PATH} CMAKE_PREFIX_PATH=/home/nvidia/f1tenth_ws/install/vesc_msgs:/opt/ros/humble LD_LIBRARY_PATH=/home/nvidia/f1tenth_ws/install/vesc_msgs/lib:/opt/ros/humble/opt/rviz_ogre_vendor/lib:/opt/ros/humble/lib/aarch64-linux-gnu:/opt/ros/humble/lib:/usr/local/cuda-12.2/lib64 PYTHONPATH=/home/nvidia/f1tenth_ws/install/vesc_msgs/local/lib/python3.10/dist-packages:${PYTHONPATH} /usr/bin/cmake --build /home/nvidia/f1tenth_ws/build/vesc_ackermann -- -j6 -l6
[33.166s] Invoking command in '/home/nvidia/f1tenth_ws/build/vesc_ackermann': AMENT_PREFIX_PATH=/home/nvidia/f1tenth_ws/install/vesc_msgs:${AMENT_PREFIX_PATH} CMAKE_PREFIX_PATH=/home/nvidia/f1tenth_ws/install/vesc_msgs:/opt/ros/humble LD_LIBRARY_PATH=/home/nvidia/f1tenth_ws/install/vesc_msgs/lib:/opt/ros/humble/opt/rviz_ogre_vendor/lib:/opt/ros/humble/lib/aarch64-linux-gnu:/opt/ros/humble/lib:/usr/local/cuda-12.2/lib64 PYTHONPATH=/home/nvidia/f1tenth_ws/install/vesc_msgs/local/lib/python3.10/dist-packages:${PYTHONPATH} /usr/bin/cmake --install /home/nvidia/f1tenth_ws/build/vesc_ackermann
[33.183s] -- Install configuration: ""
[33.183s] -- Installing: /home/nvidia/f1tenth_ws/install/vesc_ackermann/lib/vesc_ackermann/ackermann_to_vesc_node
[33.185s] -- Set runtime path of "/home/nvidia/f1tenth_ws/install/vesc_ackermann/lib/vesc_ackermann/ackermann_to_vesc_node" to ""
[33.185s] -- Installing: /home/nvidia/f1tenth_ws/install/vesc_ackermann/lib/vesc_ackermann/vesc_to_odom_node
[33.186s] -- Set runtime path of "/home/nvidia/f1tenth_ws/install/vesc_ackermann/lib/vesc_ackermann/vesc_to_odom_node" to ""
[33.186s] -- Installing: /home/nvidia/f1tenth_ws/install/vesc_ackermann/include
[33.187s] -- Installing: /home/nvidia/f1tenth_ws/install/vesc_ackermann/include/vesc_ackermann
[33.187s] -- Installing: /home/nvidia/f1tenth_ws/install/vesc_ackermann/include/vesc_ackermann/ackermann_to_vesc.hpp
[33.187s] -- Installing: /home/nvidia/f1tenth_ws/install/vesc_ackermann/include/vesc_ackermann/vesc_to_odom.hpp
[33.187s] -- Installing: /home/nvidia/f1tenth_ws/install/vesc_ackermann/share/vesc_ackermann/environment/library_path.sh
[33.188s] -- Installing: /home/nvidia/f1tenth_ws/install/vesc_ackermann/share/vesc_ackermann/environment/library_path.dsv
[33.188s] -- Installing: /home/nvidia/f1tenth_ws/install/vesc_ackermann/lib/libvesc_ackermann.so
[33.217s] -- Set runtime path of "/home/nvidia/f1tenth_ws/install/vesc_ackermann/lib/libvesc_ackermann.so" to ""
[33.218s] -- Installing: /home/nvidia/f1tenth_ws/install/vesc_ackermann/share/vesc_ackermann/launch
[33.218s] -- Installing: /home/nvidia/f1tenth_ws/install/vesc_ackermann/share/vesc_ackermann/launch/vesc_to_odom_node.launch.xml
[33.218s] -- Installing: /home/nvidia/f1tenth_ws/install/vesc_ackermann/share/vesc_ackermann/launch/ackermann_to_vesc_node.launch.xml
[33.218s] -- Installing: /home/nvidia/f1tenth_ws/install/vesc_ackermann/share/ament_index/resource_index/package_run_dependencies/vesc_ackermann
[33.218s] -- Installing: /home/nvidia/f1tenth_ws/install/vesc_ackermann/share/ament_index/resource_index/parent_prefix_path/vesc_ackermann
[33.219s] -- Installing: /home/nvidia/f1tenth_ws/install/vesc_ackermann/share/vesc_ackermann/environment/ament_prefix_path.sh
[33.219s] -- Installing: /home/nvidia/f1tenth_ws/install/vesc_ackermann/share/vesc_ackermann/environment/ament_prefix_path.dsv
[33.219s] -- Installing: /home/nvidia/f1tenth_ws/install/vesc_ackermann/share/vesc_ackermann/environment/path.sh
[33.219s] -- Installing: /home/nvidia/f1tenth_ws/install/vesc_ackermann/share/vesc_ackermann/environment/path.dsv
[33.220s] -- Installing: /home/nvidia/f1tenth_ws/install/vesc_ackermann/share/vesc_ackermann/local_setup.bash
[33.220s] -- Installing: /home/nvidia/f1tenth_ws/install/vesc_ackermann/share/vesc_ackermann/local_setup.sh
[33.220s] -- Installing: /home/nvidia/f1tenth_ws/install/vesc_ackermann/share/vesc_ackermann/local_setup.zsh
[33.221s] -- Installing: /home/nvidia/f1tenth_ws/install/vesc_ackermann/share/vesc_ackermann/local_setup.dsv
[33.221s] -- Installing: /home/nvidia/f1tenth_ws/install/vesc_ackermann/share/vesc_ackermann/package.dsv
[33.221s] -- Installing: /home/nvidia/f1tenth_ws/install/vesc_ackermann/share/ament_index/resource_index/packages/vesc_ackermann
[33.221s] -- Installing: /home/nvidia/f1tenth_ws/install/vesc_ackermann/share/ament_index/resource_index/rclcpp_components/vesc_ackermann
[33.222s] -- Installing: /home/nvidia/f1tenth_ws/install/vesc_ackermann/share/vesc_ackermann/cmake/ament_cmake_export_dependencies-extras.cmake
[33.222s] -- Installing: /home/nvidia/f1tenth_ws/install/vesc_ackermann/share/vesc_ackermann/cmake/ament_cmake_export_include_directories-extras.cmake
[33.222s] -- Installing: /home/nvidia/f1tenth_ws/install/vesc_ackermann/share/vesc_ackermann/cmake/ament_cmake_export_libraries-extras.cmake
[33.222s] -- Installing: /home/nvidia/f1tenth_ws/install/vesc_ackermann/share/vesc_ackermann/cmake/vesc_ackermannConfig.cmake
[33.223s] -- Installing: /home/nvidia/f1tenth_ws/install/vesc_ackermann/share/vesc_ackermann/cmake/vesc_ackermannConfig-version.cmake
[33.223s] -- Installing: /home/nvidia/f1tenth_ws/install/vesc_ackermann/share/vesc_ackermann/package.xml
[33.229s] Invoked command in '/home/nvidia/f1tenth_ws/build/vesc_ackermann' returned '0': AMENT_PREFIX_PATH=/home/nvidia/f1tenth_ws/install/vesc_msgs:${AMENT_PREFIX_PATH} CMAKE_PREFIX_PATH=/home/nvidia/f1tenth_ws/install/vesc_msgs:/opt/ros/humble LD_LIBRARY_PATH=/home/nvidia/f1tenth_ws/install/vesc_msgs/lib:/opt/ros/humble/opt/rviz_ogre_vendor/lib:/opt/ros/humble/lib/aarch64-linux-gnu:/opt/ros/humble/lib:/usr/local/cuda-12.2/lib64 PYTHONPATH=/home/nvidia/f1tenth_ws/install/vesc_msgs/local/lib/python3.10/dist-packages:${PYTHONPATH} /usr/bin/cmake --install /home/nvidia/f1tenth_ws/build/vesc_ackermann
