[0.025s] Invoking command in '/home/nvidia/f1tenth_ws/build/ros2_ouster': AMENT_PREFIX_PATH=/home/nvidia/f1tenth_ws/install/ouster_msgs:${AMENT_PREFIX_PATH} CMAKE_PREFIX_PATH=/home/nvidia/f1tenth_ws/install/ouster_msgs:/opt/ros/humble LD_LIBRARY_PATH=/home/nvidia/f1tenth_ws/install/ouster_msgs/lib:/opt/ros/humble/opt/rviz_ogre_vendor/lib:/opt/ros/humble/lib/aarch64-linux-gnu:/opt/ros/humble/lib:/usr/local/cuda-12.2/lib64 PYTHONPATH=/home/nvidia/f1tenth_ws/install/ouster_msgs/local/lib/python3.10/dist-packages:${PYTHONPATH} /usr/bin/cmake --build /home/nvidia/f1tenth_ws/build/ros2_ouster -- -j6 -l6
[0.129s] [35m[1mConsolidate compiler generated dependencies of target ouster_driver_core[0m
[0.199s] [  7%] [32mBuilding CXX object CMakeFiles/ouster_driver_core.dir/src/ouster_driver.cpp.o[0m
[0.205s] [ 14%] [32mBuilding CXX object CMakeFiles/ouster_driver_core.dir/src/driver_types.cpp.o[0m
[0.220s] [ 21%] [32mBuilding CXX object CMakeFiles/ouster_driver_core.dir/src/sensor_tins.cpp.o[0m
[45.502s] [ 28%] [32m[1mLinking CXX shared library libouster_driver_core.so[0m
[46.157s] [ 71%] Built target ouster_driver_core
[46.204s] [ 85%] [32mBuilding CXX object CMakeFiles/ouster_tins_driver.dir/src/main_tins.cpp.o[0m
[46.204s] [ 85%] [32mBuilding CXX object CMakeFiles/ouster_driver.dir/src/main.cpp.o[0m
[61.908s] [ 92%] [32m[1mLinking CXX executable ouster_tins_driver[0m
[62.035s] [100%] [32m[1mLinking CXX executable ouster_driver[0m
[62.369s] [100%] Built target ouster_tins_driver
[62.488s] [100%] Built target ouster_driver
[62.522s] Invoked command in '/home/nvidia/f1tenth_ws/build/ros2_ouster' returned '0': AMENT_PREFIX_PATH=/home/nvidia/f1tenth_ws/install/ouster_msgs:${AMENT_PREFIX_PATH} CMAKE_PREFIX_PATH=/home/nvidia/f1tenth_ws/install/ouster_msgs:/opt/ros/humble LD_LIBRARY_PATH=/home/nvidia/f1tenth_ws/install/ouster_msgs/lib:/opt/ros/humble/opt/rviz_ogre_vendor/lib:/opt/ros/humble/lib/aarch64-linux-gnu:/opt/ros/humble/lib:/usr/local/cuda-12.2/lib64 PYTHONPATH=/home/nvidia/f1tenth_ws/install/ouster_msgs/local/lib/python3.10/dist-packages:${PYTHONPATH} /usr/bin/cmake --build /home/nvidia/f1tenth_ws/build/ros2_ouster -- -j6 -l6
[62.619s] Invoking command in '/home/nvidia/f1tenth_ws/build/ros2_ouster': AMENT_PREFIX_PATH=/home/nvidia/f1tenth_ws/install/ouster_msgs:${AMENT_PREFIX_PATH} CMAKE_PREFIX_PATH=/home/nvidia/f1tenth_ws/install/ouster_msgs:/opt/ros/humble LD_LIBRARY_PATH=/home/nvidia/f1tenth_ws/install/ouster_msgs/lib:/opt/ros/humble/opt/rviz_ogre_vendor/lib:/opt/ros/humble/lib/aarch64-linux-gnu:/opt/ros/humble/lib:/usr/local/cuda-12.2/lib64 PYTHONPATH=/home/nvidia/f1tenth_ws/install/ouster_msgs/local/lib/python3.10/dist-packages:${PYTHONPATH} /usr/bin/cmake --install /home/nvidia/f1tenth_ws/build/ros2_ouster
[62.639s] -- Install configuration: "Release"
[62.640s] -- Installing: /home/nvidia/f1tenth_ws/install/ros2_ouster/lib/ros2_ouster/ouster_driver
[62.642s] -- Set runtime path of "/home/nvidia/f1tenth_ws/install/ros2_ouster/lib/ros2_ouster/ouster_driver" to ""
[62.642s] -- Installing: /home/nvidia/f1tenth_ws/install/ros2_ouster/lib/ros2_ouster/ouster_tins_driver
[62.643s] -- Set runtime path of "/home/nvidia/f1tenth_ws/install/ros2_ouster/lib/ros2_ouster/ouster_tins_driver" to ""
[62.643s] -- Installing: /home/nvidia/f1tenth_ws/install/ros2_ouster/lib/libouster_driver_core.so
[62.648s] -- Set runtime path of "/home/nvidia/f1tenth_ws/install/ros2_ouster/lib/libouster_driver_core.so" to ""
[62.648s] -- Installing: /home/nvidia/f1tenth_ws/install/ros2_ouster/include/
[62.648s] -- Installing: /home/nvidia/f1tenth_ws/install/ros2_ouster/include//ros2_ouster
[62.648s] -- Installing: /home/nvidia/f1tenth_ws/install/ros2_ouster/include//ros2_ouster/driver_types.hpp
[62.649s] -- Installing: /home/nvidia/f1tenth_ws/install/ros2_ouster/include//ros2_ouster/ringbuffer.hpp
[62.649s] -- Installing: /home/nvidia/f1tenth_ws/install/ros2_ouster/include//ros2_ouster/string_utils.hpp
[62.649s] -- Installing: /home/nvidia/f1tenth_ws/install/ros2_ouster/include//ros2_ouster/client
[62.649s] -- Installing: /home/nvidia/f1tenth_ws/install/ros2_ouster/include//ros2_ouster/client/viz
[62.650s] -- Installing: /home/nvidia/f1tenth_ws/install/ros2_ouster/include//ros2_ouster/client/viz/beam_uniformity.h
[62.650s] -- Installing: /home/nvidia/f1tenth_ws/install/ros2_ouster/include//ros2_ouster/client/viz/autoexposure.h
[62.651s] -- Installing: /home/nvidia/f1tenth_ws/install/ros2_ouster/include//ros2_ouster/client/impl
[62.651s] -- Installing: /home/nvidia/f1tenth_ws/install/ros2_ouster/include//ros2_ouster/client/impl/parsing.h
[62.652s] -- Installing: /home/nvidia/f1tenth_ws/install/ros2_ouster/include//ros2_ouster/client/impl/netcompat.h
[62.652s] -- Installing: /home/nvidia/f1tenth_ws/install/ros2_ouster/include//ros2_ouster/client/lidar_scan.h
[62.652s] -- Installing: /home/nvidia/f1tenth_ws/install/ros2_ouster/include//ros2_ouster/client/types.h
[62.653s] -- Installing: /home/nvidia/f1tenth_ws/install/ros2_ouster/include//ros2_ouster/client/client.h
[62.653s] -- Installing: /home/nvidia/f1tenth_ws/install/ros2_ouster/include//ros2_ouster/client/point.h
[62.653s] -- Installing: /home/nvidia/f1tenth_ws/install/ros2_ouster/include//ros2_ouster/client/version.h
[62.653s] -- Installing: /home/nvidia/f1tenth_ws/install/ros2_ouster/include//ros2_ouster/client/optional-lite
[62.654s] -- Installing: /home/nvidia/f1tenth_ws/install/ros2_ouster/include//ros2_ouster/client/optional-lite/LICENSE.txt
[62.654s] -- Installing: /home/nvidia/f1tenth_ws/install/ros2_ouster/include//ros2_ouster/client/optional-lite/optional.hpp
[62.655s] -- Installing: /home/nvidia/f1tenth_ws/install/ros2_ouster/include//ros2_ouster/sensor.hpp
[62.655s] -- Installing: /home/nvidia/f1tenth_ws/install/ros2_ouster/include//ros2_ouster/ros2_utils.hpp
[62.655s] -- Installing: /home/nvidia/f1tenth_ws/install/ros2_ouster/include//ros2_ouster/conversions.hpp
[62.656s] -- Installing: /home/nvidia/f1tenth_ws/install/ros2_ouster/include//ros2_ouster/full_rotation_accumulator.hpp
[62.656s] -- Installing: /home/nvidia/f1tenth_ws/install/ros2_ouster/include//ros2_ouster/sensor_tins.hpp
[62.656s] -- Installing: /home/nvidia/f1tenth_ws/install/ros2_ouster/include//ros2_ouster/processors
[62.657s] -- Installing: /home/nvidia/f1tenth_ws/install/ros2_ouster/include//ros2_ouster/processors/imu_processor.hpp
[62.657s] -- Installing: /home/nvidia/f1tenth_ws/install/ros2_ouster/include//ros2_ouster/processors/scan_processor.hpp
[62.658s] -- Installing: /home/nvidia/f1tenth_ws/install/ros2_ouster/include//ros2_ouster/processors/processor_factories.hpp
[62.658s] -- Installing: /home/nvidia/f1tenth_ws/install/ros2_ouster/include//ros2_ouster/processors/pointcloud_processor.hpp
[62.659s] -- Installing: /home/nvidia/f1tenth_ws/install/ros2_ouster/include//ros2_ouster/processors/image_processor.hpp
[62.659s] -- Installing: /home/nvidia/f1tenth_ws/install/ros2_ouster/include//ros2_ouster/ouster_driver.hpp
[62.659s] -- Installing: /home/nvidia/f1tenth_ws/install/ros2_ouster/include//ros2_ouster/interfaces
[62.659s] -- Installing: /home/nvidia/f1tenth_ws/install/ros2_ouster/include//ros2_ouster/interfaces/configuration.hpp
[62.660s] -- Installing: /home/nvidia/f1tenth_ws/install/ros2_ouster/include//ros2_ouster/interfaces/metadata.hpp
[62.660s] -- Installing: /home/nvidia/f1tenth_ws/install/ros2_ouster/include//ros2_ouster/interfaces/data_processor_interface.hpp
[62.660s] -- Installing: /home/nvidia/f1tenth_ws/install/ros2_ouster/include//ros2_ouster/interfaces/sensor_interface.hpp
[62.661s] -- Installing: /home/nvidia/f1tenth_ws/install/ros2_ouster/include//ros2_ouster/interfaces/lifecycle_interface.hpp
[62.661s] -- Installing: /home/nvidia/f1tenth_ws/install/ros2_ouster/include//ros2_ouster/exception.hpp
[62.662s] -- Installing: /home/nvidia/f1tenth_ws/install/ros2_ouster/share/ros2_ouster/launch
[62.662s] -- Installing: /home/nvidia/f1tenth_ws/install/ros2_ouster/share/ros2_ouster/launch/driver_launch.py
[62.662s] -- Installing: /home/nvidia/f1tenth_ws/install/ros2_ouster/share/ros2_ouster/launch/tins_driver_launch.py
[62.663s] -- Installing: /home/nvidia/f1tenth_ws/install/ros2_ouster/share/ros2_ouster/params
[62.663s] -- Installing: /home/nvidia/f1tenth_ws/install/ros2_ouster/share/ros2_ouster/params/ouster_os0128_2048_metadata.json
[62.664s] -- Installing: /home/nvidia/f1tenth_ws/install/ros2_ouster/share/ros2_ouster/params/tins_driver_config.yaml
[62.664s] -- Installing: /home/nvidia/f1tenth_ws/install/ros2_ouster/share/ros2_ouster/params/ouster_os0128_1024_metadata.json
[62.664s] -- Installing: /home/nvidia/f1tenth_ws/install/ros2_ouster/share/ros2_ouster/params/driver_config.yaml
[62.665s] -- Installing: /home/nvidia/f1tenth_ws/install/ros2_ouster/share/ros2_ouster/environment/library_path.sh
[62.666s] -- Installing: /home/nvidia/f1tenth_ws/install/ros2_ouster/share/ros2_ouster/environment/library_path.dsv
[62.667s] -- Installing: /home/nvidia/f1tenth_ws/install/ros2_ouster/share/ament_index/resource_index/package_run_dependencies/ros2_ouster
[62.667s] -- Installing: /home/nvidia/f1tenth_ws/install/ros2_ouster/share/ament_index/resource_index/parent_prefix_path/ros2_ouster
[62.668s] -- Installing: /home/nvidia/f1tenth_ws/install/ros2_ouster/share/ros2_ouster/environment/ament_prefix_path.sh
[62.669s] -- Installing: /home/nvidia/f1tenth_ws/install/ros2_ouster/share/ros2_ouster/environment/ament_prefix_path.dsv
[62.669s] -- Installing: /home/nvidia/f1tenth_ws/install/ros2_ouster/share/ros2_ouster/environment/path.sh
[62.670s] -- Installing: /home/nvidia/f1tenth_ws/install/ros2_ouster/share/ros2_ouster/environment/path.dsv
[62.670s] -- Installing: /home/nvidia/f1tenth_ws/install/ros2_ouster/share/ros2_ouster/local_setup.bash
[62.671s] -- Installing: /home/nvidia/f1tenth_ws/install/ros2_ouster/share/ros2_ouster/local_setup.sh
[62.671s] -- Installing: /home/nvidia/f1tenth_ws/install/ros2_ouster/share/ros2_ouster/local_setup.zsh
[62.672s] -- Installing: /home/nvidia/f1tenth_ws/install/ros2_ouster/share/ros2_ouster/local_setup.dsv
[62.672s] -- Installing: /home/nvidia/f1tenth_ws/install/ros2_ouster/share/ros2_ouster/package.dsv
[62.673s] -- Installing: /home/nvidia/f1tenth_ws/install/ros2_ouster/share/ament_index/resource_index/packages/ros2_ouster
[62.673s] -- Installing: /home/nvidia/f1tenth_ws/install/ros2_ouster/share/ament_index/resource_index/rclcpp_components/ros2_ouster
[62.674s] -- Installing: /home/nvidia/f1tenth_ws/install/ros2_ouster/share/ros2_ouster/cmake/ament_cmake_export_include_directories-extras.cmake
[62.674s] -- Installing: /home/nvidia/f1tenth_ws/install/ros2_ouster/share/ros2_ouster/cmake/ament_cmake_export_libraries-extras.cmake
[62.675s] -- Installing: /home/nvidia/f1tenth_ws/install/ros2_ouster/share/ros2_ouster/cmake/ament_cmake_export_dependencies-extras.cmake
[62.675s] -- Installing: /home/nvidia/f1tenth_ws/install/ros2_ouster/share/ros2_ouster/cmake/ros2_ousterConfig.cmake
[62.676s] -- Installing: /home/nvidia/f1tenth_ws/install/ros2_ouster/share/ros2_ouster/cmake/ros2_ousterConfig-version.cmake
[62.676s] -- Installing: /home/nvidia/f1tenth_ws/install/ros2_ouster/share/ros2_ouster/package.xml
[62.688s] Invoked command in '/home/nvidia/f1tenth_ws/build/ros2_ouster' returned '0': AMENT_PREFIX_PATH=/home/nvidia/f1tenth_ws/install/ouster_msgs:${AMENT_PREFIX_PATH} CMAKE_PREFIX_PATH=/home/nvidia/f1tenth_ws/install/ouster_msgs:/opt/ros/humble LD_LIBRARY_PATH=/home/nvidia/f1tenth_ws/install/ouster_msgs/lib:/opt/ros/humble/opt/rviz_ogre_vendor/lib:/opt/ros/humble/lib/aarch64-linux-gnu:/opt/ros/humble/lib:/usr/local/cuda-12.2/lib64 PYTHONPATH=/home/nvidia/f1tenth_ws/install/ouster_msgs/local/lib/python3.10/dist-packages:${PYTHONPATH} /usr/bin/cmake --install /home/nvidia/f1tenth_ws/build/ros2_ouster
