running egg_info
writing ../../../../build/key_teleop/key_teleop.egg-info/PKG-INFO
writing dependency_links to ../../../../build/key_teleop/key_teleop.egg-info/dependency_links.txt
writing entry points to ../../../../build/key_teleop/key_teleop.egg-info/entry_points.txt
writing requirements to ../../../../build/key_teleop/key_teleop.egg-info/requires.txt
writing top-level names to ../../../../build/key_teleop/key_teleop.egg-info/top_level.txt
reading manifest file '../../../../build/key_teleop/key_teleop.egg-info/SOURCES.txt'
adding license file 'LICENSE'
writing manifest file '../../../../build/key_teleop/key_teleop.egg-info/SOURCES.txt'
running build
running build_py
running install
running install_lib
running install_data
running install_egg_info
removing '/home/nvidia/f1tenth_ws/install/key_teleop/lib/python3.10/site-packages/key_teleop-0.3.0-py3.10.egg-info' (and everything under it)
Copying ../../../../build/key_teleop/key_teleop.egg-info to /home/nvidia/f1tenth_ws/install/key_teleop/lib/python3.10/site-packages/key_teleop-0.3.0-py3.10.egg-info
running install_scripts
Installing key_teleop script to /home/nvidia/f1tenth_ws/install/key_teleop/lib/key_teleop
writing list of installed files to '/home/nvidia/f1tenth_ws/build/key_teleop/install.log'
