[0.029s] Invoking command in '/home/nvidia/f1tenth_ws/build/fixposition_driver_ros2': CMAKE_PREFIX_PATH=/home/nvidia/f1tenth_ws/install/fixposition_gnss_tf:/home/nvidia/f1tenth_ws/install/vesc:/home/nvidia/f1tenth_ws/install/vesc_driver:/home/nvidia/f1tenth_ws/install/vesc_ackermann:/home/nvidia/f1tenth_ws/install/vesc_msgs:/home/nvidia/f1tenth_ws/install/teleop_tools:/home/nvidia/f1tenth_ws/install/teleop_tools_msgs:/home/nvidia/f1tenth_ws/install/realsense2_description:/home/nvidia/f1tenth_ws/install/realsense2_camera:/home/nvidia/f1tenth_ws/install/realsense2_camera_msgs:/home/nvidia/f1tenth_ws/install/fixposition_odometry_converter_ros2:/home/nvidia/f1tenth_ws/install/fixposition_driver_ros2:/home/nvidia/f1tenth_ws/install/fixposition_driver_lib:/home/nvidia/f1tenth_ws/install/ackermann_mux:/home/nvidia/f1tenth_ws/install/f1tenth_stack:/home/nvidia/f1tenth_ws/install/joy_teleop:/home/nvidia/f1tenth_ws/install/mouse_teleop:/home/nvidia/f1tenth_ws/install/key_teleop:/opt/ros/humble LD_LIBRARY_PATH=/home/nvidia/f1tenth_ws/install/fixposition_gnss_tf/lib:/home/nvidia/f1tenth_ws/install/vesc_driver/lib:/home/nvidia/f1tenth_ws/install/vesc_ackermann/lib:/home/nvidia/f1tenth_ws/install/vesc_msgs/lib:/home/nvidia/f1tenth_ws/install/teleop_tools_msgs/lib:/home/nvidia/f1tenth_ws/install/realsense2_camera/lib:/home/nvidia/f1tenth_ws/install/realsense2_camera_msgs/lib:/home/nvidia/f1tenth_ws/install/fixposition_odometry_converter_ros2/lib:/home/nvidia/f1tenth_ws/install/fixposition_driver_ros2/lib:/home/nvidia/f1tenth_ws/install/fixposition_driver_lib/lib:/opt/ros/humble/opt/rviz_ogre_vendor/lib:/opt/ros/humble/lib/aarch64-linux-gnu:/opt/ros/humble/lib:/usr/local/cuda-12.2/lib64 PKG_CONFIG_PATH=/home/nvidia/f1tenth_ws/install/fixposition_gnss_tf/lib/aarch64-linux-gnu/pkgconfig:/home/nvidia/f1tenth_ws/install/fixposition_gnss_tf/lib/pkgconfig:/home/nvidia/f1tenth_ws/install/fixposition_driver_lib/lib/aarch64-linux-gnu/pkgconfig:/home/nvidia/f1tenth_ws/install/fixposition_driver_lib/lib/pkgconfig /usr/bin/cmake --build /home/nvidia/f1tenth_ws/build/fixposition_driver_ros2 -- -j6 -l6
[0.158s] [  1%] Built target fixposition_driver_ros2__cpp
[0.177s] [ 11%] Built target fixposition_driver_ros2__rosidl_generator_c
[0.197s] [ 11%] Built target ament_cmake_python_copy_fixposition_driver_ros2
[0.259s] [ 32%] Built target fixposition_driver_ros2__rosidl_typesupport_introspection_cpp
[0.261s] [ 32%] Built target fixposition_driver_ros2__rosidl_typesupport_cpp
[0.263s] [ 42%] Built target fixposition_driver_ros2__rosidl_typesupport_fastrtps_cpp
[0.280s] [ 62%] Built target fixposition_driver_ros2__rosidl_typesupport_introspection_c
[0.282s] [ 62%] Built target fixposition_driver_ros2__rosidl_typesupport_fastrtps_c
[0.284s] [ 72%] Built target fixposition_driver_ros2__rosidl_typesupport_c
[0.354s] [ 72%] Built target fixposition_driver_ros2
[0.381s] [ 79%] Built target fixposition_driver_ros2_exec
[0.405s] [ 81%] Built target fixposition_driver_ros2__py
[0.457s] [ 89%] Built target fixposition_driver_ros2__rosidl_generator_py
[0.511s] [ 93%] Built target fixposition_driver_ros2__rosidl_typesupport_fastrtps_c__pyext
[0.516s] [100%] Built target fixposition_driver_ros2__rosidl_typesupport_introspection_c__pyext
[0.516s] [100%] Built target fixposition_driver_ros2__rosidl_typesupport_c__pyext
[0.881s] running egg_info
[0.882s] writing fixposition_driver_ros2.egg-info/PKG-INFO
[0.882s] writing dependency_links to fixposition_driver_ros2.egg-info/dependency_links.txt
[0.884s] writing top-level names to fixposition_driver_ros2.egg-info/top_level.txt
[0.884s] reading manifest file 'fixposition_driver_ros2.egg-info/SOURCES.txt'
[0.884s] writing manifest file 'fixposition_driver_ros2.egg-info/SOURCES.txt'
[0.969s] [100%] Built target ament_cmake_python_build_fixposition_driver_ros2_egg
[0.997s] Invoked command in '/home/nvidia/f1tenth_ws/build/fixposition_driver_ros2' returned '0': CMAKE_PREFIX_PATH=/home/nvidia/f1tenth_ws/install/fixposition_gnss_tf:/home/nvidia/f1tenth_ws/install/vesc:/home/nvidia/f1tenth_ws/install/vesc_driver:/home/nvidia/f1tenth_ws/install/vesc_ackermann:/home/nvidia/f1tenth_ws/install/vesc_msgs:/home/nvidia/f1tenth_ws/install/teleop_tools:/home/nvidia/f1tenth_ws/install/teleop_tools_msgs:/home/nvidia/f1tenth_ws/install/realsense2_description:/home/nvidia/f1tenth_ws/install/realsense2_camera:/home/nvidia/f1tenth_ws/install/realsense2_camera_msgs:/home/nvidia/f1tenth_ws/install/fixposition_odometry_converter_ros2:/home/nvidia/f1tenth_ws/install/fixposition_driver_ros2:/home/nvidia/f1tenth_ws/install/fixposition_driver_lib:/home/nvidia/f1tenth_ws/install/ackermann_mux:/home/nvidia/f1tenth_ws/install/f1tenth_stack:/home/nvidia/f1tenth_ws/install/joy_teleop:/home/nvidia/f1tenth_ws/install/mouse_teleop:/home/nvidia/f1tenth_ws/install/key_teleop:/opt/ros/humble LD_LIBRARY_PATH=/home/nvidia/f1tenth_ws/install/fixposition_gnss_tf/lib:/home/nvidia/f1tenth_ws/install/vesc_driver/lib:/home/nvidia/f1tenth_ws/install/vesc_ackermann/lib:/home/nvidia/f1tenth_ws/install/vesc_msgs/lib:/home/nvidia/f1tenth_ws/install/teleop_tools_msgs/lib:/home/nvidia/f1tenth_ws/install/realsense2_camera/lib:/home/nvidia/f1tenth_ws/install/realsense2_camera_msgs/lib:/home/nvidia/f1tenth_ws/install/fixposition_odometry_converter_ros2/lib:/home/nvidia/f1tenth_ws/install/fixposition_driver_ros2/lib:/home/nvidia/f1tenth_ws/install/fixposition_driver_lib/lib:/opt/ros/humble/opt/rviz_ogre_vendor/lib:/opt/ros/humble/lib/aarch64-linux-gnu:/opt/ros/humble/lib:/usr/local/cuda-12.2/lib64 PKG_CONFIG_PATH=/home/nvidia/f1tenth_ws/install/fixposition_gnss_tf/lib/aarch64-linux-gnu/pkgconfig:/home/nvidia/f1tenth_ws/install/fixposition_gnss_tf/lib/pkgconfig:/home/nvidia/f1tenth_ws/install/fixposition_driver_lib/lib/aarch64-linux-gnu/pkgconfig:/home/nvidia/f1tenth_ws/install/fixposition_driver_lib/lib/pkgconfig /usr/bin/cmake --build /home/nvidia/f1tenth_ws/build/fixposition_driver_ros2 -- -j6 -l6
[1.348s] Invoking command in '/home/nvidia/f1tenth_ws/build/fixposition_driver_ros2': CMAKE_PREFIX_PATH=/home/nvidia/f1tenth_ws/install/fixposition_gnss_tf:/home/nvidia/f1tenth_ws/install/vesc:/home/nvidia/f1tenth_ws/install/vesc_driver:/home/nvidia/f1tenth_ws/install/vesc_ackermann:/home/nvidia/f1tenth_ws/install/vesc_msgs:/home/nvidia/f1tenth_ws/install/teleop_tools:/home/nvidia/f1tenth_ws/install/teleop_tools_msgs:/home/nvidia/f1tenth_ws/install/realsense2_description:/home/nvidia/f1tenth_ws/install/realsense2_camera:/home/nvidia/f1tenth_ws/install/realsense2_camera_msgs:/home/nvidia/f1tenth_ws/install/fixposition_odometry_converter_ros2:/home/nvidia/f1tenth_ws/install/fixposition_driver_ros2:/home/nvidia/f1tenth_ws/install/fixposition_driver_lib:/home/nvidia/f1tenth_ws/install/ackermann_mux:/home/nvidia/f1tenth_ws/install/f1tenth_stack:/home/nvidia/f1tenth_ws/install/joy_teleop:/home/nvidia/f1tenth_ws/install/mouse_teleop:/home/nvidia/f1tenth_ws/install/key_teleop:/opt/ros/humble LD_LIBRARY_PATH=/home/nvidia/f1tenth_ws/install/fixposition_gnss_tf/lib:/home/nvidia/f1tenth_ws/install/vesc_driver/lib:/home/nvidia/f1tenth_ws/install/vesc_ackermann/lib:/home/nvidia/f1tenth_ws/install/vesc_msgs/lib:/home/nvidia/f1tenth_ws/install/teleop_tools_msgs/lib:/home/nvidia/f1tenth_ws/install/realsense2_camera/lib:/home/nvidia/f1tenth_ws/install/realsense2_camera_msgs/lib:/home/nvidia/f1tenth_ws/install/fixposition_odometry_converter_ros2/lib:/home/nvidia/f1tenth_ws/install/fixposition_driver_ros2/lib:/home/nvidia/f1tenth_ws/install/fixposition_driver_lib/lib:/opt/ros/humble/opt/rviz_ogre_vendor/lib:/opt/ros/humble/lib/aarch64-linux-gnu:/opt/ros/humble/lib:/usr/local/cuda-12.2/lib64 PKG_CONFIG_PATH=/home/nvidia/f1tenth_ws/install/fixposition_gnss_tf/lib/aarch64-linux-gnu/pkgconfig:/home/nvidia/f1tenth_ws/install/fixposition_gnss_tf/lib/pkgconfig:/home/nvidia/f1tenth_ws/install/fixposition_driver_lib/lib/aarch64-linux-gnu/pkgconfig:/home/nvidia/f1tenth_ws/install/fixposition_driver_lib/lib/pkgconfig /usr/bin/cmake --install /home/nvidia/f1tenth_ws/build/fixposition_driver_ros2
[1.948s] -- Install configuration: "Release"
[1.949s] -- Up-to-date: /home/nvidia/f1tenth_ws/install/fixposition_driver_ros2/share/ament_index/resource_index/rosidl_interfaces/fixposition_driver_ros2
[1.949s] -- Up-to-date: /home/nvidia/f1tenth_ws/install/fixposition_driver_ros2/include/fixposition_driver_ros2/fixposition_driver_ros2
[1.950s] -- Up-to-date: /home/nvidia/f1tenth_ws/install/fixposition_driver_ros2/include/fixposition_driver_ros2/fixposition_driver_ros2/msg
[1.950s] -- Up-to-date: /home/nvidia/f1tenth_ws/install/fixposition_driver_ros2/include/fixposition_driver_ros2/fixposition_driver_ros2/msg/nmea.h
[1.950s] -- Up-to-date: /home/nvidia/f1tenth_ws/install/fixposition_driver_ros2/include/fixposition_driver_ros2/fixposition_driver_ros2/msg/wheel_sensor.h
[1.950s] -- Up-to-date: /home/nvidia/f1tenth_ws/install/fixposition_driver_ros2/include/fixposition_driver_ros2/fixposition_driver_ros2/msg/detail
[1.950s] -- Up-to-date: /home/nvidia/f1tenth_ws/install/fixposition_driver_ros2/include/fixposition_driver_ros2/fixposition_driver_ros2/msg/detail/vrtk__struct.h
[1.950s] -- Up-to-date: /home/nvidia/f1tenth_ws/install/fixposition_driver_ros2/include/fixposition_driver_ros2/fixposition_driver_ros2/msg/detail/speed__functions.c
[1.950s] -- Up-to-date: /home/nvidia/f1tenth_ws/install/fixposition_driver_ros2/include/fixposition_driver_ros2/fixposition_driver_ros2/msg/detail/speed__functions.h
[1.950s] -- Up-to-date: /home/nvidia/f1tenth_ws/install/fixposition_driver_ros2/include/fixposition_driver_ros2/fixposition_driver_ros2/msg/detail/vrtk__functions.h
[1.950s] -- Up-to-date: /home/nvidia/f1tenth_ws/install/fixposition_driver_ros2/include/fixposition_driver_ros2/fixposition_driver_ros2/msg/detail/speed__type_support.h
[1.951s] -- Up-to-date: /home/nvidia/f1tenth_ws/install/fixposition_driver_ros2/include/fixposition_driver_ros2/fixposition_driver_ros2/msg/detail/vrtk__type_support.h
[1.951s] -- Up-to-date: /home/nvidia/f1tenth_ws/install/fixposition_driver_ros2/include/fixposition_driver_ros2/fixposition_driver_ros2/msg/detail/nmea__type_support.h
[1.951s] -- Up-to-date: /home/nvidia/f1tenth_ws/install/fixposition_driver_ros2/include/fixposition_driver_ros2/fixposition_driver_ros2/msg/detail/wheel_sensor__struct.h
[1.951s] -- Up-to-date: /home/nvidia/f1tenth_ws/install/fixposition_driver_ros2/include/fixposition_driver_ros2/fixposition_driver_ros2/msg/detail/vrtk__functions.c
[1.951s] -- Up-to-date: /home/nvidia/f1tenth_ws/install/fixposition_driver_ros2/include/fixposition_driver_ros2/fixposition_driver_ros2/msg/detail/nmea__functions.h
[1.951s] -- Up-to-date: /home/nvidia/f1tenth_ws/install/fixposition_driver_ros2/include/fixposition_driver_ros2/fixposition_driver_ros2/msg/detail/wheel_sensor__functions.h
[1.951s] -- Up-to-date: /home/nvidia/f1tenth_ws/install/fixposition_driver_ros2/include/fixposition_driver_ros2/fixposition_driver_ros2/msg/detail/wheel_sensor__type_support.h
[1.951s] -- Up-to-date: /home/nvidia/f1tenth_ws/install/fixposition_driver_ros2/include/fixposition_driver_ros2/fixposition_driver_ros2/msg/detail/wheel_sensor__functions.c
[1.952s] -- Up-to-date: /home/nvidia/f1tenth_ws/install/fixposition_driver_ros2/include/fixposition_driver_ros2/fixposition_driver_ros2/msg/detail/nmea__struct.h
[1.952s] -- Up-to-date: /home/nvidia/f1tenth_ws/install/fixposition_driver_ros2/include/fixposition_driver_ros2/fixposition_driver_ros2/msg/detail/speed__struct.h
[1.953s] -- Up-to-date: /home/nvidia/f1tenth_ws/install/fixposition_driver_ros2/include/fixposition_driver_ros2/fixposition_driver_ros2/msg/detail/nmea__functions.c
[1.953s] -- Up-to-date: /home/nvidia/f1tenth_ws/install/fixposition_driver_ros2/include/fixposition_driver_ros2/fixposition_driver_ros2/msg/speed.h
[1.953s] -- Up-to-date: /home/nvidia/f1tenth_ws/install/fixposition_driver_ros2/include/fixposition_driver_ros2/fixposition_driver_ros2/msg/rosidl_generator_c__visibility_control.h
[1.954s] -- Up-to-date: /home/nvidia/f1tenth_ws/install/fixposition_driver_ros2/include/fixposition_driver_ros2/fixposition_driver_ros2/msg/vrtk.h
[1.954s] -- Up-to-date: /home/nvidia/f1tenth_ws/install/fixposition_driver_ros2/share/fixposition_driver_ros2/environment/library_path.sh
[1.954s] -- Up-to-date: /home/nvidia/f1tenth_ws/install/fixposition_driver_ros2/share/fixposition_driver_ros2/environment/library_path.dsv
[1.955s] -- Up-to-date: /home/nvidia/f1tenth_ws/install/fixposition_driver_ros2/lib/libfixposition_driver_ros2__rosidl_generator_c.so
[1.955s] -- Up-to-date: /home/nvidia/f1tenth_ws/install/fixposition_driver_ros2/include/fixposition_driver_ros2/fixposition_driver_ros2
[1.956s] -- Up-to-date: /home/nvidia/f1tenth_ws/install/fixposition_driver_ros2/include/fixposition_driver_ros2/fixposition_driver_ros2/msg
[1.956s] -- Up-to-date: /home/nvidia/f1tenth_ws/install/fixposition_driver_ros2/include/fixposition_driver_ros2/fixposition_driver_ros2/msg/rosidl_typesupport_fastrtps_c__visibility_control.h
[1.956s] -- Up-to-date: /home/nvidia/f1tenth_ws/install/fixposition_driver_ros2/include/fixposition_driver_ros2/fixposition_driver_ros2/msg/detail
[1.957s] -- Up-to-date: /home/nvidia/f1tenth_ws/install/fixposition_driver_ros2/include/fixposition_driver_ros2/fixposition_driver_ros2/msg/detail/nmea__rosidl_typesupport_fastrtps_c.h
[1.957s] -- Up-to-date: /home/nvidia/f1tenth_ws/install/fixposition_driver_ros2/include/fixposition_driver_ros2/fixposition_driver_ros2/msg/detail/wheel_sensor__rosidl_typesupport_fastrtps_c.h
[1.957s] -- Up-to-date: /home/nvidia/f1tenth_ws/install/fixposition_driver_ros2/include/fixposition_driver_ros2/fixposition_driver_ros2/msg/detail/vrtk__rosidl_typesupport_fastrtps_c.h
[1.958s] -- Up-to-date: /home/nvidia/f1tenth_ws/install/fixposition_driver_ros2/include/fixposition_driver_ros2/fixposition_driver_ros2/msg/detail/speed__rosidl_typesupport_fastrtps_c.h
[1.958s] -- Up-to-date: /home/nvidia/f1tenth_ws/install/fixposition_driver_ros2/lib/libfixposition_driver_ros2__rosidl_typesupport_fastrtps_c.so
[1.961s] -- Up-to-date: /home/nvidia/f1tenth_ws/install/fixposition_driver_ros2/include/fixposition_driver_ros2/fixposition_driver_ros2
[1.962s] -- Up-to-date: /home/nvidia/f1tenth_ws/install/fixposition_driver_ros2/include/fixposition_driver_ros2/fixposition_driver_ros2/msg
[1.963s] -- Up-to-date: /home/nvidia/f1tenth_ws/install/fixposition_driver_ros2/include/fixposition_driver_ros2/fixposition_driver_ros2/msg/nmea.hpp
[1.964s] -- Up-to-date: /home/nvidia/f1tenth_ws/install/fixposition_driver_ros2/include/fixposition_driver_ros2/fixposition_driver_ros2/msg/wheel_sensor.hpp
[1.964s] -- Up-to-date: /home/nvidia/f1tenth_ws/install/fixposition_driver_ros2/include/fixposition_driver_ros2/fixposition_driver_ros2/msg/vrtk.hpp
[1.965s] -- Up-to-date: /home/nvidia/f1tenth_ws/install/fixposition_driver_ros2/include/fixposition_driver_ros2/fixposition_driver_ros2/msg/speed.hpp
[1.967s] -- Up-to-date: /home/nvidia/f1tenth_ws/install/fixposition_driver_ros2/include/fixposition_driver_ros2/fixposition_driver_ros2/msg/detail
[1.968s] -- Up-to-date: /home/nvidia/f1tenth_ws/install/fixposition_driver_ros2/include/fixposition_driver_ros2/fixposition_driver_ros2/msg/detail/vrtk__struct.hpp
[1.968s] -- Up-to-date: /home/nvidia/f1tenth_ws/install/fixposition_driver_ros2/include/fixposition_driver_ros2/fixposition_driver_ros2/msg/detail/speed__builder.hpp
[1.968s] -- Up-to-date: /home/nvidia/f1tenth_ws/install/fixposition_driver_ros2/include/fixposition_driver_ros2/fixposition_driver_ros2/msg/detail/nmea__builder.hpp
[1.969s] -- Up-to-date: /home/nvidia/f1tenth_ws/install/fixposition_driver_ros2/include/fixposition_driver_ros2/fixposition_driver_ros2/msg/detail/speed__struct.hpp
[1.969s] -- Up-to-date: /home/nvidia/f1tenth_ws/install/fixposition_driver_ros2/include/fixposition_driver_ros2/fixposition_driver_ros2/msg/detail/vrtk__traits.hpp
[1.969s] -- Up-to-date: /home/nvidia/f1tenth_ws/install/fixposition_driver_ros2/include/fixposition_driver_ros2/fixposition_driver_ros2/msg/detail/wheel_sensor__builder.hpp
[1.970s] -- Up-to-date: /home/nvidia/f1tenth_ws/install/fixposition_driver_ros2/include/fixposition_driver_ros2/fixposition_driver_ros2/msg/detail/nmea__struct.hpp
[1.970s] -- Up-to-date: /home/nvidia/f1tenth_ws/install/fixposition_driver_ros2/include/fixposition_driver_ros2/fixposition_driver_ros2/msg/detail/speed__traits.hpp
[1.970s] -- Up-to-date: /home/nvidia/f1tenth_ws/install/fixposition_driver_ros2/include/fixposition_driver_ros2/fixposition_driver_ros2/msg/detail/nmea__traits.hpp
[1.971s] -- Up-to-date: /home/nvidia/f1tenth_ws/install/fixposition_driver_ros2/include/fixposition_driver_ros2/fixposition_driver_ros2/msg/detail/vrtk__builder.hpp
[1.971s] -- Up-to-date: /home/nvidia/f1tenth_ws/install/fixposition_driver_ros2/include/fixposition_driver_ros2/fixposition_driver_ros2/msg/detail/wheel_sensor__struct.hpp
[1.971s] -- Up-to-date: /home/nvidia/f1tenth_ws/install/fixposition_driver_ros2/include/fixposition_driver_ros2/fixposition_driver_ros2/msg/detail/wheel_sensor__traits.hpp
[1.971s] -- Up-to-date: /home/nvidia/f1tenth_ws/install/fixposition_driver_ros2/include/fixposition_driver_ros2/fixposition_driver_ros2
[1.972s] -- Up-to-date: /home/nvidia/f1tenth_ws/install/fixposition_driver_ros2/include/fixposition_driver_ros2/fixposition_driver_ros2/msg
[1.972s] -- Up-to-date: /home/nvidia/f1tenth_ws/install/fixposition_driver_ros2/include/fixposition_driver_ros2/fixposition_driver_ros2/msg/rosidl_typesupport_fastrtps_cpp__visibility_control.h
[1.972s] -- Up-to-date: /home/nvidia/f1tenth_ws/install/fixposition_driver_ros2/include/fixposition_driver_ros2/fixposition_driver_ros2/msg/detail
[1.972s] -- Up-to-date: /home/nvidia/f1tenth_ws/install/fixposition_driver_ros2/include/fixposition_driver_ros2/fixposition_driver_ros2/msg/detail/dds_fastrtps
[1.973s] -- Up-to-date: /home/nvidia/f1tenth_ws/install/fixposition_driver_ros2/include/fixposition_driver_ros2/fixposition_driver_ros2/msg/detail/speed__rosidl_typesupport_fastrtps_cpp.hpp
[1.973s] -- Up-to-date: /home/nvidia/f1tenth_ws/install/fixposition_driver_ros2/include/fixposition_driver_ros2/fixposition_driver_ros2/msg/detail/nmea__rosidl_typesupport_fastrtps_cpp.hpp
[1.973s] -- Up-to-date: /home/nvidia/f1tenth_ws/install/fixposition_driver_ros2/include/fixposition_driver_ros2/fixposition_driver_ros2/msg/detail/wheel_sensor__rosidl_typesupport_fastrtps_cpp.hpp
[1.974s] -- Up-to-date: /home/nvidia/f1tenth_ws/install/fixposition_driver_ros2/include/fixposition_driver_ros2/fixposition_driver_ros2/msg/detail/vrtk__rosidl_typesupport_fastrtps_cpp.hpp
[1.974s] -- Up-to-date: /home/nvidia/f1tenth_ws/install/fixposition_driver_ros2/lib/libfixposition_driver_ros2__rosidl_typesupport_fastrtps_cpp.so
[1.974s] -- Up-to-date: /home/nvidia/f1tenth_ws/install/fixposition_driver_ros2/include/fixposition_driver_ros2/fixposition_driver_ros2
[1.975s] -- Up-to-date: /home/nvidia/f1tenth_ws/install/fixposition_driver_ros2/include/fixposition_driver_ros2/fixposition_driver_ros2/msg
[1.976s] -- Up-to-date: /home/nvidia/f1tenth_ws/install/fixposition_driver_ros2/include/fixposition_driver_ros2/fixposition_driver_ros2/msg/detail
[1.977s] -- Up-to-date: /home/nvidia/f1tenth_ws/install/fixposition_driver_ros2/include/fixposition_driver_ros2/fixposition_driver_ros2/msg/detail/wheel_sensor__rosidl_typesupport_introspection_c.h
[1.978s] -- Up-to-date: /home/nvidia/f1tenth_ws/install/fixposition_driver_ros2/include/fixposition_driver_ros2/fixposition_driver_ros2/msg/detail/vrtk__rosidl_typesupport_introspection_c.h
[1.978s] -- Up-to-date: /home/nvidia/f1tenth_ws/install/fixposition_driver_ros2/include/fixposition_driver_ros2/fixposition_driver_ros2/msg/detail/nmea__type_support.c
[1.979s] -- Up-to-date: /home/nvidia/f1tenth_ws/install/fixposition_driver_ros2/include/fixposition_driver_ros2/fixposition_driver_ros2/msg/detail/nmea__rosidl_typesupport_introspection_c.h
[1.980s] -- Up-to-date: /home/nvidia/f1tenth_ws/install/fixposition_driver_ros2/include/fixposition_driver_ros2/fixposition_driver_ros2/msg/detail/wheel_sensor__type_support.c
[1.980s] -- Up-to-date: /home/nvidia/f1tenth_ws/install/fixposition_driver_ros2/include/fixposition_driver_ros2/fixposition_driver_ros2/msg/detail/speed__type_support.c
[1.981s] -- Up-to-date: /home/nvidia/f1tenth_ws/install/fixposition_driver_ros2/include/fixposition_driver_ros2/fixposition_driver_ros2/msg/detail/vrtk__type_support.c
[1.981s] -- Up-to-date: /home/nvidia/f1tenth_ws/install/fixposition_driver_ros2/include/fixposition_driver_ros2/fixposition_driver_ros2/msg/detail/speed__rosidl_typesupport_introspection_c.h
[1.982s] -- Up-to-date: /home/nvidia/f1tenth_ws/install/fixposition_driver_ros2/include/fixposition_driver_ros2/fixposition_driver_ros2/msg/rosidl_typesupport_introspection_c__visibility_control.h
[1.983s] -- Up-to-date: /home/nvidia/f1tenth_ws/install/fixposition_driver_ros2/lib/libfixposition_driver_ros2__rosidl_typesupport_introspection_c.so
[1.983s] -- Up-to-date: /home/nvidia/f1tenth_ws/install/fixposition_driver_ros2/lib/libfixposition_driver_ros2__rosidl_typesupport_c.so
[1.984s] -- Up-to-date: /home/nvidia/f1tenth_ws/install/fixposition_driver_ros2/include/fixposition_driver_ros2/fixposition_driver_ros2
[1.985s] -- Up-to-date: /home/nvidia/f1tenth_ws/install/fixposition_driver_ros2/include/fixposition_driver_ros2/fixposition_driver_ros2/msg
[1.986s] -- Up-to-date: /home/nvidia/f1tenth_ws/install/fixposition_driver_ros2/include/fixposition_driver_ros2/fixposition_driver_ros2/msg/detail
[1.987s] -- Up-to-date: /home/nvidia/f1tenth_ws/install/fixposition_driver_ros2/include/fixposition_driver_ros2/fixposition_driver_ros2/msg/detail/vrtk__type_support.cpp
[1.987s] -- Up-to-date: /home/nvidia/f1tenth_ws/install/fixposition_driver_ros2/include/fixposition_driver_ros2/fixposition_driver_ros2/msg/detail/nmea__type_support.cpp
[1.988s] -- Up-to-date: /home/nvidia/f1tenth_ws/install/fixposition_driver_ros2/include/fixposition_driver_ros2/fixposition_driver_ros2/msg/detail/speed__rosidl_typesupport_introspection_cpp.hpp
[1.988s] -- Up-to-date: /home/nvidia/f1tenth_ws/install/fixposition_driver_ros2/include/fixposition_driver_ros2/fixposition_driver_ros2/msg/detail/wheel_sensor__rosidl_typesupport_introspection_cpp.hpp
[1.989s] -- Up-to-date: /home/nvidia/f1tenth_ws/install/fixposition_driver_ros2/include/fixposition_driver_ros2/fixposition_driver_ros2/msg/detail/wheel_sensor__type_support.cpp
[1.989s] -- Up-to-date: /home/nvidia/f1tenth_ws/install/fixposition_driver_ros2/include/fixposition_driver_ros2/fixposition_driver_ros2/msg/detail/speed__type_support.cpp
[1.990s] -- Up-to-date: /home/nvidia/f1tenth_ws/install/fixposition_driver_ros2/include/fixposition_driver_ros2/fixposition_driver_ros2/msg/detail/nmea__rosidl_typesupport_introspection_cpp.hpp
[1.990s] -- Up-to-date: /home/nvidia/f1tenth_ws/install/fixposition_driver_ros2/include/fixposition_driver_ros2/fixposition_driver_ros2/msg/detail/vrtk__rosidl_typesupport_introspection_cpp.hpp
[1.990s] -- Up-to-date: /home/nvidia/f1tenth_ws/install/fixposition_driver_ros2/lib/libfixposition_driver_ros2__rosidl_typesupport_introspection_cpp.so
[1.991s] -- Up-to-date: /home/nvidia/f1tenth_ws/install/fixposition_driver_ros2/lib/libfixposition_driver_ros2__rosidl_typesupport_cpp.so
[1.991s] -- Up-to-date: /home/nvidia/f1tenth_ws/install/fixposition_driver_ros2/share/fixposition_driver_ros2/environment/pythonpath.sh
[1.992s] -- Up-to-date: /home/nvidia/f1tenth_ws/install/fixposition_driver_ros2/share/fixposition_driver_ros2/environment/pythonpath.dsv
[1.992s] -- Up-to-date: /home/nvidia/f1tenth_ws/install/fixposition_driver_ros2/local/lib/python3.10/dist-packages/fixposition_driver_ros2-5.0.0-py3.10.egg-info
[1.993s] -- Installing: /home/nvidia/f1tenth_ws/install/fixposition_driver_ros2/local/lib/python3.10/dist-packages/fixposition_driver_ros2-5.0.0-py3.10.egg-info/dependency_links.txt
[1.993s] -- Installing: /home/nvidia/f1tenth_ws/install/fixposition_driver_ros2/local/lib/python3.10/dist-packages/fixposition_driver_ros2-5.0.0-py3.10.egg-info/PKG-INFO
[1.993s] -- Installing: /home/nvidia/f1tenth_ws/install/fixposition_driver_ros2/local/lib/python3.10/dist-packages/fixposition_driver_ros2-5.0.0-py3.10.egg-info/SOURCES.txt
[1.994s] -- Installing: /home/nvidia/f1tenth_ws/install/fixposition_driver_ros2/local/lib/python3.10/dist-packages/fixposition_driver_ros2-5.0.0-py3.10.egg-info/top_level.txt
[1.994s] -- Up-to-date: /home/nvidia/f1tenth_ws/install/fixposition_driver_ros2/local/lib/python3.10/dist-packages/fixposition_driver_ros2
[1.995s] -- Up-to-date: /home/nvidia/f1tenth_ws/install/fixposition_driver_ros2/local/lib/python3.10/dist-packages/fixposition_driver_ros2/_fixposition_driver_ros2_s.ep.rosidl_typesupport_introspection_c.c
[1.995s] -- Up-to-date: /home/nvidia/f1tenth_ws/install/fixposition_driver_ros2/local/lib/python3.10/dist-packages/fixposition_driver_ros2/libfixposition_driver_ros2__rosidl_generator_py.so
[1.997s] -- Up-to-date: /home/nvidia/f1tenth_ws/install/fixposition_driver_ros2/local/lib/python3.10/dist-packages/fixposition_driver_ros2/fixposition_driver_ros2_s__rosidl_typesupport_c.cpython-310-aarch64-linux-gnu.so
[1.997s] -- Up-to-date: /home/nvidia/f1tenth_ws/install/fixposition_driver_ros2/local/lib/python3.10/dist-packages/fixposition_driver_ros2/fixposition_driver_ros2_s__rosidl_typesupport_introspection_c.cpython-310-aarch64-linux-gnu.so
[1.998s] -- Up-to-date: /home/nvidia/f1tenth_ws/install/fixposition_driver_ros2/local/lib/python3.10/dist-packages/fixposition_driver_ros2/__init__.py
[1.999s] -- Up-to-date: /home/nvidia/f1tenth_ws/install/fixposition_driver_ros2/local/lib/python3.10/dist-packages/fixposition_driver_ros2/_fixposition_driver_ros2_s.ep.rosidl_typesupport_c.c
[2.001s] -- Up-to-date: /home/nvidia/f1tenth_ws/install/fixposition_driver_ros2/local/lib/python3.10/dist-packages/fixposition_driver_ros2/_fixposition_driver_ros2_s.ep.rosidl_typesupport_fastrtps_c.c
[2.001s] -- Up-to-date: /home/nvidia/f1tenth_ws/install/fixposition_driver_ros2/local/lib/python3.10/dist-packages/fixposition_driver_ros2/msg
[2.001s] -- Up-to-date: /home/nvidia/f1tenth_ws/install/fixposition_driver_ros2/local/lib/python3.10/dist-packages/fixposition_driver_ros2/msg/_speed_s.c
[2.001s] -- Up-to-date: /home/nvidia/f1tenth_ws/install/fixposition_driver_ros2/local/lib/python3.10/dist-packages/fixposition_driver_ros2/msg/_vrtk.py
[2.001s] -- Up-to-date: /home/nvidia/f1tenth_ws/install/fixposition_driver_ros2/local/lib/python3.10/dist-packages/fixposition_driver_ros2/msg/__init__.py
[2.002s] -- Up-to-date: /home/nvidia/f1tenth_ws/install/fixposition_driver_ros2/local/lib/python3.10/dist-packages/fixposition_driver_ros2/msg/_wheel_sensor.py
[2.002s] -- Up-to-date: /home/nvidia/f1tenth_ws/install/fixposition_driver_ros2/local/lib/python3.10/dist-packages/fixposition_driver_ros2/msg/_nmea_s.c
[2.002s] -- Up-to-date: /home/nvidia/f1tenth_ws/install/fixposition_driver_ros2/local/lib/python3.10/dist-packages/fixposition_driver_ros2/msg/_wheel_sensor_s.c
[2.002s] -- Up-to-date: /home/nvidia/f1tenth_ws/install/fixposition_driver_ros2/local/lib/python3.10/dist-packages/fixposition_driver_ros2/msg/_speed.py
[2.002s] -- Up-to-date: /home/nvidia/f1tenth_ws/install/fixposition_driver_ros2/local/lib/python3.10/dist-packages/fixposition_driver_ros2/msg/_vrtk_s.c
[2.002s] -- Up-to-date: /home/nvidia/f1tenth_ws/install/fixposition_driver_ros2/local/lib/python3.10/dist-packages/fixposition_driver_ros2/msg/_nmea.py
[2.002s] -- Up-to-date: /home/nvidia/f1tenth_ws/install/fixposition_driver_ros2/local/lib/python3.10/dist-packages/fixposition_driver_ros2/fixposition_driver_ros2_s__rosidl_typesupport_fastrtps_c.cpython-310-aarch64-linux-gnu.so
[2.044s] Listing '/home/nvidia/f1tenth_ws/install/fixposition_driver_ros2/local/lib/python3.10/dist-packages/fixposition_driver_ros2'...
[2.044s] Listing '/home/nvidia/f1tenth_ws/install/fixposition_driver_ros2/local/lib/python3.10/dist-packages/fixposition_driver_ros2/msg'...
[2.057s] -- Up-to-date: /home/nvidia/f1tenth_ws/install/fixposition_driver_ros2/local/lib/python3.10/dist-packages/fixposition_driver_ros2/fixposition_driver_ros2_s__rosidl_typesupport_fastrtps_c.cpython-310-aarch64-linux-gnu.so
[2.058s] -- Up-to-date: /home/nvidia/f1tenth_ws/install/fixposition_driver_ros2/local/lib/python3.10/dist-packages/fixposition_driver_ros2/fixposition_driver_ros2_s__rosidl_typesupport_introspection_c.cpython-310-aarch64-linux-gnu.so
[2.058s] -- Up-to-date: /home/nvidia/f1tenth_ws/install/fixposition_driver_ros2/local/lib/python3.10/dist-packages/fixposition_driver_ros2/fixposition_driver_ros2_s__rosidl_typesupport_c.cpython-310-aarch64-linux-gnu.so
[2.058s] -- Up-to-date: /home/nvidia/f1tenth_ws/install/fixposition_driver_ros2/lib/libfixposition_driver_ros2__rosidl_generator_py.so
[2.059s] -- Up-to-date: /home/nvidia/f1tenth_ws/install/fixposition_driver_ros2/share/fixposition_driver_ros2/msg/VRTK.idl
[2.059s] -- Up-to-date: /home/nvidia/f1tenth_ws/install/fixposition_driver_ros2/share/fixposition_driver_ros2/msg/Speed.idl
[2.059s] -- Up-to-date: /home/nvidia/f1tenth_ws/install/fixposition_driver_ros2/share/fixposition_driver_ros2/msg/NMEA.idl
[2.060s] -- Up-to-date: /home/nvidia/f1tenth_ws/install/fixposition_driver_ros2/share/fixposition_driver_ros2/msg/WheelSensor.idl
[2.060s] -- Up-to-date: /home/nvidia/f1tenth_ws/install/fixposition_driver_ros2/share/fixposition_driver_ros2/msg/VRTK.msg
[2.060s] -- Up-to-date: /home/nvidia/f1tenth_ws/install/fixposition_driver_ros2/share/fixposition_driver_ros2/msg/Speed.msg
[2.060s] -- Up-to-date: /home/nvidia/f1tenth_ws/install/fixposition_driver_ros2/share/fixposition_driver_ros2/msg/NMEA.msg
[2.060s] -- Up-to-date: /home/nvidia/f1tenth_ws/install/fixposition_driver_ros2/share/fixposition_driver_ros2/msg/WheelSensor.msg
[2.060s] -- Up-to-date: /home/nvidia/f1tenth_ws/install/fixposition_driver_ros2/.
[2.061s] -- Up-to-date: /home/nvidia/f1tenth_ws/install/fixposition_driver_ros2/./fixposition_driver_ros2
[2.061s] -- Up-to-date: /home/nvidia/f1tenth_ws/install/fixposition_driver_ros2/./fixposition_driver_ros2/fixposition_driver_node.hpp
[2.061s] -- Up-to-date: /home/nvidia/f1tenth_ws/install/fixposition_driver_ros2/./fixposition_driver_ros2/params.hpp
[2.062s] -- Up-to-date: /home/nvidia/f1tenth_ws/install/fixposition_driver_ros2/./fixposition_driver_ros2/data_to_ros2.hpp
[2.062s] -- Up-to-date: /home/nvidia/f1tenth_ws/install/fixposition_driver_ros2/lib/fixposition_driver_ros2/fixposition_driver_ros2_exec
[2.062s] -- Up-to-date: /home/nvidia/f1tenth_ws/install/fixposition_driver_ros2/share/fixposition_driver_ros2//launch
[2.062s] -- Up-to-date: /home/nvidia/f1tenth_ws/install/fixposition_driver_ros2/share/fixposition_driver_ros2//launch/serial.launch
[2.063s] -- Up-to-date: /home/nvidia/f1tenth_ws/install/fixposition_driver_ros2/share/fixposition_driver_ros2//launch/serial.yaml
[2.063s] -- Up-to-date: /home/nvidia/f1tenth_ws/install/fixposition_driver_ros2/share/fixposition_driver_ros2//launch/tcp.launch
[2.063s] -- Up-to-date: /home/nvidia/f1tenth_ws/install/fixposition_driver_ros2/share/fixposition_driver_ros2//launch/tcp.yaml
[2.063s] -- Up-to-date: /home/nvidia/f1tenth_ws/install/fixposition_driver_ros2/share/ament_index/resource_index/package_run_dependencies/fixposition_driver_ros2
[2.063s] -- Up-to-date: /home/nvidia/f1tenth_ws/install/fixposition_driver_ros2/share/ament_index/resource_index/parent_prefix_path/fixposition_driver_ros2
[2.063s] -- Up-to-date: /home/nvidia/f1tenth_ws/install/fixposition_driver_ros2/share/fixposition_driver_ros2/environment/ament_prefix_path.sh
[2.064s] -- Up-to-date: /home/nvidia/f1tenth_ws/install/fixposition_driver_ros2/share/fixposition_driver_ros2/environment/ament_prefix_path.dsv
[2.064s] -- Up-to-date: /home/nvidia/f1tenth_ws/install/fixposition_driver_ros2/share/fixposition_driver_ros2/environment/path.sh
[2.064s] -- Up-to-date: /home/nvidia/f1tenth_ws/install/fixposition_driver_ros2/share/fixposition_driver_ros2/environment/path.dsv
[2.064s] -- Up-to-date: /home/nvidia/f1tenth_ws/install/fixposition_driver_ros2/share/fixposition_driver_ros2/local_setup.bash
[2.064s] -- Up-to-date: /home/nvidia/f1tenth_ws/install/fixposition_driver_ros2/share/fixposition_driver_ros2/local_setup.sh
[2.064s] -- Up-to-date: /home/nvidia/f1tenth_ws/install/fixposition_driver_ros2/share/fixposition_driver_ros2/local_setup.zsh
[2.065s] -- Up-to-date: /home/nvidia/f1tenth_ws/install/fixposition_driver_ros2/share/fixposition_driver_ros2/local_setup.dsv
[2.065s] -- Installing: /home/nvidia/f1tenth_ws/install/fixposition_driver_ros2/share/fixposition_driver_ros2/package.dsv
[2.065s] -- Up-to-date: /home/nvidia/f1tenth_ws/install/fixposition_driver_ros2/share/ament_index/resource_index/packages/fixposition_driver_ros2
[2.065s] -- Up-to-date: /home/nvidia/f1tenth_ws/install/fixposition_driver_ros2/share/fixposition_driver_ros2/cmake/export_fixposition_driver_ros2__rosidl_generator_cExport.cmake
[2.065s] -- Up-to-date: /home/nvidia/f1tenth_ws/install/fixposition_driver_ros2/share/fixposition_driver_ros2/cmake/export_fixposition_driver_ros2__rosidl_generator_cExport-release.cmake
[2.065s] -- Up-to-date: /home/nvidia/f1tenth_ws/install/fixposition_driver_ros2/share/fixposition_driver_ros2/cmake/export_fixposition_driver_ros2__rosidl_typesupport_fastrtps_cExport.cmake
[2.066s] -- Up-to-date: /home/nvidia/f1tenth_ws/install/fixposition_driver_ros2/share/fixposition_driver_ros2/cmake/export_fixposition_driver_ros2__rosidl_typesupport_fastrtps_cExport-release.cmake
[2.066s] -- Up-to-date: /home/nvidia/f1tenth_ws/install/fixposition_driver_ros2/share/fixposition_driver_ros2/cmake/export_fixposition_driver_ros2__rosidl_generator_cppExport.cmake
[2.066s] -- Up-to-date: /home/nvidia/f1tenth_ws/install/fixposition_driver_ros2/share/fixposition_driver_ros2/cmake/export_fixposition_driver_ros2__rosidl_typesupport_fastrtps_cppExport.cmake
[2.066s] -- Up-to-date: /home/nvidia/f1tenth_ws/install/fixposition_driver_ros2/share/fixposition_driver_ros2/cmake/export_fixposition_driver_ros2__rosidl_typesupport_fastrtps_cppExport-release.cmake
[2.066s] -- Up-to-date: /home/nvidia/f1tenth_ws/install/fixposition_driver_ros2/share/fixposition_driver_ros2/cmake/fixposition_driver_ros2__rosidl_typesupport_introspection_cExport.cmake
[2.066s] -- Up-to-date: /home/nvidia/f1tenth_ws/install/fixposition_driver_ros2/share/fixposition_driver_ros2/cmake/fixposition_driver_ros2__rosidl_typesupport_introspection_cExport-release.cmake
[2.067s] -- Up-to-date: /home/nvidia/f1tenth_ws/install/fixposition_driver_ros2/share/fixposition_driver_ros2/cmake/fixposition_driver_ros2__rosidl_typesupport_cExport.cmake
[2.067s] -- Up-to-date: /home/nvidia/f1tenth_ws/install/fixposition_driver_ros2/share/fixposition_driver_ros2/cmake/fixposition_driver_ros2__rosidl_typesupport_cExport-release.cmake
[2.067s] -- Up-to-date: /home/nvidia/f1tenth_ws/install/fixposition_driver_ros2/share/fixposition_driver_ros2/cmake/fixposition_driver_ros2__rosidl_typesupport_introspection_cppExport.cmake
[2.068s] -- Up-to-date: /home/nvidia/f1tenth_ws/install/fixposition_driver_ros2/share/fixposition_driver_ros2/cmake/fixposition_driver_ros2__rosidl_typesupport_introspection_cppExport-release.cmake
[2.068s] -- Up-to-date: /home/nvidia/f1tenth_ws/install/fixposition_driver_ros2/share/fixposition_driver_ros2/cmake/fixposition_driver_ros2__rosidl_typesupport_cppExport.cmake
[2.068s] -- Up-to-date: /home/nvidia/f1tenth_ws/install/fixposition_driver_ros2/share/fixposition_driver_ros2/cmake/fixposition_driver_ros2__rosidl_typesupport_cppExport-release.cmake
[2.069s] -- Up-to-date: /home/nvidia/f1tenth_ws/install/fixposition_driver_ros2/share/fixposition_driver_ros2/cmake/export_fixposition_driver_ros2__rosidl_generator_pyExport.cmake
[2.069s] -- Up-to-date: /home/nvidia/f1tenth_ws/install/fixposition_driver_ros2/share/fixposition_driver_ros2/cmake/export_fixposition_driver_ros2__rosidl_generator_pyExport-release.cmake
[2.069s] -- Up-to-date: /home/nvidia/f1tenth_ws/install/fixposition_driver_ros2/share/fixposition_driver_ros2/cmake/rosidl_cmake-extras.cmake
[2.070s] -- Up-to-date: /home/nvidia/f1tenth_ws/install/fixposition_driver_ros2/share/fixposition_driver_ros2/cmake/ament_cmake_export_dependencies-extras.cmake
[2.070s] -- Up-to-date: /home/nvidia/f1tenth_ws/install/fixposition_driver_ros2/share/fixposition_driver_ros2/cmake/ament_cmake_export_include_directories-extras.cmake
[2.070s] -- Up-to-date: /home/nvidia/f1tenth_ws/install/fixposition_driver_ros2/share/fixposition_driver_ros2/cmake/ament_cmake_export_libraries-extras.cmake
[2.070s] -- Up-to-date: /home/nvidia/f1tenth_ws/install/fixposition_driver_ros2/share/fixposition_driver_ros2/cmake/ament_cmake_export_targets-extras.cmake
[2.070s] -- Up-to-date: /home/nvidia/f1tenth_ws/install/fixposition_driver_ros2/share/fixposition_driver_ros2/cmake/rosidl_cmake_export_typesupport_targets-extras.cmake
[2.070s] -- Up-to-date: /home/nvidia/f1tenth_ws/install/fixposition_driver_ros2/share/fixposition_driver_ros2/cmake/rosidl_cmake_export_typesupport_libraries-extras.cmake
[2.070s] -- Up-to-date: /home/nvidia/f1tenth_ws/install/fixposition_driver_ros2/share/fixposition_driver_ros2/cmake/fixposition_driver_ros2Config.cmake
[2.071s] -- Up-to-date: /home/nvidia/f1tenth_ws/install/fixposition_driver_ros2/share/fixposition_driver_ros2/cmake/fixposition_driver_ros2Config-version.cmake
[2.071s] -- Up-to-date: /home/nvidia/f1tenth_ws/install/fixposition_driver_ros2/share/fixposition_driver_ros2/package.xml
[2.079s] Invoked command in '/home/nvidia/f1tenth_ws/build/fixposition_driver_ros2' returned '0': CMAKE_PREFIX_PATH=/home/nvidia/f1tenth_ws/install/fixposition_gnss_tf:/home/nvidia/f1tenth_ws/install/vesc:/home/nvidia/f1tenth_ws/install/vesc_driver:/home/nvidia/f1tenth_ws/install/vesc_ackermann:/home/nvidia/f1tenth_ws/install/vesc_msgs:/home/nvidia/f1tenth_ws/install/teleop_tools:/home/nvidia/f1tenth_ws/install/teleop_tools_msgs:/home/nvidia/f1tenth_ws/install/realsense2_description:/home/nvidia/f1tenth_ws/install/realsense2_camera:/home/nvidia/f1tenth_ws/install/realsense2_camera_msgs:/home/nvidia/f1tenth_ws/install/fixposition_odometry_converter_ros2:/home/nvidia/f1tenth_ws/install/fixposition_driver_ros2:/home/nvidia/f1tenth_ws/install/fixposition_driver_lib:/home/nvidia/f1tenth_ws/install/ackermann_mux:/home/nvidia/f1tenth_ws/install/f1tenth_stack:/home/nvidia/f1tenth_ws/install/joy_teleop:/home/nvidia/f1tenth_ws/install/mouse_teleop:/home/nvidia/f1tenth_ws/install/key_teleop:/opt/ros/humble LD_LIBRARY_PATH=/home/nvidia/f1tenth_ws/install/fixposition_gnss_tf/lib:/home/nvidia/f1tenth_ws/install/vesc_driver/lib:/home/nvidia/f1tenth_ws/install/vesc_ackermann/lib:/home/nvidia/f1tenth_ws/install/vesc_msgs/lib:/home/nvidia/f1tenth_ws/install/teleop_tools_msgs/lib:/home/nvidia/f1tenth_ws/install/realsense2_camera/lib:/home/nvidia/f1tenth_ws/install/realsense2_camera_msgs/lib:/home/nvidia/f1tenth_ws/install/fixposition_odometry_converter_ros2/lib:/home/nvidia/f1tenth_ws/install/fixposition_driver_ros2/lib:/home/nvidia/f1tenth_ws/install/fixposition_driver_lib/lib:/opt/ros/humble/opt/rviz_ogre_vendor/lib:/opt/ros/humble/lib/aarch64-linux-gnu:/opt/ros/humble/lib:/usr/local/cuda-12.2/lib64 PKG_CONFIG_PATH=/home/nvidia/f1tenth_ws/install/fixposition_gnss_tf/lib/aarch64-linux-gnu/pkgconfig:/home/nvidia/f1tenth_ws/install/fixposition_gnss_tf/lib/pkgconfig:/home/nvidia/f1tenth_ws/install/fixposition_driver_lib/lib/aarch64-linux-gnu/pkgconfig:/home/nvidia/f1tenth_ws/install/fixposition_driver_lib/lib/pkgconfig /usr/bin/cmake --install /home/nvidia/f1tenth_ws/build/fixposition_driver_ros2
