[0.078s] Invoking command in '/home/nvidia/f1tenth_ws/build/ackermann_mux': CMAKE_PREFIX_PATH=${CMAKE_PREFIX_PATH}:/home/nvidia/f1tenth_ws/install/f1tenth_stack:/home/nvidia/f1tenth_ws/install/joy_teleop:/home/nvidia/f1tenth_ws/install/mouse_teleop:/home/nvidia/f1tenth_ws/install/key_teleop:/opt/ros/humble /usr/bin/cmake /home/nvidia/f1tenth_ws/src/f1tenth_system/ackermann_mux -DCMAKE_INSTALL_PREFIX=/home/nvidia/f1tenth_ws/install/ackermann_mux
[0.115s] -- Found ament_cmake: 1.3.8 (/opt/ros/humble/share/ament_cmake/cmake)
[0.453s] -- Override CMake install command with custom implementation using symlinks instead of copying resources
[0.469s] -- Found rclcpp: 16.0.8 (/opt/ros/humble/share/rclcpp/cmake)
[0.536s] -- Found rosidl_generator_c: 3.1.5 (/opt/ros/humble/share/rosidl_generator_c/cmake)
[0.542s] -- Found rosidl_adapter: 3.1.5 (/opt/ros/humble/share/rosidl_adapter/cmake)
[0.557s] -- Found rosidl_generator_cpp: 3.1.5 (/opt/ros/humble/share/rosidl_generator_cpp/cmake)
[0.579s] -- Using all available rosidl_typesupport_c: rosidl_typesupport_fastrtps_c;rosidl_typesupport_introspection_c
[0.611s] -- Using all available rosidl_typesupport_cpp: rosidl_typesupport_fastrtps_cpp;rosidl_typesupport_introspection_cpp
[0.726s] -- Found rmw_implementation_cmake: 6.1.1 (/opt/ros/humble/share/rmw_implementation_cmake/cmake)
[0.729s] -- Found rmw_fastrtps_cpp: 6.2.6 (/opt/ros/humble/share/rmw_fastrtps_cpp/cmake)
[0.988s] -- Using RMW implementation 'rmw_fastrtps_cpp' as default
[1.291s] -- Found ackermann_msgs: 2.0.2 (/opt/ros/humble/share/ackermann_msgs/cmake)
[1.376s] -- Found diagnostic_updater: 3.1.2 (/opt/ros/humble/share/diagnostic_updater/cmake)
[1.512s] -- Found ament_lint_auto: 0.12.10 (/opt/ros/humble/share/ament_lint_auto/cmake)
[1.728s] -- Found python_cmake_module: 0.10.0 (/opt/ros/humble/share/python_cmake_module/cmake)
[1.790s] -- Using PYTHON_EXECUTABLE: /usr/bin/python3
[1.791s] -- Using PYTHON_INCLUDE_DIRS: /usr/include/python3.10
[1.791s] -- Using PYTHON_LIBRARIES: /usr/lib/aarch64-linux-gnu/libpython3.10.so
[1.826s] -- Added test 'xmllint' to check XML markup files
[1.826s] -- Added test 'copyright' to check source files copyright and LICENSE
[1.830s] -- Added test 'cppcheck' to perform static code analysis on C / C++ code
[1.831s] -- Configured cppcheck include dirs: /home/nvidia/f1tenth_ws/src/f1tenth_system/ackermann_mux/include
[1.831s] -- Configured cppcheck exclude dirs and/or files: 
[1.834s] -- Added test 'cpplint' to check C / C++ code against the Google style
[1.834s] -- Configured cpplint exclude dirs and/or files: 
[1.835s] -- Added test 'flake8' to check Python code syntax and style conventions
[1.836s] -- Added test 'lint_cmake' to check CMake code style
[1.837s] -- Added test 'pep257' to check Python code against some of the docstring style conventions in PEP 257
[1.840s] -- Added test 'uncrustify' to check C / C++ code style
[1.841s] -- Configured uncrustify additional arguments: 
[1.845s] -- Configuring done
[1.870s] -- Generating done
[1.874s] -- Build files have been written to: /home/nvidia/f1tenth_ws/build/ackermann_mux
[1.907s] Invoked command in '/home/nvidia/f1tenth_ws/build/ackermann_mux' returned '0': CMAKE_PREFIX_PATH=${CMAKE_PREFIX_PATH}:/home/nvidia/f1tenth_ws/install/f1tenth_stack:/home/nvidia/f1tenth_ws/install/joy_teleop:/home/nvidia/f1tenth_ws/install/mouse_teleop:/home/nvidia/f1tenth_ws/install/key_teleop:/opt/ros/humble /usr/bin/cmake /home/nvidia/f1tenth_ws/src/f1tenth_system/ackermann_mux -DCMAKE_INSTALL_PREFIX=/home/nvidia/f1tenth_ws/install/ackermann_mux
[1.908s] Invoking command in '/home/nvidia/f1tenth_ws/build/ackermann_mux': CMAKE_PREFIX_PATH=${CMAKE_PREFIX_PATH}:/home/nvidia/f1tenth_ws/install/f1tenth_stack:/home/nvidia/f1tenth_ws/install/joy_teleop:/home/nvidia/f1tenth_ws/install/mouse_teleop:/home/nvidia/f1tenth_ws/install/key_teleop:/opt/ros/humble /usr/bin/cmake --build /home/nvidia/f1tenth_ws/build/ackermann_mux -- -j6 -l6
[2.721s] [35m[1mConsolidate compiler generated dependencies of target ackermann_mux[0m
[2.722s] [100%] Built target ackermann_mux
[2.725s] Invoked command in '/home/nvidia/f1tenth_ws/build/ackermann_mux' returned '0': CMAKE_PREFIX_PATH=${CMAKE_PREFIX_PATH}:/home/nvidia/f1tenth_ws/install/f1tenth_stack:/home/nvidia/f1tenth_ws/install/joy_teleop:/home/nvidia/f1tenth_ws/install/mouse_teleop:/home/nvidia/f1tenth_ws/install/key_teleop:/opt/ros/humble /usr/bin/cmake --build /home/nvidia/f1tenth_ws/build/ackermann_mux -- -j6 -l6
[2.801s] Invoking command in '/home/nvidia/f1tenth_ws/build/ackermann_mux': CMAKE_PREFIX_PATH=${CMAKE_PREFIX_PATH}:/home/nvidia/f1tenth_ws/install/f1tenth_stack:/home/nvidia/f1tenth_ws/install/joy_teleop:/home/nvidia/f1tenth_ws/install/mouse_teleop:/home/nvidia/f1tenth_ws/install/key_teleop:/opt/ros/humble /usr/bin/cmake --install /home/nvidia/f1tenth_ws/build/ackermann_mux
[2.879s] -- Install configuration: "Release"
[2.880s] -- Execute custom install script
[2.880s] -- Symlinking: /home/nvidia/f1tenth_ws/install/ackermann_mux/lib/ackermann_mux/ackermann_mux
[2.880s] -- Symlinking: /home/nvidia/f1tenth_ws/install/ackermann_mux/share/ackermann_mux/launch/ackermann_mux_launch.py
[2.896s] -- Symlinking: /home/nvidia/f1tenth_ws/install/ackermann_mux/share/ackermann_mux/config/ackermann_mux_locks.yaml
[2.919s] -- Symlinking: /home/nvidia/f1tenth_ws/install/ackermann_mux/share/ackermann_mux/config/ackermann_mux_topics.yaml
[2.942s] -- Symlinking: /home/nvidia/f1tenth_ws/install/ackermann_mux/share/ackermann_mux/config/joystick.yaml
[2.964s] -- Symlinking: /home/nvidia/f1tenth_ws/install/ackermann_mux/include/ackermann_mux/ackermann_mux.hpp
[2.987s] -- Symlinking: /home/nvidia/f1tenth_ws/install/ackermann_mux/include/ackermann_mux/ackermann_mux_diagnostics.hpp
[3.008s] -- Symlinking: /home/nvidia/f1tenth_ws/install/ackermann_mux/include/ackermann_mux/ackermann_mux_diagnostics_status.hpp
[3.031s] -- Symlinking: /home/nvidia/f1tenth_ws/install/ackermann_mux/include/ackermann_mux/params_helpers.hpp
[3.077s] -- Symlinking: /home/nvidia/f1tenth_ws/install/ackermann_mux/include/ackermann_mux/topic_handle.hpp
[3.101s] -- Symlinking: /home/nvidia/f1tenth_ws/install/ackermann_mux/include/ackermann_mux/utils.hpp
[3.142s] -- Symlinking: /home/nvidia/f1tenth_ws/install/ackermann_mux/share/ament_index/resource_index/package_run_dependencies/ackermann_mux
[3.189s] -- Symlinking: /home/nvidia/f1tenth_ws/install/ackermann_mux/share/ament_index/resource_index/parent_prefix_path/ackermann_mux
[3.227s] -- Symlinking: /home/nvidia/f1tenth_ws/install/ackermann_mux/share/ackermann_mux/environment/ament_prefix_path.sh
[3.250s] -- Symlinking: /home/nvidia/f1tenth_ws/install/ackermann_mux/share/ackermann_mux/environment/ament_prefix_path.dsv
[3.275s] -- Symlinking: /home/nvidia/f1tenth_ws/install/ackermann_mux/share/ackermann_mux/environment/path.sh
[3.297s] -- Symlinking: /home/nvidia/f1tenth_ws/install/ackermann_mux/share/ackermann_mux/environment/path.dsv
[3.321s] -- Symlinking: /home/nvidia/f1tenth_ws/install/ackermann_mux/share/ackermann_mux/local_setup.bash
[3.341s] -- Symlinking: /home/nvidia/f1tenth_ws/install/ackermann_mux/share/ackermann_mux/local_setup.sh
[3.365s] -- Symlinking: /home/nvidia/f1tenth_ws/install/ackermann_mux/share/ackermann_mux/local_setup.zsh
[3.392s] -- Symlinking: /home/nvidia/f1tenth_ws/install/ackermann_mux/share/ackermann_mux/local_setup.dsv
[3.433s] -- Symlinking: /home/nvidia/f1tenth_ws/install/ackermann_mux/share/ackermann_mux/package.dsv
[3.458s] -- Symlinking: /home/nvidia/f1tenth_ws/install/ackermann_mux/share/ament_index/resource_index/packages/ackermann_mux
[3.483s] -- Symlinking: /home/nvidia/f1tenth_ws/install/ackermann_mux/share/ackermann_mux/cmake/ament_cmake_export_include_directories-extras.cmake
[3.523s] -- Symlinking: /home/nvidia/f1tenth_ws/install/ackermann_mux/share/ackermann_mux/cmake/ament_cmake_export_dependencies-extras.cmake
[3.543s] -- Symlinking: /home/nvidia/f1tenth_ws/install/ackermann_mux/share/ackermann_mux/cmake/ackermann_muxConfig.cmake
[3.578s] -- Symlinking: /home/nvidia/f1tenth_ws/install/ackermann_mux/share/ackermann_mux/cmake/ackermann_muxConfig-version.cmake
[3.633s] -- Symlinking: /home/nvidia/f1tenth_ws/install/ackermann_mux/share/ackermann_mux/package.xml
[3.689s] Invoked command in '/home/nvidia/f1tenth_ws/build/ackermann_mux' returned '0': CMAKE_PREFIX_PATH=${CMAKE_PREFIX_PATH}:/home/nvidia/f1tenth_ws/install/f1tenth_stack:/home/nvidia/f1tenth_ws/install/joy_teleop:/home/nvidia/f1tenth_ws/install/mouse_teleop:/home/nvidia/f1tenth_ws/install/key_teleop:/opt/ros/humble /usr/bin/cmake --install /home/nvidia/f1tenth_ws/build/ackermann_mux
