[0.695s] Invoking command in '/home/nvidia/f1tenth_ws/build/fpl2bag': /usr/bin/cmake /home/nvidia/f1tenth_ws/src/fixposition_utility/fpl2bag -DCATKIN_INSTALL_INTO_PREFIX_ROOT=0 -DCMAKE_INSTALL_PREFIX=/home/nvidia/f1tenth_ws/install/fpl2bag
[0.736s] [31mCMake Error at CMakeLists.txt:21 (find_package):
[0.736s]   By not providing "Findcatkin.cmake" in CMAKE_MODULE_PATH this project has
[0.736s]   asked CMake to find a package configuration file provided by "catkin", but
[0.736s]   CMake did not find one.
[0.736s] 
[0.736s]   Could not find a package configuration file provided by "catkin" with any
[0.737s]   of the following names:
[0.737s] 
[0.737s]     catkinConfig.cmake
[0.737s]     catkin-config.cmake
[0.737s] 
[0.737s]   Add the installation prefix of "catkin" to CMAKE_PREFIX_PATH or set
[0.737s]   "catkin_DIR" to a directory containing one of the above files.  If "catkin"
[0.737s]   provides a separate development package or SDK, be sure it has been
[0.738s]   installed.
[0.738s] 
[0.738s] [0m
[0.738s] -- Configuring incomplete, errors occurred!
[0.738s] See also "/home/nvidia/f1tenth_ws/build/fpl2bag/CMakeFiles/CMakeOutput.log".
[0.742s] Invoked command in '/home/nvidia/f1tenth_ws/build/fpl2bag' returned '1': /usr/bin/cmake /home/nvidia/f1tenth_ws/src/fixposition_utility/fpl2bag -DCATKIN_INSTALL_INTO_PREFIX_ROOT=0 -DCMAKE_INSTALL_PREFIX=/home/nvidia/f1tenth_ws/install/fpl2bag
