-- The C compiler identification is GNU 11.4.0
-- The CXX compiler identification is GNU 11.4.0
-- Detecting C compiler ABI info
-- Detecting C compiler ABI info - done
-- Check for working C compiler: /usr/bin/cc - skipped
-- Detecting C compile features
-- Detecting C compile features - done
-- Detecting CXX compiler ABI info
-- Detecting CXX compiler ABI info - done
-- Check for working CXX compiler: /usr/bin/c++ - skipped
-- Detecting CXX compile features
-- Detecting CXX compile features - done
-- Found Boost: /usr/lib/aarch64-linux-gnu/cmake/Boost-1.74.0/BoostConfig.cmake (found suitable version "1.74.0", minimum required is "1.65.0") found components: date_time 
-- Found ament_cmake: 1.3.8 (/opt/ros/humble/share/ament_cmake/cmake)
-- Found Python3: /usr/bin/python3 (found version "3.10.12") found components: Interpreter 
-- Found nav_msgs: 4.2.3 (/opt/ros/humble/share/nav_msgs/cmake)
-- Found rosidl_generator_c: 3.1.5 (/opt/ros/humble/share/rosidl_generator_c/cmake)
-- Found rosidl_adapter: 3.1.5 (/opt/ros/humble/share/rosidl_adapter/cmake)
-- Found rosidl_generator_cpp: 3.1.5 (/opt/ros/humble/share/rosidl_generator_cpp/cmake)
-- Using all available rosidl_typesupport_c: rosidl_typesupport_fastrtps_c;rosidl_typesupport_introspection_c
-- Using all available rosidl_typesupport_cpp: rosidl_typesupport_fastrtps_cpp;rosidl_typesupport_introspection_cpp
-- Found sensor_msgs: 4.2.3 (/opt/ros/humble/share/sensor_msgs/cmake)
-- Found rosidl_default_generators: 1.2.0 (/opt/ros/humble/share/rosidl_default_generators/cmake)
-- Found rclcpp: 16.0.8 (/opt/ros/humble/share/rclcpp/cmake)
-- Found rmw_implementation_cmake: 6.1.1 (/opt/ros/humble/share/rmw_implementation_cmake/cmake)
-- Found rmw_fastrtps_cpp: 6.2.6 (/opt/ros/humble/share/rmw_fastrtps_cpp/cmake)
-- Found OpenSSL: /usr/lib/aarch64-linux-gnu/libcrypto.so (found version "3.0.2")  
-- Found FastRTPS: /opt/ros/humble/include  
-- Using RMW implementation 'rmw_fastrtps_cpp' as default
-- Looking for pthread.h
-- Looking for pthread.h - found
-- Performing Test CMAKE_HAVE_LIBC_PTHREAD
-- Performing Test CMAKE_HAVE_LIBC_PTHREAD - Success
-- Found Threads: TRUE  
-- Found tf2: 0.25.6 (/opt/ros/humble/share/tf2/cmake)
-- Found tf2_ros: 0.25.6 (/opt/ros/humble/share/tf2_ros/cmake)
-- Found tf2_eigen: 0.25.6 (/opt/ros/humble/share/tf2_eigen/cmake)
-- Found ament_cmake_ros: 0.10.0 (/opt/ros/humble/share/ament_cmake_ros/cmake)
-- Using all available rosidl_typesupport_c: rosidl_typesupport_fastrtps_c;rosidl_typesupport_introspection_c
-- Using all available rosidl_typesupport_cpp: rosidl_typesupport_fastrtps_cpp;rosidl_typesupport_introspection_cpp
-- Found PythonInterp: /usr/bin/python3 (found suitable version "3.10.12", minimum required is "3.6") 
-- Found python_cmake_module: 0.10.0 (/opt/ros/humble/share/python_cmake_module/cmake)
-- Found PythonLibs: /usr/lib/aarch64-linux-gnu/libpython3.10.so (found suitable version "3.10.12", minimum required is "3.5") 
-- Using PYTHON_EXECUTABLE: /usr/bin/python3
-- Using PYTHON_INCLUDE_DIRS: /usr/include/python3.10
-- Using PYTHON_LIBRARIES: /usr/lib/aarch64-linux-gnu/libpython3.10.so
-- Found PythonExtra: .so  
-- Configuring done
-- Generating done
-- Build files have been written to: /home/nvidia/f1tenth_ws/build/fixposition_driver_ros2
[  1%] [34m[1mGenerating C code for ROS interfaces[0m
[  3%] [34m[1mGenerating C++ code for ROS interfaces[0m
[  3%] Built target ament_cmake_python_copy_fixposition_driver_ros2
running egg_info
creating fixposition_driver_ros2.egg-info
writing fixposition_driver_ros2.egg-info/PKG-INFO
writing dependency_links to fixposition_driver_ros2.egg-info/dependency_links.txt
writing top-level names to fixposition_driver_ros2.egg-info/top_level.txt
writing manifest file 'fixposition_driver_ros2.egg-info/SOURCES.txt'
reading manifest file 'fixposition_driver_ros2.egg-info/SOURCES.txt'
writing manifest file 'fixposition_driver_ros2.egg-info/SOURCES.txt'
[  3%] Built target ament_cmake_python_build_fixposition_driver_ros2_egg
[  3%] Built target fixposition_driver_ros2__cpp
[  5%] [34m[1mGenerating C++ type support dispatch for ROS interfaces[0m
[  6%] [34m[1mGenerating C++ type support for eProsima Fast-RTPS[0m
[  8%] [34m[1mGenerating C++ introspection for ROS interfaces[0m
[ 13%] [32mBuilding C object CMakeFiles/fixposition_driver_ros2__rosidl_generator_c.dir/rosidl_generator_c/fixposition_driver_ros2/msg/detail/speed__functions.c.o[0m
[ 13%] [32mBuilding C object CMakeFiles/fixposition_driver_ros2__rosidl_generator_c.dir/rosidl_generator_c/fixposition_driver_ros2/msg/detail/vrtk__functions.c.o[0m
[ 13%] [32mBuilding C object CMakeFiles/fixposition_driver_ros2__rosidl_generator_c.dir/rosidl_generator_c/fixposition_driver_ros2/msg/detail/nmea__functions.c.o[0m
[ 15%] [32mBuilding C object CMakeFiles/fixposition_driver_ros2__rosidl_generator_c.dir/rosidl_generator_c/fixposition_driver_ros2/msg/detail/wheel_sensor__functions.c.o[0m
[ 16%] [32m[1mLinking C shared library libfixposition_driver_ros2__rosidl_generator_c.so[0m
[ 16%] Built target fixposition_driver_ros2__rosidl_generator_c
[ 20%] [34m[1mGenerating C type support for eProsima Fast-RTPS[0m
[ 20%] [34m[1mGenerating C introspection for ROS interfaces[0m
[ 22%] [34m[1mGenerating C type support dispatch for ROS interfaces[0m
[ 23%] [32mBuilding CXX object CMakeFiles/fixposition_driver_ros2__rosidl_typesupport_cpp.dir/rosidl_typesupport_cpp/fixposition_driver_ros2/msg/vrtk__type_support.cpp.o[0m
[ 25%] [32mBuilding CXX object CMakeFiles/fixposition_driver_ros2__rosidl_typesupport_introspection_cpp.dir/rosidl_typesupport_introspection_cpp/fixposition_driver_ros2/msg/detail/vrtk__type_support.cpp.o[0m
[ 27%] [32mBuilding CXX object CMakeFiles/fixposition_driver_ros2__rosidl_typesupport_fastrtps_cpp.dir/rosidl_typesupport_fastrtps_cpp/fixposition_driver_ros2/msg/detail/dds_fastrtps/vrtk__type_support.cpp.o[0m
[ 28%] [32mBuilding CXX object CMakeFiles/fixposition_driver_ros2__rosidl_typesupport_cpp.dir/rosidl_typesupport_cpp/fixposition_driver_ros2/msg/speed__type_support.cpp.o[0m
[ 30%] [32mBuilding CXX object CMakeFiles/fixposition_driver_ros2__rosidl_typesupport_c.dir/rosidl_typesupport_c/fixposition_driver_ros2/msg/vrtk__type_support.cpp.o[0m
[ 32%] [32mBuilding CXX object CMakeFiles/fixposition_driver_ros2__rosidl_typesupport_c.dir/rosidl_typesupport_c/fixposition_driver_ros2/msg/speed__type_support.cpp.o[0m
[ 33%] [32mBuilding CXX object CMakeFiles/fixposition_driver_ros2__rosidl_typesupport_c.dir/rosidl_typesupport_c/fixposition_driver_ros2/msg/nmea__type_support.cpp.o[0m
[ 35%] [32mBuilding CXX object CMakeFiles/fixposition_driver_ros2__rosidl_typesupport_fastrtps_c.dir/rosidl_typesupport_fastrtps_c/fixposition_driver_ros2/msg/detail/vrtk__type_support_c.cpp.o[0m
[ 37%] [32mBuilding CXX object CMakeFiles/fixposition_driver_ros2__rosidl_typesupport_c.dir/rosidl_typesupport_c/fixposition_driver_ros2/msg/wheel_sensor__type_support.cpp.o[0m
[ 38%] [32mBuilding C object CMakeFiles/fixposition_driver_ros2__rosidl_typesupport_introspection_c.dir/rosidl_typesupport_introspection_c/fixposition_driver_ros2/msg/detail/vrtk__type_support.c.o[0m
[ 40%] [32m[1mLinking CXX shared library libfixposition_driver_ros2__rosidl_typesupport_c.so[0m
[ 42%] [32mBuilding C object CMakeFiles/fixposition_driver_ros2__rosidl_typesupport_introspection_c.dir/rosidl_typesupport_introspection_c/fixposition_driver_ros2/msg/detail/speed__type_support.c.o[0m
[ 42%] Built target fixposition_driver_ros2__rosidl_typesupport_c
[ 44%] [32mBuilding C object CMakeFiles/fixposition_driver_ros2__rosidl_typesupport_introspection_c.dir/rosidl_typesupport_introspection_c/fixposition_driver_ros2/msg/detail/nmea__type_support.c.o[0m
[ 45%] [32mBuilding CXX object CMakeFiles/fixposition_driver_ros2__rosidl_typesupport_introspection_cpp.dir/rosidl_typesupport_introspection_cpp/fixposition_driver_ros2/msg/detail/speed__type_support.cpp.o[0m
[ 47%] [32mBuilding CXX object CMakeFiles/fixposition_driver_ros2__rosidl_typesupport_fastrtps_cpp.dir/rosidl_typesupport_fastrtps_cpp/fixposition_driver_ros2/msg/detail/dds_fastrtps/speed__type_support.cpp.o[0m
[ 49%] [32mBuilding C object CMakeFiles/fixposition_driver_ros2__rosidl_typesupport_introspection_c.dir/rosidl_typesupport_introspection_c/fixposition_driver_ros2/msg/detail/wheel_sensor__type_support.c.o[0m
[ 50%] [32m[1mLinking C shared library libfixposition_driver_ros2__rosidl_typesupport_introspection_c.so[0m
[ 52%] [32mBuilding CXX object CMakeFiles/fixposition_driver_ros2__rosidl_typesupport_cpp.dir/rosidl_typesupport_cpp/fixposition_driver_ros2/msg/nmea__type_support.cpp.o[0m
[ 52%] Built target fixposition_driver_ros2__rosidl_typesupport_introspection_c
[ 54%] [32mBuilding CXX object CMakeFiles/fixposition_driver_ros2__rosidl_typesupport_fastrtps_c.dir/rosidl_typesupport_fastrtps_c/fixposition_driver_ros2/msg/detail/speed__type_support_c.cpp.o[0m
[ 55%] [32mBuilding CXX object CMakeFiles/fixposition_driver_ros2__rosidl_typesupport_fastrtps_cpp.dir/rosidl_typesupport_fastrtps_cpp/fixposition_driver_ros2/msg/detail/dds_fastrtps/nmea__type_support.cpp.o[0m
[ 57%] [32mBuilding CXX object CMakeFiles/fixposition_driver_ros2__rosidl_typesupport_cpp.dir/rosidl_typesupport_cpp/fixposition_driver_ros2/msg/wheel_sensor__type_support.cpp.o[0m
[ 59%] [32mBuilding CXX object CMakeFiles/fixposition_driver_ros2__rosidl_typesupport_fastrtps_c.dir/rosidl_typesupport_fastrtps_c/fixposition_driver_ros2/msg/detail/nmea__type_support_c.cpp.o[0m
[ 61%] [32mBuilding CXX object CMakeFiles/fixposition_driver_ros2__rosidl_typesupport_fastrtps_c.dir/rosidl_typesupport_fastrtps_c/fixposition_driver_ros2/msg/detail/wheel_sensor__type_support_c.cpp.o[0m
[ 62%] [32mBuilding CXX object CMakeFiles/fixposition_driver_ros2__rosidl_typesupport_introspection_cpp.dir/rosidl_typesupport_introspection_cpp/fixposition_driver_ros2/msg/detail/nmea__type_support.cpp.o[0m
[ 64%] [32mBuilding CXX object CMakeFiles/fixposition_driver_ros2__rosidl_typesupport_fastrtps_cpp.dir/rosidl_typesupport_fastrtps_cpp/fixposition_driver_ros2/msg/detail/dds_fastrtps/wheel_sensor__type_support.cpp.o[0m
[ 66%] [32m[1mLinking CXX shared library libfixposition_driver_ros2__rosidl_typesupport_cpp.so[0m
[ 66%] Built target fixposition_driver_ros2__rosidl_typesupport_cpp
[ 67%] [32mBuilding CXX object CMakeFiles/fixposition_driver_ros2__rosidl_typesupport_introspection_cpp.dir/rosidl_typesupport_introspection_cpp/fixposition_driver_ros2/msg/detail/wheel_sensor__type_support.cpp.o[0m
[ 69%] [32mBuilding CXX object CMakeFiles/fixposition_driver_ros2_exec.dir/src/fixposition_driver_node.cpp.o[0m
[ 71%] [32mBuilding CXX object CMakeFiles/fixposition_driver_ros2_exec.dir/src/params.cpp.o[0m
[ 72%] [32m[1mLinking CXX shared library libfixposition_driver_ros2__rosidl_typesupport_fastrtps_c.so[0m
[ 72%] Built target fixposition_driver_ros2__rosidl_typesupport_fastrtps_c
[ 74%] [32mBuilding CXX object CMakeFiles/fixposition_driver_ros2_exec.dir/src/data_to_ros2.cpp.o[0m
[ 76%] [32m[1mLinking CXX shared library libfixposition_driver_ros2__rosidl_typesupport_fastrtps_cpp.so[0m
[ 76%] Built target fixposition_driver_ros2__rosidl_typesupport_fastrtps_cpp
[ 77%] [32m[1mLinking CXX shared library libfixposition_driver_ros2__rosidl_typesupport_introspection_cpp.so[0m
[ 77%] Built target fixposition_driver_ros2__rosidl_typesupport_introspection_cpp
[ 77%] Built target fixposition_driver_ros2
[ 79%] [34m[1mGenerating Python code for ROS interfaces[0m
[ 79%] Built target fixposition_driver_ros2__py
[ 84%] [32mBuilding C object CMakeFiles/fixposition_driver_ros2__rosidl_generator_py.dir/rosidl_generator_py/fixposition_driver_ros2/msg/_speed_s.c.o[0m
[ 84%] [32mBuilding C object CMakeFiles/fixposition_driver_ros2__rosidl_generator_py.dir/rosidl_generator_py/fixposition_driver_ros2/msg/_vrtk_s.c.o[0m
[ 84%] [32mBuilding C object CMakeFiles/fixposition_driver_ros2__rosidl_generator_py.dir/rosidl_generator_py/fixposition_driver_ros2/msg/_nmea_s.c.o[0m
[ 86%] [32mBuilding C object CMakeFiles/fixposition_driver_ros2__rosidl_generator_py.dir/rosidl_generator_py/fixposition_driver_ros2/msg/_wheel_sensor_s.c.o[0m
[ 88%] [32m[1mLinking C shared library rosidl_generator_py/fixposition_driver_ros2/libfixposition_driver_ros2__rosidl_generator_py.so[0m
[ 88%] Built target fixposition_driver_ros2__rosidl_generator_py
[ 89%] [32mBuilding C object CMakeFiles/fixposition_driver_ros2__rosidl_typesupport_c__pyext.dir/rosidl_generator_py/fixposition_driver_ros2/_fixposition_driver_ros2_s.ep.rosidl_typesupport_c.c.o[0m
[ 91%] [32mBuilding C object CMakeFiles/fixposition_driver_ros2__rosidl_typesupport_fastrtps_c__pyext.dir/rosidl_generator_py/fixposition_driver_ros2/_fixposition_driver_ros2_s.ep.rosidl_typesupport_fastrtps_c.c.o[0m
[ 93%] [32mBuilding C object CMakeFiles/fixposition_driver_ros2__rosidl_typesupport_introspection_c__pyext.dir/rosidl_generator_py/fixposition_driver_ros2/_fixposition_driver_ros2_s.ep.rosidl_typesupport_introspection_c.c.o[0m
[ 94%] [32m[1mLinking C shared library rosidl_generator_py/fixposition_driver_ros2/fixposition_driver_ros2_s__rosidl_typesupport_c.cpython-310-aarch64-linux-gnu.so[0m
[ 96%] [32m[1mLinking C shared library rosidl_generator_py/fixposition_driver_ros2/fixposition_driver_ros2_s__rosidl_typesupport_fastrtps_c.cpython-310-aarch64-linux-gnu.so[0m
[ 98%] [32m[1mLinking C shared library rosidl_generator_py/fixposition_driver_ros2/fixposition_driver_ros2_s__rosidl_typesupport_introspection_c.cpython-310-aarch64-linux-gnu.so[0m
[ 98%] Built target fixposition_driver_ros2__rosidl_typesupport_c__pyext
[ 98%] Built target fixposition_driver_ros2__rosidl_typesupport_fastrtps_c__pyext
[ 98%] Built target fixposition_driver_ros2__rosidl_typesupport_introspection_c__pyext
[100%] [32m[1mLinking CXX executable fixposition_driver_ros2_exec[0m
[100%] Built target fixposition_driver_ros2_exec
-- Install configuration: "Release"
-- Installing: /home/nvidia/f1tenth_ws/install/fixposition_driver_ros2/share/ament_index/resource_index/rosidl_interfaces/fixposition_driver_ros2
-- Installing: /home/nvidia/f1tenth_ws/install/fixposition_driver_ros2/include/fixposition_driver_ros2/fixposition_driver_ros2
-- Installing: /home/nvidia/f1tenth_ws/install/fixposition_driver_ros2/include/fixposition_driver_ros2/fixposition_driver_ros2/msg
-- Installing: /home/nvidia/f1tenth_ws/install/fixposition_driver_ros2/include/fixposition_driver_ros2/fixposition_driver_ros2/msg/nmea.h
-- Installing: /home/nvidia/f1tenth_ws/install/fixposition_driver_ros2/include/fixposition_driver_ros2/fixposition_driver_ros2/msg/wheel_sensor.h
-- Installing: /home/nvidia/f1tenth_ws/install/fixposition_driver_ros2/include/fixposition_driver_ros2/fixposition_driver_ros2/msg/detail
-- Installing: /home/nvidia/f1tenth_ws/install/fixposition_driver_ros2/include/fixposition_driver_ros2/fixposition_driver_ros2/msg/detail/vrtk__struct.h
-- Installing: /home/nvidia/f1tenth_ws/install/fixposition_driver_ros2/include/fixposition_driver_ros2/fixposition_driver_ros2/msg/detail/speed__functions.c
-- Installing: /home/nvidia/f1tenth_ws/install/fixposition_driver_ros2/include/fixposition_driver_ros2/fixposition_driver_ros2/msg/detail/speed__functions.h
-- Installing: /home/nvidia/f1tenth_ws/install/fixposition_driver_ros2/include/fixposition_driver_ros2/fixposition_driver_ros2/msg/detail/vrtk__functions.h
-- Installing: /home/nvidia/f1tenth_ws/install/fixposition_driver_ros2/include/fixposition_driver_ros2/fixposition_driver_ros2/msg/detail/speed__type_support.h
-- Installing: /home/nvidia/f1tenth_ws/install/fixposition_driver_ros2/include/fixposition_driver_ros2/fixposition_driver_ros2/msg/detail/vrtk__type_support.h
-- Installing: /home/nvidia/f1tenth_ws/install/fixposition_driver_ros2/include/fixposition_driver_ros2/fixposition_driver_ros2/msg/detail/nmea__type_support.h
-- Installing: /home/nvidia/f1tenth_ws/install/fixposition_driver_ros2/include/fixposition_driver_ros2/fixposition_driver_ros2/msg/detail/wheel_sensor__struct.h
-- Installing: /home/nvidia/f1tenth_ws/install/fixposition_driver_ros2/include/fixposition_driver_ros2/fixposition_driver_ros2/msg/detail/vrtk__functions.c
-- Installing: /home/nvidia/f1tenth_ws/install/fixposition_driver_ros2/include/fixposition_driver_ros2/fixposition_driver_ros2/msg/detail/nmea__functions.h
-- Installing: /home/nvidia/f1tenth_ws/install/fixposition_driver_ros2/include/fixposition_driver_ros2/fixposition_driver_ros2/msg/detail/wheel_sensor__functions.h
-- Installing: /home/nvidia/f1tenth_ws/install/fixposition_driver_ros2/include/fixposition_driver_ros2/fixposition_driver_ros2/msg/detail/wheel_sensor__type_support.h
-- Installing: /home/nvidia/f1tenth_ws/install/fixposition_driver_ros2/include/fixposition_driver_ros2/fixposition_driver_ros2/msg/detail/wheel_sensor__functions.c
-- Installing: /home/nvidia/f1tenth_ws/install/fixposition_driver_ros2/include/fixposition_driver_ros2/fixposition_driver_ros2/msg/detail/nmea__struct.h
-- Installing: /home/nvidia/f1tenth_ws/install/fixposition_driver_ros2/include/fixposition_driver_ros2/fixposition_driver_ros2/msg/detail/speed__struct.h
-- Installing: /home/nvidia/f1tenth_ws/install/fixposition_driver_ros2/include/fixposition_driver_ros2/fixposition_driver_ros2/msg/detail/nmea__functions.c
-- Installing: /home/nvidia/f1tenth_ws/install/fixposition_driver_ros2/include/fixposition_driver_ros2/fixposition_driver_ros2/msg/speed.h
-- Installing: /home/nvidia/f1tenth_ws/install/fixposition_driver_ros2/include/fixposition_driver_ros2/fixposition_driver_ros2/msg/rosidl_generator_c__visibility_control.h
-- Installing: /home/nvidia/f1tenth_ws/install/fixposition_driver_ros2/include/fixposition_driver_ros2/fixposition_driver_ros2/msg/vrtk.h
-- Installing: /home/nvidia/f1tenth_ws/install/fixposition_driver_ros2/share/fixposition_driver_ros2/environment/library_path.sh
-- Installing: /home/nvidia/f1tenth_ws/install/fixposition_driver_ros2/share/fixposition_driver_ros2/environment/library_path.dsv
-- Installing: /home/nvidia/f1tenth_ws/install/fixposition_driver_ros2/lib/libfixposition_driver_ros2__rosidl_generator_c.so
-- Set runtime path of "/home/nvidia/f1tenth_ws/install/fixposition_driver_ros2/lib/libfixposition_driver_ros2__rosidl_generator_c.so" to ""
-- Up-to-date: /home/nvidia/f1tenth_ws/install/fixposition_driver_ros2/include/fixposition_driver_ros2/fixposition_driver_ros2
-- Up-to-date: /home/nvidia/f1tenth_ws/install/fixposition_driver_ros2/include/fixposition_driver_ros2/fixposition_driver_ros2/msg
-- Installing: /home/nvidia/f1tenth_ws/install/fixposition_driver_ros2/include/fixposition_driver_ros2/fixposition_driver_ros2/msg/rosidl_typesupport_fastrtps_c__visibility_control.h
-- Up-to-date: /home/nvidia/f1tenth_ws/install/fixposition_driver_ros2/include/fixposition_driver_ros2/fixposition_driver_ros2/msg/detail
-- Installing: /home/nvidia/f1tenth_ws/install/fixposition_driver_ros2/include/fixposition_driver_ros2/fixposition_driver_ros2/msg/detail/nmea__rosidl_typesupport_fastrtps_c.h
-- Installing: /home/nvidia/f1tenth_ws/install/fixposition_driver_ros2/include/fixposition_driver_ros2/fixposition_driver_ros2/msg/detail/wheel_sensor__rosidl_typesupport_fastrtps_c.h
-- Installing: /home/nvidia/f1tenth_ws/install/fixposition_driver_ros2/include/fixposition_driver_ros2/fixposition_driver_ros2/msg/detail/vrtk__rosidl_typesupport_fastrtps_c.h
-- Installing: /home/nvidia/f1tenth_ws/install/fixposition_driver_ros2/include/fixposition_driver_ros2/fixposition_driver_ros2/msg/detail/speed__rosidl_typesupport_fastrtps_c.h
-- Installing: /home/nvidia/f1tenth_ws/install/fixposition_driver_ros2/lib/libfixposition_driver_ros2__rosidl_typesupport_fastrtps_c.so
-- Set runtime path of "/home/nvidia/f1tenth_ws/install/fixposition_driver_ros2/lib/libfixposition_driver_ros2__rosidl_typesupport_fastrtps_c.so" to ""
-- Up-to-date: /home/nvidia/f1tenth_ws/install/fixposition_driver_ros2/include/fixposition_driver_ros2/fixposition_driver_ros2
-- Up-to-date: /home/nvidia/f1tenth_ws/install/fixposition_driver_ros2/include/fixposition_driver_ros2/fixposition_driver_ros2/msg
-- Installing: /home/nvidia/f1tenth_ws/install/fixposition_driver_ros2/include/fixposition_driver_ros2/fixposition_driver_ros2/msg/nmea.hpp
-- Installing: /home/nvidia/f1tenth_ws/install/fixposition_driver_ros2/include/fixposition_driver_ros2/fixposition_driver_ros2/msg/wheel_sensor.hpp
-- Installing: /home/nvidia/f1tenth_ws/install/fixposition_driver_ros2/include/fixposition_driver_ros2/fixposition_driver_ros2/msg/vrtk.hpp
-- Installing: /home/nvidia/f1tenth_ws/install/fixposition_driver_ros2/include/fixposition_driver_ros2/fixposition_driver_ros2/msg/speed.hpp
-- Up-to-date: /home/nvidia/f1tenth_ws/install/fixposition_driver_ros2/include/fixposition_driver_ros2/fixposition_driver_ros2/msg/detail
-- Installing: /home/nvidia/f1tenth_ws/install/fixposition_driver_ros2/include/fixposition_driver_ros2/fixposition_driver_ros2/msg/detail/vrtk__struct.hpp
-- Installing: /home/nvidia/f1tenth_ws/install/fixposition_driver_ros2/include/fixposition_driver_ros2/fixposition_driver_ros2/msg/detail/speed__builder.hpp
-- Installing: /home/nvidia/f1tenth_ws/install/fixposition_driver_ros2/include/fixposition_driver_ros2/fixposition_driver_ros2/msg/detail/nmea__builder.hpp
-- Installing: /home/nvidia/f1tenth_ws/install/fixposition_driver_ros2/include/fixposition_driver_ros2/fixposition_driver_ros2/msg/detail/speed__struct.hpp
-- Installing: /home/nvidia/f1tenth_ws/install/fixposition_driver_ros2/include/fixposition_driver_ros2/fixposition_driver_ros2/msg/detail/vrtk__traits.hpp
-- Installing: /home/nvidia/f1tenth_ws/install/fixposition_driver_ros2/include/fixposition_driver_ros2/fixposition_driver_ros2/msg/detail/wheel_sensor__builder.hpp
-- Installing: /home/nvidia/f1tenth_ws/install/fixposition_driver_ros2/include/fixposition_driver_ros2/fixposition_driver_ros2/msg/detail/nmea__struct.hpp
-- Installing: /home/nvidia/f1tenth_ws/install/fixposition_driver_ros2/include/fixposition_driver_ros2/fixposition_driver_ros2/msg/detail/speed__traits.hpp
-- Installing: /home/nvidia/f1tenth_ws/install/fixposition_driver_ros2/include/fixposition_driver_ros2/fixposition_driver_ros2/msg/detail/nmea__traits.hpp
-- Installing: /home/nvidia/f1tenth_ws/install/fixposition_driver_ros2/include/fixposition_driver_ros2/fixposition_driver_ros2/msg/detail/vrtk__builder.hpp
-- Installing: /home/nvidia/f1tenth_ws/install/fixposition_driver_ros2/include/fixposition_driver_ros2/fixposition_driver_ros2/msg/detail/wheel_sensor__struct.hpp
-- Installing: /home/nvidia/f1tenth_ws/install/fixposition_driver_ros2/include/fixposition_driver_ros2/fixposition_driver_ros2/msg/detail/wheel_sensor__traits.hpp
-- Up-to-date: /home/nvidia/f1tenth_ws/install/fixposition_driver_ros2/include/fixposition_driver_ros2/fixposition_driver_ros2
-- Up-to-date: /home/nvidia/f1tenth_ws/install/fixposition_driver_ros2/include/fixposition_driver_ros2/fixposition_driver_ros2/msg
-- Installing: /home/nvidia/f1tenth_ws/install/fixposition_driver_ros2/include/fixposition_driver_ros2/fixposition_driver_ros2/msg/rosidl_typesupport_fastrtps_cpp__visibility_control.h
-- Up-to-date: /home/nvidia/f1tenth_ws/install/fixposition_driver_ros2/include/fixposition_driver_ros2/fixposition_driver_ros2/msg/detail
-- Installing: /home/nvidia/f1tenth_ws/install/fixposition_driver_ros2/include/fixposition_driver_ros2/fixposition_driver_ros2/msg/detail/dds_fastrtps
-- Installing: /home/nvidia/f1tenth_ws/install/fixposition_driver_ros2/include/fixposition_driver_ros2/fixposition_driver_ros2/msg/detail/speed__rosidl_typesupport_fastrtps_cpp.hpp
-- Installing: /home/nvidia/f1tenth_ws/install/fixposition_driver_ros2/include/fixposition_driver_ros2/fixposition_driver_ros2/msg/detail/nmea__rosidl_typesupport_fastrtps_cpp.hpp
-- Installing: /home/nvidia/f1tenth_ws/install/fixposition_driver_ros2/include/fixposition_driver_ros2/fixposition_driver_ros2/msg/detail/wheel_sensor__rosidl_typesupport_fastrtps_cpp.hpp
-- Installing: /home/nvidia/f1tenth_ws/install/fixposition_driver_ros2/include/fixposition_driver_ros2/fixposition_driver_ros2/msg/detail/vrtk__rosidl_typesupport_fastrtps_cpp.hpp
-- Installing: /home/nvidia/f1tenth_ws/install/fixposition_driver_ros2/lib/libfixposition_driver_ros2__rosidl_typesupport_fastrtps_cpp.so
-- Set runtime path of "/home/nvidia/f1tenth_ws/install/fixposition_driver_ros2/lib/libfixposition_driver_ros2__rosidl_typesupport_fastrtps_cpp.so" to ""
-- Up-to-date: /home/nvidia/f1tenth_ws/install/fixposition_driver_ros2/include/fixposition_driver_ros2/fixposition_driver_ros2
-- Up-to-date: /home/nvidia/f1tenth_ws/install/fixposition_driver_ros2/include/fixposition_driver_ros2/fixposition_driver_ros2/msg
-- Up-to-date: /home/nvidia/f1tenth_ws/install/fixposition_driver_ros2/include/fixposition_driver_ros2/fixposition_driver_ros2/msg/detail
-- Installing: /home/nvidia/f1tenth_ws/install/fixposition_driver_ros2/include/fixposition_driver_ros2/fixposition_driver_ros2/msg/detail/wheel_sensor__rosidl_typesupport_introspection_c.h
-- Installing: /home/nvidia/f1tenth_ws/install/fixposition_driver_ros2/include/fixposition_driver_ros2/fixposition_driver_ros2/msg/detail/vrtk__rosidl_typesupport_introspection_c.h
-- Installing: /home/nvidia/f1tenth_ws/install/fixposition_driver_ros2/include/fixposition_driver_ros2/fixposition_driver_ros2/msg/detail/nmea__type_support.c
-- Installing: /home/nvidia/f1tenth_ws/install/fixposition_driver_ros2/include/fixposition_driver_ros2/fixposition_driver_ros2/msg/detail/nmea__rosidl_typesupport_introspection_c.h
-- Installing: /home/nvidia/f1tenth_ws/install/fixposition_driver_ros2/include/fixposition_driver_ros2/fixposition_driver_ros2/msg/detail/wheel_sensor__type_support.c
-- Installing: /home/nvidia/f1tenth_ws/install/fixposition_driver_ros2/include/fixposition_driver_ros2/fixposition_driver_ros2/msg/detail/speed__type_support.c
-- Installing: /home/nvidia/f1tenth_ws/install/fixposition_driver_ros2/include/fixposition_driver_ros2/fixposition_driver_ros2/msg/detail/vrtk__type_support.c
-- Installing: /home/nvidia/f1tenth_ws/install/fixposition_driver_ros2/include/fixposition_driver_ros2/fixposition_driver_ros2/msg/detail/speed__rosidl_typesupport_introspection_c.h
-- Installing: /home/nvidia/f1tenth_ws/install/fixposition_driver_ros2/include/fixposition_driver_ros2/fixposition_driver_ros2/msg/rosidl_typesupport_introspection_c__visibility_control.h
-- Installing: /home/nvidia/f1tenth_ws/install/fixposition_driver_ros2/lib/libfixposition_driver_ros2__rosidl_typesupport_introspection_c.so
-- Set runtime path of "/home/nvidia/f1tenth_ws/install/fixposition_driver_ros2/lib/libfixposition_driver_ros2__rosidl_typesupport_introspection_c.so" to ""
-- Installing: /home/nvidia/f1tenth_ws/install/fixposition_driver_ros2/lib/libfixposition_driver_ros2__rosidl_typesupport_c.so
-- Set runtime path of "/home/nvidia/f1tenth_ws/install/fixposition_driver_ros2/lib/libfixposition_driver_ros2__rosidl_typesupport_c.so" to ""
-- Up-to-date: /home/nvidia/f1tenth_ws/install/fixposition_driver_ros2/include/fixposition_driver_ros2/fixposition_driver_ros2
-- Up-to-date: /home/nvidia/f1tenth_ws/install/fixposition_driver_ros2/include/fixposition_driver_ros2/fixposition_driver_ros2/msg
-- Up-to-date: /home/nvidia/f1tenth_ws/install/fixposition_driver_ros2/include/fixposition_driver_ros2/fixposition_driver_ros2/msg/detail
-- Installing: /home/nvidia/f1tenth_ws/install/fixposition_driver_ros2/include/fixposition_driver_ros2/fixposition_driver_ros2/msg/detail/vrtk__type_support.cpp
-- Installing: /home/nvidia/f1tenth_ws/install/fixposition_driver_ros2/include/fixposition_driver_ros2/fixposition_driver_ros2/msg/detail/nmea__type_support.cpp
-- Installing: /home/nvidia/f1tenth_ws/install/fixposition_driver_ros2/include/fixposition_driver_ros2/fixposition_driver_ros2/msg/detail/speed__rosidl_typesupport_introspection_cpp.hpp
-- Installing: /home/nvidia/f1tenth_ws/install/fixposition_driver_ros2/include/fixposition_driver_ros2/fixposition_driver_ros2/msg/detail/wheel_sensor__rosidl_typesupport_introspection_cpp.hpp
-- Installing: /home/nvidia/f1tenth_ws/install/fixposition_driver_ros2/include/fixposition_driver_ros2/fixposition_driver_ros2/msg/detail/wheel_sensor__type_support.cpp
-- Installing: /home/nvidia/f1tenth_ws/install/fixposition_driver_ros2/include/fixposition_driver_ros2/fixposition_driver_ros2/msg/detail/speed__type_support.cpp
-- Installing: /home/nvidia/f1tenth_ws/install/fixposition_driver_ros2/include/fixposition_driver_ros2/fixposition_driver_ros2/msg/detail/nmea__rosidl_typesupport_introspection_cpp.hpp
-- Installing: /home/nvidia/f1tenth_ws/install/fixposition_driver_ros2/include/fixposition_driver_ros2/fixposition_driver_ros2/msg/detail/vrtk__rosidl_typesupport_introspection_cpp.hpp
-- Installing: /home/nvidia/f1tenth_ws/install/fixposition_driver_ros2/lib/libfixposition_driver_ros2__rosidl_typesupport_introspection_cpp.so
-- Set runtime path of "/home/nvidia/f1tenth_ws/install/fixposition_driver_ros2/lib/libfixposition_driver_ros2__rosidl_typesupport_introspection_cpp.so" to ""
-- Installing: /home/nvidia/f1tenth_ws/install/fixposition_driver_ros2/lib/libfixposition_driver_ros2__rosidl_typesupport_cpp.so
-- Set runtime path of "/home/nvidia/f1tenth_ws/install/fixposition_driver_ros2/lib/libfixposition_driver_ros2__rosidl_typesupport_cpp.so" to ""
-- Installing: /home/nvidia/f1tenth_ws/install/fixposition_driver_ros2/share/fixposition_driver_ros2/environment/pythonpath.sh
-- Installing: /home/nvidia/f1tenth_ws/install/fixposition_driver_ros2/share/fixposition_driver_ros2/environment/pythonpath.dsv
-- Installing: /home/nvidia/f1tenth_ws/install/fixposition_driver_ros2/local/lib/python3.10/dist-packages/fixposition_driver_ros2-5.0.0-py3.10.egg-info
-- Installing: /home/nvidia/f1tenth_ws/install/fixposition_driver_ros2/local/lib/python3.10/dist-packages/fixposition_driver_ros2-5.0.0-py3.10.egg-info/dependency_links.txt
-- Installing: /home/nvidia/f1tenth_ws/install/fixposition_driver_ros2/local/lib/python3.10/dist-packages/fixposition_driver_ros2-5.0.0-py3.10.egg-info/PKG-INFO
-- Installing: /home/nvidia/f1tenth_ws/install/fixposition_driver_ros2/local/lib/python3.10/dist-packages/fixposition_driver_ros2-5.0.0-py3.10.egg-info/SOURCES.txt
-- Installing: /home/nvidia/f1tenth_ws/install/fixposition_driver_ros2/local/lib/python3.10/dist-packages/fixposition_driver_ros2-5.0.0-py3.10.egg-info/top_level.txt
-- Installing: /home/nvidia/f1tenth_ws/install/fixposition_driver_ros2/local/lib/python3.10/dist-packages/fixposition_driver_ros2
-- Installing: /home/nvidia/f1tenth_ws/install/fixposition_driver_ros2/local/lib/python3.10/dist-packages/fixposition_driver_ros2/_fixposition_driver_ros2_s.ep.rosidl_typesupport_introspection_c.c
-- Installing: /home/nvidia/f1tenth_ws/install/fixposition_driver_ros2/local/lib/python3.10/dist-packages/fixposition_driver_ros2/libfixposition_driver_ros2__rosidl_generator_py.so
-- Installing: /home/nvidia/f1tenth_ws/install/fixposition_driver_ros2/local/lib/python3.10/dist-packages/fixposition_driver_ros2/fixposition_driver_ros2_s__rosidl_typesupport_c.cpython-310-aarch64-linux-gnu.so
-- Installing: /home/nvidia/f1tenth_ws/install/fixposition_driver_ros2/local/lib/python3.10/dist-packages/fixposition_driver_ros2/fixposition_driver_ros2_s__rosidl_typesupport_introspection_c.cpython-310-aarch64-linux-gnu.so
-- Installing: /home/nvidia/f1tenth_ws/install/fixposition_driver_ros2/local/lib/python3.10/dist-packages/fixposition_driver_ros2/__init__.py
-- Installing: /home/nvidia/f1tenth_ws/install/fixposition_driver_ros2/local/lib/python3.10/dist-packages/fixposition_driver_ros2/_fixposition_driver_ros2_s.ep.rosidl_typesupport_c.c
-- Installing: /home/nvidia/f1tenth_ws/install/fixposition_driver_ros2/local/lib/python3.10/dist-packages/fixposition_driver_ros2/_fixposition_driver_ros2_s.ep.rosidl_typesupport_fastrtps_c.c
-- Installing: /home/nvidia/f1tenth_ws/install/fixposition_driver_ros2/local/lib/python3.10/dist-packages/fixposition_driver_ros2/msg
-- Installing: /home/nvidia/f1tenth_ws/install/fixposition_driver_ros2/local/lib/python3.10/dist-packages/fixposition_driver_ros2/msg/_speed_s.c
-- Installing: /home/nvidia/f1tenth_ws/install/fixposition_driver_ros2/local/lib/python3.10/dist-packages/fixposition_driver_ros2/msg/_vrtk.py
-- Installing: /home/nvidia/f1tenth_ws/install/fixposition_driver_ros2/local/lib/python3.10/dist-packages/fixposition_driver_ros2/msg/__init__.py
-- Installing: /home/nvidia/f1tenth_ws/install/fixposition_driver_ros2/local/lib/python3.10/dist-packages/fixposition_driver_ros2/msg/_wheel_sensor.py
-- Installing: /home/nvidia/f1tenth_ws/install/fixposition_driver_ros2/local/lib/python3.10/dist-packages/fixposition_driver_ros2/msg/_nmea_s.c
-- Installing: /home/nvidia/f1tenth_ws/install/fixposition_driver_ros2/local/lib/python3.10/dist-packages/fixposition_driver_ros2/msg/_wheel_sensor_s.c
-- Installing: /home/nvidia/f1tenth_ws/install/fixposition_driver_ros2/local/lib/python3.10/dist-packages/fixposition_driver_ros2/msg/_speed.py
-- Installing: /home/nvidia/f1tenth_ws/install/fixposition_driver_ros2/local/lib/python3.10/dist-packages/fixposition_driver_ros2/msg/_vrtk_s.c
-- Installing: /home/nvidia/f1tenth_ws/install/fixposition_driver_ros2/local/lib/python3.10/dist-packages/fixposition_driver_ros2/msg/_nmea.py
-- Installing: /home/nvidia/f1tenth_ws/install/fixposition_driver_ros2/local/lib/python3.10/dist-packages/fixposition_driver_ros2/fixposition_driver_ros2_s__rosidl_typesupport_fastrtps_c.cpython-310-aarch64-linux-gnu.so
Listing '/home/nvidia/f1tenth_ws/install/fixposition_driver_ros2/local/lib/python3.10/dist-packages/fixposition_driver_ros2'...
Compiling '/home/nvidia/f1tenth_ws/install/fixposition_driver_ros2/local/lib/python3.10/dist-packages/fixposition_driver_ros2/__init__.py'...
Listing '/home/nvidia/f1tenth_ws/install/fixposition_driver_ros2/local/lib/python3.10/dist-packages/fixposition_driver_ros2/msg'...
Compiling '/home/nvidia/f1tenth_ws/install/fixposition_driver_ros2/local/lib/python3.10/dist-packages/fixposition_driver_ros2/msg/__init__.py'...
Compiling '/home/nvidia/f1tenth_ws/install/fixposition_driver_ros2/local/lib/python3.10/dist-packages/fixposition_driver_ros2/msg/_nmea.py'...
Compiling '/home/nvidia/f1tenth_ws/install/fixposition_driver_ros2/local/lib/python3.10/dist-packages/fixposition_driver_ros2/msg/_speed.py'...
Compiling '/home/nvidia/f1tenth_ws/install/fixposition_driver_ros2/local/lib/python3.10/dist-packages/fixposition_driver_ros2/msg/_vrtk.py'...
Compiling '/home/nvidia/f1tenth_ws/install/fixposition_driver_ros2/local/lib/python3.10/dist-packages/fixposition_driver_ros2/msg/_wheel_sensor.py'...
-- Installing: /home/nvidia/f1tenth_ws/install/fixposition_driver_ros2/local/lib/python3.10/dist-packages/fixposition_driver_ros2/fixposition_driver_ros2_s__rosidl_typesupport_fastrtps_c.cpython-310-aarch64-linux-gnu.so
-- Set runtime path of "/home/nvidia/f1tenth_ws/install/fixposition_driver_ros2/local/lib/python3.10/dist-packages/fixposition_driver_ros2/fixposition_driver_ros2_s__rosidl_typesupport_fastrtps_c.cpython-310-aarch64-linux-gnu.so" to ""
-- Installing: /home/nvidia/f1tenth_ws/install/fixposition_driver_ros2/local/lib/python3.10/dist-packages/fixposition_driver_ros2/fixposition_driver_ros2_s__rosidl_typesupport_introspection_c.cpython-310-aarch64-linux-gnu.so
-- Set runtime path of "/home/nvidia/f1tenth_ws/install/fixposition_driver_ros2/local/lib/python3.10/dist-packages/fixposition_driver_ros2/fixposition_driver_ros2_s__rosidl_typesupport_introspection_c.cpython-310-aarch64-linux-gnu.so" to ""
-- Installing: /home/nvidia/f1tenth_ws/install/fixposition_driver_ros2/local/lib/python3.10/dist-packages/fixposition_driver_ros2/fixposition_driver_ros2_s__rosidl_typesupport_c.cpython-310-aarch64-linux-gnu.so
-- Set runtime path of "/home/nvidia/f1tenth_ws/install/fixposition_driver_ros2/local/lib/python3.10/dist-packages/fixposition_driver_ros2/fixposition_driver_ros2_s__rosidl_typesupport_c.cpython-310-aarch64-linux-gnu.so" to ""
-- Installing: /home/nvidia/f1tenth_ws/install/fixposition_driver_ros2/lib/libfixposition_driver_ros2__rosidl_generator_py.so
-- Set runtime path of "/home/nvidia/f1tenth_ws/install/fixposition_driver_ros2/lib/libfixposition_driver_ros2__rosidl_generator_py.so" to ""
-- Installing: /home/nvidia/f1tenth_ws/install/fixposition_driver_ros2/share/fixposition_driver_ros2/msg/VRTK.idl
-- Installing: /home/nvidia/f1tenth_ws/install/fixposition_driver_ros2/share/fixposition_driver_ros2/msg/Speed.idl
-- Installing: /home/nvidia/f1tenth_ws/install/fixposition_driver_ros2/share/fixposition_driver_ros2/msg/NMEA.idl
-- Installing: /home/nvidia/f1tenth_ws/install/fixposition_driver_ros2/share/fixposition_driver_ros2/msg/WheelSensor.idl
-- Installing: /home/nvidia/f1tenth_ws/install/fixposition_driver_ros2/share/fixposition_driver_ros2/msg/VRTK.msg
-- Installing: /home/nvidia/f1tenth_ws/install/fixposition_driver_ros2/share/fixposition_driver_ros2/msg/Speed.msg
-- Installing: /home/nvidia/f1tenth_ws/install/fixposition_driver_ros2/share/fixposition_driver_ros2/msg/NMEA.msg
-- Installing: /home/nvidia/f1tenth_ws/install/fixposition_driver_ros2/share/fixposition_driver_ros2/msg/WheelSensor.msg
-- Up-to-date: /home/nvidia/f1tenth_ws/install/fixposition_driver_ros2/.
-- Installing: /home/nvidia/f1tenth_ws/install/fixposition_driver_ros2/./fixposition_driver_ros2
-- Installing: /home/nvidia/f1tenth_ws/install/fixposition_driver_ros2/./fixposition_driver_ros2/fixposition_driver_node.hpp
-- Installing: /home/nvidia/f1tenth_ws/install/fixposition_driver_ros2/./fixposition_driver_ros2/params.hpp
-- Installing: /home/nvidia/f1tenth_ws/install/fixposition_driver_ros2/./fixposition_driver_ros2/data_to_ros2.hpp
-- Installing: /home/nvidia/f1tenth_ws/install/fixposition_driver_ros2/lib/fixposition_driver_ros2/fixposition_driver_ros2_exec
-- Set runtime path of "/home/nvidia/f1tenth_ws/install/fixposition_driver_ros2/lib/fixposition_driver_ros2/fixposition_driver_ros2_exec" to ""
-- Installing: /home/nvidia/f1tenth_ws/install/fixposition_driver_ros2/share/fixposition_driver_ros2//launch
-- Installing: /home/nvidia/f1tenth_ws/install/fixposition_driver_ros2/share/fixposition_driver_ros2//launch/serial.launch
-- Installing: /home/nvidia/f1tenth_ws/install/fixposition_driver_ros2/share/fixposition_driver_ros2//launch/serial.yaml
-- Installing: /home/nvidia/f1tenth_ws/install/fixposition_driver_ros2/share/fixposition_driver_ros2//launch/tcp.launch
-- Installing: /home/nvidia/f1tenth_ws/install/fixposition_driver_ros2/share/fixposition_driver_ros2//launch/tcp.yaml
-- Installing: /home/nvidia/f1tenth_ws/install/fixposition_driver_ros2/share/ament_index/resource_index/package_run_dependencies/fixposition_driver_ros2
-- Installing: /home/nvidia/f1tenth_ws/install/fixposition_driver_ros2/share/ament_index/resource_index/parent_prefix_path/fixposition_driver_ros2
-- Installing: /home/nvidia/f1tenth_ws/install/fixposition_driver_ros2/share/fixposition_driver_ros2/environment/ament_prefix_path.sh
-- Installing: /home/nvidia/f1tenth_ws/install/fixposition_driver_ros2/share/fixposition_driver_ros2/environment/ament_prefix_path.dsv
-- Installing: /home/nvidia/f1tenth_ws/install/fixposition_driver_ros2/share/fixposition_driver_ros2/environment/path.sh
-- Installing: /home/nvidia/f1tenth_ws/install/fixposition_driver_ros2/share/fixposition_driver_ros2/environment/path.dsv
-- Installing: /home/nvidia/f1tenth_ws/install/fixposition_driver_ros2/share/fixposition_driver_ros2/local_setup.bash
-- Installing: /home/nvidia/f1tenth_ws/install/fixposition_driver_ros2/share/fixposition_driver_ros2/local_setup.sh
-- Installing: /home/nvidia/f1tenth_ws/install/fixposition_driver_ros2/share/fixposition_driver_ros2/local_setup.zsh
-- Installing: /home/nvidia/f1tenth_ws/install/fixposition_driver_ros2/share/fixposition_driver_ros2/local_setup.dsv
-- Installing: /home/nvidia/f1tenth_ws/install/fixposition_driver_ros2/share/fixposition_driver_ros2/package.dsv
-- Installing: /home/nvidia/f1tenth_ws/install/fixposition_driver_ros2/share/ament_index/resource_index/packages/fixposition_driver_ros2
-- Installing: /home/nvidia/f1tenth_ws/install/fixposition_driver_ros2/share/fixposition_driver_ros2/cmake/export_fixposition_driver_ros2__rosidl_generator_cExport.cmake
-- Installing: /home/nvidia/f1tenth_ws/install/fixposition_driver_ros2/share/fixposition_driver_ros2/cmake/export_fixposition_driver_ros2__rosidl_generator_cExport-release.cmake
-- Installing: /home/nvidia/f1tenth_ws/install/fixposition_driver_ros2/share/fixposition_driver_ros2/cmake/export_fixposition_driver_ros2__rosidl_typesupport_fastrtps_cExport.cmake
-- Installing: /home/nvidia/f1tenth_ws/install/fixposition_driver_ros2/share/fixposition_driver_ros2/cmake/export_fixposition_driver_ros2__rosidl_typesupport_fastrtps_cExport-release.cmake
-- Installing: /home/nvidia/f1tenth_ws/install/fixposition_driver_ros2/share/fixposition_driver_ros2/cmake/export_fixposition_driver_ros2__rosidl_generator_cppExport.cmake
-- Installing: /home/nvidia/f1tenth_ws/install/fixposition_driver_ros2/share/fixposition_driver_ros2/cmake/export_fixposition_driver_ros2__rosidl_typesupport_fastrtps_cppExport.cmake
-- Installing: /home/nvidia/f1tenth_ws/install/fixposition_driver_ros2/share/fixposition_driver_ros2/cmake/export_fixposition_driver_ros2__rosidl_typesupport_fastrtps_cppExport-release.cmake
-- Installing: /home/nvidia/f1tenth_ws/install/fixposition_driver_ros2/share/fixposition_driver_ros2/cmake/fixposition_driver_ros2__rosidl_typesupport_introspection_cExport.cmake
-- Installing: /home/nvidia/f1tenth_ws/install/fixposition_driver_ros2/share/fixposition_driver_ros2/cmake/fixposition_driver_ros2__rosidl_typesupport_introspection_cExport-release.cmake
-- Installing: /home/nvidia/f1tenth_ws/install/fixposition_driver_ros2/share/fixposition_driver_ros2/cmake/fixposition_driver_ros2__rosidl_typesupport_cExport.cmake
-- Installing: /home/nvidia/f1tenth_ws/install/fixposition_driver_ros2/share/fixposition_driver_ros2/cmake/fixposition_driver_ros2__rosidl_typesupport_cExport-release.cmake
-- Installing: /home/nvidia/f1tenth_ws/install/fixposition_driver_ros2/share/fixposition_driver_ros2/cmake/fixposition_driver_ros2__rosidl_typesupport_introspection_cppExport.cmake
-- Installing: /home/nvidia/f1tenth_ws/install/fixposition_driver_ros2/share/fixposition_driver_ros2/cmake/fixposition_driver_ros2__rosidl_typesupport_introspection_cppExport-release.cmake
-- Installing: /home/nvidia/f1tenth_ws/install/fixposition_driver_ros2/share/fixposition_driver_ros2/cmake/fixposition_driver_ros2__rosidl_typesupport_cppExport.cmake
-- Installing: /home/nvidia/f1tenth_ws/install/fixposition_driver_ros2/share/fixposition_driver_ros2/cmake/fixposition_driver_ros2__rosidl_typesupport_cppExport-release.cmake
-- Installing: /home/nvidia/f1tenth_ws/install/fixposition_driver_ros2/share/fixposition_driver_ros2/cmake/export_fixposition_driver_ros2__rosidl_generator_pyExport.cmake
-- Installing: /home/nvidia/f1tenth_ws/install/fixposition_driver_ros2/share/fixposition_driver_ros2/cmake/export_fixposition_driver_ros2__rosidl_generator_pyExport-release.cmake
-- Installing: /home/nvidia/f1tenth_ws/install/fixposition_driver_ros2/share/fixposition_driver_ros2/cmake/rosidl_cmake-extras.cmake
-- Installing: /home/nvidia/f1tenth_ws/install/fixposition_driver_ros2/share/fixposition_driver_ros2/cmake/ament_cmake_export_dependencies-extras.cmake
-- Installing: /home/nvidia/f1tenth_ws/install/fixposition_driver_ros2/share/fixposition_driver_ros2/cmake/ament_cmake_export_include_directories-extras.cmake
-- Installing: /home/nvidia/f1tenth_ws/install/fixposition_driver_ros2/share/fixposition_driver_ros2/cmake/ament_cmake_export_libraries-extras.cmake
-- Installing: /home/nvidia/f1tenth_ws/install/fixposition_driver_ros2/share/fixposition_driver_ros2/cmake/ament_cmake_export_targets-extras.cmake
-- Installing: /home/nvidia/f1tenth_ws/install/fixposition_driver_ros2/share/fixposition_driver_ros2/cmake/rosidl_cmake_export_typesupport_targets-extras.cmake
-- Installing: /home/nvidia/f1tenth_ws/install/fixposition_driver_ros2/share/fixposition_driver_ros2/cmake/rosidl_cmake_export_typesupport_libraries-extras.cmake
-- Installing: /home/nvidia/f1tenth_ws/install/fixposition_driver_ros2/share/fixposition_driver_ros2/cmake/fixposition_driver_ros2Config.cmake
-- Installing: /home/nvidia/f1tenth_ws/install/fixposition_driver_ros2/share/fixposition_driver_ros2/cmake/fixposition_driver_ros2Config-version.cmake
-- Installing: /home/nvidia/f1tenth_ws/install/fixposition_driver_ros2/share/fixposition_driver_ros2/package.xml
