[35m[1mConsolidate compiler generated dependencies of target odom_converter_node[0m
[35m[1mConsolidate compiler generated dependencies of target odom_converter[0m
[ 40%] Built target odom_converter_node
[100%] Built target odom_converter
-- Install configuration: "Release"
-- Up-to-date: /home/nvidia/f1tenth_ws/install/fixposition_odometry_converter_ros2/lib/fixposition_odometry_converter_ros2/odom_converter_node
-- Up-to-date: /home/nvidia/f1tenth_ws/install/fixposition_odometry_converter_ros2/share/fixposition_odometry_converter_ros2/launch
-- Up-to-date: /home/nvidia/f1tenth_ws/install/fixposition_odometry_converter_ros2/share/fixposition_odometry_converter_ros2/launch/odom_converter.yaml
-- Up-to-date: /home/nvidia/f1tenth_ws/install/fixposition_odometry_converter_ros2/share/fixposition_odometry_converter_ros2/launch/odom_converter.launch
-- Up-to-date: /home/nvidia/f1tenth_ws/install/fixposition_odometry_converter_ros2/lib/libodom_converter.so
-- Up-to-date: /home/nvidia/f1tenth_ws/install/fixposition_odometry_converter_ros2/./include
-- Up-to-date: /home/nvidia/f1tenth_ws/install/fixposition_odometry_converter_ros2/./include/fixposition_odometry_converter_ros2
-- Up-to-date: /home/nvidia/f1tenth_ws/install/fixposition_odometry_converter_ros2/./include/fixposition_odometry_converter_ros2/params.hpp
-- Up-to-date: /home/nvidia/f1tenth_ws/install/fixposition_odometry_converter_ros2/./include/fixposition_odometry_converter_ros2/odom_converter_node.hpp
-- Up-to-date: /home/nvidia/f1tenth_ws/install/fixposition_odometry_converter_ros2/share/ament_index/resource_index/package_run_dependencies/fixposition_odometry_converter_ros2
-- Up-to-date: /home/nvidia/f1tenth_ws/install/fixposition_odometry_converter_ros2/share/ament_index/resource_index/parent_prefix_path/fixposition_odometry_converter_ros2
-- Up-to-date: /home/nvidia/f1tenth_ws/install/fixposition_odometry_converter_ros2/share/fixposition_odometry_converter_ros2/environment/ament_prefix_path.sh
-- Up-to-date: /home/nvidia/f1tenth_ws/install/fixposition_odometry_converter_ros2/share/fixposition_odometry_converter_ros2/environment/ament_prefix_path.dsv
-- Up-to-date: /home/nvidia/f1tenth_ws/install/fixposition_odometry_converter_ros2/share/fixposition_odometry_converter_ros2/environment/path.sh
-- Up-to-date: /home/nvidia/f1tenth_ws/install/fixposition_odometry_converter_ros2/share/fixposition_odometry_converter_ros2/environment/path.dsv
-- Up-to-date: /home/nvidia/f1tenth_ws/install/fixposition_odometry_converter_ros2/share/fixposition_odometry_converter_ros2/local_setup.bash
-- Up-to-date: /home/nvidia/f1tenth_ws/install/fixposition_odometry_converter_ros2/share/fixposition_odometry_converter_ros2/local_setup.sh
-- Up-to-date: /home/nvidia/f1tenth_ws/install/fixposition_odometry_converter_ros2/share/fixposition_odometry_converter_ros2/local_setup.zsh
-- Up-to-date: /home/nvidia/f1tenth_ws/install/fixposition_odometry_converter_ros2/share/fixposition_odometry_converter_ros2/local_setup.dsv
-- Installing: /home/nvidia/f1tenth_ws/install/fixposition_odometry_converter_ros2/share/fixposition_odometry_converter_ros2/package.dsv
-- Up-to-date: /home/nvidia/f1tenth_ws/install/fixposition_odometry_converter_ros2/share/ament_index/resource_index/packages/fixposition_odometry_converter_ros2
-- Up-to-date: /home/nvidia/f1tenth_ws/install/fixposition_odometry_converter_ros2/share/ament_index/resource_index/rclcpp_components/fixposition_odometry_converter_ros2
-- Up-to-date: /home/nvidia/f1tenth_ws/install/fixposition_odometry_converter_ros2/share/fixposition_odometry_converter_ros2/cmake/fixposition_odometry_converter_ros2Config.cmake
-- Up-to-date: /home/nvidia/f1tenth_ws/install/fixposition_odometry_converter_ros2/share/fixposition_odometry_converter_ros2/cmake/fixposition_odometry_converter_ros2Config-version.cmake
-- Up-to-date: /home/nvidia/f1tenth_ws/install/fixposition_odometry_converter_ros2/share/fixposition_odometry_converter_ros2/package.xml
