[0.047s] Invoking command in '/home/nvidia/f1tenth_ws/build/teleop_tools_msgs': CMAKE_PREFIX_PATH=/opt/ros/humble /usr/bin/cmake --build /home/nvidia/f1tenth_ws/build/teleop_tools_msgs -- -j6 -l6
[0.690s] [  3%] Built target teleop_tools_msgs__cpp
[0.690s] [ 12%] Built target teleop_tools_msgs__rosidl_generator_c
[0.691s] [ 12%] Built target ament_cmake_python_copy_teleop_tools_msgs
[0.691s] [ 22%] Built target teleop_tools_msgs__rosidl_typesupport_cpp
[0.691s] [ 32%] Built target teleop_tools_msgs__rosidl_typesupport_introspection_cpp
[0.691s] [ 41%] Built target teleop_tools_msgs__rosidl_typesupport_fastrtps_cpp
[0.691s] [ 51%] Built target teleop_tools_msgs__rosidl_typesupport_fastrtps_c
[0.691s] [ 61%] Built target teleop_tools_msgs__rosidl_typesupport_introspection_c
[0.692s] [ 70%] Built target teleop_tools_msgs__rosidl_typesupport_c
[0.692s] [ 70%] Built target teleop_tools_msgs
[0.692s] [ 74%] Built target teleop_tools_msgs__py
[0.692s] [ 80%] Built target teleop_tools_msgs__rosidl_generator_py
[0.692s] [ 87%] Built target teleop_tools_msgs__rosidl_typesupport_fastrtps_c__pyext
[0.692s] [ 93%] Built target teleop_tools_msgs__rosidl_typesupport_c__pyext
[0.692s] [100%] Built target teleop_tools_msgs__rosidl_typesupport_introspection_c__pyext
[0.856s] running egg_info
[0.858s] writing teleop_tools_msgs.egg-info/PKG-INFO
[0.859s] writing dependency_links to teleop_tools_msgs.egg-info/dependency_links.txt
[0.859s] writing top-level names to teleop_tools_msgs.egg-info/top_level.txt
[0.865s] reading manifest file 'teleop_tools_msgs.egg-info/SOURCES.txt'
[0.866s] writing manifest file 'teleop_tools_msgs.egg-info/SOURCES.txt'
[0.944s] [100%] Built target ament_cmake_python_build_teleop_tools_msgs_egg
