[0.032s] Invoking command in '/home/nvidia/f1tenth_ws/build/vesc_ackermann': AMENT_PREFIX_PATH=/home/nvidia/f1tenth_ws/install/vesc_msgs:${AMENT_PREFIX_PATH} CMAKE_PREFIX_PATH=/home/nvidia/f1tenth_ws/install/vesc_msgs:/opt/ros/humble LD_LIBRARY_PATH=/home/nvidia/f1tenth_ws/install/vesc_msgs/lib:/opt/ros/humble/opt/rviz_ogre_vendor/lib:/opt/ros/humble/lib/aarch64-linux-gnu:/opt/ros/humble/lib:/usr/local/cuda-12.2/lib64 PYTHONPATH=/home/nvidia/f1tenth_ws/install/vesc_msgs/local/lib/python3.10/dist-packages:${PYTHONPATH} /usr/bin/cmake --build /home/nvidia/f1tenth_ws/build/vesc_ackermann -- -j6 -l6
[0.125s] [35m[1mConsolidate compiler generated dependencies of target ackermann_to_vesc_node[0m
[0.125s] [35m[1mConsolidate compiler generated dependencies of target vesc_ackermann[0m
[0.167s] [35m[1mConsolidate compiler generated dependencies of target vesc_to_odom_node[0m
[0.173s] [ 28%] Built target ackermann_to_vesc_node
[0.194s] [ 42%] [32mBuilding CXX object CMakeFiles/vesc_ackermann.dir/src/ackermann_to_vesc.cpp.o[0m
[0.206s] [ 71%] Built target vesc_to_odom_node
[0.207s] [ 85%] [32mBuilding CXX object CMakeFiles/vesc_ackermann.dir/src/vesc_to_odom.cpp.o[0m
[5.459s] [01m[K/home/nvidia/f1tenth_ws/src/f1tenth_system/vesc/vesc_ackermann/src/ackermann_to_vesc.cpp:[m[K In constructor ‘[01m[Kvesc_ackermann::AckermannToVesc::AckermannToVesc(const rclcpp::NodeOptions&)[m[K’:
[5.461s] [01m[K/home/nvidia/f1tenth_ws/src/f1tenth_system/vesc/vesc_ackermann/src/ackermann_to_vesc.cpp:51:42:[m[K [01;31m[Kerror: [m[Kno matching function for call to ‘[01m[Kvesc_ackermann::AckermannToVesc::declare_parameter(const char [19])[m[K’
[5.461s]    51 |   speed_to_erpm_gain_ = [01;31m[Kdeclare_parameter("speed_to_erpm_gain")[m[K.get<double>();
[5.461s]       |                         [01;31m[K~~~~~~~~~~~~~~~~~^~~~~~~~~~~~~~~~~~~~~~[m[K
[5.461s] In file included from [01m[K/opt/ros/humble/include/rclcpp/rclcpp/executors/single_threaded_executor.hpp:28[m[K,
[5.461s]                  from [01m[K/opt/ros/humble/include/rclcpp/rclcpp/executors.hpp:22[m[K,
[5.461s]                  from [01m[K/opt/ros/humble/include/rclcpp/rclcpp/rclcpp.hpp:155[m[K,
[5.462s]                  from [01m[K/home/nvidia/f1tenth_ws/src/f1tenth_system/vesc/vesc_ackermann/include/vesc_ackermann/ackermann_to_vesc.hpp:35[m[K,
[5.462s]                  from [01m[K/home/nvidia/f1tenth_ws/src/f1tenth_system/vesc/vesc_ackermann/src/ackermann_to_vesc.cpp:31[m[K:
[5.462s] [01m[K/opt/ros/humble/include/rclcpp/rclcpp/node.hpp:421:3:[m[K [01;36m[Knote: [m[Kcandidate: ‘[01m[Ktemplate<class ParameterT> auto rclcpp::Node::declare_parameter(const string&, const ParameterT&, const ParameterDescriptor&, bool)[m[K’
[5.462s]   421 |   [01;36m[Kdeclare_parameter[m[K(
[5.462s]       |   [01;36m[K^~~~~~~~~~~~~~~~~[m[K
[5.462s] [01m[K/opt/ros/humble/include/rclcpp/rclcpp/node.hpp:421:3:[m[K [01;36m[Knote: [m[K  template argument deduction/substitution failed:
[5.462s] [01m[K/home/nvidia/f1tenth_ws/src/f1tenth_system/vesc/vesc_ackermann/src/ackermann_to_vesc.cpp:51:42:[m[K [01;36m[Knote: [m[K  candidate expects 4 arguments, 1 provided
[5.462s]    51 |   speed_to_erpm_gain_ = [01;36m[Kdeclare_parameter("speed_to_erpm_gain")[m[K.get<double>();
[5.462s]       |                         [01;36m[K~~~~~~~~~~~~~~~~~^~~~~~~~~~~~~~~~~~~~~~[m[K
[5.463s] In file included from [01m[K/opt/ros/humble/include/rclcpp/rclcpp/executors/single_threaded_executor.hpp:28[m[K,
[5.463s]                  from [01m[K/opt/ros/humble/include/rclcpp/rclcpp/executors.hpp:22[m[K,
[5.463s]                  from [01m[K/opt/ros/humble/include/rclcpp/rclcpp/rclcpp.hpp:155[m[K,
[5.463s]                  from [01m[K/home/nvidia/f1tenth_ws/src/f1tenth_system/vesc/vesc_ackermann/include/vesc_ackermann/ackermann_to_vesc.hpp:35[m[K,
[5.463s]                  from [01m[K/home/nvidia/f1tenth_ws/src/f1tenth_system/vesc/vesc_ackermann/src/ackermann_to_vesc.cpp:31[m[K:
[5.463s] [01m[K/opt/ros/humble/include/rclcpp/rclcpp/node.hpp:434:3:[m[K [01;36m[Knote: [m[Kcandidate: ‘[01m[Ktemplate<class ParameterT> auto rclcpp::Node::declare_parameter(const string&, const ParameterDescriptor&, bool)[m[K’
[5.463s]   434 |   [01;36m[Kdeclare_parameter[m[K(
[5.463s]       |   [01;36m[K^~~~~~~~~~~~~~~~~[m[K
[5.463s] [01m[K/opt/ros/humble/include/rclcpp/rclcpp/node.hpp:434:3:[m[K [01;36m[Knote: [m[K  template argument deduction/substitution failed:
[5.464s] [01m[K/home/nvidia/f1tenth_ws/src/f1tenth_system/vesc/vesc_ackermann/src/ackermann_to_vesc.cpp:51:42:[m[K [01;36m[Knote: [m[K  couldn’t deduce template parameter ‘[01m[KParameterT[m[K’
[5.464s]    51 |   speed_to_erpm_gain_ = [01;36m[Kdeclare_parameter("speed_to_erpm_gain")[m[K.get<double>();
[5.464s]       |                         [01;36m[K~~~~~~~~~~~~~~~~~^~~~~~~~~~~~~~~~~~~~~~[m[K
[5.464s] In file included from [01m[K/opt/ros/humble/include/rclcpp/rclcpp/executors/single_threaded_executor.hpp:28[m[K,
[5.464s]                  from [01m[K/opt/ros/humble/include/rclcpp/rclcpp/executors.hpp:22[m[K,
[5.464s]                  from [01m[K/opt/ros/humble/include/rclcpp/rclcpp/rclcpp.hpp:155[m[K,
[5.464s]                  from [01m[K/home/nvidia/f1tenth_ws/src/f1tenth_system/vesc/vesc_ackermann/include/vesc_ackermann/ackermann_to_vesc.hpp:35[m[K,
[5.464s]                  from [01m[K/home/nvidia/f1tenth_ws/src/f1tenth_system/vesc/vesc_ackermann/src/ackermann_to_vesc.cpp:31[m[K:
[5.464s] [01m[K/opt/ros/humble/include/rclcpp/rclcpp/node.hpp:366:3:[m[K [01;36m[Knote: [m[Kcandidate: ‘[01m[Kconst rclcpp::ParameterValue& rclcpp::Node::declare_parameter(const string&, const rclcpp::ParameterValue&, const ParameterDescriptor&, bool)[m[K’
[5.465s]   366 |   [01;36m[Kdeclare_parameter[m[K(
[5.465s]       |   [01;36m[K^~~~~~~~~~~~~~~~~[m[K
[5.465s] [01m[K/opt/ros/humble/include/rclcpp/rclcpp/node.hpp:366:3:[m[K [01;36m[Knote: [m[K  candidate expects 4 arguments, 1 provided
[5.465s] [01m[K/opt/ros/humble/include/rclcpp/rclcpp/node.hpp:391:3:[m[K [01;36m[Knote: [m[Kcandidate: ‘[01m[Kconst rclcpp::ParameterValue& rclcpp::Node::declare_parameter(const string&, rclcpp::ParameterType, const ParameterDescriptor&, bool)[m[K’
[5.465s]   391 |   [01;36m[Kdeclare_parameter[m[K(
[5.465s]       |   [01;36m[K^~~~~~~~~~~~~~~~~[m[K
[5.465s] [01m[K/opt/ros/humble/include/rclcpp/rclcpp/node.hpp:391:3:[m[K [01;36m[Knote: [m[K  candidate expects 4 arguments, 1 provided
[5.465s] [01m[K/home/nvidia/f1tenth_ws/src/f1tenth_system/vesc/vesc_ackermann/src/ackermann_to_vesc.cpp:51:69:[m[K [01;31m[Kerror: [m[Kexpected primary-expression before ‘[01m[Kdouble[m[K’
[5.466s]    51 | _to_erpm_gain_ = declare_parameter("speed_to_erpm_gain").get<[01;31m[Kdouble[m[K>();
[5.466s]       |                                                              [01;31m[K^~~~~~[m[K
[5.466s] 
[5.466s] [01m[K/home/nvidia/f1tenth_ws/src/f1tenth_system/vesc/vesc_ackermann/src/ackermann_to_vesc.cpp:52:44:[m[K [01;31m[Kerror: [m[Kno matching function for call to ‘[01m[Kvesc_ackermann::AckermannToVesc::declare_parameter(const char [21])[m[K’
[5.466s]    52 |   speed_to_erpm_offset_ = [01;31m[Kdeclare_parameter("speed_to_erpm_offset")[m[K.get<double>();
[5.466s]       |                           [01;31m[K~~~~~~~~~~~~~~~~~^~~~~~~~~~~~~~~~~~~~~~~~[m[K
[5.466s] In file included from [01m[K/opt/ros/humble/include/rclcpp/rclcpp/executors/single_threaded_executor.hpp:28[m[K,
[5.466s]                  from [01m[K/opt/ros/humble/include/rclcpp/rclcpp/executors.hpp:22[m[K,
[5.466s]                  from [01m[K/opt/ros/humble/include/rclcpp/rclcpp/rclcpp.hpp:155[m[K,
[5.467s]                  from [01m[K/home/nvidia/f1tenth_ws/src/f1tenth_system/vesc/vesc_ackermann/include/vesc_ackermann/ackermann_to_vesc.hpp:35[m[K,
[5.467s]                  from [01m[K/home/nvidia/f1tenth_ws/src/f1tenth_system/vesc/vesc_ackermann/src/ackermann_to_vesc.cpp:31[m[K:
[5.467s] [01m[K/opt/ros/humble/include/rclcpp/rclcpp/node.hpp:421:3:[m[K [01;36m[Knote: [m[Kcandidate: ‘[01m[Ktemplate<class ParameterT> auto rclcpp::Node::declare_parameter(const string&, const ParameterT&, const ParameterDescriptor&, bool)[m[K’
[5.467s]   421 |   [01;36m[Kdeclare_parameter[m[K(
[5.467s]       |   [01;36m[K^~~~~~~~~~~~~~~~~[m[K
[5.467s] [01m[K/opt/ros/humble/include/rclcpp/rclcpp/node.hpp:421:3:[m[K [01;36m[Knote: [m[K  template argument deduction/substitution failed:
[5.467s] [01m[K/home/nvidia/f1tenth_ws/src/f1tenth_system/vesc/vesc_ackermann/src/ackermann_to_vesc.cpp:52:44:[m[K [01;36m[Knote: [m[K  candidate expects 4 arguments, 1 provided
[5.467s]    52 |   speed_to_erpm_offset_ = [01;36m[Kdeclare_parameter("speed_to_erpm_offset")[m[K.get<double>();
[5.467s]       |                           [01;36m[K~~~~~~~~~~~~~~~~~^~~~~~~~~~~~~~~~~~~~~~~~[m[K
[5.467s] In file included from [01m[K/opt/ros/humble/include/rclcpp/rclcpp/executors/single_threaded_executor.hpp:28[m[K,
[5.468s]                  from [01m[K/opt/ros/humble/include/rclcpp/rclcpp/executors.hpp:22[m[K,
[5.468s]                  from [01m[K/opt/ros/humble/include/rclcpp/rclcpp/rclcpp.hpp:155[m[K,
[5.468s]                  from [01m[K/home/nvidia/f1tenth_ws/src/f1tenth_system/vesc/vesc_ackermann/include/vesc_ackermann/ackermann_to_vesc.hpp:35[m[K,
[5.468s]                  from [01m[K/home/nvidia/f1tenth_ws/src/f1tenth_system/vesc/vesc_ackermann/src/ackermann_to_vesc.cpp:31[m[K:
[5.468s] [01m[K/opt/ros/humble/include/rclcpp/rclcpp/node.hpp:434:3:[m[K [01;36m[Knote: [m[Kcandidate: ‘[01m[Ktemplate<class ParameterT> auto rclcpp::Node::declare_parameter(const string&, const ParameterDescriptor&, bool)[m[K’
[5.468s]   434 |   [01;36m[Kdeclare_parameter[m[K(
[5.468s]       |   [01;36m[K^~~~~~~~~~~~~~~~~[m[K
[5.468s] [01m[K/opt/ros/humble/include/rclcpp/rclcpp/node.hpp:434:3:[m[K [01;36m[Knote: [m[K  template argument deduction/substitution failed:
[5.469s] [01m[K/home/nvidia/f1tenth_ws/src/f1tenth_system/vesc/vesc_ackermann/src/ackermann_to_vesc.cpp:52:44:[m[K [01;36m[Knote: [m[K  couldn’t deduce template parameter ‘[01m[KParameterT[m[K’
[5.469s]    52 |   speed_to_erpm_offset_ = [01;36m[Kdeclare_parameter("speed_to_erpm_offset")[m[K.get<double>();
[5.469s]       |                           [01;36m[K~~~~~~~~~~~~~~~~~^~~~~~~~~~~~~~~~~~~~~~~~[m[K
[5.469s] In file included from [01m[K/opt/ros/humble/include/rclcpp/rclcpp/executors/single_threaded_executor.hpp:28[m[K,
[5.469s]                  from [01m[K/opt/ros/humble/include/rclcpp/rclcpp/executors.hpp:22[m[K,
[5.469s]                  from [01m[K/opt/ros/humble/include/rclcpp/rclcpp/rclcpp.hpp:155[m[K,
[5.469s]                  from [01m[K/home/nvidia/f1tenth_ws/src/f1tenth_system/vesc/vesc_ackermann/include/vesc_ackermann/ackermann_to_vesc.hpp:35[m[K,
[5.469s]                  from [01m[K/home/nvidia/f1tenth_ws/src/f1tenth_system/vesc/vesc_ackermann/src/ackermann_to_vesc.cpp:31[m[K:
[5.469s] [01m[K/opt/ros/humble/include/rclcpp/rclcpp/node.hpp:366:3:[m[K [01;36m[Knote: [m[Kcandidate: ‘[01m[Kconst rclcpp::ParameterValue& rclcpp::Node::declare_parameter(const string&, const rclcpp::ParameterValue&, const ParameterDescriptor&, bool)[m[K’
[5.470s]   366 |   [01;36m[Kdeclare_parameter[m[K(
[5.470s]       |   [01;36m[K^~~~~~~~~~~~~~~~~[m[K
[5.470s] [01m[K/opt/ros/humble/include/rclcpp/rclcpp/node.hpp:366:3:[m[K [01;36m[Knote: [m[K  candidate expects 4 arguments, 1 provided
[5.470s] [01m[K/opt/ros/humble/include/rclcpp/rclcpp/node.hpp:391:3:[m[K [01;36m[Knote: [m[Kcandidate: ‘[01m[Kconst rclcpp::ParameterValue& rclcpp::Node::declare_parameter(const string&, rclcpp::ParameterType, const ParameterDescriptor&, bool)[m[K’
[5.470s]   391 |   [01;36m[Kdeclare_parameter[m[K(
[5.470s]       |   [01;36m[K^~~~~~~~~~~~~~~~~[m[K
[5.470s] [01m[K/opt/ros/humble/include/rclcpp/rclcpp/node.hpp:391:3:[m[K [01;36m[Knote: [m[K  candidate expects 4 arguments, 1 provided
[5.470s] [01m[K/home/nvidia/f1tenth_ws/src/f1tenth_system/vesc/vesc_ackermann/src/ackermann_to_vesc.cpp:52:73:[m[K [01;31m[Kerror: [m[Kexpected primary-expression before ‘[01m[Kdouble[m[K’
[5.470s]    52 | erpm_offset_ = declare_parameter("speed_to_erpm_offset").get<[01;31m[Kdouble[m[K>();
[5.471s]       |                                                              [01;31m[K^~~~~~[m[K
[5.471s] 
[5.471s] [01m[K/home/nvidia/f1tenth_ws/src/f1tenth_system/vesc/vesc_ackermann/src/ackermann_to_vesc.cpp:53:46:[m[K [01;31m[Kerror: [m[Kno matching function for call to ‘[01m[Kvesc_ackermann::AckermannToVesc::declare_parameter(const char [29])[m[K’
[5.471s]    53 |   steering_to_servo_gain_ = [01;31m[Kdeclare_parameter("steering_angle_to_servo_gain")[m[K.get<double>();
[5.471s]       |                             [01;31m[K~~~~~~~~~~~~~~~~~^~~~~~~~~~~~~~~~~~~~~~~~~~~~~~~~[m[K
[5.471s] In file included from [01m[K/opt/ros/humble/include/rclcpp/rclcpp/executors/single_threaded_executor.hpp:28[m[K,
[5.471s]                  from [01m[K/opt/ros/humble/include/rclcpp/rclcpp/executors.hpp:22[m[K,
[5.471s]                  from [01m[K/opt/ros/humble/include/rclcpp/rclcpp/rclcpp.hpp:155[m[K,
[5.471s]                  from [01m[K/home/nvidia/f1tenth_ws/src/f1tenth_system/vesc/vesc_ackermann/include/vesc_ackermann/ackermann_to_vesc.hpp:35[m[K,
[5.472s]                  from [01m[K/home/nvidia/f1tenth_ws/src/f1tenth_system/vesc/vesc_ackermann/src/ackermann_to_vesc.cpp:31[m[K:
[5.472s] [01m[K/opt/ros/humble/include/rclcpp/rclcpp/node.hpp:421:3:[m[K [01;36m[Knote: [m[Kcandidate: ‘[01m[Ktemplate<class ParameterT> auto rclcpp::Node::declare_parameter(const string&, const ParameterT&, const ParameterDescriptor&, bool)[m[K’
[5.472s]   421 |   [01;36m[Kdeclare_parameter[m[K(
[5.472s]       |   [01;36m[K^~~~~~~~~~~~~~~~~[m[K
[5.472s] [01m[K/opt/ros/humble/include/rclcpp/rclcpp/node.hpp:421:3:[m[K [01;36m[Knote: [m[K  template argument deduction/substitution failed:
[5.472s] [01m[K/home/nvidia/f1tenth_ws/src/f1tenth_system/vesc/vesc_ackermann/src/ackermann_to_vesc.cpp:53:46:[m[K [01;36m[Knote: [m[K  candidate expects 4 arguments, 1 provided
[5.472s]    53 |   steering_to_servo_gain_ = [01;36m[Kdeclare_parameter("steering_angle_to_servo_gain")[m[K.get<double>();
[5.472s]       |                             [01;36m[K~~~~~~~~~~~~~~~~~^~~~~~~~~~~~~~~~~~~~~~~~~~~~~~~~[m[K
[5.472s] In file included from [01m[K/opt/ros/humble/include/rclcpp/rclcpp/executors/single_threaded_executor.hpp:28[m[K,
[5.472s]                  from [01m[K/opt/ros/humble/include/rclcpp/rclcpp/executors.hpp:22[m[K,
[5.473s]                  from [01m[K/opt/ros/humble/include/rclcpp/rclcpp/rclcpp.hpp:155[m[K,
[5.473s]                  from [01m[K/home/nvidia/f1tenth_ws/src/f1tenth_system/vesc/vesc_ackermann/include/vesc_ackermann/ackermann_to_vesc.hpp:35[m[K,
[5.473s]                  from [01m[K/home/nvidia/f1tenth_ws/src/f1tenth_system/vesc/vesc_ackermann/src/ackermann_to_vesc.cpp:31[m[K:
[5.473s] [01m[K/opt/ros/humble/include/rclcpp/rclcpp/node.hpp:434:3:[m[K [01;36m[Knote: [m[Kcandidate: ‘[01m[Ktemplate<class ParameterT> auto rclcpp::Node::declare_parameter(const string&, const ParameterDescriptor&, bool)[m[K’
[5.473s]   434 |   [01;36m[Kdeclare_parameter[m[K(
[5.473s]       |   [01;36m[K^~~~~~~~~~~~~~~~~[m[K
[5.473s] [01m[K/opt/ros/humble/include/rclcpp/rclcpp/node.hpp:434:3:[m[K [01;36m[Knote: [m[K  template argument deduction/substitution failed:
[5.473s] [01m[K/home/nvidia/f1tenth_ws/src/f1tenth_system/vesc/vesc_ackermann/src/ackermann_to_vesc.cpp:53:46:[m[K [01;36m[Knote: [m[K  couldn’t deduce template parameter ‘[01m[KParameterT[m[K’
[5.474s]    53 |   steering_to_servo_gain_ = [01;36m[Kdeclare_parameter("steering_angle_to_servo_gain")[m[K.get<double>();
[5.474s]       |                             [01;36m[K~~~~~~~~~~~~~~~~~^~~~~~~~~~~~~~~~~~~~~~~~~~~~~~~~[m[K
[5.474s] In file included from [01m[K/opt/ros/humble/include/rclcpp/rclcpp/executors/single_threaded_executor.hpp:28[m[K,
[5.474s]                  from [01m[K/opt/ros/humble/include/rclcpp/rclcpp/executors.hpp:22[m[K,
[5.474s]                  from [01m[K/opt/ros/humble/include/rclcpp/rclcpp/rclcpp.hpp:155[m[K,
[5.474s]                  from [01m[K/home/nvidia/f1tenth_ws/src/f1tenth_system/vesc/vesc_ackermann/include/vesc_ackermann/ackermann_to_vesc.hpp:35[m[K,
[5.474s]                  from [01m[K/home/nvidia/f1tenth_ws/src/f1tenth_system/vesc/vesc_ackermann/src/ackermann_to_vesc.cpp:31[m[K:
[5.474s] [01m[K/opt/ros/humble/include/rclcpp/rclcpp/node.hpp:366:3:[m[K [01;36m[Knote: [m[Kcandidate: ‘[01m[Kconst rclcpp::ParameterValue& rclcpp::Node::declare_parameter(const string&, const rclcpp::ParameterValue&, const ParameterDescriptor&, bool)[m[K’
[5.474s]   366 |   [01;36m[Kdeclare_parameter[m[K(
[5.474s]       |   [01;36m[K^~~~~~~~~~~~~~~~~[m[K
[5.475s] [01m[K/opt/ros/humble/include/rclcpp/rclcpp/node.hpp:366:3:[m[K [01;36m[Knote: [m[K  candidate expects 4 arguments, 1 provided
[5.475s] [01m[K/opt/ros/humble/include/rclcpp/rclcpp/node.hpp:391:3:[m[K [01;36m[Knote: [m[Kcandidate: ‘[01m[Kconst rclcpp::ParameterValue& rclcpp::Node::declare_parameter(const string&, rclcpp::ParameterType, const ParameterDescriptor&, bool)[m[K’
[5.475s]   391 |   [01;36m[Kdeclare_parameter[m[K(
[5.475s]       |   [01;36m[K^~~~~~~~~~~~~~~~~[m[K
[5.475s] [01m[K/opt/ros/humble/include/rclcpp/rclcpp/node.hpp:391:3:[m[K [01;36m[Knote: [m[K  candidate expects 4 arguments, 1 provided
[5.475s] [01m[K/home/nvidia/f1tenth_ws/src/f1tenth_system/vesc/vesc_ackermann/src/ackermann_to_vesc.cpp:53:83:[m[K [01;31m[Kerror: [m[Kexpected primary-expression before ‘[01m[Kdouble[m[K’
[5.475s]    53 | ain_ = declare_parameter("steering_angle_to_servo_gain").get<[01;31m[Kdouble[m[K>();
[5.475s]       |                                                              [01;31m[K^~~~~~[m[K
[5.475s] 
[5.476s] [01m[K/home/nvidia/f1tenth_ws/src/f1tenth_system/vesc/vesc_ackermann/src/ackermann_to_vesc.cpp:54:48:[m[K [01;31m[Kerror: [m[Kno matching function for call to ‘[01m[Kvesc_ackermann::AckermannToVesc::declare_parameter(const char [31])[m[K’
[5.476s]    54 |   steering_to_servo_offset_ = [01;31m[Kdeclare_parameter("steering_angle_to_servo_offset")[m[K.get<double>();
[5.476s]       |                               [01;31m[K~~~~~~~~~~~~~~~~~^~~~~~~~~~~~~~~~~~~~~~~~~~~~~~~~~~[m[K
[5.476s] In file included from [01m[K/opt/ros/humble/include/rclcpp/rclcpp/executors/single_threaded_executor.hpp:28[m[K,
[5.476s]                  from [01m[K/opt/ros/humble/include/rclcpp/rclcpp/executors.hpp:22[m[K,
[5.476s]                  from [01m[K/opt/ros/humble/include/rclcpp/rclcpp/rclcpp.hpp:155[m[K,
[5.476s]                  from [01m[K/home/nvidia/f1tenth_ws/src/f1tenth_system/vesc/vesc_ackermann/include/vesc_ackermann/ackermann_to_vesc.hpp:35[m[K,
[5.476s]                  from [01m[K/home/nvidia/f1tenth_ws/src/f1tenth_system/vesc/vesc_ackermann/src/ackermann_to_vesc.cpp:31[m[K:
[5.476s] [01m[K/opt/ros/humble/include/rclcpp/rclcpp/node.hpp:421:3:[m[K [01;36m[Knote: [m[Kcandidate: ‘[01m[Ktemplate<class ParameterT> auto rclcpp::Node::declare_parameter(const string&, const ParameterT&, const ParameterDescriptor&, bool)[m[K’
[5.477s]   421 |   [01;36m[Kdeclare_parameter[m[K(
[5.477s]       |   [01;36m[K^~~~~~~~~~~~~~~~~[m[K
[5.477s] [01m[K/opt/ros/humble/include/rclcpp/rclcpp/node.hpp:421:3:[m[K [01;36m[Knote: [m[K  template argument deduction/substitution failed:
[5.477s] [01m[K/home/nvidia/f1tenth_ws/src/f1tenth_system/vesc/vesc_ackermann/src/ackermann_to_vesc.cpp:54:48:[m[K [01;36m[Knote: [m[K  candidate expects 4 arguments, 1 provided
[5.477s]    54 |   steering_to_servo_offset_ = [01;36m[Kdeclare_parameter("steering_angle_to_servo_offset")[m[K.get<double>();
[5.477s]       |                               [01;36m[K~~~~~~~~~~~~~~~~~^~~~~~~~~~~~~~~~~~~~~~~~~~~~~~~~~~[m[K
[5.477s] In file included from [01m[K/opt/ros/humble/include/rclcpp/rclcpp/executors/single_threaded_executor.hpp:28[m[K,
[5.477s]                  from [01m[K/opt/ros/humble/include/rclcpp/rclcpp/executors.hpp:22[m[K,
[5.478s]                  from [01m[K/opt/ros/humble/include/rclcpp/rclcpp/rclcpp.hpp:155[m[K,
[5.478s]                  from [01m[K/home/nvidia/f1tenth_ws/src/f1tenth_system/vesc/vesc_ackermann/include/vesc_ackermann/ackermann_to_vesc.hpp:35[m[K,
[5.478s]                  from [01m[K/home/nvidia/f1tenth_ws/src/f1tenth_system/vesc/vesc_ackermann/src/ackermann_to_vesc.cpp:31[m[K:
[5.478s] [01m[K/opt/ros/humble/include/rclcpp/rclcpp/node.hpp:434:3:[m[K [01;36m[Knote: [m[Kcandidate: ‘[01m[Ktemplate<class ParameterT> auto rclcpp::Node::declare_parameter(const string&, const ParameterDescriptor&, bool)[m[K’
[5.478s]   434 |   [01;36m[Kdeclare_parameter[m[K(
[5.478s]       |   [01;36m[K^~~~~~~~~~~~~~~~~[m[K
[5.478s] [01m[K/opt/ros/humble/include/rclcpp/rclcpp/node.hpp:434:3:[m[K [01;36m[Knote: [m[K  template argument deduction/substitution failed:
[5.478s] [01m[K/home/nvidia/f1tenth_ws/src/f1tenth_system/vesc/vesc_ackermann/src/ackermann_to_vesc.cpp:54:48:[m[K [01;36m[Knote: [m[K  couldn’t deduce template parameter ‘[01m[KParameterT[m[K’
[5.478s]    54 |   steering_to_servo_offset_ = [01;36m[Kdeclare_parameter("steering_angle_to_servo_offset")[m[K.get<double>();
[5.478s]       |                               [01;36m[K~~~~~~~~~~~~~~~~~^~~~~~~~~~~~~~~~~~~~~~~~~~~~~~~~~~[m[K
[5.479s] In file included from [01m[K/opt/ros/humble/include/rclcpp/rclcpp/executors/single_threaded_executor.hpp:28[m[K,
[5.479s]                  from [01m[K/opt/ros/humble/include/rclcpp/rclcpp/executors.hpp:22[m[K,
[5.479s]                  from [01m[K/opt/ros/humble/include/rclcpp/rclcpp/rclcpp.hpp:155[m[K,
[5.479s]                  from [01m[K/home/nvidia/f1tenth_ws/src/f1tenth_system/vesc/vesc_ackermann/include/vesc_ackermann/ackermann_to_vesc.hpp:35[m[K,
[5.479s]                  from [01m[K/home/nvidia/f1tenth_ws/src/f1tenth_system/vesc/vesc_ackermann/src/ackermann_to_vesc.cpp:31[m[K:
[5.479s] [01m[K/opt/ros/humble/include/rclcpp/rclcpp/node.hpp:366:3:[m[K [01;36m[Knote: [m[Kcandidate: ‘[01m[Kconst rclcpp::ParameterValue& rclcpp::Node::declare_parameter(const string&, const rclcpp::ParameterValue&, const ParameterDescriptor&, bool)[m[K’
[5.479s]   366 |   [01;36m[Kdeclare_parameter[m[K(
[5.479s]       |   [01;36m[K^~~~~~~~~~~~~~~~~[m[K
[5.479s] [01m[K/opt/ros/humble/include/rclcpp/rclcpp/node.hpp:366:3:[m[K [01;36m[Knote: [m[K  candidate expects 4 arguments, 1 provided
[5.480s] [01m[K/opt/ros/humble/include/rclcpp/rclcpp/node.hpp:391:3:[m[K [01;36m[Knote: [m[Kcandidate: ‘[01m[Kconst rclcpp::ParameterValue& rclcpp::Node::declare_parameter(const string&, rclcpp::ParameterType, const ParameterDescriptor&, bool)[m[K’
[5.480s]   391 |   [01;36m[Kdeclare_parameter[m[K(
[5.480s]       |   [01;36m[K^~~~~~~~~~~~~~~~~[m[K
[5.480s] [01m[K/opt/ros/humble/include/rclcpp/rclcpp/node.hpp:391:3:[m[K [01;36m[Knote: [m[K  candidate expects 4 arguments, 1 provided
[5.480s] [01m[K/home/nvidia/f1tenth_ws/src/f1tenth_system/vesc/vesc_ackermann/src/ackermann_to_vesc.cpp:54:87:[m[K [01;31m[Kerror: [m[Kexpected primary-expression before ‘[01m[Kdouble[m[K’
[5.480s]    54 | t_ = declare_parameter("steering_angle_to_servo_offset").get<[01;31m[Kdouble[m[K>();
[5.480s]       |                                                              [01;31m[K^~~~~~[m[K
[5.480s] 
[5.785s] [01m[K/home/nvidia/f1tenth_ws/src/f1tenth_system/vesc/vesc_ackermann/src/vesc_to_odom.cpp:[m[K In constructor ‘[01m[Kvesc_ackermann::VescToOdom::VescToOdom(const rclcpp::NodeOptions&)[m[K’:
[5.786s] [01m[K/home/nvidia/f1tenth_ws/src/f1tenth_system/vesc/vesc_ackermann/src/vesc_to_odom.cpp:63:42:[m[K [01;31m[Kerror: [m[Kno matching function for call to ‘[01m[Kvesc_ackermann::VescToOdom::declare_parameter(const char [19])[m[K’
[5.786s]    63 |   speed_to_erpm_gain_ = [01;31m[Kdeclare_parameter("speed_to_erpm_gain")[m[K.get<double>();
[5.787s]       |                         [01;31m[K~~~~~~~~~~~~~~~~~^~~~~~~~~~~~~~~~~~~~~~[m[K
[5.787s] In file included from [01m[K/opt/ros/humble/include/rclcpp/rclcpp/node.hpp:1321[m[K,
[5.787s]                  from [01m[K/opt/ros/humble/include/rclcpp/rclcpp/executors/single_threaded_executor.hpp:28[m[K,
[5.787s]                  from [01m[K/opt/ros/humble/include/rclcpp/rclcpp/executors.hpp:22[m[K,
[5.787s]                  from [01m[K/opt/ros/humble/include/rclcpp/rclcpp/rclcpp.hpp:155[m[K,
[5.787s]                  from [01m[K/home/nvidia/f1tenth_ws/src/f1tenth_system/vesc/vesc_ackermann/include/vesc_ackermann/vesc_to_odom.hpp:35[m[K,
[5.787s]                  from [01m[K/home/nvidia/f1tenth_ws/src/f1tenth_system/vesc/vesc_ackermann/src/vesc_to_odom.cpp:31[m[K:
[5.788s] [01m[K/opt/ros/humble/include/rclcpp/rclcpp/node_impl.hpp:195:1:[m[K [01;36m[Knote: [m[Kcandidate: ‘[01m[Ktemplate<class ParameterT> auto rclcpp::Node::declare_parameter(const string&, const ParameterT&, const ParameterDescriptor&, bool)[m[K’
[5.788s]   195 | [01;36m[KNode[m[K::declare_parameter(
[5.788s]       | [01;36m[K^~~~[m[K
[5.788s] [01m[K/opt/ros/humble/include/rclcpp/rclcpp/node_impl.hpp:195:1:[m[K [01;36m[Knote: [m[K  template argument deduction/substitution failed:
[5.788s] [01m[K/home/nvidia/f1tenth_ws/src/f1tenth_system/vesc/vesc_ackermann/src/vesc_to_odom.cpp:63:42:[m[K [01;36m[Knote: [m[K  candidate expects 4 arguments, 1 provided
[5.788s]    63 |   speed_to_erpm_gain_ = [01;36m[Kdeclare_parameter("speed_to_erpm_gain")[m[K.get<double>();
[5.788s]       |                         [01;36m[K~~~~~~~~~~~~~~~~~^~~~~~~~~~~~~~~~~~~~~~[m[K
[5.788s] In file included from [01m[K/opt/ros/humble/include/rclcpp/rclcpp/executors/single_threaded_executor.hpp:28[m[K,
[5.788s]                  from [01m[K/opt/ros/humble/include/rclcpp/rclcpp/executors.hpp:22[m[K,
[5.789s]                  from [01m[K/opt/ros/humble/include/rclcpp/rclcpp/rclcpp.hpp:155[m[K,
[5.789s]                  from [01m[K/home/nvidia/f1tenth_ws/src/f1tenth_system/vesc/vesc_ackermann/include/vesc_ackermann/vesc_to_odom.hpp:35[m[K,
[5.789s]                  from [01m[K/home/nvidia/f1tenth_ws/src/f1tenth_system/vesc/vesc_ackermann/src/vesc_to_odom.cpp:31[m[K:
[5.789s] [01m[K/opt/ros/humble/include/rclcpp/rclcpp/node.hpp:434:3:[m[K [01;36m[Knote: [m[Kcandidate: ‘[01m[Ktemplate<class ParameterT> auto rclcpp::Node::declare_parameter(const string&, const ParameterDescriptor&, bool)[m[K’
[5.789s]   434 |   [01;36m[Kdeclare_parameter[m[K(
[5.789s]       |   [01;36m[K^~~~~~~~~~~~~~~~~[m[K
[5.789s] [01m[K/opt/ros/humble/include/rclcpp/rclcpp/node.hpp:434:3:[m[K [01;36m[Knote: [m[K  template argument deduction/substitution failed:
[5.789s] [01m[K/home/nvidia/f1tenth_ws/src/f1tenth_system/vesc/vesc_ackermann/src/vesc_to_odom.cpp:63:42:[m[K [01;36m[Knote: [m[K  couldn’t deduce template parameter ‘[01m[KParameterT[m[K’
[5.790s]    63 |   speed_to_erpm_gain_ = [01;36m[Kdeclare_parameter("speed_to_erpm_gain")[m[K.get<double>();
[5.790s]       |                         [01;36m[K~~~~~~~~~~~~~~~~~^~~~~~~~~~~~~~~~~~~~~~[m[K
[5.790s] In file included from [01m[K/opt/ros/humble/include/rclcpp/rclcpp/executors/single_threaded_executor.hpp:28[m[K,
[5.790s]                  from [01m[K/opt/ros/humble/include/rclcpp/rclcpp/executors.hpp:22[m[K,
[5.790s]                  from [01m[K/opt/ros/humble/include/rclcpp/rclcpp/rclcpp.hpp:155[m[K,
[5.790s]                  from [01m[K/home/nvidia/f1tenth_ws/src/f1tenth_system/vesc/vesc_ackermann/include/vesc_ackermann/vesc_to_odom.hpp:35[m[K,
[5.790s]                  from [01m[K/home/nvidia/f1tenth_ws/src/f1tenth_system/vesc/vesc_ackermann/src/vesc_to_odom.cpp:31[m[K:
[5.790s] [01m[K/opt/ros/humble/include/rclcpp/rclcpp/node.hpp:366:3:[m[K [01;36m[Knote: [m[Kcandidate: ‘[01m[Kconst rclcpp::ParameterValue& rclcpp::Node::declare_parameter(const string&, const rclcpp::ParameterValue&, const ParameterDescriptor&, bool)[m[K’
[5.790s]   366 |   [01;36m[Kdeclare_parameter[m[K(
[5.791s]       |   [01;36m[K^~~~~~~~~~~~~~~~~[m[K
[5.791s] [01m[K/opt/ros/humble/include/rclcpp/rclcpp/node.hpp:366:3:[m[K [01;36m[Knote: [m[K  candidate expects 4 arguments, 1 provided
[5.791s] [01m[K/opt/ros/humble/include/rclcpp/rclcpp/node.hpp:391:3:[m[K [01;36m[Knote: [m[Kcandidate: ‘[01m[Kconst rclcpp::ParameterValue& rclcpp::Node::declare_parameter(const string&, rclcpp::ParameterType, const ParameterDescriptor&, bool)[m[K’
[5.791s]   391 |   [01;36m[Kdeclare_parameter[m[K(
[5.791s]       |   [01;36m[K^~~~~~~~~~~~~~~~~[m[K
[5.791s] [01m[K/opt/ros/humble/include/rclcpp/rclcpp/node.hpp:391:3:[m[K [01;36m[Knote: [m[K  candidate expects 4 arguments, 1 provided
[5.791s] [01m[K/home/nvidia/f1tenth_ws/src/f1tenth_system/vesc/vesc_ackermann/src/vesc_to_odom.cpp:63:69:[m[K [01;31m[Kerror: [m[Kexpected primary-expression before ‘[01m[Kdouble[m[K’
[5.791s]    63 |   speed_to_erpm_gain_ = declare_parameter("speed_to_erpm_gain").get<[01;31m[Kdouble[m[K>();
[5.791s]       |                                                                     [01;31m[K^~~~~~[m[K
[5.792s] [01m[K/home/nvidia/f1tenth_ws/src/f1tenth_system/vesc/vesc_ackermann/src/vesc_to_odom.cpp:64:44:[m[K [01;31m[Kerror: [m[Kno matching function for call to ‘[01m[Kvesc_ackermann::VescToOdom::declare_parameter(const char [21])[m[K’
[5.792s]    64 |   speed_to_erpm_offset_ = [01;31m[Kdeclare_parameter("speed_to_erpm_offset")[m[K.get<double>();
[5.792s]       |                           [01;31m[K~~~~~~~~~~~~~~~~~^~~~~~~~~~~~~~~~~~~~~~~~[m[K
[5.792s] In file included from [01m[K/opt/ros/humble/include/rclcpp/rclcpp/node.hpp:1321[m[K,
[5.792s]                  from [01m[K/opt/ros/humble/include/rclcpp/rclcpp/executors/single_threaded_executor.hpp:28[m[K,
[5.792s]                  from [01m[K/opt/ros/humble/include/rclcpp/rclcpp/executors.hpp:22[m[K,
[5.792s]                  from [01m[K/opt/ros/humble/include/rclcpp/rclcpp/rclcpp.hpp:155[m[K,
[5.792s]                  from [01m[K/home/nvidia/f1tenth_ws/src/f1tenth_system/vesc/vesc_ackermann/include/vesc_ackermann/vesc_to_odom.hpp:35[m[K,
[5.792s]                  from [01m[K/home/nvidia/f1tenth_ws/src/f1tenth_system/vesc/vesc_ackermann/src/vesc_to_odom.cpp:31[m[K:
[5.792s] [01m[K/opt/ros/humble/include/rclcpp/rclcpp/node_impl.hpp:195:1:[m[K [01;36m[Knote: [m[Kcandidate: ‘[01m[Ktemplate<class ParameterT> auto rclcpp::Node::declare_parameter(const string&, const ParameterT&, const ParameterDescriptor&, bool)[m[K’
[5.793s]   195 | [01;36m[KNode[m[K::declare_parameter(
[5.793s]       | [01;36m[K^~~~[m[K
[5.793s] [01m[K/opt/ros/humble/include/rclcpp/rclcpp/node_impl.hpp:195:1:[m[K [01;36m[Knote: [m[K  template argument deduction/substitution failed:
[5.793s] [01m[K/home/nvidia/f1tenth_ws/src/f1tenth_system/vesc/vesc_ackermann/src/vesc_to_odom.cpp:64:44:[m[K [01;36m[Knote: [m[K  candidate expects 4 arguments, 1 provided
[5.793s]    64 |   speed_to_erpm_offset_ = [01;36m[Kdeclare_parameter("speed_to_erpm_offset")[m[K.get<double>();
[5.793s]       |                           [01;36m[K~~~~~~~~~~~~~~~~~^~~~~~~~~~~~~~~~~~~~~~~~[m[K
[5.793s] In file included from [01m[K/opt/ros/humble/include/rclcpp/rclcpp/executors/single_threaded_executor.hpp:28[m[K,
[5.793s]                  from [01m[K/opt/ros/humble/include/rclcpp/rclcpp/executors.hpp:22[m[K,
[5.794s]                  from [01m[K/opt/ros/humble/include/rclcpp/rclcpp/rclcpp.hpp:155[m[K,
[5.794s]                  from [01m[K/home/nvidia/f1tenth_ws/src/f1tenth_system/vesc/vesc_ackermann/include/vesc_ackermann/vesc_to_odom.hpp:35[m[K,
[5.794s]                  from [01m[K/home/nvidia/f1tenth_ws/src/f1tenth_system/vesc/vesc_ackermann/src/vesc_to_odom.cpp:31[m[K:
[5.794s] [01m[K/opt/ros/humble/include/rclcpp/rclcpp/node.hpp:434:3:[m[K [01;36m[Knote: [m[Kcandidate: ‘[01m[Ktemplate<class ParameterT> auto rclcpp::Node::declare_parameter(const string&, const ParameterDescriptor&, bool)[m[K’
[5.794s]   434 |   [01;36m[Kdeclare_parameter[m[K(
[5.794s]       |   [01;36m[K^~~~~~~~~~~~~~~~~[m[K
[5.794s] [01m[K/opt/ros/humble/include/rclcpp/rclcpp/node.hpp:434:3:[m[K [01;36m[Knote: [m[K  template argument deduction/substitution failed:
[5.794s] [01m[K/home/nvidia/f1tenth_ws/src/f1tenth_system/vesc/vesc_ackermann/src/vesc_to_odom.cpp:64:44:[m[K [01;36m[Knote: [m[K  couldn’t deduce template parameter ‘[01m[KParameterT[m[K’
[5.794s]    64 |   speed_to_erpm_offset_ = [01;36m[Kdeclare_parameter("speed_to_erpm_offset")[m[K.get<double>();
[5.795s]       |                           [01;36m[K~~~~~~~~~~~~~~~~~^~~~~~~~~~~~~~~~~~~~~~~~[m[K
[5.795s] In file included from [01m[K/opt/ros/humble/include/rclcpp/rclcpp/executors/single_threaded_executor.hpp:28[m[K,
[5.795s]                  from [01m[K/opt/ros/humble/include/rclcpp/rclcpp/executors.hpp:22[m[K,
[5.795s]                  from [01m[K/opt/ros/humble/include/rclcpp/rclcpp/rclcpp.hpp:155[m[K,
[5.795s]                  from [01m[K/home/nvidia/f1tenth_ws/src/f1tenth_system/vesc/vesc_ackermann/include/vesc_ackermann/vesc_to_odom.hpp:35[m[K,
[5.795s]                  from [01m[K/home/nvidia/f1tenth_ws/src/f1tenth_system/vesc/vesc_ackermann/src/vesc_to_odom.cpp:31[m[K:
[5.795s] [01m[K/opt/ros/humble/include/rclcpp/rclcpp/node.hpp:366:3:[m[K [01;36m[Knote: [m[Kcandidate: ‘[01m[Kconst rclcpp::ParameterValue& rclcpp::Node::declare_parameter(const string&, const rclcpp::ParameterValue&, const ParameterDescriptor&, bool)[m[K’
[5.795s]   366 |   [01;36m[Kdeclare_parameter[m[K(
[5.795s]       |   [01;36m[K^~~~~~~~~~~~~~~~~[m[K
[5.796s] [01m[K/opt/ros/humble/include/rclcpp/rclcpp/node.hpp:366:3:[m[K [01;36m[Knote: [m[K  candidate expects 4 arguments, 1 provided
[5.796s] [01m[K/opt/ros/humble/include/rclcpp/rclcpp/node.hpp:391:3:[m[K [01;36m[Knote: [m[Kcandidate: ‘[01m[Kconst rclcpp::ParameterValue& rclcpp::Node::declare_parameter(const string&, rclcpp::ParameterType, const ParameterDescriptor&, bool)[m[K’
[5.796s]   391 |   [01;36m[Kdeclare_parameter[m[K(
[5.796s]       |   [01;36m[K^~~~~~~~~~~~~~~~~[m[K
[5.796s] [01m[K/opt/ros/humble/include/rclcpp/rclcpp/node.hpp:391:3:[m[K [01;36m[Knote: [m[K  candidate expects 4 arguments, 1 provided
[5.796s] [01m[K/home/nvidia/f1tenth_ws/src/f1tenth_system/vesc/vesc_ackermann/src/vesc_to_odom.cpp:64:73:[m[K [01;31m[Kerror: [m[Kexpected primary-expression before ‘[01m[Kdouble[m[K’
[5.796s]    64 |   speed_to_erpm_offset_ = declare_parameter("speed_to_erpm_offset").get<[01;31m[Kdouble[m[K>();
[5.796s]       |                                                                         [01;31m[K^~~~~~[m[K
[5.796s] [01m[K/home/nvidia/f1tenth_ws/src/f1tenth_system/vesc/vesc_ackermann/src/vesc_to_odom.cpp:67:48:[m[K [01;31m[Kerror: [m[Kno matching function for call to ‘[01m[Kvesc_ackermann::VescToOdom::declare_parameter(const char [29])[m[K’
[5.797s]    67 |     steering_to_servo_gain_ = [01;31m[Kdeclare_parameter("steering_angle_to_servo_gain")[m[K.get<double>();
[5.797s]       |                               [01;31m[K~~~~~~~~~~~~~~~~~^~~~~~~~~~~~~~~~~~~~~~~~~~~~~~~~[m[K
[5.797s] In file included from [01m[K/opt/ros/humble/include/rclcpp/rclcpp/node.hpp:1321[m[K,
[5.797s]                  from [01m[K/opt/ros/humble/include/rclcpp/rclcpp/executors/single_threaded_executor.hpp:28[m[K,
[5.797s]                  from [01m[K/opt/ros/humble/include/rclcpp/rclcpp/executors.hpp:22[m[K,
[5.797s]                  from [01m[K/opt/ros/humble/include/rclcpp/rclcpp/rclcpp.hpp:155[m[K,
[5.797s]                  from [01m[K/home/nvidia/f1tenth_ws/src/f1tenth_system/vesc/vesc_ackermann/include/vesc_ackermann/vesc_to_odom.hpp:35[m[K,
[5.797s]                  from [01m[K/home/nvidia/f1tenth_ws/src/f1tenth_system/vesc/vesc_ackermann/src/vesc_to_odom.cpp:31[m[K:
[5.797s] [01m[K/opt/ros/humble/include/rclcpp/rclcpp/node_impl.hpp:195:1:[m[K [01;36m[Knote: [m[Kcandidate: ‘[01m[Ktemplate<class ParameterT> auto rclcpp::Node::declare_parameter(const string&, const ParameterT&, const ParameterDescriptor&, bool)[m[K’
[5.798s]   195 | [01;36m[KNode[m[K::declare_parameter(
[5.798s]       | [01;36m[K^~~~[m[K
[5.798s] [01m[K/opt/ros/humble/include/rclcpp/rclcpp/node_impl.hpp:195:1:[m[K [01;36m[Knote: [m[K  template argument deduction/substitution failed:
[5.798s] [01m[K/home/nvidia/f1tenth_ws/src/f1tenth_system/vesc/vesc_ackermann/src/vesc_to_odom.cpp:67:48:[m[K [01;36m[Knote: [m[K  candidate expects 4 arguments, 1 provided
[5.798s]    67 |     steering_to_servo_gain_ = [01;36m[Kdeclare_parameter("steering_angle_to_servo_gain")[m[K.get<double>();
[5.798s]       |                               [01;36m[K~~~~~~~~~~~~~~~~~^~~~~~~~~~~~~~~~~~~~~~~~~~~~~~~~[m[K
[5.798s] In file included from [01m[K/opt/ros/humble/include/rclcpp/rclcpp/executors/single_threaded_executor.hpp:28[m[K,
[5.798s]                  from [01m[K/opt/ros/humble/include/rclcpp/rclcpp/executors.hpp:22[m[K,
[5.798s]                  from [01m[K/opt/ros/humble/include/rclcpp/rclcpp/rclcpp.hpp:155[m[K,
[5.799s]                  from [01m[K/home/nvidia/f1tenth_ws/src/f1tenth_system/vesc/vesc_ackermann/include/vesc_ackermann/vesc_to_odom.hpp:35[m[K,
[5.799s]                  from [01m[K/home/nvidia/f1tenth_ws/src/f1tenth_system/vesc/vesc_ackermann/src/vesc_to_odom.cpp:31[m[K:
[5.799s] [01m[K/opt/ros/humble/include/rclcpp/rclcpp/node.hpp:434:3:[m[K [01;36m[Knote: [m[Kcandidate: ‘[01m[Ktemplate<class ParameterT> auto rclcpp::Node::declare_parameter(const string&, const ParameterDescriptor&, bool)[m[K’
[5.799s]   434 |   [01;36m[Kdeclare_parameter[m[K(
[5.799s]       |   [01;36m[K^~~~~~~~~~~~~~~~~[m[K
[5.799s] [01m[K/opt/ros/humble/include/rclcpp/rclcpp/node.hpp:434:3:[m[K [01;36m[Knote: [m[K  template argument deduction/substitution failed:
[5.799s] [01m[K/home/nvidia/f1tenth_ws/src/f1tenth_system/vesc/vesc_ackermann/src/vesc_to_odom.cpp:67:48:[m[K [01;36m[Knote: [m[K  couldn’t deduce template parameter ‘[01m[KParameterT[m[K’
[5.799s]    67 |     steering_to_servo_gain_ = [01;36m[Kdeclare_parameter("steering_angle_to_servo_gain")[m[K.get<double>();
[5.799s]       |                               [01;36m[K~~~~~~~~~~~~~~~~~^~~~~~~~~~~~~~~~~~~~~~~~~~~~~~~~[m[K
[5.800s] In file included from [01m[K/opt/ros/humble/include/rclcpp/rclcpp/executors/single_threaded_executor.hpp:28[m[K,
[5.800s]                  from [01m[K/opt/ros/humble/include/rclcpp/rclcpp/executors.hpp:22[m[K,
[5.800s]                  from [01m[K/opt/ros/humble/include/rclcpp/rclcpp/rclcpp.hpp:155[m[K,
[5.800s]                  from [01m[K/home/nvidia/f1tenth_ws/src/f1tenth_system/vesc/vesc_ackermann/include/vesc_ackermann/vesc_to_odom.hpp:35[m[K,
[5.800s]                  from [01m[K/home/nvidia/f1tenth_ws/src/f1tenth_system/vesc/vesc_ackermann/src/vesc_to_odom.cpp:31[m[K:
[5.800s] [01m[K/opt/ros/humble/include/rclcpp/rclcpp/node.hpp:366:3:[m[K [01;36m[Knote: [m[Kcandidate: ‘[01m[Kconst rclcpp::ParameterValue& rclcpp::Node::declare_parameter(const string&, const rclcpp::ParameterValue&, const ParameterDescriptor&, bool)[m[K’
[5.800s]   366 |   [01;36m[Kdeclare_parameter[m[K(
[5.800s]       |   [01;36m[K^~~~~~~~~~~~~~~~~[m[K
[5.800s] [01m[K/opt/ros/humble/include/rclcpp/rclcpp/node.hpp:366:3:[m[K [01;36m[Knote: [m[K  candidate expects 4 arguments, 1 provided
[5.801s] [01m[K/opt/ros/humble/include/rclcpp/rclcpp/node.hpp:391:3:[m[K [01;36m[Knote: [m[Kcandidate: ‘[01m[Kconst rclcpp::ParameterValue& rclcpp::Node::declare_parameter(const string&, rclcpp::ParameterType, const ParameterDescriptor&, bool)[m[K’
[5.801s]   391 |   [01;36m[Kdeclare_parameter[m[K(
[5.801s]       |   [01;36m[K^~~~~~~~~~~~~~~~~[m[K
[5.801s] [01m[K/opt/ros/humble/include/rclcpp/rclcpp/node.hpp:391:3:[m[K [01;36m[Knote: [m[K  candidate expects 4 arguments, 1 provided
[5.801s] [01m[K/home/nvidia/f1tenth_ws/src/f1tenth_system/vesc/vesc_ackermann/src/vesc_to_odom.cpp:67:85:[m[K [01;31m[Kerror: [m[Kexpected primary-expression before ‘[01m[Kdouble[m[K’
[5.801s]    67 |     steering_to_servo_gain_ = declare_parameter("steering_angle_to_servo_gain").get<[01;31m[Kdouble[m[K>();
[5.801s]       |                                                                                     [01;31m[K^~~~~~[m[K
[5.801s] [01m[K/home/nvidia/f1tenth_ws/src/f1tenth_system/vesc/vesc_ackermann/src/vesc_to_odom.cpp:68:50:[m[K [01;31m[Kerror: [m[Kno matching function for call to ‘[01m[Kvesc_ackermann::VescToOdom::declare_parameter(const char [31])[m[K’
[5.802s]    68 |     steering_to_servo_offset_ = [01;31m[Kdeclare_parameter("steering_angle_to_servo_offset")[m[K.get<double>();
[5.802s]       |                                 [01;31m[K~~~~~~~~~~~~~~~~~^~~~~~~~~~~~~~~~~~~~~~~~~~~~~~~~~~[m[K
[5.802s] In file included from [01m[K/opt/ros/humble/include/rclcpp/rclcpp/node.hpp:1321[m[K,
[5.802s]                  from [01m[K/opt/ros/humble/include/rclcpp/rclcpp/executors/single_threaded_executor.hpp:28[m[K,
[5.802s]                  from [01m[K/opt/ros/humble/include/rclcpp/rclcpp/executors.hpp:22[m[K,
[5.802s]                  from [01m[K/opt/ros/humble/include/rclcpp/rclcpp/rclcpp.hpp:155[m[K,
[5.802s]                  from [01m[K/home/nvidia/f1tenth_ws/src/f1tenth_system/vesc/vesc_ackermann/include/vesc_ackermann/vesc_to_odom.hpp:35[m[K,
[5.802s]                  from [01m[K/home/nvidia/f1tenth_ws/src/f1tenth_system/vesc/vesc_ackermann/src/vesc_to_odom.cpp:31[m[K:
[5.802s] [01m[K/opt/ros/humble/include/rclcpp/rclcpp/node_impl.hpp:195:1:[m[K [01;36m[Knote: [m[Kcandidate: ‘[01m[Ktemplate<class ParameterT> auto rclcpp::Node::declare_parameter(const string&, const ParameterT&, const ParameterDescriptor&, bool)[m[K’
[5.802s]   195 | [01;36m[KNode[m[K::declare_parameter(
[5.803s]       | [01;36m[K^~~~[m[K
[5.803s] [01m[K/opt/ros/humble/include/rclcpp/rclcpp/node_impl.hpp:195:1:[m[K [01;36m[Knote: [m[K  template argument deduction/substitution failed:
[5.803s] [01m[K/home/nvidia/f1tenth_ws/src/f1tenth_system/vesc/vesc_ackermann/src/vesc_to_odom.cpp:68:50:[m[K [01;36m[Knote: [m[K  candidate expects 4 arguments, 1 provided
[5.803s]    68 |     steering_to_servo_offset_ = [01;36m[Kdeclare_parameter("steering_angle_to_servo_offset")[m[K.get<double>();
[5.803s]       |                                 [01;36m[K~~~~~~~~~~~~~~~~~^~~~~~~~~~~~~~~~~~~~~~~~~~~~~~~~~~[m[K
[5.803s] In file included from [01m[K/opt/ros/humble/include/rclcpp/rclcpp/executors/single_threaded_executor.hpp:28[m[K,
[5.803s]                  from [01m[K/opt/ros/humble/include/rclcpp/rclcpp/executors.hpp:22[m[K,
[5.803s]                  from [01m[K/opt/ros/humble/include/rclcpp/rclcpp/rclcpp.hpp:155[m[K,
[5.803s]                  from [01m[K/home/nvidia/f1tenth_ws/src/f1tenth_system/vesc/vesc_ackermann/include/vesc_ackermann/vesc_to_odom.hpp:35[m[K,
[5.804s]                  from [01m[K/home/nvidia/f1tenth_ws/src/f1tenth_system/vesc/vesc_ackermann/src/vesc_to_odom.cpp:31[m[K:
[5.804s] [01m[K/opt/ros/humble/include/rclcpp/rclcpp/node.hpp:434:3:[m[K [01;36m[Knote: [m[Kcandidate: ‘[01m[Ktemplate<class ParameterT> auto rclcpp::Node::declare_parameter(const string&, const ParameterDescriptor&, bool)[m[K’
[5.804s]   434 |   [01;36m[Kdeclare_parameter[m[K(
[5.804s]       |   [01;36m[K^~~~~~~~~~~~~~~~~[m[K
[5.804s] [01m[K/opt/ros/humble/include/rclcpp/rclcpp/node.hpp:434:3:[m[K [01;36m[Knote: [m[K  template argument deduction/substitution failed:
[5.804s] [01m[K/home/nvidia/f1tenth_ws/src/f1tenth_system/vesc/vesc_ackermann/src/vesc_to_odom.cpp:68:50:[m[K [01;36m[Knote: [m[K  couldn’t deduce template parameter ‘[01m[KParameterT[m[K’
[5.804s]    68 |     steering_to_servo_offset_ = [01;36m[Kdeclare_parameter("steering_angle_to_servo_offset")[m[K.get<double>();
[5.804s]       |                                 [01;36m[K~~~~~~~~~~~~~~~~~^~~~~~~~~~~~~~~~~~~~~~~~~~~~~~~~~~[m[K
[5.805s] In file included from [01m[K/opt/ros/humble/include/rclcpp/rclcpp/executors/single_threaded_executor.hpp:28[m[K,
[5.805s]                  from [01m[K/opt/ros/humble/include/rclcpp/rclcpp/executors.hpp:22[m[K,
[5.805s]                  from [01m[K/opt/ros/humble/include/rclcpp/rclcpp/rclcpp.hpp:155[m[K,
[5.805s]                  from [01m[K/home/nvidia/f1tenth_ws/src/f1tenth_system/vesc/vesc_ackermann/include/vesc_ackermann/vesc_to_odom.hpp:35[m[K,
[5.805s]                  from [01m[K/home/nvidia/f1tenth_ws/src/f1tenth_system/vesc/vesc_ackermann/src/vesc_to_odom.cpp:31[m[K:
[5.805s] [01m[K/opt/ros/humble/include/rclcpp/rclcpp/node.hpp:366:3:[m[K [01;36m[Knote: [m[Kcandidate: ‘[01m[Kconst rclcpp::ParameterValue& rclcpp::Node::declare_parameter(const string&, const rclcpp::ParameterValue&, const ParameterDescriptor&, bool)[m[K’
[5.805s]   366 |   [01;36m[Kdeclare_parameter[m[K(
[5.805s]       |   [01;36m[K^~~~~~~~~~~~~~~~~[m[K
[5.805s] [01m[K/opt/ros/humble/include/rclcpp/rclcpp/node.hpp:366:3:[m[K [01;36m[Knote: [m[K  candidate expects 4 arguments, 1 provided
[5.806s] [01m[K/opt/ros/humble/include/rclcpp/rclcpp/node.hpp:391:3:[m[K [01;36m[Knote: [m[Kcandidate: ‘[01m[Kconst rclcpp::ParameterValue& rclcpp::Node::declare_parameter(const string&, rclcpp::ParameterType, const ParameterDescriptor&, bool)[m[K’
[5.806s]   391 |   [01;36m[Kdeclare_parameter[m[K(
[5.806s]       |   [01;36m[K^~~~~~~~~~~~~~~~~[m[K
[5.806s] [01m[K/opt/ros/humble/include/rclcpp/rclcpp/node.hpp:391:3:[m[K [01;36m[Knote: [m[K  candidate expects 4 arguments, 1 provided
[5.806s] [01m[K/home/nvidia/f1tenth_ws/src/f1tenth_system/vesc/vesc_ackermann/src/vesc_to_odom.cpp:68:89:[m[K [01;31m[Kerror: [m[Kexpected primary-expression before ‘[01m[Kdouble[m[K’
[5.806s]    68 |     steering_to_servo_offset_ = declare_parameter("steering_angle_to_servo_offset").get<[01;31m[Kdouble[m[K>();
[5.806s]       |                                                                                         [01;31m[K^~~~~~[m[K
[5.806s] [01m[K/home/nvidia/f1tenth_ws/src/f1tenth_system/vesc/vesc_ackermann/src/vesc_to_odom.cpp:69:35:[m[K [01;31m[Kerror: [m[Kno matching function for call to ‘[01m[Kvesc_ackermann::VescToOdom::declare_parameter(const char [10])[m[K’
[5.806s]    69 |     wheelbase_ = [01;31m[Kdeclare_parameter("wheelbase")[m[K.get<double>();
[5.807s]       |                  [01;31m[K~~~~~~~~~~~~~~~~~^~~~~~~~~~~~~[m[K
[5.807s] In file included from [01m[K/opt/ros/humble/include/rclcpp/rclcpp/node.hpp:1321[m[K,
[5.807s]                  from [01m[K/opt/ros/humble/include/rclcpp/rclcpp/executors/single_threaded_executor.hpp:28[m[K,
[5.807s]                  from [01m[K/opt/ros/humble/include/rclcpp/rclcpp/executors.hpp:22[m[K,
[5.807s]                  from [01m[K/opt/ros/humble/include/rclcpp/rclcpp/rclcpp.hpp:155[m[K,
[5.807s]                  from [01m[K/home/nvidia/f1tenth_ws/src/f1tenth_system/vesc/vesc_ackermann/include/vesc_ackermann/vesc_to_odom.hpp:35[m[K,
[5.807s]                  from [01m[K/home/nvidia/f1tenth_ws/src/f1tenth_system/vesc/vesc_ackermann/src/vesc_to_odom.cpp:31[m[K:
[5.807s] [01m[K/opt/ros/humble/include/rclcpp/rclcpp/node_impl.hpp:195:1:[m[K [01;36m[Knote: [m[Kcandidate: ‘[01m[Ktemplate<class ParameterT> auto rclcpp::Node::declare_parameter(const string&, const ParameterT&, const ParameterDescriptor&, bool)[m[K’
[5.807s]   195 | [01;36m[KNode[m[K::declare_parameter(
[5.808s]       | [01;36m[K^~~~[m[K
[5.808s] [01m[K/opt/ros/humble/include/rclcpp/rclcpp/node_impl.hpp:195:1:[m[K [01;36m[Knote: [m[K  template argument deduction/substitution failed:
[5.808s] [01m[K/home/nvidia/f1tenth_ws/src/f1tenth_system/vesc/vesc_ackermann/src/vesc_to_odom.cpp:69:35:[m[K [01;36m[Knote: [m[K  candidate expects 4 arguments, 1 provided
[5.808s]    69 |     wheelbase_ = [01;36m[Kdeclare_parameter("wheelbase")[m[K.get<double>();
[5.808s]       |                  [01;36m[K~~~~~~~~~~~~~~~~~^~~~~~~~~~~~~[m[K
[5.808s] In file included from [01m[K/opt/ros/humble/include/rclcpp/rclcpp/executors/single_threaded_executor.hpp:28[m[K,
[5.808s]                  from [01m[K/opt/ros/humble/include/rclcpp/rclcpp/executors.hpp:22[m[K,
[5.808s]                  from [01m[K/opt/ros/humble/include/rclcpp/rclcpp/rclcpp.hpp:155[m[K,
[5.808s]                  from [01m[K/home/nvidia/f1tenth_ws/src/f1tenth_system/vesc/vesc_ackermann/include/vesc_ackermann/vesc_to_odom.hpp:35[m[K,
[5.808s]                  from [01m[K/home/nvidia/f1tenth_ws/src/f1tenth_system/vesc/vesc_ackermann/src/vesc_to_odom.cpp:31[m[K:
[5.809s] [01m[K/opt/ros/humble/include/rclcpp/rclcpp/node.hpp:434:3:[m[K [01;36m[Knote: [m[Kcandidate: ‘[01m[Ktemplate<class ParameterT> auto rclcpp::Node::declare_parameter(const string&, const ParameterDescriptor&, bool)[m[K’
[5.809s]   434 |   [01;36m[Kdeclare_parameter[m[K(
[5.809s]       |   [01;36m[K^~~~~~~~~~~~~~~~~[m[K
[5.809s] [01m[K/opt/ros/humble/include/rclcpp/rclcpp/node.hpp:434:3:[m[K [01;36m[Knote: [m[K  template argument deduction/substitution failed:
[5.809s] [01m[K/home/nvidia/f1tenth_ws/src/f1tenth_system/vesc/vesc_ackermann/src/vesc_to_odom.cpp:69:35:[m[K [01;36m[Knote: [m[K  couldn’t deduce template parameter ‘[01m[KParameterT[m[K’
[5.809s]    69 |     wheelbase_ = [01;36m[Kdeclare_parameter("wheelbase")[m[K.get<double>();
[5.809s]       |                  [01;36m[K~~~~~~~~~~~~~~~~~^~~~~~~~~~~~~[m[K
[5.809s] In file included from [01m[K/opt/ros/humble/include/rclcpp/rclcpp/executors/single_threaded_executor.hpp:28[m[K,
[5.809s]                  from [01m[K/opt/ros/humble/include/rclcpp/rclcpp/executors.hpp:22[m[K,
[5.810s]                  from [01m[K/opt/ros/humble/include/rclcpp/rclcpp/rclcpp.hpp:155[m[K,
[5.810s]                  from [01m[K/home/nvidia/f1tenth_ws/src/f1tenth_system/vesc/vesc_ackermann/include/vesc_ackermann/vesc_to_odom.hpp:35[m[K,
[5.810s]                  from [01m[K/home/nvidia/f1tenth_ws/src/f1tenth_system/vesc/vesc_ackermann/src/vesc_to_odom.cpp:31[m[K:
[5.810s] [01m[K/opt/ros/humble/include/rclcpp/rclcpp/node.hpp:366:3:[m[K [01;36m[Knote: [m[Kcandidate: ‘[01m[Kconst rclcpp::ParameterValue& rclcpp::Node::declare_parameter(const string&, const rclcpp::ParameterValue&, const ParameterDescriptor&, bool)[m[K’
[5.810s]   366 |   [01;36m[Kdeclare_parameter[m[K(
[5.810s]       |   [01;36m[K^~~~~~~~~~~~~~~~~[m[K
[5.810s] [01m[K/opt/ros/humble/include/rclcpp/rclcpp/node.hpp:366:3:[m[K [01;36m[Knote: [m[K  candidate expects 4 arguments, 1 provided
[5.810s] [01m[K/opt/ros/humble/include/rclcpp/rclcpp/node.hpp:391:3:[m[K [01;36m[Knote: [m[Kcandidate: ‘[01m[Kconst rclcpp::ParameterValue& rclcpp::Node::declare_parameter(const string&, rclcpp::ParameterType, const ParameterDescriptor&, bool)[m[K’
[5.810s]   391 |   [01;36m[Kdeclare_parameter[m[K(
[5.811s]       |   [01;36m[K^~~~~~~~~~~~~~~~~[m[K
[5.811s] [01m[K/opt/ros/humble/include/rclcpp/rclcpp/node.hpp:391:3:[m[K [01;36m[Knote: [m[K  candidate expects 4 arguments, 1 provided
[5.811s] [01m[K/home/nvidia/f1tenth_ws/src/f1tenth_system/vesc/vesc_ackermann/src/vesc_to_odom.cpp:69:53:[m[K [01;31m[Kerror: [m[Kexpected primary-expression before ‘[01m[Kdouble[m[K’
[5.811s]    69 |     wheelbase_ = declare_parameter("wheelbase").get<[01;31m[Kdouble[m[K>();
[5.811s]       |                                                     [01;31m[K^~~~~~[m[K
[11.412s] gmake[2]: *** [CMakeFiles/vesc_ackermann.dir/build.make:76: CMakeFiles/vesc_ackermann.dir/src/ackermann_to_vesc.cpp.o] Error 1
[11.412s] gmake[2]: *** Waiting for unfinished jobs....
[13.906s] gmake[2]: *** [CMakeFiles/vesc_ackermann.dir/build.make:90: CMakeFiles/vesc_ackermann.dir/src/vesc_to_odom.cpp.o] Error 1
[13.907s] gmake[1]: *** [CMakeFiles/Makefile2:141: CMakeFiles/vesc_ackermann.dir/all] Error 2
[13.907s] gmake: *** [Makefile:146: all] Error 2
[13.914s] Invoked command in '/home/nvidia/f1tenth_ws/build/vesc_ackermann' returned '2': AMENT_PREFIX_PATH=/home/nvidia/f1tenth_ws/install/vesc_msgs:${AMENT_PREFIX_PATH} CMAKE_PREFIX_PATH=/home/nvidia/f1tenth_ws/install/vesc_msgs:/opt/ros/humble LD_LIBRARY_PATH=/home/nvidia/f1tenth_ws/install/vesc_msgs/lib:/opt/ros/humble/opt/rviz_ogre_vendor/lib:/opt/ros/humble/lib/aarch64-linux-gnu:/opt/ros/humble/lib:/usr/local/cuda-12.2/lib64 PYTHONPATH=/home/nvidia/f1tenth_ws/install/vesc_msgs/local/lib/python3.10/dist-packages:${PYTHONPATH} /usr/bin/cmake --build /home/nvidia/f1tenth_ws/build/vesc_ackermann -- -j6 -l6
