[0.022s] Invoking command in '/home/nvidia/f1tenth_ws/build/ouster_msgs': CMAKE_PREFIX_PATH=${CMAKE_PREFIX_PATH}:/home/nvidia/f1tenth_ws/install/f1tenth_stack:/home/nvidia/f1tenth_ws/install/joy_teleop:/home/nvidia/f1tenth_ws/install/mouse_teleop:/home/nvidia/f1tenth_ws/install/key_teleop:/opt/ros/humble /usr/bin/cmake --build /home/nvidia/f1tenth_ws/build/ouster_msgs -- -j6 -l6
[0.180s] [  2%] Built target ouster_msgs__cpp
[0.182s] [ 12%] Built target ouster_msgs__rosidl_generator_c
[0.227s] [ 12%] Built target ament_cmake_python_copy_ouster_msgs
[0.291s] [ 23%] Built target ouster_msgs__rosidl_typesupport_cpp
[0.291s] [ 33%] Built target ouster_msgs__rosidl_typesupport_introspection_cpp
[0.295s] [ 43%] Built target ouster_msgs__rosidl_typesupport_fastrtps_cpp
[0.337s] [ 53%] Built target ouster_msgs__rosidl_typesupport_fastrtps_c
[0.353s] [ 64%] Built target ouster_msgs__rosidl_typesupport_introspection_c
[0.386s] [ 74%] Built target ouster_msgs__rosidl_typesupport_c
[0.463s] [ 74%] Built target ouster_msgs
[0.549s] [ 76%] Built target ouster_msgs__py
[0.634s] [ 84%] Built target ouster_msgs__rosidl_generator_py
[0.735s] [ 89%] Built target ouster_msgs__rosidl_typesupport_fastrtps_c__pyext
[0.787s] [ 94%] Built target ouster_msgs__rosidl_typesupport_c__pyext
[0.788s] [100%] Built target ouster_msgs__rosidl_typesupport_introspection_c__pyext
[1.025s] running egg_info
[1.026s] writing ouster_msgs.egg-info/PKG-INFO
[1.027s] writing dependency_links to ouster_msgs.egg-info/dependency_links.txt
[1.027s] writing top-level names to ouster_msgs.egg-info/top_level.txt
[1.032s] reading manifest file 'ouster_msgs.egg-info/SOURCES.txt'
[1.034s] writing manifest file 'ouster_msgs.egg-info/SOURCES.txt'
[1.110s] [100%] Built target ament_cmake_python_build_ouster_msgs_egg
[1.472s] Invoked command in '/home/nvidia/f1tenth_ws/build/ouster_msgs' returned '0': CMAKE_PREFIX_PATH=${CMAKE_PREFIX_PATH}:/home/nvidia/f1tenth_ws/install/f1tenth_stack:/home/nvidia/f1tenth_ws/install/joy_teleop:/home/nvidia/f1tenth_ws/install/mouse_teleop:/home/nvidia/f1tenth_ws/install/key_teleop:/opt/ros/humble /usr/bin/cmake --build /home/nvidia/f1tenth_ws/build/ouster_msgs -- -j6 -l6
[1.735s] Invoking command in '/home/nvidia/f1tenth_ws/build/ouster_msgs': CMAKE_PREFIX_PATH=${CMAKE_PREFIX_PATH}:/home/nvidia/f1tenth_ws/install/f1tenth_stack:/home/nvidia/f1tenth_ws/install/joy_teleop:/home/nvidia/f1tenth_ws/install/mouse_teleop:/home/nvidia/f1tenth_ws/install/key_teleop:/opt/ros/humble /usr/bin/cmake --install /home/nvidia/f1tenth_ws/build/ouster_msgs
[1.759s] -- Install configuration: ""
[1.760s] -- Up-to-date: /home/nvidia/f1tenth_ws/install/ouster_msgs/share/ament_index/resource_index/rosidl_interfaces/ouster_msgs
[1.760s] -- Up-to-date: /home/nvidia/f1tenth_ws/install/ouster_msgs/include/ouster_msgs/ouster_msgs
[1.761s] -- Up-to-date: /home/nvidia/f1tenth_ws/install/ouster_msgs/include/ouster_msgs/ouster_msgs/srv
[1.761s] -- Up-to-date: /home/nvidia/f1tenth_ws/install/ouster_msgs/include/ouster_msgs/ouster_msgs/srv/get_metadata.h
[1.762s] -- Up-to-date: /home/nvidia/f1tenth_ws/install/ouster_msgs/include/ouster_msgs/ouster_msgs/srv/detail
[1.762s] -- Up-to-date: /home/nvidia/f1tenth_ws/install/ouster_msgs/include/ouster_msgs/ouster_msgs/srv/detail/get_metadata__type_support.h
[1.765s] -- Up-to-date: /home/nvidia/f1tenth_ws/install/ouster_msgs/include/ouster_msgs/ouster_msgs/srv/detail/get_metadata__struct.h
[1.765s] -- Up-to-date: /home/nvidia/f1tenth_ws/install/ouster_msgs/include/ouster_msgs/ouster_msgs/srv/detail/get_metadata__functions.c
[1.765s] -- Up-to-date: /home/nvidia/f1tenth_ws/install/ouster_msgs/include/ouster_msgs/ouster_msgs/srv/detail/get_metadata__functions.h
[1.766s] -- Up-to-date: /home/nvidia/f1tenth_ws/install/ouster_msgs/include/ouster_msgs/ouster_msgs/msg
[1.766s] -- Up-to-date: /home/nvidia/f1tenth_ws/install/ouster_msgs/include/ouster_msgs/ouster_msgs/msg/metadata.h
[1.766s] -- Up-to-date: /home/nvidia/f1tenth_ws/install/ouster_msgs/include/ouster_msgs/ouster_msgs/msg/detail
[1.766s] -- Up-to-date: /home/nvidia/f1tenth_ws/install/ouster_msgs/include/ouster_msgs/ouster_msgs/msg/detail/metadata__type_support.h
[1.766s] -- Up-to-date: /home/nvidia/f1tenth_ws/install/ouster_msgs/include/ouster_msgs/ouster_msgs/msg/detail/metadata__functions.h
[1.766s] -- Up-to-date: /home/nvidia/f1tenth_ws/install/ouster_msgs/include/ouster_msgs/ouster_msgs/msg/detail/metadata__struct.h
[1.767s] -- Up-to-date: /home/nvidia/f1tenth_ws/install/ouster_msgs/include/ouster_msgs/ouster_msgs/msg/detail/metadata__functions.c
[1.767s] -- Up-to-date: /home/nvidia/f1tenth_ws/install/ouster_msgs/include/ouster_msgs/ouster_msgs/msg/rosidl_generator_c__visibility_control.h
[1.767s] -- Up-to-date: /home/nvidia/f1tenth_ws/install/ouster_msgs/share/ouster_msgs/environment/library_path.sh
[1.767s] -- Up-to-date: /home/nvidia/f1tenth_ws/install/ouster_msgs/share/ouster_msgs/environment/library_path.dsv
[1.772s] -- Up-to-date: /home/nvidia/f1tenth_ws/install/ouster_msgs/lib/libouster_msgs__rosidl_generator_c.so
[1.773s] -- Up-to-date: /home/nvidia/f1tenth_ws/install/ouster_msgs/include/ouster_msgs/ouster_msgs
[1.773s] -- Up-to-date: /home/nvidia/f1tenth_ws/install/ouster_msgs/include/ouster_msgs/ouster_msgs/srv
[1.773s] -- Up-to-date: /home/nvidia/f1tenth_ws/install/ouster_msgs/include/ouster_msgs/ouster_msgs/srv/detail
[1.774s] -- Up-to-date: /home/nvidia/f1tenth_ws/install/ouster_msgs/include/ouster_msgs/ouster_msgs/srv/detail/get_metadata__rosidl_typesupport_fastrtps_c.h
[1.774s] -- Up-to-date: /home/nvidia/f1tenth_ws/install/ouster_msgs/include/ouster_msgs/ouster_msgs/msg
[1.774s] -- Up-to-date: /home/nvidia/f1tenth_ws/install/ouster_msgs/include/ouster_msgs/ouster_msgs/msg/rosidl_typesupport_fastrtps_c__visibility_control.h
[1.774s] -- Up-to-date: /home/nvidia/f1tenth_ws/install/ouster_msgs/include/ouster_msgs/ouster_msgs/msg/detail
[1.774s] -- Up-to-date: /home/nvidia/f1tenth_ws/install/ouster_msgs/include/ouster_msgs/ouster_msgs/msg/detail/metadata__rosidl_typesupport_fastrtps_c.h
[1.775s] -- Up-to-date: /home/nvidia/f1tenth_ws/install/ouster_msgs/lib/libouster_msgs__rosidl_typesupport_fastrtps_c.so
[1.775s] -- Up-to-date: /home/nvidia/f1tenth_ws/install/ouster_msgs/include/ouster_msgs/ouster_msgs
[1.775s] -- Up-to-date: /home/nvidia/f1tenth_ws/install/ouster_msgs/include/ouster_msgs/ouster_msgs/srv
[1.775s] -- Up-to-date: /home/nvidia/f1tenth_ws/install/ouster_msgs/include/ouster_msgs/ouster_msgs/srv/detail
[1.775s] -- Up-to-date: /home/nvidia/f1tenth_ws/install/ouster_msgs/include/ouster_msgs/ouster_msgs/srv/detail/get_metadata__builder.hpp
[1.775s] -- Up-to-date: /home/nvidia/f1tenth_ws/install/ouster_msgs/include/ouster_msgs/ouster_msgs/srv/detail/get_metadata__struct.hpp
[1.775s] -- Up-to-date: /home/nvidia/f1tenth_ws/install/ouster_msgs/include/ouster_msgs/ouster_msgs/srv/detail/get_metadata__traits.hpp
[1.775s] -- Up-to-date: /home/nvidia/f1tenth_ws/install/ouster_msgs/include/ouster_msgs/ouster_msgs/srv/get_metadata.hpp
[1.776s] -- Up-to-date: /home/nvidia/f1tenth_ws/install/ouster_msgs/include/ouster_msgs/ouster_msgs/msg
[1.776s] -- Up-to-date: /home/nvidia/f1tenth_ws/install/ouster_msgs/include/ouster_msgs/ouster_msgs/msg/metadata.hpp
[1.776s] -- Up-to-date: /home/nvidia/f1tenth_ws/install/ouster_msgs/include/ouster_msgs/ouster_msgs/msg/detail
[1.776s] -- Up-to-date: /home/nvidia/f1tenth_ws/install/ouster_msgs/include/ouster_msgs/ouster_msgs/msg/detail/metadata__builder.hpp
[1.776s] -- Up-to-date: /home/nvidia/f1tenth_ws/install/ouster_msgs/include/ouster_msgs/ouster_msgs/msg/detail/metadata__traits.hpp
[1.776s] -- Up-to-date: /home/nvidia/f1tenth_ws/install/ouster_msgs/include/ouster_msgs/ouster_msgs/msg/detail/metadata__struct.hpp
[1.776s] -- Up-to-date: /home/nvidia/f1tenth_ws/install/ouster_msgs/include/ouster_msgs/ouster_msgs
[1.777s] -- Up-to-date: /home/nvidia/f1tenth_ws/install/ouster_msgs/include/ouster_msgs/ouster_msgs/srv
[1.777s] -- Up-to-date: /home/nvidia/f1tenth_ws/install/ouster_msgs/include/ouster_msgs/ouster_msgs/srv/detail
[1.777s] -- Up-to-date: /home/nvidia/f1tenth_ws/install/ouster_msgs/include/ouster_msgs/ouster_msgs/srv/detail/dds_fastrtps
[1.777s] -- Up-to-date: /home/nvidia/f1tenth_ws/install/ouster_msgs/include/ouster_msgs/ouster_msgs/srv/detail/get_metadata__rosidl_typesupport_fastrtps_cpp.hpp
[1.777s] -- Up-to-date: /home/nvidia/f1tenth_ws/install/ouster_msgs/include/ouster_msgs/ouster_msgs/msg
[1.777s] -- Up-to-date: /home/nvidia/f1tenth_ws/install/ouster_msgs/include/ouster_msgs/ouster_msgs/msg/rosidl_typesupport_fastrtps_cpp__visibility_control.h
[1.778s] -- Up-to-date: /home/nvidia/f1tenth_ws/install/ouster_msgs/include/ouster_msgs/ouster_msgs/msg/detail
[1.778s] -- Up-to-date: /home/nvidia/f1tenth_ws/install/ouster_msgs/include/ouster_msgs/ouster_msgs/msg/detail/dds_fastrtps
[1.778s] -- Up-to-date: /home/nvidia/f1tenth_ws/install/ouster_msgs/include/ouster_msgs/ouster_msgs/msg/detail/metadata__rosidl_typesupport_fastrtps_cpp.hpp
[1.778s] -- Up-to-date: /home/nvidia/f1tenth_ws/install/ouster_msgs/lib/libouster_msgs__rosidl_typesupport_fastrtps_cpp.so
[1.778s] -- Up-to-date: /home/nvidia/f1tenth_ws/install/ouster_msgs/include/ouster_msgs/ouster_msgs
[1.778s] -- Up-to-date: /home/nvidia/f1tenth_ws/install/ouster_msgs/include/ouster_msgs/ouster_msgs/srv
[1.778s] -- Up-to-date: /home/nvidia/f1tenth_ws/install/ouster_msgs/include/ouster_msgs/ouster_msgs/srv/detail
[1.779s] -- Up-to-date: /home/nvidia/f1tenth_ws/install/ouster_msgs/include/ouster_msgs/ouster_msgs/srv/detail/get_metadata__type_support.c
[1.780s] -- Up-to-date: /home/nvidia/f1tenth_ws/install/ouster_msgs/include/ouster_msgs/ouster_msgs/srv/detail/get_metadata__rosidl_typesupport_introspection_c.h
[1.781s] -- Up-to-date: /home/nvidia/f1tenth_ws/install/ouster_msgs/include/ouster_msgs/ouster_msgs/msg
[1.782s] -- Up-to-date: /home/nvidia/f1tenth_ws/install/ouster_msgs/include/ouster_msgs/ouster_msgs/msg/detail
[1.782s] -- Up-to-date: /home/nvidia/f1tenth_ws/install/ouster_msgs/include/ouster_msgs/ouster_msgs/msg/detail/metadata__rosidl_typesupport_introspection_c.h
[1.782s] -- Up-to-date: /home/nvidia/f1tenth_ws/install/ouster_msgs/include/ouster_msgs/ouster_msgs/msg/detail/metadata__type_support.c
[1.782s] -- Up-to-date: /home/nvidia/f1tenth_ws/install/ouster_msgs/include/ouster_msgs/ouster_msgs/msg/rosidl_typesupport_introspection_c__visibility_control.h
[1.782s] -- Up-to-date: /home/nvidia/f1tenth_ws/install/ouster_msgs/lib/libouster_msgs__rosidl_typesupport_introspection_c.so
[1.783s] -- Up-to-date: /home/nvidia/f1tenth_ws/install/ouster_msgs/lib/libouster_msgs__rosidl_typesupport_c.so
[1.783s] -- Up-to-date: /home/nvidia/f1tenth_ws/install/ouster_msgs/include/ouster_msgs/ouster_msgs
[1.783s] -- Up-to-date: /home/nvidia/f1tenth_ws/install/ouster_msgs/include/ouster_msgs/ouster_msgs/srv
[1.784s] -- Up-to-date: /home/nvidia/f1tenth_ws/install/ouster_msgs/include/ouster_msgs/ouster_msgs/srv/detail
[1.784s] -- Up-to-date: /home/nvidia/f1tenth_ws/install/ouster_msgs/include/ouster_msgs/ouster_msgs/srv/detail/get_metadata__rosidl_typesupport_introspection_cpp.hpp
[1.784s] -- Up-to-date: /home/nvidia/f1tenth_ws/install/ouster_msgs/include/ouster_msgs/ouster_msgs/srv/detail/get_metadata__type_support.cpp
[1.784s] -- Up-to-date: /home/nvidia/f1tenth_ws/install/ouster_msgs/include/ouster_msgs/ouster_msgs/msg
[1.784s] -- Up-to-date: /home/nvidia/f1tenth_ws/install/ouster_msgs/include/ouster_msgs/ouster_msgs/msg/detail
[1.784s] -- Up-to-date: /home/nvidia/f1tenth_ws/install/ouster_msgs/include/ouster_msgs/ouster_msgs/msg/detail/metadata__type_support.cpp
[1.784s] -- Up-to-date: /home/nvidia/f1tenth_ws/install/ouster_msgs/include/ouster_msgs/ouster_msgs/msg/detail/metadata__rosidl_typesupport_introspection_cpp.hpp
[1.785s] -- Up-to-date: /home/nvidia/f1tenth_ws/install/ouster_msgs/lib/libouster_msgs__rosidl_typesupport_introspection_cpp.so
[1.785s] -- Up-to-date: /home/nvidia/f1tenth_ws/install/ouster_msgs/lib/libouster_msgs__rosidl_typesupport_cpp.so
[1.785s] -- Up-to-date: /home/nvidia/f1tenth_ws/install/ouster_msgs/share/ouster_msgs/environment/pythonpath.sh
[1.785s] -- Up-to-date: /home/nvidia/f1tenth_ws/install/ouster_msgs/share/ouster_msgs/environment/pythonpath.dsv
[1.785s] -- Up-to-date: /home/nvidia/f1tenth_ws/install/ouster_msgs/local/lib/python3.10/dist-packages/ouster_msgs-0.5.1-py3.10.egg-info
[1.785s] -- Installing: /home/nvidia/f1tenth_ws/install/ouster_msgs/local/lib/python3.10/dist-packages/ouster_msgs-0.5.1-py3.10.egg-info/dependency_links.txt
[1.785s] -- Installing: /home/nvidia/f1tenth_ws/install/ouster_msgs/local/lib/python3.10/dist-packages/ouster_msgs-0.5.1-py3.10.egg-info/PKG-INFO
[1.786s] -- Installing: /home/nvidia/f1tenth_ws/install/ouster_msgs/local/lib/python3.10/dist-packages/ouster_msgs-0.5.1-py3.10.egg-info/SOURCES.txt
[1.786s] -- Installing: /home/nvidia/f1tenth_ws/install/ouster_msgs/local/lib/python3.10/dist-packages/ouster_msgs-0.5.1-py3.10.egg-info/top_level.txt
[1.786s] -- Up-to-date: /home/nvidia/f1tenth_ws/install/ouster_msgs/local/lib/python3.10/dist-packages/ouster_msgs
[1.786s] -- Up-to-date: /home/nvidia/f1tenth_ws/install/ouster_msgs/local/lib/python3.10/dist-packages/ouster_msgs/_ouster_msgs_s.ep.rosidl_typesupport_introspection_c.c
[1.787s] -- Up-to-date: /home/nvidia/f1tenth_ws/install/ouster_msgs/local/lib/python3.10/dist-packages/ouster_msgs/srv
[1.788s] -- Up-to-date: /home/nvidia/f1tenth_ws/install/ouster_msgs/local/lib/python3.10/dist-packages/ouster_msgs/srv/__init__.py
[1.788s] -- Up-to-date: /home/nvidia/f1tenth_ws/install/ouster_msgs/local/lib/python3.10/dist-packages/ouster_msgs/srv/_get_metadata_s.c
[1.788s] -- Up-to-date: /home/nvidia/f1tenth_ws/install/ouster_msgs/local/lib/python3.10/dist-packages/ouster_msgs/srv/_get_metadata.py
[1.788s] -- Up-to-date: /home/nvidia/f1tenth_ws/install/ouster_msgs/local/lib/python3.10/dist-packages/ouster_msgs/__init__.py
[1.788s] -- Up-to-date: /home/nvidia/f1tenth_ws/install/ouster_msgs/local/lib/python3.10/dist-packages/ouster_msgs/_ouster_msgs_s.ep.rosidl_typesupport_fastrtps_c.c
[1.788s] -- Up-to-date: /home/nvidia/f1tenth_ws/install/ouster_msgs/local/lib/python3.10/dist-packages/ouster_msgs/msg
[1.788s] -- Up-to-date: /home/nvidia/f1tenth_ws/install/ouster_msgs/local/lib/python3.10/dist-packages/ouster_msgs/msg/_metadata_s.c
[1.788s] -- Up-to-date: /home/nvidia/f1tenth_ws/install/ouster_msgs/local/lib/python3.10/dist-packages/ouster_msgs/msg/__init__.py
[1.789s] -- Up-to-date: /home/nvidia/f1tenth_ws/install/ouster_msgs/local/lib/python3.10/dist-packages/ouster_msgs/msg/_metadata.py
[1.789s] -- Up-to-date: /home/nvidia/f1tenth_ws/install/ouster_msgs/local/lib/python3.10/dist-packages/ouster_msgs/libouster_msgs__rosidl_generator_py.so
[1.789s] -- Up-to-date: /home/nvidia/f1tenth_ws/install/ouster_msgs/local/lib/python3.10/dist-packages/ouster_msgs/ouster_msgs_s__rosidl_typesupport_fastrtps_c.cpython-310-aarch64-linux-gnu.so
[1.789s] -- Up-to-date: /home/nvidia/f1tenth_ws/install/ouster_msgs/local/lib/python3.10/dist-packages/ouster_msgs/ouster_msgs_s__rosidl_typesupport_c.cpython-310-aarch64-linux-gnu.so
[1.789s] -- Up-to-date: /home/nvidia/f1tenth_ws/install/ouster_msgs/local/lib/python3.10/dist-packages/ouster_msgs/_ouster_msgs_s.ep.rosidl_typesupport_c.c
[1.789s] -- Up-to-date: /home/nvidia/f1tenth_ws/install/ouster_msgs/local/lib/python3.10/dist-packages/ouster_msgs/ouster_msgs_s__rosidl_typesupport_introspection_c.cpython-310-aarch64-linux-gnu.so
[1.870s] Listing '/home/nvidia/f1tenth_ws/install/ouster_msgs/local/lib/python3.10/dist-packages/ouster_msgs'...
[1.871s] Listing '/home/nvidia/f1tenth_ws/install/ouster_msgs/local/lib/python3.10/dist-packages/ouster_msgs/msg'...
[1.871s] Listing '/home/nvidia/f1tenth_ws/install/ouster_msgs/local/lib/python3.10/dist-packages/ouster_msgs/srv'...
[1.884s] -- Up-to-date: /home/nvidia/f1tenth_ws/install/ouster_msgs/local/lib/python3.10/dist-packages/ouster_msgs/ouster_msgs_s__rosidl_typesupport_fastrtps_c.cpython-310-aarch64-linux-gnu.so
[1.884s] -- Up-to-date: /home/nvidia/f1tenth_ws/install/ouster_msgs/local/lib/python3.10/dist-packages/ouster_msgs/ouster_msgs_s__rosidl_typesupport_introspection_c.cpython-310-aarch64-linux-gnu.so
[1.884s] -- Up-to-date: /home/nvidia/f1tenth_ws/install/ouster_msgs/local/lib/python3.10/dist-packages/ouster_msgs/ouster_msgs_s__rosidl_typesupport_c.cpython-310-aarch64-linux-gnu.so
[1.885s] -- Up-to-date: /home/nvidia/f1tenth_ws/install/ouster_msgs/lib/libouster_msgs__rosidl_generator_py.so
[1.885s] -- Up-to-date: /home/nvidia/f1tenth_ws/install/ouster_msgs/share/ouster_msgs/srv/GetMetadata.idl
[1.886s] -- Up-to-date: /home/nvidia/f1tenth_ws/install/ouster_msgs/share/ouster_msgs/msg/Metadata.idl
[1.886s] -- Up-to-date: /home/nvidia/f1tenth_ws/install/ouster_msgs/share/ouster_msgs/srv/GetMetadata.srv
[1.887s] -- Up-to-date: /home/nvidia/f1tenth_ws/install/ouster_msgs/share/ouster_msgs/srv/GetMetadata_Request.msg
[1.888s] -- Up-to-date: /home/nvidia/f1tenth_ws/install/ouster_msgs/share/ouster_msgs/srv/GetMetadata_Response.msg
[1.888s] -- Up-to-date: /home/nvidia/f1tenth_ws/install/ouster_msgs/share/ouster_msgs/msg/Metadata.msg
[1.888s] -- Up-to-date: /home/nvidia/f1tenth_ws/install/ouster_msgs/share/ament_index/resource_index/package_run_dependencies/ouster_msgs
[1.888s] -- Up-to-date: /home/nvidia/f1tenth_ws/install/ouster_msgs/share/ament_index/resource_index/parent_prefix_path/ouster_msgs
[1.888s] -- Up-to-date: /home/nvidia/f1tenth_ws/install/ouster_msgs/share/ouster_msgs/environment/ament_prefix_path.sh
[1.889s] -- Up-to-date: /home/nvidia/f1tenth_ws/install/ouster_msgs/share/ouster_msgs/environment/ament_prefix_path.dsv
[1.889s] -- Up-to-date: /home/nvidia/f1tenth_ws/install/ouster_msgs/share/ouster_msgs/environment/path.sh
[1.890s] -- Up-to-date: /home/nvidia/f1tenth_ws/install/ouster_msgs/share/ouster_msgs/environment/path.dsv
[1.890s] -- Up-to-date: /home/nvidia/f1tenth_ws/install/ouster_msgs/share/ouster_msgs/local_setup.bash
[1.893s] -- Up-to-date: /home/nvidia/f1tenth_ws/install/ouster_msgs/share/ouster_msgs/local_setup.sh
[1.893s] -- Up-to-date: /home/nvidia/f1tenth_ws/install/ouster_msgs/share/ouster_msgs/local_setup.zsh
[1.894s] -- Up-to-date: /home/nvidia/f1tenth_ws/install/ouster_msgs/share/ouster_msgs/local_setup.dsv
[1.895s] -- Installing: /home/nvidia/f1tenth_ws/install/ouster_msgs/share/ouster_msgs/package.dsv
[1.895s] -- Up-to-date: /home/nvidia/f1tenth_ws/install/ouster_msgs/share/ament_index/resource_index/packages/ouster_msgs
[1.895s] -- Up-to-date: /home/nvidia/f1tenth_ws/install/ouster_msgs/share/ouster_msgs/cmake/export_ouster_msgs__rosidl_generator_cExport.cmake
[1.895s] -- Up-to-date: /home/nvidia/f1tenth_ws/install/ouster_msgs/share/ouster_msgs/cmake/export_ouster_msgs__rosidl_generator_cExport-noconfig.cmake
[1.896s] -- Up-to-date: /home/nvidia/f1tenth_ws/install/ouster_msgs/share/ouster_msgs/cmake/export_ouster_msgs__rosidl_typesupport_fastrtps_cExport.cmake
[1.896s] -- Up-to-date: /home/nvidia/f1tenth_ws/install/ouster_msgs/share/ouster_msgs/cmake/export_ouster_msgs__rosidl_typesupport_fastrtps_cExport-noconfig.cmake
[1.896s] -- Up-to-date: /home/nvidia/f1tenth_ws/install/ouster_msgs/share/ouster_msgs/cmake/export_ouster_msgs__rosidl_generator_cppExport.cmake
[1.897s] -- Up-to-date: /home/nvidia/f1tenth_ws/install/ouster_msgs/share/ouster_msgs/cmake/export_ouster_msgs__rosidl_typesupport_fastrtps_cppExport.cmake
[1.897s] -- Up-to-date: /home/nvidia/f1tenth_ws/install/ouster_msgs/share/ouster_msgs/cmake/export_ouster_msgs__rosidl_typesupport_fastrtps_cppExport-noconfig.cmake
[1.897s] -- Up-to-date: /home/nvidia/f1tenth_ws/install/ouster_msgs/share/ouster_msgs/cmake/ouster_msgs__rosidl_typesupport_introspection_cExport.cmake
[1.897s] -- Up-to-date: /home/nvidia/f1tenth_ws/install/ouster_msgs/share/ouster_msgs/cmake/ouster_msgs__rosidl_typesupport_introspection_cExport-noconfig.cmake
[1.897s] -- Up-to-date: /home/nvidia/f1tenth_ws/install/ouster_msgs/share/ouster_msgs/cmake/ouster_msgs__rosidl_typesupport_cExport.cmake
[1.897s] -- Up-to-date: /home/nvidia/f1tenth_ws/install/ouster_msgs/share/ouster_msgs/cmake/ouster_msgs__rosidl_typesupport_cExport-noconfig.cmake
[1.898s] -- Up-to-date: /home/nvidia/f1tenth_ws/install/ouster_msgs/share/ouster_msgs/cmake/ouster_msgs__rosidl_typesupport_introspection_cppExport.cmake
[1.899s] -- Up-to-date: /home/nvidia/f1tenth_ws/install/ouster_msgs/share/ouster_msgs/cmake/ouster_msgs__rosidl_typesupport_introspection_cppExport-noconfig.cmake
[1.906s] -- Up-to-date: /home/nvidia/f1tenth_ws/install/ouster_msgs/share/ouster_msgs/cmake/ouster_msgs__rosidl_typesupport_cppExport.cmake
[1.907s] -- Up-to-date: /home/nvidia/f1tenth_ws/install/ouster_msgs/share/ouster_msgs/cmake/ouster_msgs__rosidl_typesupport_cppExport-noconfig.cmake
[1.908s] -- Up-to-date: /home/nvidia/f1tenth_ws/install/ouster_msgs/share/ouster_msgs/cmake/export_ouster_msgs__rosidl_generator_pyExport.cmake
[1.909s] -- Up-to-date: /home/nvidia/f1tenth_ws/install/ouster_msgs/share/ouster_msgs/cmake/export_ouster_msgs__rosidl_generator_pyExport-noconfig.cmake
[1.918s] -- Up-to-date: /home/nvidia/f1tenth_ws/install/ouster_msgs/share/ouster_msgs/cmake/rosidl_cmake-extras.cmake
[1.919s] -- Up-to-date: /home/nvidia/f1tenth_ws/install/ouster_msgs/share/ouster_msgs/cmake/ament_cmake_export_dependencies-extras.cmake
[1.919s] -- Up-to-date: /home/nvidia/f1tenth_ws/install/ouster_msgs/share/ouster_msgs/cmake/ament_cmake_export_include_directories-extras.cmake
[1.919s] -- Up-to-date: /home/nvidia/f1tenth_ws/install/ouster_msgs/share/ouster_msgs/cmake/ament_cmake_export_libraries-extras.cmake
[1.920s] -- Up-to-date: /home/nvidia/f1tenth_ws/install/ouster_msgs/share/ouster_msgs/cmake/ament_cmake_export_targets-extras.cmake
[1.921s] -- Up-to-date: /home/nvidia/f1tenth_ws/install/ouster_msgs/share/ouster_msgs/cmake/rosidl_cmake_export_typesupport_targets-extras.cmake
[1.921s] -- Up-to-date: /home/nvidia/f1tenth_ws/install/ouster_msgs/share/ouster_msgs/cmake/rosidl_cmake_export_typesupport_libraries-extras.cmake
[1.927s] -- Up-to-date: /home/nvidia/f1tenth_ws/install/ouster_msgs/share/ouster_msgs/cmake/ouster_msgsConfig.cmake
[1.927s] -- Up-to-date: /home/nvidia/f1tenth_ws/install/ouster_msgs/share/ouster_msgs/cmake/ouster_msgsConfig-version.cmake
[1.928s] -- Up-to-date: /home/nvidia/f1tenth_ws/install/ouster_msgs/share/ouster_msgs/package.xml
[1.929s] Invoked command in '/home/nvidia/f1tenth_ws/build/ouster_msgs' returned '0': CMAKE_PREFIX_PATH=${CMAKE_PREFIX_PATH}:/home/nvidia/f1tenth_ws/install/f1tenth_stack:/home/nvidia/f1tenth_ws/install/joy_teleop:/home/nvidia/f1tenth_ws/install/mouse_teleop:/home/nvidia/f1tenth_ws/install/key_teleop:/opt/ros/humble /usr/bin/cmake --install /home/nvidia/f1tenth_ws/build/ouster_msgs
