[  1%] Built target ouster_sensor_msgs__cpp
[ 12%] Built target ouster_sensor_msgs__rosidl_generator_c
[ 12%] Built target ament_cmake_python_copy_ouster_sensor_msgs
[ 23%] Built target ouster_sensor_msgs__rosidl_typesupport_cpp
[ 34%] Built target ouster_sensor_msgs__rosidl_typesupport_fastrtps_cpp
[ 45%] Built target ouster_sensor_msgs__rosidl_typesupport_introspection_cpp
[ 56%] Built target ouster_sensor_msgs__rosidl_typesupport_fastrtps_c
[ 67%] Built target ouster_sensor_msgs__rosidl_typesupport_introspection_c
[ 78%] Built target ouster_sensor_msgs__rosidl_typesupport_c
[ 78%] Built target ouster_sensor_msgs
[ 80%] Built target ouster_sensor_msgs__py
[ 89%] Built target ouster_sensor_msgs__rosidl_generator_py
[ 92%] Built target ouster_sensor_msgs__rosidl_typesupport_fastrtps_c__pyext
[ 96%] Built target ouster_sensor_msgs__rosidl_typesupport_introspection_c__pyext
[100%] Built target ouster_sensor_msgs__rosidl_typesupport_c__pyext
running egg_info
writing ouster_sensor_msgs.egg-info/PKG-INFO
writing dependency_links to ouster_sensor_msgs.egg-info/dependency_links.txt
writing top-level names to ouster_sensor_msgs.egg-info/top_level.txt
reading manifest file 'ouster_sensor_msgs.egg-info/SOURCES.txt'
writing manifest file 'ouster_sensor_msgs.egg-info/SOURCES.txt'
[100%] Built target ament_cmake_python_build_ouster_sensor_msgs_egg
-- Install configuration: ""
-- Up-to-date: /home/nvidia/f1tenth_ws/install/ouster_sensor_msgs/share/ament_index/resource_index/rosidl_interfaces/ouster_sensor_msgs
-- Up-to-date: /home/nvidia/f1tenth_ws/install/ouster_sensor_msgs/include/ouster_sensor_msgs/ouster_sensor_msgs
-- Up-to-date: /home/nvidia/f1tenth_ws/install/ouster_sensor_msgs/include/ouster_sensor_msgs/ouster_sensor_msgs/srv
-- Up-to-date: /home/nvidia/f1tenth_ws/install/ouster_sensor_msgs/include/ouster_sensor_msgs/ouster_sensor_msgs/srv/get_metadata.h
-- Up-to-date: /home/nvidia/f1tenth_ws/install/ouster_sensor_msgs/include/ouster_sensor_msgs/ouster_sensor_msgs/srv/set_config.h
-- Up-to-date: /home/nvidia/f1tenth_ws/install/ouster_sensor_msgs/include/ouster_sensor_msgs/ouster_sensor_msgs/srv/detail
-- Up-to-date: /home/nvidia/f1tenth_ws/install/ouster_sensor_msgs/include/ouster_sensor_msgs/ouster_sensor_msgs/srv/detail/get_config__functions.c
-- Up-to-date: /home/nvidia/f1tenth_ws/install/ouster_sensor_msgs/include/ouster_sensor_msgs/ouster_sensor_msgs/srv/detail/set_config__functions.c
-- Up-to-date: /home/nvidia/f1tenth_ws/install/ouster_sensor_msgs/include/ouster_sensor_msgs/ouster_sensor_msgs/srv/detail/get_metadata__type_support.h
-- Up-to-date: /home/nvidia/f1tenth_ws/install/ouster_sensor_msgs/include/ouster_sensor_msgs/ouster_sensor_msgs/srv/detail/set_config__struct.h
-- Up-to-date: /home/nvidia/f1tenth_ws/install/ouster_sensor_msgs/include/ouster_sensor_msgs/ouster_sensor_msgs/srv/detail/set_config__type_support.h
-- Up-to-date: /home/nvidia/f1tenth_ws/install/ouster_sensor_msgs/include/ouster_sensor_msgs/ouster_sensor_msgs/srv/detail/get_config__type_support.h
-- Up-to-date: /home/nvidia/f1tenth_ws/install/ouster_sensor_msgs/include/ouster_sensor_msgs/ouster_sensor_msgs/srv/detail/get_metadata__struct.h
-- Up-to-date: /home/nvidia/f1tenth_ws/install/ouster_sensor_msgs/include/ouster_sensor_msgs/ouster_sensor_msgs/srv/detail/get_config__struct.h
-- Up-to-date: /home/nvidia/f1tenth_ws/install/ouster_sensor_msgs/include/ouster_sensor_msgs/ouster_sensor_msgs/srv/detail/set_config__functions.h
-- Up-to-date: /home/nvidia/f1tenth_ws/install/ouster_sensor_msgs/include/ouster_sensor_msgs/ouster_sensor_msgs/srv/detail/get_config__functions.h
-- Up-to-date: /home/nvidia/f1tenth_ws/install/ouster_sensor_msgs/include/ouster_sensor_msgs/ouster_sensor_msgs/srv/detail/get_metadata__functions.c
-- Up-to-date: /home/nvidia/f1tenth_ws/install/ouster_sensor_msgs/include/ouster_sensor_msgs/ouster_sensor_msgs/srv/detail/get_metadata__functions.h
-- Up-to-date: /home/nvidia/f1tenth_ws/install/ouster_sensor_msgs/include/ouster_sensor_msgs/ouster_sensor_msgs/srv/get_config.h
-- Up-to-date: /home/nvidia/f1tenth_ws/install/ouster_sensor_msgs/include/ouster_sensor_msgs/ouster_sensor_msgs/msg
-- Up-to-date: /home/nvidia/f1tenth_ws/install/ouster_sensor_msgs/include/ouster_sensor_msgs/ouster_sensor_msgs/msg/packet_msg.h
-- Up-to-date: /home/nvidia/f1tenth_ws/install/ouster_sensor_msgs/include/ouster_sensor_msgs/ouster_sensor_msgs/msg/detail
-- Up-to-date: /home/nvidia/f1tenth_ws/install/ouster_sensor_msgs/include/ouster_sensor_msgs/ouster_sensor_msgs/msg/detail/packet_msg__type_support.h
-- Up-to-date: /home/nvidia/f1tenth_ws/install/ouster_sensor_msgs/include/ouster_sensor_msgs/ouster_sensor_msgs/msg/detail/packet_msg__struct.h
-- Up-to-date: /home/nvidia/f1tenth_ws/install/ouster_sensor_msgs/include/ouster_sensor_msgs/ouster_sensor_msgs/msg/detail/packet_msg__functions.h
-- Up-to-date: /home/nvidia/f1tenth_ws/install/ouster_sensor_msgs/include/ouster_sensor_msgs/ouster_sensor_msgs/msg/detail/packet_msg__functions.c
-- Up-to-date: /home/nvidia/f1tenth_ws/install/ouster_sensor_msgs/include/ouster_sensor_msgs/ouster_sensor_msgs/msg/rosidl_generator_c__visibility_control.h
-- Up-to-date: /home/nvidia/f1tenth_ws/install/ouster_sensor_msgs/share/ouster_sensor_msgs/environment/library_path.sh
-- Up-to-date: /home/nvidia/f1tenth_ws/install/ouster_sensor_msgs/share/ouster_sensor_msgs/environment/library_path.dsv
-- Up-to-date: /home/nvidia/f1tenth_ws/install/ouster_sensor_msgs/lib/libouster_sensor_msgs__rosidl_generator_c.so
-- Up-to-date: /home/nvidia/f1tenth_ws/install/ouster_sensor_msgs/include/ouster_sensor_msgs/ouster_sensor_msgs
-- Up-to-date: /home/nvidia/f1tenth_ws/install/ouster_sensor_msgs/include/ouster_sensor_msgs/ouster_sensor_msgs/srv
-- Up-to-date: /home/nvidia/f1tenth_ws/install/ouster_sensor_msgs/include/ouster_sensor_msgs/ouster_sensor_msgs/srv/detail
-- Up-to-date: /home/nvidia/f1tenth_ws/install/ouster_sensor_msgs/include/ouster_sensor_msgs/ouster_sensor_msgs/srv/detail/get_metadata__rosidl_typesupport_fastrtps_c.h
-- Up-to-date: /home/nvidia/f1tenth_ws/install/ouster_sensor_msgs/include/ouster_sensor_msgs/ouster_sensor_msgs/srv/detail/set_config__rosidl_typesupport_fastrtps_c.h
-- Up-to-date: /home/nvidia/f1tenth_ws/install/ouster_sensor_msgs/include/ouster_sensor_msgs/ouster_sensor_msgs/srv/detail/get_config__rosidl_typesupport_fastrtps_c.h
-- Up-to-date: /home/nvidia/f1tenth_ws/install/ouster_sensor_msgs/include/ouster_sensor_msgs/ouster_sensor_msgs/msg
-- Up-to-date: /home/nvidia/f1tenth_ws/install/ouster_sensor_msgs/include/ouster_sensor_msgs/ouster_sensor_msgs/msg/rosidl_typesupport_fastrtps_c__visibility_control.h
-- Up-to-date: /home/nvidia/f1tenth_ws/install/ouster_sensor_msgs/include/ouster_sensor_msgs/ouster_sensor_msgs/msg/detail
-- Up-to-date: /home/nvidia/f1tenth_ws/install/ouster_sensor_msgs/include/ouster_sensor_msgs/ouster_sensor_msgs/msg/detail/packet_msg__rosidl_typesupport_fastrtps_c.h
-- Up-to-date: /home/nvidia/f1tenth_ws/install/ouster_sensor_msgs/lib/libouster_sensor_msgs__rosidl_typesupport_fastrtps_c.so
-- Up-to-date: /home/nvidia/f1tenth_ws/install/ouster_sensor_msgs/include/ouster_sensor_msgs/ouster_sensor_msgs
-- Up-to-date: /home/nvidia/f1tenth_ws/install/ouster_sensor_msgs/include/ouster_sensor_msgs/ouster_sensor_msgs/srv
-- Up-to-date: /home/nvidia/f1tenth_ws/install/ouster_sensor_msgs/include/ouster_sensor_msgs/ouster_sensor_msgs/srv/detail
-- Up-to-date: /home/nvidia/f1tenth_ws/install/ouster_sensor_msgs/include/ouster_sensor_msgs/ouster_sensor_msgs/srv/detail/get_config__struct.hpp
-- Up-to-date: /home/nvidia/f1tenth_ws/install/ouster_sensor_msgs/include/ouster_sensor_msgs/ouster_sensor_msgs/srv/detail/get_config__traits.hpp
-- Up-to-date: /home/nvidia/f1tenth_ws/install/ouster_sensor_msgs/include/ouster_sensor_msgs/ouster_sensor_msgs/srv/detail/get_metadata__builder.hpp
-- Up-to-date: /home/nvidia/f1tenth_ws/install/ouster_sensor_msgs/include/ouster_sensor_msgs/ouster_sensor_msgs/srv/detail/set_config__traits.hpp
-- Up-to-date: /home/nvidia/f1tenth_ws/install/ouster_sensor_msgs/include/ouster_sensor_msgs/ouster_sensor_msgs/srv/detail/get_metadata__struct.hpp
-- Up-to-date: /home/nvidia/f1tenth_ws/install/ouster_sensor_msgs/include/ouster_sensor_msgs/ouster_sensor_msgs/srv/detail/get_config__builder.hpp
-- Up-to-date: /home/nvidia/f1tenth_ws/install/ouster_sensor_msgs/include/ouster_sensor_msgs/ouster_sensor_msgs/srv/detail/set_config__struct.hpp
-- Up-to-date: /home/nvidia/f1tenth_ws/install/ouster_sensor_msgs/include/ouster_sensor_msgs/ouster_sensor_msgs/srv/detail/get_metadata__traits.hpp
-- Up-to-date: /home/nvidia/f1tenth_ws/install/ouster_sensor_msgs/include/ouster_sensor_msgs/ouster_sensor_msgs/srv/detail/set_config__builder.hpp
-- Up-to-date: /home/nvidia/f1tenth_ws/install/ouster_sensor_msgs/include/ouster_sensor_msgs/ouster_sensor_msgs/srv/get_config.hpp
-- Up-to-date: /home/nvidia/f1tenth_ws/install/ouster_sensor_msgs/include/ouster_sensor_msgs/ouster_sensor_msgs/srv/set_config.hpp
-- Up-to-date: /home/nvidia/f1tenth_ws/install/ouster_sensor_msgs/include/ouster_sensor_msgs/ouster_sensor_msgs/srv/get_metadata.hpp
-- Up-to-date: /home/nvidia/f1tenth_ws/install/ouster_sensor_msgs/include/ouster_sensor_msgs/ouster_sensor_msgs/msg
-- Up-to-date: /home/nvidia/f1tenth_ws/install/ouster_sensor_msgs/include/ouster_sensor_msgs/ouster_sensor_msgs/msg/packet_msg.hpp
-- Up-to-date: /home/nvidia/f1tenth_ws/install/ouster_sensor_msgs/include/ouster_sensor_msgs/ouster_sensor_msgs/msg/detail
-- Up-to-date: /home/nvidia/f1tenth_ws/install/ouster_sensor_msgs/include/ouster_sensor_msgs/ouster_sensor_msgs/msg/detail/packet_msg__struct.hpp
-- Up-to-date: /home/nvidia/f1tenth_ws/install/ouster_sensor_msgs/include/ouster_sensor_msgs/ouster_sensor_msgs/msg/detail/packet_msg__builder.hpp
-- Up-to-date: /home/nvidia/f1tenth_ws/install/ouster_sensor_msgs/include/ouster_sensor_msgs/ouster_sensor_msgs/msg/detail/packet_msg__traits.hpp
-- Up-to-date: /home/nvidia/f1tenth_ws/install/ouster_sensor_msgs/include/ouster_sensor_msgs/ouster_sensor_msgs
-- Up-to-date: /home/nvidia/f1tenth_ws/install/ouster_sensor_msgs/include/ouster_sensor_msgs/ouster_sensor_msgs/srv
-- Up-to-date: /home/nvidia/f1tenth_ws/install/ouster_sensor_msgs/include/ouster_sensor_msgs/ouster_sensor_msgs/srv/detail
-- Up-to-date: /home/nvidia/f1tenth_ws/install/ouster_sensor_msgs/include/ouster_sensor_msgs/ouster_sensor_msgs/srv/detail/dds_fastrtps
-- Up-to-date: /home/nvidia/f1tenth_ws/install/ouster_sensor_msgs/include/ouster_sensor_msgs/ouster_sensor_msgs/srv/detail/get_metadata__rosidl_typesupport_fastrtps_cpp.hpp
-- Up-to-date: /home/nvidia/f1tenth_ws/install/ouster_sensor_msgs/include/ouster_sensor_msgs/ouster_sensor_msgs/srv/detail/set_config__rosidl_typesupport_fastrtps_cpp.hpp
-- Up-to-date: /home/nvidia/f1tenth_ws/install/ouster_sensor_msgs/include/ouster_sensor_msgs/ouster_sensor_msgs/srv/detail/get_config__rosidl_typesupport_fastrtps_cpp.hpp
-- Up-to-date: /home/nvidia/f1tenth_ws/install/ouster_sensor_msgs/include/ouster_sensor_msgs/ouster_sensor_msgs/msg
-- Up-to-date: /home/nvidia/f1tenth_ws/install/ouster_sensor_msgs/include/ouster_sensor_msgs/ouster_sensor_msgs/msg/rosidl_typesupport_fastrtps_cpp__visibility_control.h
-- Up-to-date: /home/nvidia/f1tenth_ws/install/ouster_sensor_msgs/include/ouster_sensor_msgs/ouster_sensor_msgs/msg/detail
-- Up-to-date: /home/nvidia/f1tenth_ws/install/ouster_sensor_msgs/include/ouster_sensor_msgs/ouster_sensor_msgs/msg/detail/packet_msg__rosidl_typesupport_fastrtps_cpp.hpp
-- Up-to-date: /home/nvidia/f1tenth_ws/install/ouster_sensor_msgs/include/ouster_sensor_msgs/ouster_sensor_msgs/msg/detail/dds_fastrtps
-- Up-to-date: /home/nvidia/f1tenth_ws/install/ouster_sensor_msgs/lib/libouster_sensor_msgs__rosidl_typesupport_fastrtps_cpp.so
-- Up-to-date: /home/nvidia/f1tenth_ws/install/ouster_sensor_msgs/include/ouster_sensor_msgs/ouster_sensor_msgs
-- Up-to-date: /home/nvidia/f1tenth_ws/install/ouster_sensor_msgs/include/ouster_sensor_msgs/ouster_sensor_msgs/srv
-- Up-to-date: /home/nvidia/f1tenth_ws/install/ouster_sensor_msgs/include/ouster_sensor_msgs/ouster_sensor_msgs/srv/detail
-- Up-to-date: /home/nvidia/f1tenth_ws/install/ouster_sensor_msgs/include/ouster_sensor_msgs/ouster_sensor_msgs/srv/detail/get_config__rosidl_typesupport_introspection_c.h
-- Up-to-date: /home/nvidia/f1tenth_ws/install/ouster_sensor_msgs/include/ouster_sensor_msgs/ouster_sensor_msgs/srv/detail/set_config__rosidl_typesupport_introspection_c.h
-- Up-to-date: /home/nvidia/f1tenth_ws/install/ouster_sensor_msgs/include/ouster_sensor_msgs/ouster_sensor_msgs/srv/detail/get_metadata__type_support.c
-- Up-to-date: /home/nvidia/f1tenth_ws/install/ouster_sensor_msgs/include/ouster_sensor_msgs/ouster_sensor_msgs/srv/detail/get_metadata__rosidl_typesupport_introspection_c.h
-- Up-to-date: /home/nvidia/f1tenth_ws/install/ouster_sensor_msgs/include/ouster_sensor_msgs/ouster_sensor_msgs/srv/detail/set_config__type_support.c
-- Up-to-date: /home/nvidia/f1tenth_ws/install/ouster_sensor_msgs/include/ouster_sensor_msgs/ouster_sensor_msgs/srv/detail/get_config__type_support.c
-- Up-to-date: /home/nvidia/f1tenth_ws/install/ouster_sensor_msgs/include/ouster_sensor_msgs/ouster_sensor_msgs/msg
-- Up-to-date: /home/nvidia/f1tenth_ws/install/ouster_sensor_msgs/include/ouster_sensor_msgs/ouster_sensor_msgs/msg/detail
-- Up-to-date: /home/nvidia/f1tenth_ws/install/ouster_sensor_msgs/include/ouster_sensor_msgs/ouster_sensor_msgs/msg/detail/packet_msg__type_support.c
-- Up-to-date: /home/nvidia/f1tenth_ws/install/ouster_sensor_msgs/include/ouster_sensor_msgs/ouster_sensor_msgs/msg/detail/packet_msg__rosidl_typesupport_introspection_c.h
-- Up-to-date: /home/nvidia/f1tenth_ws/install/ouster_sensor_msgs/include/ouster_sensor_msgs/ouster_sensor_msgs/msg/rosidl_typesupport_introspection_c__visibility_control.h
-- Up-to-date: /home/nvidia/f1tenth_ws/install/ouster_sensor_msgs/lib/libouster_sensor_msgs__rosidl_typesupport_introspection_c.so
-- Up-to-date: /home/nvidia/f1tenth_ws/install/ouster_sensor_msgs/lib/libouster_sensor_msgs__rosidl_typesupport_c.so
-- Up-to-date: /home/nvidia/f1tenth_ws/install/ouster_sensor_msgs/include/ouster_sensor_msgs/ouster_sensor_msgs
-- Up-to-date: /home/nvidia/f1tenth_ws/install/ouster_sensor_msgs/include/ouster_sensor_msgs/ouster_sensor_msgs/srv
-- Up-to-date: /home/nvidia/f1tenth_ws/install/ouster_sensor_msgs/include/ouster_sensor_msgs/ouster_sensor_msgs/srv/detail
-- Up-to-date: /home/nvidia/f1tenth_ws/install/ouster_sensor_msgs/include/ouster_sensor_msgs/ouster_sensor_msgs/srv/detail/get_metadata__rosidl_typesupport_introspection_cpp.hpp
-- Up-to-date: /home/nvidia/f1tenth_ws/install/ouster_sensor_msgs/include/ouster_sensor_msgs/ouster_sensor_msgs/srv/detail/get_config__rosidl_typesupport_introspection_cpp.hpp
-- Up-to-date: /home/nvidia/f1tenth_ws/install/ouster_sensor_msgs/include/ouster_sensor_msgs/ouster_sensor_msgs/srv/detail/set_config__rosidl_typesupport_introspection_cpp.hpp
-- Up-to-date: /home/nvidia/f1tenth_ws/install/ouster_sensor_msgs/include/ouster_sensor_msgs/ouster_sensor_msgs/srv/detail/set_config__type_support.cpp
-- Up-to-date: /home/nvidia/f1tenth_ws/install/ouster_sensor_msgs/include/ouster_sensor_msgs/ouster_sensor_msgs/srv/detail/get_config__type_support.cpp
-- Up-to-date: /home/nvidia/f1tenth_ws/install/ouster_sensor_msgs/include/ouster_sensor_msgs/ouster_sensor_msgs/srv/detail/get_metadata__type_support.cpp
-- Up-to-date: /home/nvidia/f1tenth_ws/install/ouster_sensor_msgs/include/ouster_sensor_msgs/ouster_sensor_msgs/msg
-- Up-to-date: /home/nvidia/f1tenth_ws/install/ouster_sensor_msgs/include/ouster_sensor_msgs/ouster_sensor_msgs/msg/detail
-- Up-to-date: /home/nvidia/f1tenth_ws/install/ouster_sensor_msgs/include/ouster_sensor_msgs/ouster_sensor_msgs/msg/detail/packet_msg__type_support.cpp
-- Up-to-date: /home/nvidia/f1tenth_ws/install/ouster_sensor_msgs/include/ouster_sensor_msgs/ouster_sensor_msgs/msg/detail/packet_msg__rosidl_typesupport_introspection_cpp.hpp
-- Up-to-date: /home/nvidia/f1tenth_ws/install/ouster_sensor_msgs/lib/libouster_sensor_msgs__rosidl_typesupport_introspection_cpp.so
-- Up-to-date: /home/nvidia/f1tenth_ws/install/ouster_sensor_msgs/lib/libouster_sensor_msgs__rosidl_typesupport_cpp.so
-- Up-to-date: /home/nvidia/f1tenth_ws/install/ouster_sensor_msgs/share/ouster_sensor_msgs/environment/pythonpath.sh
-- Up-to-date: /home/nvidia/f1tenth_ws/install/ouster_sensor_msgs/share/ouster_sensor_msgs/environment/pythonpath.dsv
-- Up-to-date: /home/nvidia/f1tenth_ws/install/ouster_sensor_msgs/local/lib/python3.10/dist-packages/ouster_sensor_msgs-0.12.2-py3.10.egg-info
-- Installing: /home/nvidia/f1tenth_ws/install/ouster_sensor_msgs/local/lib/python3.10/dist-packages/ouster_sensor_msgs-0.12.2-py3.10.egg-info/dependency_links.txt
-- Installing: /home/nvidia/f1tenth_ws/install/ouster_sensor_msgs/local/lib/python3.10/dist-packages/ouster_sensor_msgs-0.12.2-py3.10.egg-info/PKG-INFO
-- Installing: /home/nvidia/f1tenth_ws/install/ouster_sensor_msgs/local/lib/python3.10/dist-packages/ouster_sensor_msgs-0.12.2-py3.10.egg-info/SOURCES.txt
-- Installing: /home/nvidia/f1tenth_ws/install/ouster_sensor_msgs/local/lib/python3.10/dist-packages/ouster_sensor_msgs-0.12.2-py3.10.egg-info/top_level.txt
-- Up-to-date: /home/nvidia/f1tenth_ws/install/ouster_sensor_msgs/local/lib/python3.10/dist-packages/ouster_sensor_msgs
-- Up-to-date: /home/nvidia/f1tenth_ws/install/ouster_sensor_msgs/local/lib/python3.10/dist-packages/ouster_sensor_msgs/srv
-- Up-to-date: /home/nvidia/f1tenth_ws/install/ouster_sensor_msgs/local/lib/python3.10/dist-packages/ouster_sensor_msgs/srv/_set_config_s.c
-- Up-to-date: /home/nvidia/f1tenth_ws/install/ouster_sensor_msgs/local/lib/python3.10/dist-packages/ouster_sensor_msgs/srv/_get_config_s.c
-- Up-to-date: /home/nvidia/f1tenth_ws/install/ouster_sensor_msgs/local/lib/python3.10/dist-packages/ouster_sensor_msgs/srv/_get_config.py
-- Up-to-date: /home/nvidia/f1tenth_ws/install/ouster_sensor_msgs/local/lib/python3.10/dist-packages/ouster_sensor_msgs/srv/_set_config.py
-- Up-to-date: /home/nvidia/f1tenth_ws/install/ouster_sensor_msgs/local/lib/python3.10/dist-packages/ouster_sensor_msgs/srv/__init__.py
-- Up-to-date: /home/nvidia/f1tenth_ws/install/ouster_sensor_msgs/local/lib/python3.10/dist-packages/ouster_sensor_msgs/srv/_get_metadata_s.c
-- Up-to-date: /home/nvidia/f1tenth_ws/install/ouster_sensor_msgs/local/lib/python3.10/dist-packages/ouster_sensor_msgs/srv/_get_metadata.py
-- Up-to-date: /home/nvidia/f1tenth_ws/install/ouster_sensor_msgs/local/lib/python3.10/dist-packages/ouster_sensor_msgs/_ouster_sensor_msgs_s.ep.rosidl_typesupport_introspection_c.c
-- Up-to-date: /home/nvidia/f1tenth_ws/install/ouster_sensor_msgs/local/lib/python3.10/dist-packages/ouster_sensor_msgs/__init__.py
-- Up-to-date: /home/nvidia/f1tenth_ws/install/ouster_sensor_msgs/local/lib/python3.10/dist-packages/ouster_sensor_msgs/ouster_sensor_msgs_s__rosidl_typesupport_c.cpython-310-aarch64-linux-gnu.so
-- Up-to-date: /home/nvidia/f1tenth_ws/install/ouster_sensor_msgs/local/lib/python3.10/dist-packages/ouster_sensor_msgs/_ouster_sensor_msgs_s.ep.rosidl_typesupport_c.c
-- Up-to-date: /home/nvidia/f1tenth_ws/install/ouster_sensor_msgs/local/lib/python3.10/dist-packages/ouster_sensor_msgs/ouster_sensor_msgs_s__rosidl_typesupport_introspection_c.cpython-310-aarch64-linux-gnu.so
-- Up-to-date: /home/nvidia/f1tenth_ws/install/ouster_sensor_msgs/local/lib/python3.10/dist-packages/ouster_sensor_msgs/msg
-- Up-to-date: /home/nvidia/f1tenth_ws/install/ouster_sensor_msgs/local/lib/python3.10/dist-packages/ouster_sensor_msgs/msg/_packet_msg.py
-- Up-to-date: /home/nvidia/f1tenth_ws/install/ouster_sensor_msgs/local/lib/python3.10/dist-packages/ouster_sensor_msgs/msg/__init__.py
-- Up-to-date: /home/nvidia/f1tenth_ws/install/ouster_sensor_msgs/local/lib/python3.10/dist-packages/ouster_sensor_msgs/msg/_packet_msg_s.c
-- Up-to-date: /home/nvidia/f1tenth_ws/install/ouster_sensor_msgs/local/lib/python3.10/dist-packages/ouster_sensor_msgs/ouster_sensor_msgs_s__rosidl_typesupport_fastrtps_c.cpython-310-aarch64-linux-gnu.so
-- Up-to-date: /home/nvidia/f1tenth_ws/install/ouster_sensor_msgs/local/lib/python3.10/dist-packages/ouster_sensor_msgs/_ouster_sensor_msgs_s.ep.rosidl_typesupport_fastrtps_c.c
-- Up-to-date: /home/nvidia/f1tenth_ws/install/ouster_sensor_msgs/local/lib/python3.10/dist-packages/ouster_sensor_msgs/libouster_sensor_msgs__rosidl_generator_py.so
Listing '/home/nvidia/f1tenth_ws/install/ouster_sensor_msgs/local/lib/python3.10/dist-packages/ouster_sensor_msgs'...
Listing '/home/nvidia/f1tenth_ws/install/ouster_sensor_msgs/local/lib/python3.10/dist-packages/ouster_sensor_msgs/msg'...
Listing '/home/nvidia/f1tenth_ws/install/ouster_sensor_msgs/local/lib/python3.10/dist-packages/ouster_sensor_msgs/srv'...
-- Up-to-date: /home/nvidia/f1tenth_ws/install/ouster_sensor_msgs/local/lib/python3.10/dist-packages/ouster_sensor_msgs/ouster_sensor_msgs_s__rosidl_typesupport_fastrtps_c.cpython-310-aarch64-linux-gnu.so
-- Up-to-date: /home/nvidia/f1tenth_ws/install/ouster_sensor_msgs/local/lib/python3.10/dist-packages/ouster_sensor_msgs/ouster_sensor_msgs_s__rosidl_typesupport_introspection_c.cpython-310-aarch64-linux-gnu.so
-- Up-to-date: /home/nvidia/f1tenth_ws/install/ouster_sensor_msgs/local/lib/python3.10/dist-packages/ouster_sensor_msgs/ouster_sensor_msgs_s__rosidl_typesupport_c.cpython-310-aarch64-linux-gnu.so
-- Up-to-date: /home/nvidia/f1tenth_ws/install/ouster_sensor_msgs/lib/libouster_sensor_msgs__rosidl_generator_py.so
-- Up-to-date: /home/nvidia/f1tenth_ws/install/ouster_sensor_msgs/share/ouster_sensor_msgs/msg/PacketMsg.idl
-- Up-to-date: /home/nvidia/f1tenth_ws/install/ouster_sensor_msgs/share/ouster_sensor_msgs/srv/GetConfig.idl
-- Up-to-date: /home/nvidia/f1tenth_ws/install/ouster_sensor_msgs/share/ouster_sensor_msgs/srv/SetConfig.idl
-- Up-to-date: /home/nvidia/f1tenth_ws/install/ouster_sensor_msgs/share/ouster_sensor_msgs/srv/GetMetadata.idl
-- Up-to-date: /home/nvidia/f1tenth_ws/install/ouster_sensor_msgs/share/ouster_sensor_msgs/msg/PacketMsg.msg
-- Up-to-date: /home/nvidia/f1tenth_ws/install/ouster_sensor_msgs/share/ouster_sensor_msgs/srv/GetConfig.srv
-- Up-to-date: /home/nvidia/f1tenth_ws/install/ouster_sensor_msgs/share/ouster_sensor_msgs/srv/GetConfig_Request.msg
-- Up-to-date: /home/nvidia/f1tenth_ws/install/ouster_sensor_msgs/share/ouster_sensor_msgs/srv/GetConfig_Response.msg
-- Up-to-date: /home/nvidia/f1tenth_ws/install/ouster_sensor_msgs/share/ouster_sensor_msgs/srv/SetConfig.srv
-- Up-to-date: /home/nvidia/f1tenth_ws/install/ouster_sensor_msgs/share/ouster_sensor_msgs/srv/SetConfig_Request.msg
-- Up-to-date: /home/nvidia/f1tenth_ws/install/ouster_sensor_msgs/share/ouster_sensor_msgs/srv/SetConfig_Response.msg
-- Up-to-date: /home/nvidia/f1tenth_ws/install/ouster_sensor_msgs/share/ouster_sensor_msgs/srv/GetMetadata.srv
-- Up-to-date: /home/nvidia/f1tenth_ws/install/ouster_sensor_msgs/share/ouster_sensor_msgs/srv/GetMetadata_Request.msg
-- Up-to-date: /home/nvidia/f1tenth_ws/install/ouster_sensor_msgs/share/ouster_sensor_msgs/srv/GetMetadata_Response.msg
-- Up-to-date: /home/nvidia/f1tenth_ws/install/ouster_sensor_msgs/share/ament_index/resource_index/package_run_dependencies/ouster_sensor_msgs
-- Up-to-date: /home/nvidia/f1tenth_ws/install/ouster_sensor_msgs/share/ament_index/resource_index/parent_prefix_path/ouster_sensor_msgs
-- Up-to-date: /home/nvidia/f1tenth_ws/install/ouster_sensor_msgs/share/ouster_sensor_msgs/environment/ament_prefix_path.sh
-- Up-to-date: /home/nvidia/f1tenth_ws/install/ouster_sensor_msgs/share/ouster_sensor_msgs/environment/ament_prefix_path.dsv
-- Up-to-date: /home/nvidia/f1tenth_ws/install/ouster_sensor_msgs/share/ouster_sensor_msgs/environment/path.sh
-- Up-to-date: /home/nvidia/f1tenth_ws/install/ouster_sensor_msgs/share/ouster_sensor_msgs/environment/path.dsv
-- Up-to-date: /home/nvidia/f1tenth_ws/install/ouster_sensor_msgs/share/ouster_sensor_msgs/local_setup.bash
-- Up-to-date: /home/nvidia/f1tenth_ws/install/ouster_sensor_msgs/share/ouster_sensor_msgs/local_setup.sh
-- Up-to-date: /home/nvidia/f1tenth_ws/install/ouster_sensor_msgs/share/ouster_sensor_msgs/local_setup.zsh
-- Up-to-date: /home/nvidia/f1tenth_ws/install/ouster_sensor_msgs/share/ouster_sensor_msgs/local_setup.dsv
-- Installing: /home/nvidia/f1tenth_ws/install/ouster_sensor_msgs/share/ouster_sensor_msgs/package.dsv
-- Up-to-date: /home/nvidia/f1tenth_ws/install/ouster_sensor_msgs/share/ament_index/resource_index/packages/ouster_sensor_msgs
-- Up-to-date: /home/nvidia/f1tenth_ws/install/ouster_sensor_msgs/share/ouster_sensor_msgs/cmake/export_ouster_sensor_msgs__rosidl_generator_cExport.cmake
-- Up-to-date: /home/nvidia/f1tenth_ws/install/ouster_sensor_msgs/share/ouster_sensor_msgs/cmake/export_ouster_sensor_msgs__rosidl_generator_cExport-noconfig.cmake
-- Up-to-date: /home/nvidia/f1tenth_ws/install/ouster_sensor_msgs/share/ouster_sensor_msgs/cmake/export_ouster_sensor_msgs__rosidl_typesupport_fastrtps_cExport.cmake
-- Up-to-date: /home/nvidia/f1tenth_ws/install/ouster_sensor_msgs/share/ouster_sensor_msgs/cmake/export_ouster_sensor_msgs__rosidl_typesupport_fastrtps_cExport-noconfig.cmake
-- Up-to-date: /home/nvidia/f1tenth_ws/install/ouster_sensor_msgs/share/ouster_sensor_msgs/cmake/export_ouster_sensor_msgs__rosidl_generator_cppExport.cmake
-- Up-to-date: /home/nvidia/f1tenth_ws/install/ouster_sensor_msgs/share/ouster_sensor_msgs/cmake/export_ouster_sensor_msgs__rosidl_typesupport_fastrtps_cppExport.cmake
-- Up-to-date: /home/nvidia/f1tenth_ws/install/ouster_sensor_msgs/share/ouster_sensor_msgs/cmake/export_ouster_sensor_msgs__rosidl_typesupport_fastrtps_cppExport-noconfig.cmake
-- Up-to-date: /home/nvidia/f1tenth_ws/install/ouster_sensor_msgs/share/ouster_sensor_msgs/cmake/ouster_sensor_msgs__rosidl_typesupport_introspection_cExport.cmake
-- Up-to-date: /home/nvidia/f1tenth_ws/install/ouster_sensor_msgs/share/ouster_sensor_msgs/cmake/ouster_sensor_msgs__rosidl_typesupport_introspection_cExport-noconfig.cmake
-- Up-to-date: /home/nvidia/f1tenth_ws/install/ouster_sensor_msgs/share/ouster_sensor_msgs/cmake/ouster_sensor_msgs__rosidl_typesupport_cExport.cmake
-- Up-to-date: /home/nvidia/f1tenth_ws/install/ouster_sensor_msgs/share/ouster_sensor_msgs/cmake/ouster_sensor_msgs__rosidl_typesupport_cExport-noconfig.cmake
-- Up-to-date: /home/nvidia/f1tenth_ws/install/ouster_sensor_msgs/share/ouster_sensor_msgs/cmake/ouster_sensor_msgs__rosidl_typesupport_introspection_cppExport.cmake
-- Up-to-date: /home/nvidia/f1tenth_ws/install/ouster_sensor_msgs/share/ouster_sensor_msgs/cmake/ouster_sensor_msgs__rosidl_typesupport_introspection_cppExport-noconfig.cmake
-- Up-to-date: /home/nvidia/f1tenth_ws/install/ouster_sensor_msgs/share/ouster_sensor_msgs/cmake/ouster_sensor_msgs__rosidl_typesupport_cppExport.cmake
-- Up-to-date: /home/nvidia/f1tenth_ws/install/ouster_sensor_msgs/share/ouster_sensor_msgs/cmake/ouster_sensor_msgs__rosidl_typesupport_cppExport-noconfig.cmake
-- Up-to-date: /home/nvidia/f1tenth_ws/install/ouster_sensor_msgs/share/ouster_sensor_msgs/cmake/export_ouster_sensor_msgs__rosidl_generator_pyExport.cmake
-- Up-to-date: /home/nvidia/f1tenth_ws/install/ouster_sensor_msgs/share/ouster_sensor_msgs/cmake/export_ouster_sensor_msgs__rosidl_generator_pyExport-noconfig.cmake
-- Up-to-date: /home/nvidia/f1tenth_ws/install/ouster_sensor_msgs/share/ouster_sensor_msgs/cmake/rosidl_cmake-extras.cmake
-- Up-to-date: /home/nvidia/f1tenth_ws/install/ouster_sensor_msgs/share/ouster_sensor_msgs/cmake/ament_cmake_export_dependencies-extras.cmake
-- Up-to-date: /home/nvidia/f1tenth_ws/install/ouster_sensor_msgs/share/ouster_sensor_msgs/cmake/ament_cmake_export_include_directories-extras.cmake
-- Up-to-date: /home/nvidia/f1tenth_ws/install/ouster_sensor_msgs/share/ouster_sensor_msgs/cmake/ament_cmake_export_libraries-extras.cmake
-- Up-to-date: /home/nvidia/f1tenth_ws/install/ouster_sensor_msgs/share/ouster_sensor_msgs/cmake/ament_cmake_export_targets-extras.cmake
-- Up-to-date: /home/nvidia/f1tenth_ws/install/ouster_sensor_msgs/share/ouster_sensor_msgs/cmake/rosidl_cmake_export_typesupport_targets-extras.cmake
-- Up-to-date: /home/nvidia/f1tenth_ws/install/ouster_sensor_msgs/share/ouster_sensor_msgs/cmake/rosidl_cmake_export_typesupport_libraries-extras.cmake
-- Up-to-date: /home/nvidia/f1tenth_ws/install/ouster_sensor_msgs/share/ouster_sensor_msgs/cmake/ouster_sensor_msgsConfig.cmake
-- Up-to-date: /home/nvidia/f1tenth_ws/install/ouster_sensor_msgs/share/ouster_sensor_msgs/cmake/ouster_sensor_msgsConfig-version.cmake
-- Up-to-date: /home/nvidia/f1tenth_ws/install/ouster_sensor_msgs/share/ouster_sensor_msgs/package.xml
