[0.057s] Invoking command in '/home/nvidia/f1tenth_ws/build/ouster_sensor_msgs': CMAKE_PREFIX_PATH=${CMAKE_PREFIX_PATH}:/home/nvidia/f1tenth_ws/install/f1tenth_stack:/home/nvidia/f1tenth_ws/install/joy_teleop:/home/nvidia/f1tenth_ws/install/mouse_teleop:/home/nvidia/f1tenth_ws/install/key_teleop:/opt/ros/humble /usr/bin/cmake --build /home/nvidia/f1tenth_ws/build/ouster_sensor_msgs -- -j6 -l6
[0.217s] [  1%] Built target ouster_sensor_msgs__cpp
[0.235s] [ 12%] Built target ouster_sensor_msgs__rosidl_generator_c
[0.248s] [ 12%] Built target ament_cmake_python_copy_ouster_sensor_msgs
[0.330s] [ 23%] Built target ouster_sensor_msgs__rosidl_typesupport_cpp
[0.383s] [ 34%] Built target ouster_sensor_msgs__rosidl_typesupport_fastrtps_cpp
[0.386s] [ 45%] Built target ouster_sensor_msgs__rosidl_typesupport_introspection_cpp
[0.395s] [ 56%] Built target ouster_sensor_msgs__rosidl_typesupport_fastrtps_c
[0.415s] [ 67%] Built target ouster_sensor_msgs__rosidl_typesupport_introspection_c
[0.422s] [ 78%] Built target ouster_sensor_msgs__rosidl_typesupport_c
[0.488s] [ 78%] Built target ouster_sensor_msgs
[0.588s] [ 80%] Built target ouster_sensor_msgs__py
[0.666s] [ 89%] Built target ouster_sensor_msgs__rosidl_generator_py
[0.753s] [ 92%] Built target ouster_sensor_msgs__rosidl_typesupport_fastrtps_c__pyext
[0.790s] [ 96%] Built target ouster_sensor_msgs__rosidl_typesupport_introspection_c__pyext
[0.793s] [100%] Built target ouster_sensor_msgs__rosidl_typesupport_c__pyext
[1.120s] running egg_info
[1.120s] writing ouster_sensor_msgs.egg-info/PKG-INFO
[1.121s] writing dependency_links to ouster_sensor_msgs.egg-info/dependency_links.txt
[1.121s] writing top-level names to ouster_sensor_msgs.egg-info/top_level.txt
[1.122s] reading manifest file 'ouster_sensor_msgs.egg-info/SOURCES.txt'
[1.122s] writing manifest file 'ouster_sensor_msgs.egg-info/SOURCES.txt'
[1.199s] [100%] Built target ament_cmake_python_build_ouster_sensor_msgs_egg
[1.827s] Invoked command in '/home/nvidia/f1tenth_ws/build/ouster_sensor_msgs' returned '0': CMAKE_PREFIX_PATH=${CMAKE_PREFIX_PATH}:/home/nvidia/f1tenth_ws/install/f1tenth_stack:/home/nvidia/f1tenth_ws/install/joy_teleop:/home/nvidia/f1tenth_ws/install/mouse_teleop:/home/nvidia/f1tenth_ws/install/key_teleop:/opt/ros/humble /usr/bin/cmake --build /home/nvidia/f1tenth_ws/build/ouster_sensor_msgs -- -j6 -l6
[2.710s] Invoking command in '/home/nvidia/f1tenth_ws/build/ouster_sensor_msgs': CMAKE_PREFIX_PATH=${CMAKE_PREFIX_PATH}:/home/nvidia/f1tenth_ws/install/f1tenth_stack:/home/nvidia/f1tenth_ws/install/joy_teleop:/home/nvidia/f1tenth_ws/install/mouse_teleop:/home/nvidia/f1tenth_ws/install/key_teleop:/opt/ros/humble /usr/bin/cmake --install /home/nvidia/f1tenth_ws/build/ouster_sensor_msgs
[2.729s] -- Install configuration: ""
[2.729s] -- Up-to-date: /home/nvidia/f1tenth_ws/install/ouster_sensor_msgs/share/ament_index/resource_index/rosidl_interfaces/ouster_sensor_msgs
[2.730s] -- Up-to-date: /home/nvidia/f1tenth_ws/install/ouster_sensor_msgs/include/ouster_sensor_msgs/ouster_sensor_msgs
[2.730s] -- Up-to-date: /home/nvidia/f1tenth_ws/install/ouster_sensor_msgs/include/ouster_sensor_msgs/ouster_sensor_msgs/srv
[2.730s] -- Up-to-date: /home/nvidia/f1tenth_ws/install/ouster_sensor_msgs/include/ouster_sensor_msgs/ouster_sensor_msgs/srv/get_metadata.h
[2.730s] -- Up-to-date: /home/nvidia/f1tenth_ws/install/ouster_sensor_msgs/include/ouster_sensor_msgs/ouster_sensor_msgs/srv/set_config.h
[2.730s] -- Up-to-date: /home/nvidia/f1tenth_ws/install/ouster_sensor_msgs/include/ouster_sensor_msgs/ouster_sensor_msgs/srv/detail
[2.731s] -- Up-to-date: /home/nvidia/f1tenth_ws/install/ouster_sensor_msgs/include/ouster_sensor_msgs/ouster_sensor_msgs/srv/detail/get_config__functions.c
[2.731s] -- Up-to-date: /home/nvidia/f1tenth_ws/install/ouster_sensor_msgs/include/ouster_sensor_msgs/ouster_sensor_msgs/srv/detail/set_config__functions.c
[2.731s] -- Up-to-date: /home/nvidia/f1tenth_ws/install/ouster_sensor_msgs/include/ouster_sensor_msgs/ouster_sensor_msgs/srv/detail/get_metadata__type_support.h
[2.731s] -- Up-to-date: /home/nvidia/f1tenth_ws/install/ouster_sensor_msgs/include/ouster_sensor_msgs/ouster_sensor_msgs/srv/detail/set_config__struct.h
[2.732s] -- Up-to-date: /home/nvidia/f1tenth_ws/install/ouster_sensor_msgs/include/ouster_sensor_msgs/ouster_sensor_msgs/srv/detail/set_config__type_support.h
[2.732s] -- Up-to-date: /home/nvidia/f1tenth_ws/install/ouster_sensor_msgs/include/ouster_sensor_msgs/ouster_sensor_msgs/srv/detail/get_config__type_support.h
[2.732s] -- Up-to-date: /home/nvidia/f1tenth_ws/install/ouster_sensor_msgs/include/ouster_sensor_msgs/ouster_sensor_msgs/srv/detail/get_metadata__struct.h
[2.732s] -- Up-to-date: /home/nvidia/f1tenth_ws/install/ouster_sensor_msgs/include/ouster_sensor_msgs/ouster_sensor_msgs/srv/detail/get_config__struct.h
[2.732s] -- Up-to-date: /home/nvidia/f1tenth_ws/install/ouster_sensor_msgs/include/ouster_sensor_msgs/ouster_sensor_msgs/srv/detail/set_config__functions.h
[2.733s] -- Up-to-date: /home/nvidia/f1tenth_ws/install/ouster_sensor_msgs/include/ouster_sensor_msgs/ouster_sensor_msgs/srv/detail/get_config__functions.h
[2.734s] -- Up-to-date: /home/nvidia/f1tenth_ws/install/ouster_sensor_msgs/include/ouster_sensor_msgs/ouster_sensor_msgs/srv/detail/get_metadata__functions.c
[2.735s] -- Up-to-date: /home/nvidia/f1tenth_ws/install/ouster_sensor_msgs/include/ouster_sensor_msgs/ouster_sensor_msgs/srv/detail/get_metadata__functions.h
[2.736s] -- Up-to-date: /home/nvidia/f1tenth_ws/install/ouster_sensor_msgs/include/ouster_sensor_msgs/ouster_sensor_msgs/srv/get_config.h
[2.737s] -- Up-to-date: /home/nvidia/f1tenth_ws/install/ouster_sensor_msgs/include/ouster_sensor_msgs/ouster_sensor_msgs/msg
[2.738s] -- Up-to-date: /home/nvidia/f1tenth_ws/install/ouster_sensor_msgs/include/ouster_sensor_msgs/ouster_sensor_msgs/msg/packet_msg.h
[2.738s] -- Up-to-date: /home/nvidia/f1tenth_ws/install/ouster_sensor_msgs/include/ouster_sensor_msgs/ouster_sensor_msgs/msg/detail
[2.740s] -- Up-to-date: /home/nvidia/f1tenth_ws/install/ouster_sensor_msgs/include/ouster_sensor_msgs/ouster_sensor_msgs/msg/detail/packet_msg__type_support.h
[2.743s] -- Up-to-date: /home/nvidia/f1tenth_ws/install/ouster_sensor_msgs/include/ouster_sensor_msgs/ouster_sensor_msgs/msg/detail/packet_msg__struct.h
[2.743s] -- Up-to-date: /home/nvidia/f1tenth_ws/install/ouster_sensor_msgs/include/ouster_sensor_msgs/ouster_sensor_msgs/msg/detail/packet_msg__functions.h
[2.744s] -- Up-to-date: /home/nvidia/f1tenth_ws/install/ouster_sensor_msgs/include/ouster_sensor_msgs/ouster_sensor_msgs/msg/detail/packet_msg__functions.c
[2.744s] -- Up-to-date: /home/nvidia/f1tenth_ws/install/ouster_sensor_msgs/include/ouster_sensor_msgs/ouster_sensor_msgs/msg/rosidl_generator_c__visibility_control.h
[2.744s] -- Up-to-date: /home/nvidia/f1tenth_ws/install/ouster_sensor_msgs/share/ouster_sensor_msgs/environment/library_path.sh
[2.745s] -- Up-to-date: /home/nvidia/f1tenth_ws/install/ouster_sensor_msgs/share/ouster_sensor_msgs/environment/library_path.dsv
[2.745s] -- Up-to-date: /home/nvidia/f1tenth_ws/install/ouster_sensor_msgs/lib/libouster_sensor_msgs__rosidl_generator_c.so
[2.745s] -- Up-to-date: /home/nvidia/f1tenth_ws/install/ouster_sensor_msgs/include/ouster_sensor_msgs/ouster_sensor_msgs
[2.745s] -- Up-to-date: /home/nvidia/f1tenth_ws/install/ouster_sensor_msgs/include/ouster_sensor_msgs/ouster_sensor_msgs/srv
[2.746s] -- Up-to-date: /home/nvidia/f1tenth_ws/install/ouster_sensor_msgs/include/ouster_sensor_msgs/ouster_sensor_msgs/srv/detail
[2.748s] -- Up-to-date: /home/nvidia/f1tenth_ws/install/ouster_sensor_msgs/include/ouster_sensor_msgs/ouster_sensor_msgs/srv/detail/get_metadata__rosidl_typesupport_fastrtps_c.h
[2.748s] -- Up-to-date: /home/nvidia/f1tenth_ws/install/ouster_sensor_msgs/include/ouster_sensor_msgs/ouster_sensor_msgs/srv/detail/set_config__rosidl_typesupport_fastrtps_c.h
[2.748s] -- Up-to-date: /home/nvidia/f1tenth_ws/install/ouster_sensor_msgs/include/ouster_sensor_msgs/ouster_sensor_msgs/srv/detail/get_config__rosidl_typesupport_fastrtps_c.h
[2.749s] -- Up-to-date: /home/nvidia/f1tenth_ws/install/ouster_sensor_msgs/include/ouster_sensor_msgs/ouster_sensor_msgs/msg
[2.749s] -- Up-to-date: /home/nvidia/f1tenth_ws/install/ouster_sensor_msgs/include/ouster_sensor_msgs/ouster_sensor_msgs/msg/rosidl_typesupport_fastrtps_c__visibility_control.h
[2.749s] -- Up-to-date: /home/nvidia/f1tenth_ws/install/ouster_sensor_msgs/include/ouster_sensor_msgs/ouster_sensor_msgs/msg/detail
[2.749s] -- Up-to-date: /home/nvidia/f1tenth_ws/install/ouster_sensor_msgs/include/ouster_sensor_msgs/ouster_sensor_msgs/msg/detail/packet_msg__rosidl_typesupport_fastrtps_c.h
[2.749s] -- Up-to-date: /home/nvidia/f1tenth_ws/install/ouster_sensor_msgs/lib/libouster_sensor_msgs__rosidl_typesupport_fastrtps_c.so
[2.749s] -- Up-to-date: /home/nvidia/f1tenth_ws/install/ouster_sensor_msgs/include/ouster_sensor_msgs/ouster_sensor_msgs
[2.750s] -- Up-to-date: /home/nvidia/f1tenth_ws/install/ouster_sensor_msgs/include/ouster_sensor_msgs/ouster_sensor_msgs/srv
[2.750s] -- Up-to-date: /home/nvidia/f1tenth_ws/install/ouster_sensor_msgs/include/ouster_sensor_msgs/ouster_sensor_msgs/srv/detail
[2.750s] -- Up-to-date: /home/nvidia/f1tenth_ws/install/ouster_sensor_msgs/include/ouster_sensor_msgs/ouster_sensor_msgs/srv/detail/get_config__struct.hpp
[2.750s] -- Up-to-date: /home/nvidia/f1tenth_ws/install/ouster_sensor_msgs/include/ouster_sensor_msgs/ouster_sensor_msgs/srv/detail/get_config__traits.hpp
[2.750s] -- Up-to-date: /home/nvidia/f1tenth_ws/install/ouster_sensor_msgs/include/ouster_sensor_msgs/ouster_sensor_msgs/srv/detail/get_metadata__builder.hpp
[2.750s] -- Up-to-date: /home/nvidia/f1tenth_ws/install/ouster_sensor_msgs/include/ouster_sensor_msgs/ouster_sensor_msgs/srv/detail/set_config__traits.hpp
[2.751s] -- Up-to-date: /home/nvidia/f1tenth_ws/install/ouster_sensor_msgs/include/ouster_sensor_msgs/ouster_sensor_msgs/srv/detail/get_metadata__struct.hpp
[2.751s] -- Up-to-date: /home/nvidia/f1tenth_ws/install/ouster_sensor_msgs/include/ouster_sensor_msgs/ouster_sensor_msgs/srv/detail/get_config__builder.hpp
[2.751s] -- Up-to-date: /home/nvidia/f1tenth_ws/install/ouster_sensor_msgs/include/ouster_sensor_msgs/ouster_sensor_msgs/srv/detail/set_config__struct.hpp
[2.751s] -- Up-to-date: /home/nvidia/f1tenth_ws/install/ouster_sensor_msgs/include/ouster_sensor_msgs/ouster_sensor_msgs/srv/detail/get_metadata__traits.hpp
[2.751s] -- Up-to-date: /home/nvidia/f1tenth_ws/install/ouster_sensor_msgs/include/ouster_sensor_msgs/ouster_sensor_msgs/srv/detail/set_config__builder.hpp
[2.751s] -- Up-to-date: /home/nvidia/f1tenth_ws/install/ouster_sensor_msgs/include/ouster_sensor_msgs/ouster_sensor_msgs/srv/get_config.hpp
[2.759s] -- Up-to-date: /home/nvidia/f1tenth_ws/install/ouster_sensor_msgs/include/ouster_sensor_msgs/ouster_sensor_msgs/srv/set_config.hpp
[2.759s] -- Up-to-date: /home/nvidia/f1tenth_ws/install/ouster_sensor_msgs/include/ouster_sensor_msgs/ouster_sensor_msgs/srv/get_metadata.hpp
[2.759s] -- Up-to-date: /home/nvidia/f1tenth_ws/install/ouster_sensor_msgs/include/ouster_sensor_msgs/ouster_sensor_msgs/msg
[2.760s] -- Up-to-date: /home/nvidia/f1tenth_ws/install/ouster_sensor_msgs/include/ouster_sensor_msgs/ouster_sensor_msgs/msg/packet_msg.hpp
[2.763s] -- Up-to-date: /home/nvidia/f1tenth_ws/install/ouster_sensor_msgs/include/ouster_sensor_msgs/ouster_sensor_msgs/msg/detail
[2.763s] -- Up-to-date: /home/nvidia/f1tenth_ws/install/ouster_sensor_msgs/include/ouster_sensor_msgs/ouster_sensor_msgs/msg/detail/packet_msg__struct.hpp
[2.763s] -- Up-to-date: /home/nvidia/f1tenth_ws/install/ouster_sensor_msgs/include/ouster_sensor_msgs/ouster_sensor_msgs/msg/detail/packet_msg__builder.hpp
[2.764s] -- Up-to-date: /home/nvidia/f1tenth_ws/install/ouster_sensor_msgs/include/ouster_sensor_msgs/ouster_sensor_msgs/msg/detail/packet_msg__traits.hpp
[2.764s] -- Up-to-date: /home/nvidia/f1tenth_ws/install/ouster_sensor_msgs/include/ouster_sensor_msgs/ouster_sensor_msgs
[2.764s] -- Up-to-date: /home/nvidia/f1tenth_ws/install/ouster_sensor_msgs/include/ouster_sensor_msgs/ouster_sensor_msgs/srv
[2.764s] -- Up-to-date: /home/nvidia/f1tenth_ws/install/ouster_sensor_msgs/include/ouster_sensor_msgs/ouster_sensor_msgs/srv/detail
[2.764s] -- Up-to-date: /home/nvidia/f1tenth_ws/install/ouster_sensor_msgs/include/ouster_sensor_msgs/ouster_sensor_msgs/srv/detail/dds_fastrtps
[2.768s] -- Up-to-date: /home/nvidia/f1tenth_ws/install/ouster_sensor_msgs/include/ouster_sensor_msgs/ouster_sensor_msgs/srv/detail/get_metadata__rosidl_typesupport_fastrtps_cpp.hpp
[2.768s] -- Up-to-date: /home/nvidia/f1tenth_ws/install/ouster_sensor_msgs/include/ouster_sensor_msgs/ouster_sensor_msgs/srv/detail/set_config__rosidl_typesupport_fastrtps_cpp.hpp
[2.768s] -- Up-to-date: /home/nvidia/f1tenth_ws/install/ouster_sensor_msgs/include/ouster_sensor_msgs/ouster_sensor_msgs/srv/detail/get_config__rosidl_typesupport_fastrtps_cpp.hpp
[2.768s] -- Up-to-date: /home/nvidia/f1tenth_ws/install/ouster_sensor_msgs/include/ouster_sensor_msgs/ouster_sensor_msgs/msg
[2.768s] -- Up-to-date: /home/nvidia/f1tenth_ws/install/ouster_sensor_msgs/include/ouster_sensor_msgs/ouster_sensor_msgs/msg/rosidl_typesupport_fastrtps_cpp__visibility_control.h
[2.768s] -- Up-to-date: /home/nvidia/f1tenth_ws/install/ouster_sensor_msgs/include/ouster_sensor_msgs/ouster_sensor_msgs/msg/detail
[2.774s] -- Up-to-date: /home/nvidia/f1tenth_ws/install/ouster_sensor_msgs/include/ouster_sensor_msgs/ouster_sensor_msgs/msg/detail/packet_msg__rosidl_typesupport_fastrtps_cpp.hpp
[2.774s] -- Up-to-date: /home/nvidia/f1tenth_ws/install/ouster_sensor_msgs/include/ouster_sensor_msgs/ouster_sensor_msgs/msg/detail/dds_fastrtps
[2.774s] -- Up-to-date: /home/nvidia/f1tenth_ws/install/ouster_sensor_msgs/lib/libouster_sensor_msgs__rosidl_typesupport_fastrtps_cpp.so
[2.774s] -- Up-to-date: /home/nvidia/f1tenth_ws/install/ouster_sensor_msgs/include/ouster_sensor_msgs/ouster_sensor_msgs
[2.774s] -- Up-to-date: /home/nvidia/f1tenth_ws/install/ouster_sensor_msgs/include/ouster_sensor_msgs/ouster_sensor_msgs/srv
[2.774s] -- Up-to-date: /home/nvidia/f1tenth_ws/install/ouster_sensor_msgs/include/ouster_sensor_msgs/ouster_sensor_msgs/srv/detail
[2.774s] -- Up-to-date: /home/nvidia/f1tenth_ws/install/ouster_sensor_msgs/include/ouster_sensor_msgs/ouster_sensor_msgs/srv/detail/get_config__rosidl_typesupport_introspection_c.h
[2.775s] -- Up-to-date: /home/nvidia/f1tenth_ws/install/ouster_sensor_msgs/include/ouster_sensor_msgs/ouster_sensor_msgs/srv/detail/set_config__rosidl_typesupport_introspection_c.h
[2.775s] -- Up-to-date: /home/nvidia/f1tenth_ws/install/ouster_sensor_msgs/include/ouster_sensor_msgs/ouster_sensor_msgs/srv/detail/get_metadata__type_support.c
[2.775s] -- Up-to-date: /home/nvidia/f1tenth_ws/install/ouster_sensor_msgs/include/ouster_sensor_msgs/ouster_sensor_msgs/srv/detail/get_metadata__rosidl_typesupport_introspection_c.h
[2.775s] -- Up-to-date: /home/nvidia/f1tenth_ws/install/ouster_sensor_msgs/include/ouster_sensor_msgs/ouster_sensor_msgs/srv/detail/set_config__type_support.c
[2.775s] -- Up-to-date: /home/nvidia/f1tenth_ws/install/ouster_sensor_msgs/include/ouster_sensor_msgs/ouster_sensor_msgs/srv/detail/get_config__type_support.c
[2.775s] -- Up-to-date: /home/nvidia/f1tenth_ws/install/ouster_sensor_msgs/include/ouster_sensor_msgs/ouster_sensor_msgs/msg
[2.776s] -- Up-to-date: /home/nvidia/f1tenth_ws/install/ouster_sensor_msgs/include/ouster_sensor_msgs/ouster_sensor_msgs/msg/detail
[2.776s] -- Up-to-date: /home/nvidia/f1tenth_ws/install/ouster_sensor_msgs/include/ouster_sensor_msgs/ouster_sensor_msgs/msg/detail/packet_msg__type_support.c
[2.776s] -- Up-to-date: /home/nvidia/f1tenth_ws/install/ouster_sensor_msgs/include/ouster_sensor_msgs/ouster_sensor_msgs/msg/detail/packet_msg__rosidl_typesupport_introspection_c.h
[2.776s] -- Up-to-date: /home/nvidia/f1tenth_ws/install/ouster_sensor_msgs/include/ouster_sensor_msgs/ouster_sensor_msgs/msg/rosidl_typesupport_introspection_c__visibility_control.h
[2.778s] -- Up-to-date: /home/nvidia/f1tenth_ws/install/ouster_sensor_msgs/lib/libouster_sensor_msgs__rosidl_typesupport_introspection_c.so
[2.779s] -- Up-to-date: /home/nvidia/f1tenth_ws/install/ouster_sensor_msgs/lib/libouster_sensor_msgs__rosidl_typesupport_c.so
[2.779s] -- Up-to-date: /home/nvidia/f1tenth_ws/install/ouster_sensor_msgs/include/ouster_sensor_msgs/ouster_sensor_msgs
[2.779s] -- Up-to-date: /home/nvidia/f1tenth_ws/install/ouster_sensor_msgs/include/ouster_sensor_msgs/ouster_sensor_msgs/srv
[2.779s] -- Up-to-date: /home/nvidia/f1tenth_ws/install/ouster_sensor_msgs/include/ouster_sensor_msgs/ouster_sensor_msgs/srv/detail
[2.779s] -- Up-to-date: /home/nvidia/f1tenth_ws/install/ouster_sensor_msgs/include/ouster_sensor_msgs/ouster_sensor_msgs/srv/detail/get_metadata__rosidl_typesupport_introspection_cpp.hpp
[2.780s] -- Up-to-date: /home/nvidia/f1tenth_ws/install/ouster_sensor_msgs/include/ouster_sensor_msgs/ouster_sensor_msgs/srv/detail/get_config__rosidl_typesupport_introspection_cpp.hpp
[2.780s] -- Up-to-date: /home/nvidia/f1tenth_ws/install/ouster_sensor_msgs/include/ouster_sensor_msgs/ouster_sensor_msgs/srv/detail/set_config__rosidl_typesupport_introspection_cpp.hpp
[2.780s] -- Up-to-date: /home/nvidia/f1tenth_ws/install/ouster_sensor_msgs/include/ouster_sensor_msgs/ouster_sensor_msgs/srv/detail/set_config__type_support.cpp
[2.780s] -- Up-to-date: /home/nvidia/f1tenth_ws/install/ouster_sensor_msgs/include/ouster_sensor_msgs/ouster_sensor_msgs/srv/detail/get_config__type_support.cpp
[2.780s] -- Up-to-date: /home/nvidia/f1tenth_ws/install/ouster_sensor_msgs/include/ouster_sensor_msgs/ouster_sensor_msgs/srv/detail/get_metadata__type_support.cpp
[2.781s] -- Up-to-date: /home/nvidia/f1tenth_ws/install/ouster_sensor_msgs/include/ouster_sensor_msgs/ouster_sensor_msgs/msg
[2.782s] -- Up-to-date: /home/nvidia/f1tenth_ws/install/ouster_sensor_msgs/include/ouster_sensor_msgs/ouster_sensor_msgs/msg/detail
[2.782s] -- Up-to-date: /home/nvidia/f1tenth_ws/install/ouster_sensor_msgs/include/ouster_sensor_msgs/ouster_sensor_msgs/msg/detail/packet_msg__type_support.cpp
[2.782s] -- Up-to-date: /home/nvidia/f1tenth_ws/install/ouster_sensor_msgs/include/ouster_sensor_msgs/ouster_sensor_msgs/msg/detail/packet_msg__rosidl_typesupport_introspection_cpp.hpp
[2.782s] -- Up-to-date: /home/nvidia/f1tenth_ws/install/ouster_sensor_msgs/lib/libouster_sensor_msgs__rosidl_typesupport_introspection_cpp.so
[2.782s] -- Up-to-date: /home/nvidia/f1tenth_ws/install/ouster_sensor_msgs/lib/libouster_sensor_msgs__rosidl_typesupport_cpp.so
[2.782s] -- Up-to-date: /home/nvidia/f1tenth_ws/install/ouster_sensor_msgs/share/ouster_sensor_msgs/environment/pythonpath.sh
[2.783s] -- Up-to-date: /home/nvidia/f1tenth_ws/install/ouster_sensor_msgs/share/ouster_sensor_msgs/environment/pythonpath.dsv
[2.783s] -- Up-to-date: /home/nvidia/f1tenth_ws/install/ouster_sensor_msgs/local/lib/python3.10/dist-packages/ouster_sensor_msgs-0.12.2-py3.10.egg-info
[2.783s] -- Installing: /home/nvidia/f1tenth_ws/install/ouster_sensor_msgs/local/lib/python3.10/dist-packages/ouster_sensor_msgs-0.12.2-py3.10.egg-info/dependency_links.txt
[2.783s] -- Installing: /home/nvidia/f1tenth_ws/install/ouster_sensor_msgs/local/lib/python3.10/dist-packages/ouster_sensor_msgs-0.12.2-py3.10.egg-info/PKG-INFO
[2.783s] -- Installing: /home/nvidia/f1tenth_ws/install/ouster_sensor_msgs/local/lib/python3.10/dist-packages/ouster_sensor_msgs-0.12.2-py3.10.egg-info/SOURCES.txt
[2.783s] -- Installing: /home/nvidia/f1tenth_ws/install/ouster_sensor_msgs/local/lib/python3.10/dist-packages/ouster_sensor_msgs-0.12.2-py3.10.egg-info/top_level.txt
[2.783s] -- Up-to-date: /home/nvidia/f1tenth_ws/install/ouster_sensor_msgs/local/lib/python3.10/dist-packages/ouster_sensor_msgs
[2.783s] -- Up-to-date: /home/nvidia/f1tenth_ws/install/ouster_sensor_msgs/local/lib/python3.10/dist-packages/ouster_sensor_msgs/srv
[2.784s] -- Up-to-date: /home/nvidia/f1tenth_ws/install/ouster_sensor_msgs/local/lib/python3.10/dist-packages/ouster_sensor_msgs/srv/_set_config_s.c
[2.784s] -- Up-to-date: /home/nvidia/f1tenth_ws/install/ouster_sensor_msgs/local/lib/python3.10/dist-packages/ouster_sensor_msgs/srv/_get_config_s.c
[2.784s] -- Up-to-date: /home/nvidia/f1tenth_ws/install/ouster_sensor_msgs/local/lib/python3.10/dist-packages/ouster_sensor_msgs/srv/_get_config.py
[2.784s] -- Up-to-date: /home/nvidia/f1tenth_ws/install/ouster_sensor_msgs/local/lib/python3.10/dist-packages/ouster_sensor_msgs/srv/_set_config.py
[2.784s] -- Up-to-date: /home/nvidia/f1tenth_ws/install/ouster_sensor_msgs/local/lib/python3.10/dist-packages/ouster_sensor_msgs/srv/__init__.py
[2.784s] -- Up-to-date: /home/nvidia/f1tenth_ws/install/ouster_sensor_msgs/local/lib/python3.10/dist-packages/ouster_sensor_msgs/srv/_get_metadata_s.c
[2.784s] -- Up-to-date: /home/nvidia/f1tenth_ws/install/ouster_sensor_msgs/local/lib/python3.10/dist-packages/ouster_sensor_msgs/srv/_get_metadata.py
[2.784s] -- Up-to-date: /home/nvidia/f1tenth_ws/install/ouster_sensor_msgs/local/lib/python3.10/dist-packages/ouster_sensor_msgs/_ouster_sensor_msgs_s.ep.rosidl_typesupport_introspection_c.c
[2.785s] -- Up-to-date: /home/nvidia/f1tenth_ws/install/ouster_sensor_msgs/local/lib/python3.10/dist-packages/ouster_sensor_msgs/__init__.py
[2.785s] -- Up-to-date: /home/nvidia/f1tenth_ws/install/ouster_sensor_msgs/local/lib/python3.10/dist-packages/ouster_sensor_msgs/ouster_sensor_msgs_s__rosidl_typesupport_c.cpython-310-aarch64-linux-gnu.so
[2.785s] -- Up-to-date: /home/nvidia/f1tenth_ws/install/ouster_sensor_msgs/local/lib/python3.10/dist-packages/ouster_sensor_msgs/_ouster_sensor_msgs_s.ep.rosidl_typesupport_c.c
[2.785s] -- Up-to-date: /home/nvidia/f1tenth_ws/install/ouster_sensor_msgs/local/lib/python3.10/dist-packages/ouster_sensor_msgs/ouster_sensor_msgs_s__rosidl_typesupport_introspection_c.cpython-310-aarch64-linux-gnu.so
[2.785s] -- Up-to-date: /home/nvidia/f1tenth_ws/install/ouster_sensor_msgs/local/lib/python3.10/dist-packages/ouster_sensor_msgs/msg
[2.785s] -- Up-to-date: /home/nvidia/f1tenth_ws/install/ouster_sensor_msgs/local/lib/python3.10/dist-packages/ouster_sensor_msgs/msg/_packet_msg.py
[2.785s] -- Up-to-date: /home/nvidia/f1tenth_ws/install/ouster_sensor_msgs/local/lib/python3.10/dist-packages/ouster_sensor_msgs/msg/__init__.py
[2.785s] -- Up-to-date: /home/nvidia/f1tenth_ws/install/ouster_sensor_msgs/local/lib/python3.10/dist-packages/ouster_sensor_msgs/msg/_packet_msg_s.c
[2.786s] -- Up-to-date: /home/nvidia/f1tenth_ws/install/ouster_sensor_msgs/local/lib/python3.10/dist-packages/ouster_sensor_msgs/ouster_sensor_msgs_s__rosidl_typesupport_fastrtps_c.cpython-310-aarch64-linux-gnu.so
[2.786s] -- Up-to-date: /home/nvidia/f1tenth_ws/install/ouster_sensor_msgs/local/lib/python3.10/dist-packages/ouster_sensor_msgs/_ouster_sensor_msgs_s.ep.rosidl_typesupport_fastrtps_c.c
[2.786s] -- Up-to-date: /home/nvidia/f1tenth_ws/install/ouster_sensor_msgs/local/lib/python3.10/dist-packages/ouster_sensor_msgs/libouster_sensor_msgs__rosidl_generator_py.so
[2.832s] Listing '/home/nvidia/f1tenth_ws/install/ouster_sensor_msgs/local/lib/python3.10/dist-packages/ouster_sensor_msgs'...
[2.832s] Listing '/home/nvidia/f1tenth_ws/install/ouster_sensor_msgs/local/lib/python3.10/dist-packages/ouster_sensor_msgs/msg'...
[2.833s] Listing '/home/nvidia/f1tenth_ws/install/ouster_sensor_msgs/local/lib/python3.10/dist-packages/ouster_sensor_msgs/srv'...
[2.855s] -- Up-to-date: /home/nvidia/f1tenth_ws/install/ouster_sensor_msgs/local/lib/python3.10/dist-packages/ouster_sensor_msgs/ouster_sensor_msgs_s__rosidl_typesupport_fastrtps_c.cpython-310-aarch64-linux-gnu.so
[2.860s] -- Up-to-date: /home/nvidia/f1tenth_ws/install/ouster_sensor_msgs/local/lib/python3.10/dist-packages/ouster_sensor_msgs/ouster_sensor_msgs_s__rosidl_typesupport_introspection_c.cpython-310-aarch64-linux-gnu.so
[2.860s] -- Up-to-date: /home/nvidia/f1tenth_ws/install/ouster_sensor_msgs/local/lib/python3.10/dist-packages/ouster_sensor_msgs/ouster_sensor_msgs_s__rosidl_typesupport_c.cpython-310-aarch64-linux-gnu.so
[2.861s] -- Up-to-date: /home/nvidia/f1tenth_ws/install/ouster_sensor_msgs/lib/libouster_sensor_msgs__rosidl_generator_py.so
[2.862s] -- Up-to-date: /home/nvidia/f1tenth_ws/install/ouster_sensor_msgs/share/ouster_sensor_msgs/msg/PacketMsg.idl
[2.862s] -- Up-to-date: /home/nvidia/f1tenth_ws/install/ouster_sensor_msgs/share/ouster_sensor_msgs/srv/GetConfig.idl
[2.868s] -- Up-to-date: /home/nvidia/f1tenth_ws/install/ouster_sensor_msgs/share/ouster_sensor_msgs/srv/SetConfig.idl
[2.868s] -- Up-to-date: /home/nvidia/f1tenth_ws/install/ouster_sensor_msgs/share/ouster_sensor_msgs/srv/GetMetadata.idl
[2.869s] -- Up-to-date: /home/nvidia/f1tenth_ws/install/ouster_sensor_msgs/share/ouster_sensor_msgs/msg/PacketMsg.msg
[2.869s] -- Up-to-date: /home/nvidia/f1tenth_ws/install/ouster_sensor_msgs/share/ouster_sensor_msgs/srv/GetConfig.srv
[2.869s] -- Up-to-date: /home/nvidia/f1tenth_ws/install/ouster_sensor_msgs/share/ouster_sensor_msgs/srv/GetConfig_Request.msg
[2.869s] -- Up-to-date: /home/nvidia/f1tenth_ws/install/ouster_sensor_msgs/share/ouster_sensor_msgs/srv/GetConfig_Response.msg
[2.870s] -- Up-to-date: /home/nvidia/f1tenth_ws/install/ouster_sensor_msgs/share/ouster_sensor_msgs/srv/SetConfig.srv
[2.870s] -- Up-to-date: /home/nvidia/f1tenth_ws/install/ouster_sensor_msgs/share/ouster_sensor_msgs/srv/SetConfig_Request.msg
[2.870s] -- Up-to-date: /home/nvidia/f1tenth_ws/install/ouster_sensor_msgs/share/ouster_sensor_msgs/srv/SetConfig_Response.msg
[2.870s] -- Up-to-date: /home/nvidia/f1tenth_ws/install/ouster_sensor_msgs/share/ouster_sensor_msgs/srv/GetMetadata.srv
[2.870s] -- Up-to-date: /home/nvidia/f1tenth_ws/install/ouster_sensor_msgs/share/ouster_sensor_msgs/srv/GetMetadata_Request.msg
[2.876s] -- Up-to-date: /home/nvidia/f1tenth_ws/install/ouster_sensor_msgs/share/ouster_sensor_msgs/srv/GetMetadata_Response.msg
[2.877s] -- Up-to-date: /home/nvidia/f1tenth_ws/install/ouster_sensor_msgs/share/ament_index/resource_index/package_run_dependencies/ouster_sensor_msgs
[2.879s] -- Up-to-date: /home/nvidia/f1tenth_ws/install/ouster_sensor_msgs/share/ament_index/resource_index/parent_prefix_path/ouster_sensor_msgs
[2.883s] -- Up-to-date: /home/nvidia/f1tenth_ws/install/ouster_sensor_msgs/share/ouster_sensor_msgs/environment/ament_prefix_path.sh
[2.886s] -- Up-to-date: /home/nvidia/f1tenth_ws/install/ouster_sensor_msgs/share/ouster_sensor_msgs/environment/ament_prefix_path.dsv
[2.887s] -- Up-to-date: /home/nvidia/f1tenth_ws/install/ouster_sensor_msgs/share/ouster_sensor_msgs/environment/path.sh
[2.890s] -- Up-to-date: /home/nvidia/f1tenth_ws/install/ouster_sensor_msgs/share/ouster_sensor_msgs/environment/path.dsv
[2.891s] -- Up-to-date: /home/nvidia/f1tenth_ws/install/ouster_sensor_msgs/share/ouster_sensor_msgs/local_setup.bash
[2.891s] -- Up-to-date: /home/nvidia/f1tenth_ws/install/ouster_sensor_msgs/share/ouster_sensor_msgs/local_setup.sh
[2.891s] -- Up-to-date: /home/nvidia/f1tenth_ws/install/ouster_sensor_msgs/share/ouster_sensor_msgs/local_setup.zsh
[2.892s] -- Up-to-date: /home/nvidia/f1tenth_ws/install/ouster_sensor_msgs/share/ouster_sensor_msgs/local_setup.dsv
[2.892s] -- Installing: /home/nvidia/f1tenth_ws/install/ouster_sensor_msgs/share/ouster_sensor_msgs/package.dsv
[2.892s] -- Up-to-date: /home/nvidia/f1tenth_ws/install/ouster_sensor_msgs/share/ament_index/resource_index/packages/ouster_sensor_msgs
[2.892s] -- Up-to-date: /home/nvidia/f1tenth_ws/install/ouster_sensor_msgs/share/ouster_sensor_msgs/cmake/export_ouster_sensor_msgs__rosidl_generator_cExport.cmake
[2.893s] -- Up-to-date: /home/nvidia/f1tenth_ws/install/ouster_sensor_msgs/share/ouster_sensor_msgs/cmake/export_ouster_sensor_msgs__rosidl_generator_cExport-noconfig.cmake
[2.893s] -- Up-to-date: /home/nvidia/f1tenth_ws/install/ouster_sensor_msgs/share/ouster_sensor_msgs/cmake/export_ouster_sensor_msgs__rosidl_typesupport_fastrtps_cExport.cmake
[2.893s] -- Up-to-date: /home/nvidia/f1tenth_ws/install/ouster_sensor_msgs/share/ouster_sensor_msgs/cmake/export_ouster_sensor_msgs__rosidl_typesupport_fastrtps_cExport-noconfig.cmake
[2.894s] -- Up-to-date: /home/nvidia/f1tenth_ws/install/ouster_sensor_msgs/share/ouster_sensor_msgs/cmake/export_ouster_sensor_msgs__rosidl_generator_cppExport.cmake
[2.894s] -- Up-to-date: /home/nvidia/f1tenth_ws/install/ouster_sensor_msgs/share/ouster_sensor_msgs/cmake/export_ouster_sensor_msgs__rosidl_typesupport_fastrtps_cppExport.cmake
[2.894s] -- Up-to-date: /home/nvidia/f1tenth_ws/install/ouster_sensor_msgs/share/ouster_sensor_msgs/cmake/export_ouster_sensor_msgs__rosidl_typesupport_fastrtps_cppExport-noconfig.cmake
[2.894s] -- Up-to-date: /home/nvidia/f1tenth_ws/install/ouster_sensor_msgs/share/ouster_sensor_msgs/cmake/ouster_sensor_msgs__rosidl_typesupport_introspection_cExport.cmake
[2.895s] -- Up-to-date: /home/nvidia/f1tenth_ws/install/ouster_sensor_msgs/share/ouster_sensor_msgs/cmake/ouster_sensor_msgs__rosidl_typesupport_introspection_cExport-noconfig.cmake
[2.895s] -- Up-to-date: /home/nvidia/f1tenth_ws/install/ouster_sensor_msgs/share/ouster_sensor_msgs/cmake/ouster_sensor_msgs__rosidl_typesupport_cExport.cmake
[2.896s] -- Up-to-date: /home/nvidia/f1tenth_ws/install/ouster_sensor_msgs/share/ouster_sensor_msgs/cmake/ouster_sensor_msgs__rosidl_typesupport_cExport-noconfig.cmake
[2.897s] -- Up-to-date: /home/nvidia/f1tenth_ws/install/ouster_sensor_msgs/share/ouster_sensor_msgs/cmake/ouster_sensor_msgs__rosidl_typesupport_introspection_cppExport.cmake
[2.897s] -- Up-to-date: /home/nvidia/f1tenth_ws/install/ouster_sensor_msgs/share/ouster_sensor_msgs/cmake/ouster_sensor_msgs__rosidl_typesupport_introspection_cppExport-noconfig.cmake
[2.897s] -- Up-to-date: /home/nvidia/f1tenth_ws/install/ouster_sensor_msgs/share/ouster_sensor_msgs/cmake/ouster_sensor_msgs__rosidl_typesupport_cppExport.cmake
[2.898s] -- Up-to-date: /home/nvidia/f1tenth_ws/install/ouster_sensor_msgs/share/ouster_sensor_msgs/cmake/ouster_sensor_msgs__rosidl_typesupport_cppExport-noconfig.cmake
[2.898s] -- Up-to-date: /home/nvidia/f1tenth_ws/install/ouster_sensor_msgs/share/ouster_sensor_msgs/cmake/export_ouster_sensor_msgs__rosidl_generator_pyExport.cmake
[2.899s] -- Up-to-date: /home/nvidia/f1tenth_ws/install/ouster_sensor_msgs/share/ouster_sensor_msgs/cmake/export_ouster_sensor_msgs__rosidl_generator_pyExport-noconfig.cmake
[2.900s] -- Up-to-date: /home/nvidia/f1tenth_ws/install/ouster_sensor_msgs/share/ouster_sensor_msgs/cmake/rosidl_cmake-extras.cmake
[2.900s] -- Up-to-date: /home/nvidia/f1tenth_ws/install/ouster_sensor_msgs/share/ouster_sensor_msgs/cmake/ament_cmake_export_dependencies-extras.cmake
[2.900s] -- Up-to-date: /home/nvidia/f1tenth_ws/install/ouster_sensor_msgs/share/ouster_sensor_msgs/cmake/ament_cmake_export_include_directories-extras.cmake
[2.900s] -- Up-to-date: /home/nvidia/f1tenth_ws/install/ouster_sensor_msgs/share/ouster_sensor_msgs/cmake/ament_cmake_export_libraries-extras.cmake
[2.900s] -- Up-to-date: /home/nvidia/f1tenth_ws/install/ouster_sensor_msgs/share/ouster_sensor_msgs/cmake/ament_cmake_export_targets-extras.cmake
[2.900s] -- Up-to-date: /home/nvidia/f1tenth_ws/install/ouster_sensor_msgs/share/ouster_sensor_msgs/cmake/rosidl_cmake_export_typesupport_targets-extras.cmake
[2.900s] -- Up-to-date: /home/nvidia/f1tenth_ws/install/ouster_sensor_msgs/share/ouster_sensor_msgs/cmake/rosidl_cmake_export_typesupport_libraries-extras.cmake
[2.900s] -- Up-to-date: /home/nvidia/f1tenth_ws/install/ouster_sensor_msgs/share/ouster_sensor_msgs/cmake/ouster_sensor_msgsConfig.cmake
[2.901s] -- Up-to-date: /home/nvidia/f1tenth_ws/install/ouster_sensor_msgs/share/ouster_sensor_msgs/cmake/ouster_sensor_msgsConfig-version.cmake
[2.901s] -- Up-to-date: /home/nvidia/f1tenth_ws/install/ouster_sensor_msgs/share/ouster_sensor_msgs/package.xml
[2.927s] Invoked command in '/home/nvidia/f1tenth_ws/build/ouster_sensor_msgs' returned '0': CMAKE_PREFIX_PATH=${CMAKE_PREFIX_PATH}:/home/nvidia/f1tenth_ws/install/f1tenth_stack:/home/nvidia/f1tenth_ws/install/joy_teleop:/home/nvidia/f1tenth_ws/install/mouse_teleop:/home/nvidia/f1tenth_ws/install/key_teleop:/opt/ros/humble /usr/bin/cmake --install /home/nvidia/f1tenth_ws/build/ouster_sensor_msgs
