[0.025s] Invoking command in '/home/nvidia/f1tenth_ws/build/vesc_driver': AMENT_PREFIX_PATH=/home/nvidia/f1tenth_ws/install/vesc_msgs:${AMENT_PREFIX_PATH} CMAKE_PREFIX_PATH=/home/nvidia/f1tenth_ws/install/vesc_msgs:/opt/ros/humble LD_LIBRARY_PATH=/home/nvidia/f1tenth_ws/install/vesc_msgs/lib:/opt/ros/humble/opt/rviz_ogre_vendor/lib:/opt/ros/humble/lib/aarch64-linux-gnu:/opt/ros/humble/lib:/usr/local/cuda-12.2/lib64 PYTHONPATH=/home/nvidia/f1tenth_ws/install/vesc_msgs/local/lib/python3.10/dist-packages:${PYTHONPATH} /usr/bin/cmake --build /home/nvidia/f1tenth_ws/build/vesc_driver -- -j6 -l6
[0.082s] -- Found ament_cmake_auto: 1.3.8 (/opt/ros/humble/share/ament_cmake_auto/cmake)
[0.629s] -- Found rosidl_generator_c: 3.1.5 (/opt/ros/humble/share/rosidl_generator_c/cmake)
[0.640s] -- Found rosidl_adapter: 3.1.5 (/opt/ros/humble/share/rosidl_adapter/cmake)
[0.654s] -- Found rosidl_generator_cpp: 3.1.5 (/opt/ros/humble/share/rosidl_generator_cpp/cmake)
[0.677s] -- Using all available rosidl_typesupport_c: rosidl_typesupport_fastrtps_c;rosidl_typesupport_introspection_c
[0.708s] -- Using all available rosidl_typesupport_cpp: rosidl_typesupport_fastrtps_cpp;rosidl_typesupport_introspection_cpp
[0.839s] -- Found rmw_implementation_cmake: 6.1.1 (/opt/ros/humble/share/rmw_implementation_cmake/cmake)
[0.842s] -- Found rmw_fastrtps_cpp: 6.2.6 (/opt/ros/humble/share/rmw_fastrtps_cpp/cmake)
[1.096s] -- Using RMW implementation 'rmw_fastrtps_cpp' as default
[2.467s] -- Found ament_lint_auto: 0.12.10 (/opt/ros/humble/share/ament_lint_auto/cmake)
[2.485s] -- Added test 'copyright' to check source files copyright and LICENSE
[2.488s] -- Added test 'cppcheck' to perform static code analysis on C / C++ code
[2.488s] -- Configured cppcheck include dirs: /home/nvidia/f1tenth_ws/src/f1tenth_system/vesc/vesc_driver/include
[2.488s] -- Configured cppcheck exclude dirs and/or files: 
[2.491s] -- Added test 'cpplint' to check C / C++ code against the Google style
[2.491s] -- Configured cpplint exclude dirs and/or files: 
[2.492s] -- Added test 'flake8' to check Python code syntax and style conventions
[2.493s] -- Added test 'lint_cmake' to check CMake code style
[2.493s] -- Added test 'pep257' to check Python code against some of the docstring style conventions in PEP 257
[2.496s] -- Added test 'uncrustify' to check C / C++ code style
[2.496s] -- Configured uncrustify additional arguments: 
[2.497s] -- Added test 'xmllint' to check XML markup files
[2.501s] -- Configuring done
[2.571s] -- Generating done
[2.575s] -- Build files have been written to: /home/nvidia/f1tenth_ws/build/vesc_driver
[2.639s] [35m[1mConsolidate compiler generated dependencies of target vesc_driver_node[0m
[2.641s] [35m[1mConsolidate compiler generated dependencies of target vesc_driver[0m
[2.677s] [ 20%] Built target vesc_driver_node
[2.696s] [ 30%] [32mBuilding CXX object CMakeFiles/vesc_driver.dir/src/vesc_driver.cpp.o[0m
[2.698s] [ 40%] [32mBuilding CXX object CMakeFiles/vesc_driver.dir/src/vesc_packet.cpp.o[0m
[2.704s] [ 50%] [32mBuilding CXX object CMakeFiles/vesc_driver.dir/src/vesc_interface.cpp.o[0m
[2.717s] [ 60%] [32mBuilding CXX object CMakeFiles/vesc_driver.dir/src/vesc_packet_factory.cpp.o[0m
[26.746s] [ 70%] [32m[1mLinking CXX shared library libvesc_driver.so[0m
[28.225s] [ 70%] Built target vesc_driver
[28.244s] [35m[1mConsolidate compiler generated dependencies of target vesc_device_namer[0m
[28.271s] [ 80%] [32mBuilding CXX object CMakeFiles/vesc_device_namer.dir/src/vesc_device_namer.cpp.o[0m
[28.272s] [ 90%] [32mBuilding CXX object CMakeFiles/vesc_device_namer.dir/src/vesc_device_uuid_lookup.cpp.o[0m
[29.887s] [100%] [32m[1mLinking CXX executable vesc_device_namer[0m
[30.503s] [100%] Built target vesc_device_namer
[30.525s] Invoked command in '/home/nvidia/f1tenth_ws/build/vesc_driver' returned '0': AMENT_PREFIX_PATH=/home/nvidia/f1tenth_ws/install/vesc_msgs:${AMENT_PREFIX_PATH} CMAKE_PREFIX_PATH=/home/nvidia/f1tenth_ws/install/vesc_msgs:/opt/ros/humble LD_LIBRARY_PATH=/home/nvidia/f1tenth_ws/install/vesc_msgs/lib:/opt/ros/humble/opt/rviz_ogre_vendor/lib:/opt/ros/humble/lib/aarch64-linux-gnu:/opt/ros/humble/lib:/usr/local/cuda-12.2/lib64 PYTHONPATH=/home/nvidia/f1tenth_ws/install/vesc_msgs/local/lib/python3.10/dist-packages:${PYTHONPATH} /usr/bin/cmake --build /home/nvidia/f1tenth_ws/build/vesc_driver -- -j6 -l6
[30.594s] Invoking command in '/home/nvidia/f1tenth_ws/build/vesc_driver': AMENT_PREFIX_PATH=/home/nvidia/f1tenth_ws/install/vesc_msgs:${AMENT_PREFIX_PATH} CMAKE_PREFIX_PATH=/home/nvidia/f1tenth_ws/install/vesc_msgs:/opt/ros/humble LD_LIBRARY_PATH=/home/nvidia/f1tenth_ws/install/vesc_msgs/lib:/opt/ros/humble/opt/rviz_ogre_vendor/lib:/opt/ros/humble/lib/aarch64-linux-gnu:/opt/ros/humble/lib:/usr/local/cuda-12.2/lib64 PYTHONPATH=/home/nvidia/f1tenth_ws/install/vesc_msgs/local/lib/python3.10/dist-packages:${PYTHONPATH} /usr/bin/cmake --install /home/nvidia/f1tenth_ws/build/vesc_driver
[30.608s] -- Install configuration: ""
[30.609s] -- Up-to-date: /home/nvidia/f1tenth_ws/install/vesc_driver/lib/vesc_driver/vesc_driver_node
[30.609s] -- Up-to-date: /home/nvidia/f1tenth_ws/install/vesc_driver/include
[30.609s] -- Up-to-date: /home/nvidia/f1tenth_ws/install/vesc_driver/include/vesc_driver
[30.609s] -- Installing: /home/nvidia/f1tenth_ws/install/vesc_driver/include/vesc_driver/vesc_packet.hpp
[30.609s] -- Installing: /home/nvidia/f1tenth_ws/install/vesc_driver/include/vesc_driver/vesc_device_uuid_lookup.hpp
[30.610s] -- Installing: /home/nvidia/f1tenth_ws/install/vesc_driver/include/vesc_driver/vesc_interface.hpp
[30.610s] -- Installing: /home/nvidia/f1tenth_ws/install/vesc_driver/include/vesc_driver/crc.hpp
[30.611s] -- Installing: /home/nvidia/f1tenth_ws/install/vesc_driver/include/vesc_driver/vesc_driver.hpp
[30.611s] -- Installing: /home/nvidia/f1tenth_ws/install/vesc_driver/include/vesc_driver/vesc_packet_factory.hpp
[30.611s] -- Installing: /home/nvidia/f1tenth_ws/install/vesc_driver/include/vesc_driver/datatypes.hpp
[30.612s] -- Up-to-date: /home/nvidia/f1tenth_ws/install/vesc_driver/share/vesc_driver/environment/library_path.sh
[30.612s] -- Installing: /home/nvidia/f1tenth_ws/install/vesc_driver/share/vesc_driver/environment/library_path.dsv
[30.612s] -- Installing: /home/nvidia/f1tenth_ws/install/vesc_driver/lib/libvesc_driver.so
[30.631s] -- Set runtime path of "/home/nvidia/f1tenth_ws/install/vesc_driver/lib/libvesc_driver.so" to ""
[30.632s] -- Installing: /home/nvidia/f1tenth_ws/install/vesc_driver/lib/vesc_driver/vesc_device_namer
[30.632s] -- Set runtime path of "/home/nvidia/f1tenth_ws/install/vesc_driver/lib/vesc_driver/vesc_device_namer" to ""
[30.633s] -- Up-to-date: /home/nvidia/f1tenth_ws/install/vesc_driver/share/vesc_driver/launch
[30.633s] -- Installing: /home/nvidia/f1tenth_ws/install/vesc_driver/share/vesc_driver/launch/vesc_driver_node.launch.py
[30.633s] -- Up-to-date: /home/nvidia/f1tenth_ws/install/vesc_driver/share/vesc_driver/params
[30.633s] -- Installing: /home/nvidia/f1tenth_ws/install/vesc_driver/share/vesc_driver/params/vesc_config.yaml
[30.633s] -- Up-to-date: /home/nvidia/f1tenth_ws/install/vesc_driver/share/ament_index/resource_index/package_run_dependencies/vesc_driver
[30.634s] -- Up-to-date: /home/nvidia/f1tenth_ws/install/vesc_driver/share/ament_index/resource_index/parent_prefix_path/vesc_driver
[30.634s] -- Up-to-date: /home/nvidia/f1tenth_ws/install/vesc_driver/share/vesc_driver/environment/ament_prefix_path.sh
[30.634s] -- Installing: /home/nvidia/f1tenth_ws/install/vesc_driver/share/vesc_driver/environment/ament_prefix_path.dsv
[30.634s] -- Up-to-date: /home/nvidia/f1tenth_ws/install/vesc_driver/share/vesc_driver/environment/path.sh
[30.634s] -- Installing: /home/nvidia/f1tenth_ws/install/vesc_driver/share/vesc_driver/environment/path.dsv
[30.634s] -- Up-to-date: /home/nvidia/f1tenth_ws/install/vesc_driver/share/vesc_driver/local_setup.bash
[30.635s] -- Up-to-date: /home/nvidia/f1tenth_ws/install/vesc_driver/share/vesc_driver/local_setup.sh
[30.635s] -- Up-to-date: /home/nvidia/f1tenth_ws/install/vesc_driver/share/vesc_driver/local_setup.zsh
[30.635s] -- Installing: /home/nvidia/f1tenth_ws/install/vesc_driver/share/vesc_driver/local_setup.dsv
[30.635s] -- Installing: /home/nvidia/f1tenth_ws/install/vesc_driver/share/vesc_driver/package.dsv
[30.635s] -- Up-to-date: /home/nvidia/f1tenth_ws/install/vesc_driver/share/ament_index/resource_index/packages/vesc_driver
[30.635s] -- Up-to-date: /home/nvidia/f1tenth_ws/install/vesc_driver/share/ament_index/resource_index/rclcpp_components/vesc_driver
[30.635s] -- Up-to-date: /home/nvidia/f1tenth_ws/install/vesc_driver/share/vesc_driver/cmake/ament_cmake_export_dependencies-extras.cmake
[30.636s] -- Up-to-date: /home/nvidia/f1tenth_ws/install/vesc_driver/share/vesc_driver/cmake/ament_cmake_export_include_directories-extras.cmake
[30.636s] -- Up-to-date: /home/nvidia/f1tenth_ws/install/vesc_driver/share/vesc_driver/cmake/ament_cmake_export_libraries-extras.cmake
[30.636s] -- Up-to-date: /home/nvidia/f1tenth_ws/install/vesc_driver/share/vesc_driver/cmake/vesc_driverConfig.cmake
[30.636s] -- Up-to-date: /home/nvidia/f1tenth_ws/install/vesc_driver/share/vesc_driver/cmake/vesc_driverConfig-version.cmake
[30.636s] -- Installing: /home/nvidia/f1tenth_ws/install/vesc_driver/share/vesc_driver/package.xml
[30.641s] Invoked command in '/home/nvidia/f1tenth_ws/build/vesc_driver' returned '0': AMENT_PREFIX_PATH=/home/nvidia/f1tenth_ws/install/vesc_msgs:${AMENT_PREFIX_PATH} CMAKE_PREFIX_PATH=/home/nvidia/f1tenth_ws/install/vesc_msgs:/opt/ros/humble LD_LIBRARY_PATH=/home/nvidia/f1tenth_ws/install/vesc_msgs/lib:/opt/ros/humble/opt/rviz_ogre_vendor/lib:/opt/ros/humble/lib/aarch64-linux-gnu:/opt/ros/humble/lib:/usr/local/cuda-12.2/lib64 PYTHONPATH=/home/nvidia/f1tenth_ws/install/vesc_msgs/local/lib/python3.10/dist-packages:${PYTHONPATH} /usr/bin/cmake --install /home/nvidia/f1tenth_ws/build/vesc_driver
