[0.050s] Invoking command in '/home/nvidia/f1tenth_ws/build/teleop_tools_msgs': CMAKE_PREFIX_PATH=/opt/ros/humble /usr/bin/cmake --build /home/nvidia/f1tenth_ws/build/teleop_tools_msgs -- -j6 -l6
[0.731s] [  9%] Built target teleop_tools_msgs__rosidl_generator_c
[0.731s] [  9%] Built target ament_cmake_python_symlink_teleop_tools_msgs
[0.732s] [ 12%] Built target teleop_tools_msgs__cpp
[0.732s] [35m[1mConsolidate compiler generated dependencies of target teleop_tools_msgs__rosidl_typesupport_introspection_c[0m
[0.732s] [35m[1mConsolidate compiler generated dependencies of target teleop_tools_msgs__rosidl_typesupport_c[0m
[0.733s] [ 22%] Built target teleop_tools_msgs__rosidl_typesupport_introspection_c
[0.733s] [ 32%] Built target teleop_tools_msgs__rosidl_typesupport_c
[0.734s] [ 41%] Built target teleop_tools_msgs__rosidl_typesupport_fastrtps_cpp
[0.735s] [ 51%] Built target teleop_tools_msgs__rosidl_typesupport_fastrtps_c
[0.735s] [ 70%] Built target teleop_tools_msgs__rosidl_typesupport_cpp
[0.736s] [ 70%] Built target teleop_tools_msgs__rosidl_typesupport_introspection_cpp
[0.737s] [ 70%] Built target teleop_tools_msgs
[0.738s] [ 74%] Built target teleop_tools_msgs__py
[0.738s] [35m[1mConsolidate compiler generated dependencies of target teleop_tools_msgs__rosidl_generator_py[0m
[0.740s] [ 77%] [32mBuilding C object CMakeFiles/teleop_tools_msgs__rosidl_generator_py.dir/rosidl_generator_py/teleop_tools_msgs/action/_increment_s.c.o[0m
[0.804s] running egg_info
[0.805s] writing teleop_tools_msgs.egg-info/PKG-INFO
[0.806s] writing dependency_links to teleop_tools_msgs.egg-info/dependency_links.txt
[0.806s] writing top-level names to teleop_tools_msgs.egg-info/top_level.txt
[0.812s] reading manifest file 'teleop_tools_msgs.egg-info/SOURCES.txt'
[0.814s] writing manifest file 'teleop_tools_msgs.egg-info/SOURCES.txt'
[0.902s] [ 77%] Built target ament_cmake_python_build_teleop_tools_msgs_egg
[1.162s] [ 80%] [32m[1mLinking C shared library rosidl_generator_py/teleop_tools_msgs/libteleop_tools_msgs__rosidl_generator_py.so[0m
[1.249s] [ 80%] Built target teleop_tools_msgs__rosidl_generator_py
[1.270s] [35m[1mConsolidate compiler generated dependencies of target teleop_tools_msgs__rosidl_typesupport_fastrtps_c__pyext[0m
[1.271s] [35m[1mConsolidate compiler generated dependencies of target teleop_tools_msgs__rosidl_typesupport_introspection_c__pyext[0m
[1.272s] [35m[1mConsolidate compiler generated dependencies of target teleop_tools_msgs__rosidl_typesupport_c__pyext[0m
[1.296s] [ 87%] [32mBuilding C object CMakeFiles/teleop_tools_msgs__rosidl_typesupport_introspection_c__pyext.dir/rosidl_generator_py/teleop_tools_msgs/_teleop_tools_msgs_s.ep.rosidl_typesupport_introspection_c.c.o[0m
[1.296s] [ 87%] [32mBuilding C object CMakeFiles/teleop_tools_msgs__rosidl_typesupport_fastrtps_c__pyext.dir/rosidl_generator_py/teleop_tools_msgs/_teleop_tools_msgs_s.ep.rosidl_typesupport_fastrtps_c.c.o[0m
[1.301s] [ 90%] [32mBuilding C object CMakeFiles/teleop_tools_msgs__rosidl_typesupport_c__pyext.dir/rosidl_generator_py/teleop_tools_msgs/_teleop_tools_msgs_s.ep.rosidl_typesupport_c.c.o[0m
[1.767s] [ 93%] [32m[1mLinking C shared library rosidl_generator_py/teleop_tools_msgs/teleop_tools_msgs_s__rosidl_typesupport_introspection_c.cpython-310-aarch64-linux-gnu.so[0m
[1.768s] [ 96%] [32m[1mLinking C shared library rosidl_generator_py/teleop_tools_msgs/teleop_tools_msgs_s__rosidl_typesupport_fastrtps_c.cpython-310-aarch64-linux-gnu.so[0m
[1.793s] [100%] [32m[1mLinking C shared library rosidl_generator_py/teleop_tools_msgs/teleop_tools_msgs_s__rosidl_typesupport_c.cpython-310-aarch64-linux-gnu.so[0m
[1.856s] [100%] Built target teleop_tools_msgs__rosidl_typesupport_fastrtps_c__pyext
[1.860s] [100%] Built target teleop_tools_msgs__rosidl_typesupport_introspection_c__pyext
[1.879s] [100%] Built target teleop_tools_msgs__rosidl_typesupport_c__pyext
