[0.047s] Invoking command in '/home/nvidia/f1tenth_ws/build/ros2_ouster': CMAKE_PREFIX_PATH=/home/nvidia/f1tenth_ws/install/ouster_msgs:/home/nvidia/f1tenth_ws/install/vesc:/home/nvidia/f1tenth_ws/install/vesc_driver:/home/nvidia/f1tenth_ws/install/vesc_ackermann:/home/nvidia/f1tenth_ws/install/vesc_msgs:/home/nvidia/f1tenth_ws/install/teleop_tools:/home/nvidia/f1tenth_ws/install/teleop_tools_msgs:/home/nvidia/f1tenth_ws/install/ros2_ouster:/home/nvidia/f1tenth_ws/install/realsense2_description:/home/nvidia/f1tenth_ws/install/realsense2_camera:/home/nvidia/f1tenth_ws/install/realsense2_camera_msgs:/home/nvidia/f1tenth_ws/install/fixposition_odometry_converter_ros2:/home/nvidia/f1tenth_ws/install/fixposition_driver_ros2:/home/nvidia/f1tenth_ws/install/fixposition_driver_lib:/home/nvidia/f1tenth_ws/install/fixposition_gnss_tf:/home/nvidia/f1tenth_ws/install/ackermann_mux:/home/nvidia/f1tenth_ws/install/f1tenth_stack:/home/nvidia/f1tenth_ws/install/joy_teleop:/home/nvidia/f1tenth_ws/install/mouse_teleop:/home/nvidia/f1tenth_ws/install/key_teleop:/opt/ros/humble LD_LIBRARY_PATH=/home/nvidia/f1tenth_ws/install/ouster_msgs/lib:/home/nvidia/f1tenth_ws/install/vesc_driver/lib:/home/nvidia/f1tenth_ws/install/vesc_ackermann/lib:/home/nvidia/f1tenth_ws/install/vesc_msgs/lib:/home/nvidia/f1tenth_ws/install/teleop_tools_msgs/lib:/home/nvidia/f1tenth_ws/install/ros2_ouster/lib:/home/nvidia/f1tenth_ws/install/realsense2_camera/lib:/home/nvidia/f1tenth_ws/install/realsense2_camera_msgs/lib:/home/nvidia/f1tenth_ws/install/fixposition_odometry_converter_ros2/lib:/home/nvidia/f1tenth_ws/install/fixposition_driver_ros2/lib:/home/nvidia/f1tenth_ws/install/fixposition_driver_lib/lib:/home/nvidia/f1tenth_ws/install/fixposition_gnss_tf/lib:/opt/ros/humble/opt/rviz_ogre_vendor/lib:/opt/ros/humble/lib/aarch64-linux-gnu:/opt/ros/humble/lib:/usr/local/cuda-12.2/lib64 /usr/bin/cmake --build /home/nvidia/f1tenth_ws/build/ros2_ouster -- -j6 -l6
[0.179s] [35m[1mConsolidate compiler generated dependencies of target ouster_driver_core[0m
[0.307s] [  7%] [32mBuilding CXX object CMakeFiles/ouster_driver_core.dir/src/ouster_driver.cpp.o[0m
[42.370s] [ 14%] [32m[1mLinking CXX shared library libouster_driver_core.so[0m
[42.887s] [ 71%] Built target ouster_driver_core
[42.979s] [ 78%] [32m[1mLinking CXX executable ouster_tins_driver[0m
[42.981s] [ 85%] [32m[1mLinking CXX executable ouster_driver[0m
[43.447s] [100%] Built target ouster_tins_driver
[43.447s] [100%] Built target ouster_driver
[43.480s] Invoked command in '/home/nvidia/f1tenth_ws/build/ros2_ouster' returned '0': CMAKE_PREFIX_PATH=/home/nvidia/f1tenth_ws/install/ouster_msgs:/home/nvidia/f1tenth_ws/install/vesc:/home/nvidia/f1tenth_ws/install/vesc_driver:/home/nvidia/f1tenth_ws/install/vesc_ackermann:/home/nvidia/f1tenth_ws/install/vesc_msgs:/home/nvidia/f1tenth_ws/install/teleop_tools:/home/nvidia/f1tenth_ws/install/teleop_tools_msgs:/home/nvidia/f1tenth_ws/install/ros2_ouster:/home/nvidia/f1tenth_ws/install/realsense2_description:/home/nvidia/f1tenth_ws/install/realsense2_camera:/home/nvidia/f1tenth_ws/install/realsense2_camera_msgs:/home/nvidia/f1tenth_ws/install/fixposition_odometry_converter_ros2:/home/nvidia/f1tenth_ws/install/fixposition_driver_ros2:/home/nvidia/f1tenth_ws/install/fixposition_driver_lib:/home/nvidia/f1tenth_ws/install/fixposition_gnss_tf:/home/nvidia/f1tenth_ws/install/ackermann_mux:/home/nvidia/f1tenth_ws/install/f1tenth_stack:/home/nvidia/f1tenth_ws/install/joy_teleop:/home/nvidia/f1tenth_ws/install/mouse_teleop:/home/nvidia/f1tenth_ws/install/key_teleop:/opt/ros/humble LD_LIBRARY_PATH=/home/nvidia/f1tenth_ws/install/ouster_msgs/lib:/home/nvidia/f1tenth_ws/install/vesc_driver/lib:/home/nvidia/f1tenth_ws/install/vesc_ackermann/lib:/home/nvidia/f1tenth_ws/install/vesc_msgs/lib:/home/nvidia/f1tenth_ws/install/teleop_tools_msgs/lib:/home/nvidia/f1tenth_ws/install/ros2_ouster/lib:/home/nvidia/f1tenth_ws/install/realsense2_camera/lib:/home/nvidia/f1tenth_ws/install/realsense2_camera_msgs/lib:/home/nvidia/f1tenth_ws/install/fixposition_odometry_converter_ros2/lib:/home/nvidia/f1tenth_ws/install/fixposition_driver_ros2/lib:/home/nvidia/f1tenth_ws/install/fixposition_driver_lib/lib:/home/nvidia/f1tenth_ws/install/fixposition_gnss_tf/lib:/opt/ros/humble/opt/rviz_ogre_vendor/lib:/opt/ros/humble/lib/aarch64-linux-gnu:/opt/ros/humble/lib:/usr/local/cuda-12.2/lib64 /usr/bin/cmake --build /home/nvidia/f1tenth_ws/build/ros2_ouster -- -j6 -l6
[43.620s] Invoking command in '/home/nvidia/f1tenth_ws/build/ros2_ouster': CMAKE_PREFIX_PATH=/home/nvidia/f1tenth_ws/install/ouster_msgs:/home/nvidia/f1tenth_ws/install/vesc:/home/nvidia/f1tenth_ws/install/vesc_driver:/home/nvidia/f1tenth_ws/install/vesc_ackermann:/home/nvidia/f1tenth_ws/install/vesc_msgs:/home/nvidia/f1tenth_ws/install/teleop_tools:/home/nvidia/f1tenth_ws/install/teleop_tools_msgs:/home/nvidia/f1tenth_ws/install/ros2_ouster:/home/nvidia/f1tenth_ws/install/realsense2_description:/home/nvidia/f1tenth_ws/install/realsense2_camera:/home/nvidia/f1tenth_ws/install/realsense2_camera_msgs:/home/nvidia/f1tenth_ws/install/fixposition_odometry_converter_ros2:/home/nvidia/f1tenth_ws/install/fixposition_driver_ros2:/home/nvidia/f1tenth_ws/install/fixposition_driver_lib:/home/nvidia/f1tenth_ws/install/fixposition_gnss_tf:/home/nvidia/f1tenth_ws/install/ackermann_mux:/home/nvidia/f1tenth_ws/install/f1tenth_stack:/home/nvidia/f1tenth_ws/install/joy_teleop:/home/nvidia/f1tenth_ws/install/mouse_teleop:/home/nvidia/f1tenth_ws/install/key_teleop:/opt/ros/humble LD_LIBRARY_PATH=/home/nvidia/f1tenth_ws/install/ouster_msgs/lib:/home/nvidia/f1tenth_ws/install/vesc_driver/lib:/home/nvidia/f1tenth_ws/install/vesc_ackermann/lib:/home/nvidia/f1tenth_ws/install/vesc_msgs/lib:/home/nvidia/f1tenth_ws/install/teleop_tools_msgs/lib:/home/nvidia/f1tenth_ws/install/ros2_ouster/lib:/home/nvidia/f1tenth_ws/install/realsense2_camera/lib:/home/nvidia/f1tenth_ws/install/realsense2_camera_msgs/lib:/home/nvidia/f1tenth_ws/install/fixposition_odometry_converter_ros2/lib:/home/nvidia/f1tenth_ws/install/fixposition_driver_ros2/lib:/home/nvidia/f1tenth_ws/install/fixposition_driver_lib/lib:/home/nvidia/f1tenth_ws/install/fixposition_gnss_tf/lib:/opt/ros/humble/opt/rviz_ogre_vendor/lib:/opt/ros/humble/lib/aarch64-linux-gnu:/opt/ros/humble/lib:/usr/local/cuda-12.2/lib64 /usr/bin/cmake --install /home/nvidia/f1tenth_ws/build/ros2_ouster
[43.640s] -- Install configuration: "Release"
[43.640s] -- Installing: /home/nvidia/f1tenth_ws/install/ros2_ouster/lib/ros2_ouster/ouster_driver
[43.641s] -- Set runtime path of "/home/nvidia/f1tenth_ws/install/ros2_ouster/lib/ros2_ouster/ouster_driver" to ""
[43.642s] -- Installing: /home/nvidia/f1tenth_ws/install/ros2_ouster/lib/ros2_ouster/ouster_tins_driver
[43.642s] -- Set runtime path of "/home/nvidia/f1tenth_ws/install/ros2_ouster/lib/ros2_ouster/ouster_tins_driver" to ""
[43.643s] -- Installing: /home/nvidia/f1tenth_ws/install/ros2_ouster/lib/libouster_driver_core.so
[43.647s] -- Set runtime path of "/home/nvidia/f1tenth_ws/install/ros2_ouster/lib/libouster_driver_core.so" to ""
[43.648s] -- Up-to-date: /home/nvidia/f1tenth_ws/install/ros2_ouster/include/
[43.648s] -- Up-to-date: /home/nvidia/f1tenth_ws/install/ros2_ouster/include//ros2_ouster
[43.648s] -- Up-to-date: /home/nvidia/f1tenth_ws/install/ros2_ouster/include//ros2_ouster/driver_types.hpp
[43.648s] -- Up-to-date: /home/nvidia/f1tenth_ws/install/ros2_ouster/include//ros2_ouster/ringbuffer.hpp
[43.649s] -- Up-to-date: /home/nvidia/f1tenth_ws/install/ros2_ouster/include//ros2_ouster/string_utils.hpp
[43.649s] -- Up-to-date: /home/nvidia/f1tenth_ws/install/ros2_ouster/include//ros2_ouster/client
[43.649s] -- Up-to-date: /home/nvidia/f1tenth_ws/install/ros2_ouster/include//ros2_ouster/client/viz
[43.649s] -- Up-to-date: /home/nvidia/f1tenth_ws/install/ros2_ouster/include//ros2_ouster/client/viz/beam_uniformity.h
[43.650s] -- Up-to-date: /home/nvidia/f1tenth_ws/install/ros2_ouster/include//ros2_ouster/client/viz/autoexposure.h
[43.650s] -- Up-to-date: /home/nvidia/f1tenth_ws/install/ros2_ouster/include//ros2_ouster/client/impl
[43.650s] -- Up-to-date: /home/nvidia/f1tenth_ws/install/ros2_ouster/include//ros2_ouster/client/impl/parsing.h
[43.650s] -- Up-to-date: /home/nvidia/f1tenth_ws/install/ros2_ouster/include//ros2_ouster/client/impl/netcompat.h
[43.650s] -- Up-to-date: /home/nvidia/f1tenth_ws/install/ros2_ouster/include//ros2_ouster/client/lidar_scan.h
[43.650s] -- Up-to-date: /home/nvidia/f1tenth_ws/install/ros2_ouster/include//ros2_ouster/client/types.h
[43.651s] -- Up-to-date: /home/nvidia/f1tenth_ws/install/ros2_ouster/include//ros2_ouster/client/client.h
[43.651s] -- Up-to-date: /home/nvidia/f1tenth_ws/install/ros2_ouster/include//ros2_ouster/client/point.h
[43.651s] -- Up-to-date: /home/nvidia/f1tenth_ws/install/ros2_ouster/include//ros2_ouster/client/version.h
[43.651s] -- Up-to-date: /home/nvidia/f1tenth_ws/install/ros2_ouster/include//ros2_ouster/client/optional-lite
[43.651s] -- Up-to-date: /home/nvidia/f1tenth_ws/install/ros2_ouster/include//ros2_ouster/client/optional-lite/LICENSE.txt
[43.652s] -- Up-to-date: /home/nvidia/f1tenth_ws/install/ros2_ouster/include//ros2_ouster/client/optional-lite/optional.hpp
[43.652s] -- Up-to-date: /home/nvidia/f1tenth_ws/install/ros2_ouster/include//ros2_ouster/sensor.hpp
[43.652s] -- Up-to-date: /home/nvidia/f1tenth_ws/install/ros2_ouster/include//ros2_ouster/ros2_utils.hpp
[43.652s] -- Up-to-date: /home/nvidia/f1tenth_ws/install/ros2_ouster/include//ros2_ouster/conversions.hpp
[43.652s] -- Up-to-date: /home/nvidia/f1tenth_ws/install/ros2_ouster/include//ros2_ouster/full_rotation_accumulator.hpp
[43.652s] -- Up-to-date: /home/nvidia/f1tenth_ws/install/ros2_ouster/include//ros2_ouster/sensor_tins.hpp
[43.653s] -- Up-to-date: /home/nvidia/f1tenth_ws/install/ros2_ouster/include//ros2_ouster/processors
[43.653s] -- Up-to-date: /home/nvidia/f1tenth_ws/install/ros2_ouster/include//ros2_ouster/processors/imu_processor.hpp
[43.653s] -- Up-to-date: /home/nvidia/f1tenth_ws/install/ros2_ouster/include//ros2_ouster/processors/scan_processor.hpp
[43.653s] -- Up-to-date: /home/nvidia/f1tenth_ws/install/ros2_ouster/include//ros2_ouster/processors/processor_factories.hpp
[43.653s] -- Up-to-date: /home/nvidia/f1tenth_ws/install/ros2_ouster/include//ros2_ouster/processors/pointcloud_processor.hpp
[43.653s] -- Up-to-date: /home/nvidia/f1tenth_ws/install/ros2_ouster/include//ros2_ouster/processors/image_processor.hpp
[43.653s] -- Up-to-date: /home/nvidia/f1tenth_ws/install/ros2_ouster/include//ros2_ouster/ouster_driver.hpp
[43.654s] -- Up-to-date: /home/nvidia/f1tenth_ws/install/ros2_ouster/include//ros2_ouster/interfaces
[43.654s] -- Up-to-date: /home/nvidia/f1tenth_ws/install/ros2_ouster/include//ros2_ouster/interfaces/configuration.hpp
[43.654s] -- Up-to-date: /home/nvidia/f1tenth_ws/install/ros2_ouster/include//ros2_ouster/interfaces/metadata.hpp
[43.654s] -- Up-to-date: /home/nvidia/f1tenth_ws/install/ros2_ouster/include//ros2_ouster/interfaces/data_processor_interface.hpp
[43.654s] -- Up-to-date: /home/nvidia/f1tenth_ws/install/ros2_ouster/include//ros2_ouster/interfaces/sensor_interface.hpp
[43.654s] -- Up-to-date: /home/nvidia/f1tenth_ws/install/ros2_ouster/include//ros2_ouster/interfaces/lifecycle_interface.hpp
[43.654s] -- Up-to-date: /home/nvidia/f1tenth_ws/install/ros2_ouster/include//ros2_ouster/exception.hpp
[43.654s] -- Up-to-date: /home/nvidia/f1tenth_ws/install/ros2_ouster/share/ros2_ouster/launch
[43.655s] -- Installing: /home/nvidia/f1tenth_ws/install/ros2_ouster/share/ros2_ouster/launch/driver_launch.py
[43.655s] -- Up-to-date: /home/nvidia/f1tenth_ws/install/ros2_ouster/share/ros2_ouster/launch/tins_driver_launch.py
[43.655s] -- Up-to-date: /home/nvidia/f1tenth_ws/install/ros2_ouster/share/ros2_ouster/params
[43.655s] -- Up-to-date: /home/nvidia/f1tenth_ws/install/ros2_ouster/share/ros2_ouster/params/ouster_os0128_2048_metadata.json
[43.655s] -- Up-to-date: /home/nvidia/f1tenth_ws/install/ros2_ouster/share/ros2_ouster/params/tins_driver_config.yaml
[43.656s] -- Up-to-date: /home/nvidia/f1tenth_ws/install/ros2_ouster/share/ros2_ouster/params/ouster_os0128_1024_metadata.json
[43.656s] -- Up-to-date: /home/nvidia/f1tenth_ws/install/ros2_ouster/share/ros2_ouster/params/driver_config.yaml
[43.657s] -- Up-to-date: /home/nvidia/f1tenth_ws/install/ros2_ouster/share/ros2_ouster/environment/library_path.sh
[43.659s] -- Up-to-date: /home/nvidia/f1tenth_ws/install/ros2_ouster/share/ros2_ouster/environment/library_path.dsv
[43.659s] -- Up-to-date: /home/nvidia/f1tenth_ws/install/ros2_ouster/share/ament_index/resource_index/package_run_dependencies/ros2_ouster
[43.660s] -- Up-to-date: /home/nvidia/f1tenth_ws/install/ros2_ouster/share/ament_index/resource_index/parent_prefix_path/ros2_ouster
[43.660s] -- Up-to-date: /home/nvidia/f1tenth_ws/install/ros2_ouster/share/ros2_ouster/environment/ament_prefix_path.sh
[43.660s] -- Up-to-date: /home/nvidia/f1tenth_ws/install/ros2_ouster/share/ros2_ouster/environment/ament_prefix_path.dsv
[43.661s] -- Up-to-date: /home/nvidia/f1tenth_ws/install/ros2_ouster/share/ros2_ouster/environment/path.sh
[43.661s] -- Up-to-date: /home/nvidia/f1tenth_ws/install/ros2_ouster/share/ros2_ouster/environment/path.dsv
[43.662s] -- Up-to-date: /home/nvidia/f1tenth_ws/install/ros2_ouster/share/ros2_ouster/local_setup.bash
[43.662s] -- Up-to-date: /home/nvidia/f1tenth_ws/install/ros2_ouster/share/ros2_ouster/local_setup.sh
[43.663s] -- Up-to-date: /home/nvidia/f1tenth_ws/install/ros2_ouster/share/ros2_ouster/local_setup.zsh
[43.663s] -- Up-to-date: /home/nvidia/f1tenth_ws/install/ros2_ouster/share/ros2_ouster/local_setup.dsv
[43.664s] -- Installing: /home/nvidia/f1tenth_ws/install/ros2_ouster/share/ros2_ouster/package.dsv
[43.664s] -- Up-to-date: /home/nvidia/f1tenth_ws/install/ros2_ouster/share/ament_index/resource_index/packages/ros2_ouster
[43.665s] -- Up-to-date: /home/nvidia/f1tenth_ws/install/ros2_ouster/share/ament_index/resource_index/rclcpp_components/ros2_ouster
[43.665s] -- Up-to-date: /home/nvidia/f1tenth_ws/install/ros2_ouster/share/ros2_ouster/cmake/ament_cmake_export_include_directories-extras.cmake
[43.665s] -- Up-to-date: /home/nvidia/f1tenth_ws/install/ros2_ouster/share/ros2_ouster/cmake/ament_cmake_export_libraries-extras.cmake
[43.666s] -- Up-to-date: /home/nvidia/f1tenth_ws/install/ros2_ouster/share/ros2_ouster/cmake/ament_cmake_export_dependencies-extras.cmake
[43.666s] -- Up-to-date: /home/nvidia/f1tenth_ws/install/ros2_ouster/share/ros2_ouster/cmake/ros2_ousterConfig.cmake
[43.666s] -- Up-to-date: /home/nvidia/f1tenth_ws/install/ros2_ouster/share/ros2_ouster/cmake/ros2_ousterConfig-version.cmake
[43.667s] -- Up-to-date: /home/nvidia/f1tenth_ws/install/ros2_ouster/share/ros2_ouster/package.xml
[43.667s] Invoked command in '/home/nvidia/f1tenth_ws/build/ros2_ouster' returned '0': CMAKE_PREFIX_PATH=/home/nvidia/f1tenth_ws/install/ouster_msgs:/home/nvidia/f1tenth_ws/install/vesc:/home/nvidia/f1tenth_ws/install/vesc_driver:/home/nvidia/f1tenth_ws/install/vesc_ackermann:/home/nvidia/f1tenth_ws/install/vesc_msgs:/home/nvidia/f1tenth_ws/install/teleop_tools:/home/nvidia/f1tenth_ws/install/teleop_tools_msgs:/home/nvidia/f1tenth_ws/install/ros2_ouster:/home/nvidia/f1tenth_ws/install/realsense2_description:/home/nvidia/f1tenth_ws/install/realsense2_camera:/home/nvidia/f1tenth_ws/install/realsense2_camera_msgs:/home/nvidia/f1tenth_ws/install/fixposition_odometry_converter_ros2:/home/nvidia/f1tenth_ws/install/fixposition_driver_ros2:/home/nvidia/f1tenth_ws/install/fixposition_driver_lib:/home/nvidia/f1tenth_ws/install/fixposition_gnss_tf:/home/nvidia/f1tenth_ws/install/ackermann_mux:/home/nvidia/f1tenth_ws/install/f1tenth_stack:/home/nvidia/f1tenth_ws/install/joy_teleop:/home/nvidia/f1tenth_ws/install/mouse_teleop:/home/nvidia/f1tenth_ws/install/key_teleop:/opt/ros/humble LD_LIBRARY_PATH=/home/nvidia/f1tenth_ws/install/ouster_msgs/lib:/home/nvidia/f1tenth_ws/install/vesc_driver/lib:/home/nvidia/f1tenth_ws/install/vesc_ackermann/lib:/home/nvidia/f1tenth_ws/install/vesc_msgs/lib:/home/nvidia/f1tenth_ws/install/teleop_tools_msgs/lib:/home/nvidia/f1tenth_ws/install/ros2_ouster/lib:/home/nvidia/f1tenth_ws/install/realsense2_camera/lib:/home/nvidia/f1tenth_ws/install/realsense2_camera_msgs/lib:/home/nvidia/f1tenth_ws/install/fixposition_odometry_converter_ros2/lib:/home/nvidia/f1tenth_ws/install/fixposition_driver_ros2/lib:/home/nvidia/f1tenth_ws/install/fixposition_driver_lib/lib:/home/nvidia/f1tenth_ws/install/fixposition_gnss_tf/lib:/opt/ros/humble/opt/rviz_ogre_vendor/lib:/opt/ros/humble/lib/aarch64-linux-gnu:/opt/ros/humble/lib:/usr/local/cuda-12.2/lib64 /usr/bin/cmake --install /home/nvidia/f1tenth_ws/build/ros2_ouster
