[0.061s] Invoking command in '/home/nvidia/f1tenth_ws/build/realsense2_camera_msgs': CMAKE_PREFIX_PATH=${CMAKE_PREFIX_PATH}:/home/nvidia/f1tenth_ws/install/f1tenth_stack:/home/nvidia/f1tenth_ws/install/joy_teleop:/home/nvidia/f1tenth_ws/install/mouse_teleop:/home/nvidia/f1tenth_ws/install/key_teleop:/opt/ros/humble /usr/bin/cmake --build /home/nvidia/f1tenth_ws/build/realsense2_camera_msgs -- -j6 -l6
[0.250s] [  1%] Built target realsense2_camera_msgs__cpp
[0.258s] [ 12%] Built target realsense2_camera_msgs__rosidl_generator_c
[0.259s] failed to create symbolic link '/home/nvidia/f1tenth_ws/build/realsense2_camera_msgs/ament_cmake_python/realsense2_camera_msgs/realsense2_camera_msgs' because existing path cannot be removed: Is a directory
[0.262s] gmake[2]: *** [CMakeFiles/ament_cmake_python_symlink_realsense2_camera_msgs.dir/build.make:70: CMakeFiles/ament_cmake_python_symlink_realsense2_camera_msgs] Error 1
[0.265s] gmake[1]: *** [CMakeFiles/Makefile2:421: CMakeFiles/ament_cmake_python_symlink_realsense2_camera_msgs.dir/all] Error 2
[0.265s] gmake[1]: *** Waiting for unfinished jobs....
[0.282s] [35m[1mConsolidate compiler generated dependencies of target realsense2_camera_msgs__rosidl_typesupport_cpp[0m
[0.283s] [35m[1mConsolidate compiler generated dependencies of target realsense2_camera_msgs__rosidl_typesupport_fastrtps_cpp[0m
[0.298s] [35m[1mConsolidate compiler generated dependencies of target realsense2_camera_msgs__rosidl_typesupport_fastrtps_c[0m
[0.301s] [35m[1mConsolidate compiler generated dependencies of target realsense2_camera_msgs__rosidl_typesupport_introspection_cpp[0m
[0.319s] [35m[1mConsolidate compiler generated dependencies of target realsense2_camera_msgs__rosidl_typesupport_introspection_c[0m
[0.322s] [ 23%] Built target realsense2_camera_msgs__rosidl_typesupport_cpp
[0.331s] [ 25%] [32mBuilding CXX object CMakeFiles/realsense2_camera_msgs__rosidl_typesupport_fastrtps_cpp.dir/rosidl_typesupport_fastrtps_cpp/realsense2_camera_msgs/msg/detail/dds_fastrtps/extrinsics__type_support.cpp.o[0m
[0.335s] [ 26%] [32mBuilding CXX object CMakeFiles/realsense2_camera_msgs__rosidl_typesupport_fastrtps_cpp.dir/rosidl_typesupport_fastrtps_cpp/realsense2_camera_msgs/msg/detail/dds_fastrtps/imu_info__type_support.cpp.o[0m
[0.343s] [ 28%] [32mBuilding CXX object CMakeFiles/realsense2_camera_msgs__rosidl_typesupport_introspection_cpp.dir/rosidl_typesupport_introspection_cpp/realsense2_camera_msgs/msg/detail/imu_info__type_support.cpp.o[0m
[0.350s] [ 30%] [32mBuilding C object CMakeFiles/realsense2_camera_msgs__rosidl_typesupport_introspection_c.dir/rosidl_typesupport_introspection_c/realsense2_camera_msgs/msg/detail/imu_info__type_support.c.o[0m
[0.359s] [ 33%] [32mBuilding CXX object CMakeFiles/realsense2_camera_msgs__rosidl_typesupport_fastrtps_cpp.dir/rosidl_typesupport_fastrtps_cpp/realsense2_camera_msgs/msg/detail/dds_fastrtps/metadata__type_support.cpp.o[0m
[0.359s] [ 33%] [32mBuilding CXX object CMakeFiles/realsense2_camera_msgs__rosidl_typesupport_fastrtps_c.dir/rosidl_typesupport_fastrtps_c/realsense2_camera_msgs/msg/detail/imu_info__type_support_c.cpp.o[0m
[0.571s] [ 34%] [32mBuilding C object CMakeFiles/realsense2_camera_msgs__rosidl_typesupport_introspection_c.dir/rosidl_typesupport_introspection_c/realsense2_camera_msgs/msg/detail/extrinsics__type_support.c.o[0m
[0.880s] [ 36%] [32mBuilding C object CMakeFiles/realsense2_camera_msgs__rosidl_typesupport_introspection_c.dir/rosidl_typesupport_introspection_c/realsense2_camera_msgs/msg/detail/metadata__type_support.c.o[0m
[1.089s] [ 38%] [32mBuilding C object CMakeFiles/realsense2_camera_msgs__rosidl_typesupport_introspection_c.dir/rosidl_typesupport_introspection_c/realsense2_camera_msgs/msg/detail/rgbd__type_support.c.o[0m
[1.263s] [ 39%] [32mBuilding C object CMakeFiles/realsense2_camera_msgs__rosidl_typesupport_introspection_c.dir/rosidl_typesupport_introspection_c/realsense2_camera_msgs/srv/detail/device_info__type_support.c.o[0m
[1.432s] [ 41%] [32m[1mLinking C shared library librealsense2_camera_msgs__rosidl_typesupport_introspection_c.so[0m
[1.495s] [ 42%] [32mBuilding CXX object CMakeFiles/realsense2_camera_msgs__rosidl_typesupport_fastrtps_cpp.dir/rosidl_typesupport_fastrtps_cpp/realsense2_camera_msgs/msg/detail/dds_fastrtps/rgbd__type_support.cpp.o[0m
[1.628s] [ 44%] Built target realsense2_camera_msgs__rosidl_typesupport_introspection_c
[1.697s] [ 46%] [32mBuilding CXX object CMakeFiles/realsense2_camera_msgs__rosidl_typesupport_introspection_cpp.dir/rosidl_typesupport_introspection_cpp/realsense2_camera_msgs/msg/detail/extrinsics__type_support.cpp.o[0m
[1.717s] [ 47%] [32mBuilding CXX object CMakeFiles/realsense2_camera_msgs__rosidl_typesupport_introspection_cpp.dir/rosidl_typesupport_introspection_cpp/realsense2_camera_msgs/msg/detail/metadata__type_support.cpp.o[0m
[1.823s] [ 49%] [32mBuilding CXX object CMakeFiles/realsense2_camera_msgs__rosidl_typesupport_introspection_cpp.dir/rosidl_typesupport_introspection_cpp/realsense2_camera_msgs/msg/detail/rgbd__type_support.cpp.o[0m
[1.846s] [ 50%] [32mBuilding CXX object CMakeFiles/realsense2_camera_msgs__rosidl_typesupport_fastrtps_cpp.dir/rosidl_typesupport_fastrtps_cpp/realsense2_camera_msgs/srv/detail/dds_fastrtps/device_info__type_support.cpp.o[0m
[1.874s] [ 52%] [32mBuilding CXX object CMakeFiles/realsense2_camera_msgs__rosidl_typesupport_fastrtps_c.dir/rosidl_typesupport_fastrtps_c/realsense2_camera_msgs/msg/detail/extrinsics__type_support_c.cpp.o[0m
[2.769s] [ 53%] [32mBuilding CXX object CMakeFiles/realsense2_camera_msgs__rosidl_typesupport_fastrtps_c.dir/rosidl_typesupport_fastrtps_c/realsense2_camera_msgs/msg/detail/metadata__type_support_c.cpp.o[0m
[2.829s] [ 55%] [32mBuilding CXX object CMakeFiles/realsense2_camera_msgs__rosidl_typesupport_introspection_cpp.dir/rosidl_typesupport_introspection_cpp/realsense2_camera_msgs/srv/detail/device_info__type_support.cpp.o[0m
[2.876s] [ 57%] [32mBuilding CXX object CMakeFiles/realsense2_camera_msgs__rosidl_typesupport_fastrtps_c.dir/rosidl_typesupport_fastrtps_c/realsense2_camera_msgs/msg/detail/rgbd__type_support_c.cpp.o[0m
[3.017s] [ 58%] [32mBuilding CXX object CMakeFiles/realsense2_camera_msgs__rosidl_typesupport_fastrtps_c.dir/rosidl_typesupport_fastrtps_c/realsense2_camera_msgs/srv/detail/device_info__type_support_c.cpp.o[0m
[3.438s] [ 60%] [32m[1mLinking CXX shared library librealsense2_camera_msgs__rosidl_typesupport_fastrtps_cpp.so[0m
[3.622s] [ 61%] Built target realsense2_camera_msgs__rosidl_typesupport_fastrtps_cpp
[3.788s] [ 63%] [32m[1mLinking CXX shared library librealsense2_camera_msgs__rosidl_typesupport_introspection_cpp.so[0m
[3.929s] [ 65%] Built target realsense2_camera_msgs__rosidl_typesupport_introspection_cpp
[4.194s] [ 66%] [32m[1mLinking CXX shared library librealsense2_camera_msgs__rosidl_typesupport_fastrtps_c.so[0m
[4.357s] [ 68%] Built target realsense2_camera_msgs__rosidl_typesupport_fastrtps_c
[4.359s] gmake: *** [Makefile:146: all] Error 2
