[0.674s] Invoking command in '/home/nvidia/f1tenth_ws/build/fixposition_odometry_converter_ros1': /usr/bin/cmake /home/nvidia/f1tenth_ws/src/fixposition_driver/fixposition_odometry_converter_ros1 -DCATKIN_INSTALL_INTO_PREFIX_ROOT=0 -DCMAKE_INSTALL_PREFIX=/home/nvidia/f1tenth_ws/install/fixposition_odometry_converter_ros1
[0.721s] [31mCMake Error at CMakeLists.txt:13 (find_package):
[0.722s]   By not providing "Findcatkin.cmake" in CMAKE_MODULE_PATH this project has
[0.722s]   asked CMake to find a package configuration file provided by "catkin", but
[0.722s]   CMake did not find one.
[0.722s] 
[0.722s]   Could not find a package configuration file provided by "catkin" with any
[0.722s]   of the following names:
[0.722s] 
[0.723s]     catkinConfig.cmake
[0.723s]     catkin-config.cmake
[0.723s] 
[0.723s]   Add the installation prefix of "catkin" to CMAKE_PREFIX_PATH or set
[0.723s]   "catkin_DIR" to a directory containing one of the above files.  If "catkin"
[0.723s]   provides a separate development package or SDK, be sure it has been
[0.723s]   installed.
[0.723s] 
[0.727s] [0m
[0.727s] -- Configuring incomplete, errors occurred!
[0.727s] See also "/home/nvidia/f1tenth_ws/build/fixposition_odometry_converter_ros1/CMakeFiles/CMakeOutput.log".
[0.751s] Invoked command in '/home/nvidia/f1tenth_ws/build/fixposition_odometry_converter_ros1' returned '1': /usr/bin/cmake /home/nvidia/f1tenth_ws/src/fixposition_driver/fixposition_odometry_converter_ros1 -DCATKIN_INSTALL_INTO_PREFIX_ROOT=0 -DCMAKE_INSTALL_PREFIX=/home/nvidia/f1tenth_ws/install/fixposition_odometry_converter_ros1
