[0.050s] Invoking command in '/home/nvidia/f1tenth_ws/build/teleop_tools_msgs': CMAKE_PREFIX_PATH=/opt/ros/humble /usr/bin/cmake --build /home/nvidia/f1tenth_ws/build/teleop_tools_msgs -- -j6 -l6
[0.717s] [  9%] Built target teleop_tools_msgs__rosidl_generator_c
[0.717s] [ 12%] Built target teleop_tools_msgs__cpp
[0.717s] [ 12%] Built target ament_cmake_python_copy_teleop_tools_msgs
[0.717s] [ 22%] Built target teleop_tools_msgs__rosidl_typesupport_introspection_c
[0.717s] [ 32%] Built target teleop_tools_msgs__rosidl_typesupport_fastrtps_c
[0.717s] [ 41%] Built target teleop_tools_msgs__rosidl_typesupport_introspection_cpp
[0.718s] [ 51%] Built target teleop_tools_msgs__rosidl_typesupport_fastrtps_cpp
[0.718s] [ 61%] Built target teleop_tools_msgs__rosidl_typesupport_c
[0.718s] [ 70%] Built target teleop_tools_msgs__rosidl_typesupport_cpp
[0.718s] [ 70%] Built target teleop_tools_msgs
[0.718s] [ 74%] Built target teleop_tools_msgs__py
[0.718s] [ 80%] Built target teleop_tools_msgs__rosidl_generator_py
[0.718s] [ 87%] Built target teleop_tools_msgs__rosidl_typesupport_c__pyext
[0.718s] [ 93%] Built target teleop_tools_msgs__rosidl_typesupport_fastrtps_c__pyext
[0.718s] [100%] Built target teleop_tools_msgs__rosidl_typesupport_introspection_c__pyext
[0.852s] running egg_info
[0.854s] writing teleop_tools_msgs.egg-info/PKG-INFO
[0.858s] writing dependency_links to teleop_tools_msgs.egg-info/dependency_links.txt
[0.858s] writing top-level names to teleop_tools_msgs.egg-info/top_level.txt
[0.860s] reading manifest file 'teleop_tools_msgs.egg-info/SOURCES.txt'
[0.862s] writing manifest file 'teleop_tools_msgs.egg-info/SOURCES.txt'
[0.937s] [100%] Built target ament_cmake_python_build_teleop_tools_msgs_egg
