[0.074s] Invoking command in '/home/nvidia/f1tenth_ws/build/teleop_tools_msgs': CMAKE_PREFIX_PATH=${CMAKE_PREFIX_PATH}:/home/nvidia/f1tenth_ws/install/f1tenth_stack:/home/nvidia/f1tenth_ws/install/joy_teleop:/home/nvidia/f1tenth_ws/install/mouse_teleop:/home/nvidia/f1tenth_ws/install/key_teleop:/opt/ros/humble /usr/bin/cmake --build /home/nvidia/f1tenth_ws/build/teleop_tools_msgs -- -j6 -l6
[0.273s] [  3%] Built target teleop_tools_msgs__cpp
[0.286s] [ 12%] Built target teleop_tools_msgs__rosidl_generator_c
[0.327s] [ 12%] Built target ament_cmake_python_copy_teleop_tools_msgs
[0.408s] [ 22%] Built target teleop_tools_msgs__rosidl_typesupport_cpp
[0.426s] [ 32%] Built target teleop_tools_msgs__rosidl_typesupport_introspection_cpp
[0.443s] [ 41%] Built target teleop_tools_msgs__rosidl_typesupport_fastrtps_cpp
[0.487s] [ 51%] Built target teleop_tools_msgs__rosidl_typesupport_introspection_c
[0.509s] [ 61%] Built target teleop_tools_msgs__rosidl_typesupport_fastrtps_c
[0.521s] [ 70%] Built target teleop_tools_msgs__rosidl_typesupport_c
[0.624s] [ 70%] Built target teleop_tools_msgs
[0.752s] [ 74%] Built target teleop_tools_msgs__py
[0.896s] [ 80%] Built target teleop_tools_msgs__rosidl_generator_py
[1.004s] [ 87%] Built target teleop_tools_msgs__rosidl_typesupport_fastrtps_c__pyext
[1.004s] [ 93%] Built target teleop_tools_msgs__rosidl_typesupport_introspection_c__pyext
[1.024s] [100%] Built target teleop_tools_msgs__rosidl_typesupport_c__pyext
[1.226s] running egg_info
[1.227s] writing teleop_tools_msgs.egg-info/PKG-INFO
[1.228s] writing dependency_links to teleop_tools_msgs.egg-info/dependency_links.txt
[1.228s] writing top-level names to teleop_tools_msgs.egg-info/top_level.txt
[1.237s] reading manifest file 'teleop_tools_msgs.egg-info/SOURCES.txt'
[1.239s] writing manifest file 'teleop_tools_msgs.egg-info/SOURCES.txt'
[1.343s] [100%] Built target ament_cmake_python_build_teleop_tools_msgs_egg
[1.419s] Invoked command in '/home/nvidia/f1tenth_ws/build/teleop_tools_msgs' returned '0': CMAKE_PREFIX_PATH=${CMAKE_PREFIX_PATH}:/home/nvidia/f1tenth_ws/install/f1tenth_stack:/home/nvidia/f1tenth_ws/install/joy_teleop:/home/nvidia/f1tenth_ws/install/mouse_teleop:/home/nvidia/f1tenth_ws/install/key_teleop:/opt/ros/humble /usr/bin/cmake --build /home/nvidia/f1tenth_ws/build/teleop_tools_msgs -- -j6 -l6
[1.765s] Invoking command in '/home/nvidia/f1tenth_ws/build/teleop_tools_msgs': CMAKE_PREFIX_PATH=${CMAKE_PREFIX_PATH}:/home/nvidia/f1tenth_ws/install/f1tenth_stack:/home/nvidia/f1tenth_ws/install/joy_teleop:/home/nvidia/f1tenth_ws/install/mouse_teleop:/home/nvidia/f1tenth_ws/install/key_teleop:/opt/ros/humble /usr/bin/cmake --install /home/nvidia/f1tenth_ws/build/teleop_tools_msgs
[1.786s] -- Install configuration: ""
[1.786s] -- Up-to-date: /home/nvidia/f1tenth_ws/install/teleop_tools_msgs/share/ament_index/resource_index/rosidl_interfaces/teleop_tools_msgs
[1.796s] -- Up-to-date: /home/nvidia/f1tenth_ws/install/teleop_tools_msgs/include/teleop_tools_msgs/teleop_tools_msgs
[1.796s] -- Up-to-date: /home/nvidia/f1tenth_ws/install/teleop_tools_msgs/include/teleop_tools_msgs/teleop_tools_msgs/action
[1.797s] -- Up-to-date: /home/nvidia/f1tenth_ws/install/teleop_tools_msgs/include/teleop_tools_msgs/teleop_tools_msgs/action/detail
[1.797s] -- Up-to-date: /home/nvidia/f1tenth_ws/install/teleop_tools_msgs/include/teleop_tools_msgs/teleop_tools_msgs/action/detail/increment__type_support.h
[1.797s] -- Up-to-date: /home/nvidia/f1tenth_ws/install/teleop_tools_msgs/include/teleop_tools_msgs/teleop_tools_msgs/action/detail/increment__functions.c
[1.798s] -- Up-to-date: /home/nvidia/f1tenth_ws/install/teleop_tools_msgs/include/teleop_tools_msgs/teleop_tools_msgs/action/detail/increment__functions.h
[1.799s] -- Up-to-date: /home/nvidia/f1tenth_ws/install/teleop_tools_msgs/include/teleop_tools_msgs/teleop_tools_msgs/action/detail/increment__struct.h
[1.799s] -- Up-to-date: /home/nvidia/f1tenth_ws/install/teleop_tools_msgs/include/teleop_tools_msgs/teleop_tools_msgs/action/increment.h
[1.799s] -- Up-to-date: /home/nvidia/f1tenth_ws/install/teleop_tools_msgs/include/teleop_tools_msgs/teleop_tools_msgs/msg
[1.799s] -- Up-to-date: /home/nvidia/f1tenth_ws/install/teleop_tools_msgs/include/teleop_tools_msgs/teleop_tools_msgs/msg/rosidl_generator_c__visibility_control.h
[1.799s] -- Up-to-date: /home/nvidia/f1tenth_ws/install/teleop_tools_msgs/share/teleop_tools_msgs/environment/library_path.sh
[1.800s] -- Up-to-date: /home/nvidia/f1tenth_ws/install/teleop_tools_msgs/share/teleop_tools_msgs/environment/library_path.dsv
[1.800s] -- Up-to-date: /home/nvidia/f1tenth_ws/install/teleop_tools_msgs/lib/libteleop_tools_msgs__rosidl_generator_c.so
[1.800s] -- Up-to-date: /home/nvidia/f1tenth_ws/install/teleop_tools_msgs/include/teleop_tools_msgs/teleop_tools_msgs
[1.800s] -- Up-to-date: /home/nvidia/f1tenth_ws/install/teleop_tools_msgs/include/teleop_tools_msgs/teleop_tools_msgs/action
[1.800s] -- Up-to-date: /home/nvidia/f1tenth_ws/install/teleop_tools_msgs/include/teleop_tools_msgs/teleop_tools_msgs/action/detail
[1.800s] -- Up-to-date: /home/nvidia/f1tenth_ws/install/teleop_tools_msgs/include/teleop_tools_msgs/teleop_tools_msgs/action/detail/increment__rosidl_typesupport_fastrtps_c.h
[1.800s] -- Up-to-date: /home/nvidia/f1tenth_ws/install/teleop_tools_msgs/include/teleop_tools_msgs/teleop_tools_msgs/msg
[1.801s] -- Up-to-date: /home/nvidia/f1tenth_ws/install/teleop_tools_msgs/include/teleop_tools_msgs/teleop_tools_msgs/msg/rosidl_typesupport_fastrtps_c__visibility_control.h
[1.801s] -- Up-to-date: /home/nvidia/f1tenth_ws/install/teleop_tools_msgs/lib/libteleop_tools_msgs__rosidl_typesupport_fastrtps_c.so
[1.801s] -- Up-to-date: /home/nvidia/f1tenth_ws/install/teleop_tools_msgs/include/teleop_tools_msgs/teleop_tools_msgs
[1.801s] -- Up-to-date: /home/nvidia/f1tenth_ws/install/teleop_tools_msgs/include/teleop_tools_msgs/teleop_tools_msgs/action
[1.801s] -- Up-to-date: /home/nvidia/f1tenth_ws/install/teleop_tools_msgs/include/teleop_tools_msgs/teleop_tools_msgs/action/detail
[1.805s] -- Up-to-date: /home/nvidia/f1tenth_ws/install/teleop_tools_msgs/include/teleop_tools_msgs/teleop_tools_msgs/action/detail/increment__rosidl_typesupport_introspection_c.h
[1.810s] -- Up-to-date: /home/nvidia/f1tenth_ws/install/teleop_tools_msgs/include/teleop_tools_msgs/teleop_tools_msgs/action/detail/increment__type_support.c
[1.810s] -- Up-to-date: /home/nvidia/f1tenth_ws/install/teleop_tools_msgs/include/teleop_tools_msgs/teleop_tools_msgs/msg
[1.811s] -- Up-to-date: /home/nvidia/f1tenth_ws/install/teleop_tools_msgs/include/teleop_tools_msgs/teleop_tools_msgs/msg/rosidl_typesupport_introspection_c__visibility_control.h
[1.811s] -- Up-to-date: /home/nvidia/f1tenth_ws/install/teleop_tools_msgs/lib/libteleop_tools_msgs__rosidl_typesupport_introspection_c.so
[1.811s] -- Up-to-date: /home/nvidia/f1tenth_ws/install/teleop_tools_msgs/lib/libteleop_tools_msgs__rosidl_typesupport_c.so
[1.811s] -- Up-to-date: /home/nvidia/f1tenth_ws/install/teleop_tools_msgs/include/teleop_tools_msgs/teleop_tools_msgs
[1.811s] -- Up-to-date: /home/nvidia/f1tenth_ws/install/teleop_tools_msgs/include/teleop_tools_msgs/teleop_tools_msgs/action
[1.811s] -- Up-to-date: /home/nvidia/f1tenth_ws/install/teleop_tools_msgs/include/teleop_tools_msgs/teleop_tools_msgs/action/detail
[1.812s] -- Up-to-date: /home/nvidia/f1tenth_ws/install/teleop_tools_msgs/include/teleop_tools_msgs/teleop_tools_msgs/action/detail/increment__builder.hpp
[1.812s] -- Up-to-date: /home/nvidia/f1tenth_ws/install/teleop_tools_msgs/include/teleop_tools_msgs/teleop_tools_msgs/action/detail/increment__struct.hpp
[1.812s] -- Up-to-date: /home/nvidia/f1tenth_ws/install/teleop_tools_msgs/include/teleop_tools_msgs/teleop_tools_msgs/action/detail/increment__traits.hpp
[1.812s] -- Up-to-date: /home/nvidia/f1tenth_ws/install/teleop_tools_msgs/include/teleop_tools_msgs/teleop_tools_msgs/action/increment.hpp
[1.812s] -- Up-to-date: /home/nvidia/f1tenth_ws/install/teleop_tools_msgs/include/teleop_tools_msgs/teleop_tools_msgs
[1.813s] -- Up-to-date: /home/nvidia/f1tenth_ws/install/teleop_tools_msgs/include/teleop_tools_msgs/teleop_tools_msgs/action
[1.819s] -- Up-to-date: /home/nvidia/f1tenth_ws/install/teleop_tools_msgs/include/teleop_tools_msgs/teleop_tools_msgs/action/detail
[1.820s] -- Up-to-date: /home/nvidia/f1tenth_ws/install/teleop_tools_msgs/include/teleop_tools_msgs/teleop_tools_msgs/action/detail/dds_fastrtps
[1.821s] -- Up-to-date: /home/nvidia/f1tenth_ws/install/teleop_tools_msgs/include/teleop_tools_msgs/teleop_tools_msgs/action/detail/increment__rosidl_typesupport_fastrtps_cpp.hpp
[1.821s] -- Up-to-date: /home/nvidia/f1tenth_ws/install/teleop_tools_msgs/include/teleop_tools_msgs/teleop_tools_msgs/msg
[1.824s] -- Up-to-date: /home/nvidia/f1tenth_ws/install/teleop_tools_msgs/include/teleop_tools_msgs/teleop_tools_msgs/msg/rosidl_typesupport_fastrtps_cpp__visibility_control.h
[1.825s] -- Up-to-date: /home/nvidia/f1tenth_ws/install/teleop_tools_msgs/lib/libteleop_tools_msgs__rosidl_typesupport_fastrtps_cpp.so
[1.825s] -- Up-to-date: /home/nvidia/f1tenth_ws/install/teleop_tools_msgs/include/teleop_tools_msgs/teleop_tools_msgs
[1.825s] -- Up-to-date: /home/nvidia/f1tenth_ws/install/teleop_tools_msgs/include/teleop_tools_msgs/teleop_tools_msgs/action
[1.826s] -- Up-to-date: /home/nvidia/f1tenth_ws/install/teleop_tools_msgs/include/teleop_tools_msgs/teleop_tools_msgs/action/detail
[1.826s] -- Up-to-date: /home/nvidia/f1tenth_ws/install/teleop_tools_msgs/include/teleop_tools_msgs/teleop_tools_msgs/action/detail/increment__rosidl_typesupport_introspection_cpp.hpp
[1.826s] -- Up-to-date: /home/nvidia/f1tenth_ws/install/teleop_tools_msgs/include/teleop_tools_msgs/teleop_tools_msgs/action/detail/increment__type_support.cpp
[1.826s] -- Up-to-date: /home/nvidia/f1tenth_ws/install/teleop_tools_msgs/lib/libteleop_tools_msgs__rosidl_typesupport_introspection_cpp.so
[1.826s] -- Up-to-date: /home/nvidia/f1tenth_ws/install/teleop_tools_msgs/lib/libteleop_tools_msgs__rosidl_typesupport_cpp.so
[1.827s] -- Up-to-date: /home/nvidia/f1tenth_ws/install/teleop_tools_msgs/share/teleop_tools_msgs/environment/pythonpath.sh
[1.827s] -- Up-to-date: /home/nvidia/f1tenth_ws/install/teleop_tools_msgs/share/teleop_tools_msgs/environment/pythonpath.dsv
[1.827s] -- Up-to-date: /home/nvidia/f1tenth_ws/install/teleop_tools_msgs/local/lib/python3.10/dist-packages/teleop_tools_msgs-1.2.1-py3.10.egg-info
[1.831s] -- Installing: /home/nvidia/f1tenth_ws/install/teleop_tools_msgs/local/lib/python3.10/dist-packages/teleop_tools_msgs-1.2.1-py3.10.egg-info/dependency_links.txt
[1.831s] -- Installing: /home/nvidia/f1tenth_ws/install/teleop_tools_msgs/local/lib/python3.10/dist-packages/teleop_tools_msgs-1.2.1-py3.10.egg-info/PKG-INFO
[1.831s] -- Installing: /home/nvidia/f1tenth_ws/install/teleop_tools_msgs/local/lib/python3.10/dist-packages/teleop_tools_msgs-1.2.1-py3.10.egg-info/SOURCES.txt
[1.836s] -- Installing: /home/nvidia/f1tenth_ws/install/teleop_tools_msgs/local/lib/python3.10/dist-packages/teleop_tools_msgs-1.2.1-py3.10.egg-info/top_level.txt
[1.836s] -- Up-to-date: /home/nvidia/f1tenth_ws/install/teleop_tools_msgs/local/lib/python3.10/dist-packages/teleop_tools_msgs
[1.837s] -- Up-to-date: /home/nvidia/f1tenth_ws/install/teleop_tools_msgs/local/lib/python3.10/dist-packages/teleop_tools_msgs/action
[1.837s] -- Up-to-date: /home/nvidia/f1tenth_ws/install/teleop_tools_msgs/local/lib/python3.10/dist-packages/teleop_tools_msgs/action/__init__.py
[1.837s] -- Up-to-date: /home/nvidia/f1tenth_ws/install/teleop_tools_msgs/local/lib/python3.10/dist-packages/teleop_tools_msgs/action/_increment_s.c
[1.837s] -- Up-to-date: /home/nvidia/f1tenth_ws/install/teleop_tools_msgs/local/lib/python3.10/dist-packages/teleop_tools_msgs/action/_increment.py
[1.838s] -- Up-to-date: /home/nvidia/f1tenth_ws/install/teleop_tools_msgs/local/lib/python3.10/dist-packages/teleop_tools_msgs/_teleop_tools_msgs_s.ep.rosidl_typesupport_c.c
[1.838s] -- Up-to-date: /home/nvidia/f1tenth_ws/install/teleop_tools_msgs/local/lib/python3.10/dist-packages/teleop_tools_msgs/_teleop_tools_msgs_s.ep.rosidl_typesupport_fastrtps_c.c
[1.838s] -- Up-to-date: /home/nvidia/f1tenth_ws/install/teleop_tools_msgs/local/lib/python3.10/dist-packages/teleop_tools_msgs/_teleop_tools_msgs_s.ep.rosidl_typesupport_introspection_c.c
[1.840s] -- Up-to-date: /home/nvidia/f1tenth_ws/install/teleop_tools_msgs/local/lib/python3.10/dist-packages/teleop_tools_msgs/__init__.py
[1.840s] -- Up-to-date: /home/nvidia/f1tenth_ws/install/teleop_tools_msgs/local/lib/python3.10/dist-packages/teleop_tools_msgs/teleop_tools_msgs_s__rosidl_typesupport_introspection_c.cpython-310-aarch64-linux-gnu.so
[1.841s] -- Up-to-date: /home/nvidia/f1tenth_ws/install/teleop_tools_msgs/local/lib/python3.10/dist-packages/teleop_tools_msgs/teleop_tools_msgs_s__rosidl_typesupport_c.cpython-310-aarch64-linux-gnu.so
[1.841s] -- Up-to-date: /home/nvidia/f1tenth_ws/install/teleop_tools_msgs/local/lib/python3.10/dist-packages/teleop_tools_msgs/libteleop_tools_msgs__rosidl_generator_py.so
[1.842s] -- Up-to-date: /home/nvidia/f1tenth_ws/install/teleop_tools_msgs/local/lib/python3.10/dist-packages/teleop_tools_msgs/teleop_tools_msgs_s__rosidl_typesupport_fastrtps_c.cpython-310-aarch64-linux-gnu.so
[1.917s] Listing '/home/nvidia/f1tenth_ws/install/teleop_tools_msgs/local/lib/python3.10/dist-packages/teleop_tools_msgs'...
[1.917s] Listing '/home/nvidia/f1tenth_ws/install/teleop_tools_msgs/local/lib/python3.10/dist-packages/teleop_tools_msgs/action'...
[1.931s] -- Up-to-date: /home/nvidia/f1tenth_ws/install/teleop_tools_msgs/local/lib/python3.10/dist-packages/teleop_tools_msgs/teleop_tools_msgs_s__rosidl_typesupport_fastrtps_c.cpython-310-aarch64-linux-gnu.so
[1.931s] -- Up-to-date: /home/nvidia/f1tenth_ws/install/teleop_tools_msgs/local/lib/python3.10/dist-packages/teleop_tools_msgs/teleop_tools_msgs_s__rosidl_typesupport_introspection_c.cpython-310-aarch64-linux-gnu.so
[1.932s] -- Up-to-date: /home/nvidia/f1tenth_ws/install/teleop_tools_msgs/local/lib/python3.10/dist-packages/teleop_tools_msgs/teleop_tools_msgs_s__rosidl_typesupport_c.cpython-310-aarch64-linux-gnu.so
[1.932s] -- Up-to-date: /home/nvidia/f1tenth_ws/install/teleop_tools_msgs/lib/libteleop_tools_msgs__rosidl_generator_py.so
[1.933s] -- Up-to-date: /home/nvidia/f1tenth_ws/install/teleop_tools_msgs/share/teleop_tools_msgs/action/Increment.idl
[1.933s] -- Up-to-date: /home/nvidia/f1tenth_ws/install/teleop_tools_msgs/share/teleop_tools_msgs/action/Increment.action
[1.933s] -- Up-to-date: /home/nvidia/f1tenth_ws/install/teleop_tools_msgs/share/ament_index/resource_index/package_run_dependencies/teleop_tools_msgs
[1.933s] -- Up-to-date: /home/nvidia/f1tenth_ws/install/teleop_tools_msgs/share/ament_index/resource_index/parent_prefix_path/teleop_tools_msgs
[1.933s] -- Up-to-date: /home/nvidia/f1tenth_ws/install/teleop_tools_msgs/share/teleop_tools_msgs/environment/ament_prefix_path.sh
[1.934s] -- Up-to-date: /home/nvidia/f1tenth_ws/install/teleop_tools_msgs/share/teleop_tools_msgs/environment/ament_prefix_path.dsv
[1.934s] -- Up-to-date: /home/nvidia/f1tenth_ws/install/teleop_tools_msgs/share/teleop_tools_msgs/environment/path.sh
[1.934s] -- Up-to-date: /home/nvidia/f1tenth_ws/install/teleop_tools_msgs/share/teleop_tools_msgs/environment/path.dsv
[1.934s] -- Up-to-date: /home/nvidia/f1tenth_ws/install/teleop_tools_msgs/share/teleop_tools_msgs/local_setup.bash
[1.935s] -- Up-to-date: /home/nvidia/f1tenth_ws/install/teleop_tools_msgs/share/teleop_tools_msgs/local_setup.sh
[1.935s] -- Up-to-date: /home/nvidia/f1tenth_ws/install/teleop_tools_msgs/share/teleop_tools_msgs/local_setup.zsh
[1.935s] -- Up-to-date: /home/nvidia/f1tenth_ws/install/teleop_tools_msgs/share/teleop_tools_msgs/local_setup.dsv
[1.935s] -- Installing: /home/nvidia/f1tenth_ws/install/teleop_tools_msgs/share/teleop_tools_msgs/package.dsv
[1.935s] -- Up-to-date: /home/nvidia/f1tenth_ws/install/teleop_tools_msgs/share/ament_index/resource_index/packages/teleop_tools_msgs
[1.935s] -- Up-to-date: /home/nvidia/f1tenth_ws/install/teleop_tools_msgs/share/teleop_tools_msgs/cmake/export_teleop_tools_msgs__rosidl_generator_cExport.cmake
[1.935s] -- Up-to-date: /home/nvidia/f1tenth_ws/install/teleop_tools_msgs/share/teleop_tools_msgs/cmake/export_teleop_tools_msgs__rosidl_generator_cExport-noconfig.cmake
[1.936s] -- Up-to-date: /home/nvidia/f1tenth_ws/install/teleop_tools_msgs/share/teleop_tools_msgs/cmake/export_teleop_tools_msgs__rosidl_typesupport_fastrtps_cExport.cmake
[1.936s] -- Up-to-date: /home/nvidia/f1tenth_ws/install/teleop_tools_msgs/share/teleop_tools_msgs/cmake/export_teleop_tools_msgs__rosidl_typesupport_fastrtps_cExport-noconfig.cmake
[1.936s] -- Up-to-date: /home/nvidia/f1tenth_ws/install/teleop_tools_msgs/share/teleop_tools_msgs/cmake/teleop_tools_msgs__rosidl_typesupport_introspection_cExport.cmake
[1.936s] -- Up-to-date: /home/nvidia/f1tenth_ws/install/teleop_tools_msgs/share/teleop_tools_msgs/cmake/teleop_tools_msgs__rosidl_typesupport_introspection_cExport-noconfig.cmake
[1.937s] -- Up-to-date: /home/nvidia/f1tenth_ws/install/teleop_tools_msgs/share/teleop_tools_msgs/cmake/teleop_tools_msgs__rosidl_typesupport_cExport.cmake
[1.937s] -- Up-to-date: /home/nvidia/f1tenth_ws/install/teleop_tools_msgs/share/teleop_tools_msgs/cmake/teleop_tools_msgs__rosidl_typesupport_cExport-noconfig.cmake
[1.937s] -- Up-to-date: /home/nvidia/f1tenth_ws/install/teleop_tools_msgs/share/teleop_tools_msgs/cmake/export_teleop_tools_msgs__rosidl_generator_cppExport.cmake
[1.937s] -- Up-to-date: /home/nvidia/f1tenth_ws/install/teleop_tools_msgs/share/teleop_tools_msgs/cmake/export_teleop_tools_msgs__rosidl_typesupport_fastrtps_cppExport.cmake
[1.938s] -- Up-to-date: /home/nvidia/f1tenth_ws/install/teleop_tools_msgs/share/teleop_tools_msgs/cmake/export_teleop_tools_msgs__rosidl_typesupport_fastrtps_cppExport-noconfig.cmake
[1.938s] -- Up-to-date: /home/nvidia/f1tenth_ws/install/teleop_tools_msgs/share/teleop_tools_msgs/cmake/teleop_tools_msgs__rosidl_typesupport_introspection_cppExport.cmake
[1.938s] -- Up-to-date: /home/nvidia/f1tenth_ws/install/teleop_tools_msgs/share/teleop_tools_msgs/cmake/teleop_tools_msgs__rosidl_typesupport_introspection_cppExport-noconfig.cmake
[1.938s] -- Up-to-date: /home/nvidia/f1tenth_ws/install/teleop_tools_msgs/share/teleop_tools_msgs/cmake/teleop_tools_msgs__rosidl_typesupport_cppExport.cmake
[1.938s] -- Up-to-date: /home/nvidia/f1tenth_ws/install/teleop_tools_msgs/share/teleop_tools_msgs/cmake/teleop_tools_msgs__rosidl_typesupport_cppExport-noconfig.cmake
[1.938s] -- Up-to-date: /home/nvidia/f1tenth_ws/install/teleop_tools_msgs/share/teleop_tools_msgs/cmake/export_teleop_tools_msgs__rosidl_generator_pyExport.cmake
[1.939s] -- Up-to-date: /home/nvidia/f1tenth_ws/install/teleop_tools_msgs/share/teleop_tools_msgs/cmake/export_teleop_tools_msgs__rosidl_generator_pyExport-noconfig.cmake
[1.939s] -- Up-to-date: /home/nvidia/f1tenth_ws/install/teleop_tools_msgs/share/teleop_tools_msgs/cmake/rosidl_cmake-extras.cmake
[1.939s] -- Up-to-date: /home/nvidia/f1tenth_ws/install/teleop_tools_msgs/share/teleop_tools_msgs/cmake/ament_cmake_export_dependencies-extras.cmake
[1.939s] -- Up-to-date: /home/nvidia/f1tenth_ws/install/teleop_tools_msgs/share/teleop_tools_msgs/cmake/ament_cmake_export_include_directories-extras.cmake
[1.939s] -- Up-to-date: /home/nvidia/f1tenth_ws/install/teleop_tools_msgs/share/teleop_tools_msgs/cmake/ament_cmake_export_libraries-extras.cmake
[1.939s] -- Up-to-date: /home/nvidia/f1tenth_ws/install/teleop_tools_msgs/share/teleop_tools_msgs/cmake/ament_cmake_export_targets-extras.cmake
[1.940s] -- Up-to-date: /home/nvidia/f1tenth_ws/install/teleop_tools_msgs/share/teleop_tools_msgs/cmake/rosidl_cmake_export_typesupport_targets-extras.cmake
[1.940s] -- Up-to-date: /home/nvidia/f1tenth_ws/install/teleop_tools_msgs/share/teleop_tools_msgs/cmake/rosidl_cmake_export_typesupport_libraries-extras.cmake
[1.940s] -- Up-to-date: /home/nvidia/f1tenth_ws/install/teleop_tools_msgs/share/teleop_tools_msgs/cmake/teleop_tools_msgsConfig.cmake
[1.940s] -- Up-to-date: /home/nvidia/f1tenth_ws/install/teleop_tools_msgs/share/teleop_tools_msgs/cmake/teleop_tools_msgsConfig-version.cmake
[1.942s] -- Up-to-date: /home/nvidia/f1tenth_ws/install/teleop_tools_msgs/share/teleop_tools_msgs/package.xml
[1.945s] Invoked command in '/home/nvidia/f1tenth_ws/build/teleop_tools_msgs' returned '0': CMAKE_PREFIX_PATH=${CMAKE_PREFIX_PATH}:/home/nvidia/f1tenth_ws/install/f1tenth_stack:/home/nvidia/f1tenth_ws/install/joy_teleop:/home/nvidia/f1tenth_ws/install/mouse_teleop:/home/nvidia/f1tenth_ws/install/key_teleop:/opt/ros/humble /usr/bin/cmake --install /home/nvidia/f1tenth_ws/build/teleop_tools_msgs
