[0.049s] Invoking command in '/home/nvidia/f1tenth_ws/build/ouster_sensor_msgs': CMAKE_PREFIX_PATH=/opt/ros/humble /usr/bin/cmake /home/nvidia/f1tenth_ws/src/ouster-ros/ouster-sensor-msgs -DCMAKE_INSTALL_PREFIX=/home/nvidia/f1tenth_ws/install/ouster_sensor_msgs
[0.232s] -- The C compiler identification is GNU 11.4.0
[0.404s] -- The CXX compiler identification is GNU 11.4.0
[0.426s] -- Detecting C compiler ABI info
[0.627s] -- Detecting C compiler ABI info - done
[0.635s] -- Check for working C compiler: /usr/bin/cc - skipped
[0.640s] -- Detecting C compile features
[0.641s] -- Detecting C compile features - done
[0.647s] -- Detecting CXX compiler ABI info
[0.813s] -- Detecting CXX compiler ABI info - done
[0.830s] -- Check for working CXX compiler: /usr/bin/c++ - skipped
[0.831s] -- Detecting CXX compile features
[0.832s] -- Detecting CXX compile features - done
[0.838s] -- Found ament_cmake: 1.3.8 (/opt/ros/humble/share/ament_cmake/cmake)
[1.175s] -- Found Python3: /usr/bin/python3 (found version "3.10.12") found components: Interpreter 
[1.396s] -- Found std_msgs: 4.2.3 (/opt/ros/humble/share/std_msgs/cmake)
[1.476s] -- Found rosidl_generator_c: 3.1.5 (/opt/ros/humble/share/rosidl_generator_c/cmake)
[1.489s] -- Found rosidl_adapter: 3.1.5 (/opt/ros/humble/share/rosidl_adapter/cmake)
[1.512s] -- Found rosidl_generator_cpp: 3.1.5 (/opt/ros/humble/share/rosidl_generator_cpp/cmake)
[1.548s] -- Using all available rosidl_typesupport_c: rosidl_typesupport_fastrtps_c;rosidl_typesupport_introspection_c
[1.604s] -- Using all available rosidl_typesupport_cpp: rosidl_typesupport_fastrtps_cpp;rosidl_typesupport_introspection_cpp
[1.734s] -- Found rosidl_default_generators: 1.2.0 (/opt/ros/humble/share/rosidl_default_generators/cmake)
[2.362s] -- Found ament_cmake_ros: 0.10.0 (/opt/ros/humble/share/ament_cmake_ros/cmake)
[3.220s] -- Using all available rosidl_typesupport_c: rosidl_typesupport_fastrtps_c;rosidl_typesupport_introspection_c
[3.554s] -- Using all available rosidl_typesupport_cpp: rosidl_typesupport_fastrtps_cpp;rosidl_typesupport_introspection_cpp
[3.612s] -- Found PythonInterp: /usr/bin/python3 (found suitable version "3.10.12", minimum required is "3.6") 
[3.617s] -- Found python_cmake_module: 0.10.0 (/opt/ros/humble/share/python_cmake_module/cmake)
[3.687s] -- Found PythonLibs: /usr/lib/aarch64-linux-gnu/libpython3.10.so (found suitable version "3.10.12", minimum required is "3.5") 
[3.687s] -- Using PYTHON_EXECUTABLE: /usr/bin/python3
[3.687s] -- Using PYTHON_INCLUDE_DIRS: /usr/include/python3.10
[3.687s] -- Using PYTHON_LIBRARIES: /usr/lib/aarch64-linux-gnu/libpython3.10.so
[3.741s] -- Found PythonExtra: .so  
[3.876s] -- Configuring done
[3.959s] -- Generating done
[3.965s] -- Build files have been written to: /home/nvidia/f1tenth_ws/build/ouster_sensor_msgs
[4.002s] Invoked command in '/home/nvidia/f1tenth_ws/build/ouster_sensor_msgs' returned '0': CMAKE_PREFIX_PATH=/opt/ros/humble /usr/bin/cmake /home/nvidia/f1tenth_ws/src/ouster-ros/ouster-sensor-msgs -DCMAKE_INSTALL_PREFIX=/home/nvidia/f1tenth_ws/install/ouster_sensor_msgs
[4.004s] Invoking command in '/home/nvidia/f1tenth_ws/build/ouster_sensor_msgs': CMAKE_PREFIX_PATH=/opt/ros/humble /usr/bin/cmake --build /home/nvidia/f1tenth_ws/build/ouster_sensor_msgs -- -j6 -l6
[4.088s] [  1%] [34m[1mGenerating C code for ROS interfaces[0m
[4.113s] [  3%] [34m[1mGenerating C++ code for ROS interfaces[0m
[4.122s] [  3%] Built target ament_cmake_python_copy_ouster_sensor_msgs
[4.691s] running egg_info
[4.693s] creating ouster_sensor_msgs.egg-info
[4.693s] writing ouster_sensor_msgs.egg-info/PKG-INFO
[4.693s] writing dependency_links to ouster_sensor_msgs.egg-info/dependency_links.txt
[4.693s] writing top-level names to ouster_sensor_msgs.egg-info/top_level.txt
[4.694s] writing manifest file 'ouster_sensor_msgs.egg-info/SOURCES.txt'
[4.699s] reading manifest file 'ouster_sensor_msgs.egg-info/SOURCES.txt'
[4.700s] writing manifest file 'ouster_sensor_msgs.egg-info/SOURCES.txt'
[4.775s] [  3%] Built target ament_cmake_python_build_ouster_sensor_msgs_egg
[5.037s] [  3%] Built target ouster_sensor_msgs__cpp
[5.064s] [  5%] [34m[1mGenerating C++ type support dispatch for ROS interfaces[0m
[5.067s] [  7%] [34m[1mGenerating C++ type support for eProsima Fast-RTPS[0m
[5.079s] [  9%] [34m[1mGenerating C++ introspection for ROS interfaces[0m
[5.188s] [ 12%] [32mBuilding C object CMakeFiles/ouster_sensor_msgs__rosidl_generator_c.dir/rosidl_generator_c/ouster_sensor_msgs/srv/detail/get_config__functions.c.o[0m
[5.189s] [ 12%] [32mBuilding C object CMakeFiles/ouster_sensor_msgs__rosidl_generator_c.dir/rosidl_generator_c/ouster_sensor_msgs/msg/detail/packet_msg__functions.c.o[0m
[5.216s] [ 14%] [32mBuilding C object CMakeFiles/ouster_sensor_msgs__rosidl_generator_c.dir/rosidl_generator_c/ouster_sensor_msgs/srv/detail/set_config__functions.c.o[0m
[5.396s] [ 16%] [32mBuilding C object CMakeFiles/ouster_sensor_msgs__rosidl_generator_c.dir/rosidl_generator_c/ouster_sensor_msgs/srv/detail/get_metadata__functions.c.o[0m
[5.541s] [ 18%] [32m[1mLinking C shared library libouster_sensor_msgs__rosidl_generator_c.so[0m
[5.608s] [ 18%] Built target ouster_sensor_msgs__rosidl_generator_c
[5.629s] [ 21%] [34m[1mGenerating C introspection for ROS interfaces[0m
[5.629s] [ 21%] [34m[1mGenerating C type support dispatch for ROS interfaces[0m
[5.629s] [ 23%] [34m[1mGenerating C type support for eProsima Fast-RTPS[0m
[5.788s] [ 25%] [32mBuilding CXX object CMakeFiles/ouster_sensor_msgs__rosidl_typesupport_cpp.dir/rosidl_typesupport_cpp/ouster_sensor_msgs/msg/packet_msg__type_support.cpp.o[0m
[5.942s] [ 27%] [32mBuilding CXX object CMakeFiles/ouster_sensor_msgs__rosidl_typesupport_introspection_cpp.dir/rosidl_typesupport_introspection_cpp/ouster_sensor_msgs/msg/detail/packet_msg__type_support.cpp.o[0m
[6.082s] [ 29%] [32mBuilding CXX object CMakeFiles/ouster_sensor_msgs__rosidl_typesupport_fastrtps_cpp.dir/rosidl_typesupport_fastrtps_cpp/ouster_sensor_msgs/msg/detail/dds_fastrtps/packet_msg__type_support.cpp.o[0m
[6.312s] [ 30%] [32mBuilding CXX object CMakeFiles/ouster_sensor_msgs__rosidl_typesupport_c.dir/rosidl_typesupport_c/ouster_sensor_msgs/msg/packet_msg__type_support.cpp.o[0m
[6.386s] [ 32%] [32mBuilding CXX object CMakeFiles/ouster_sensor_msgs__rosidl_typesupport_c.dir/rosidl_typesupport_c/ouster_sensor_msgs/srv/get_config__type_support.cpp.o[0m
[6.415s] [ 34%] [32mBuilding CXX object CMakeFiles/ouster_sensor_msgs__rosidl_typesupport_cpp.dir/rosidl_typesupport_cpp/ouster_sensor_msgs/srv/get_config__type_support.cpp.o[0m
[6.482s] [ 36%] [32mBuilding CXX object CMakeFiles/ouster_sensor_msgs__rosidl_typesupport_c.dir/rosidl_typesupport_c/ouster_sensor_msgs/srv/set_config__type_support.cpp.o[0m
[6.577s] [ 38%] [32mBuilding CXX object CMakeFiles/ouster_sensor_msgs__rosidl_typesupport_c.dir/rosidl_typesupport_c/ouster_sensor_msgs/srv/get_metadata__type_support.cpp.o[0m
[6.615s] [ 40%] [32mBuilding CXX object CMakeFiles/ouster_sensor_msgs__rosidl_typesupport_fastrtps_c.dir/rosidl_typesupport_fastrtps_c/ouster_sensor_msgs/msg/detail/packet_msg__type_support_c.cpp.o[0m
[6.653s] [ 41%] [32mBuilding C object CMakeFiles/ouster_sensor_msgs__rosidl_typesupport_introspection_c.dir/rosidl_typesupport_introspection_c/ouster_sensor_msgs/msg/detail/packet_msg__type_support.c.o[0m
[6.673s] [ 43%] [32m[1mLinking CXX shared library libouster_sensor_msgs__rosidl_typesupport_c.so[0m
[6.763s] [ 45%] [32mBuilding C object CMakeFiles/ouster_sensor_msgs__rosidl_typesupport_introspection_c.dir/rosidl_typesupport_introspection_c/ouster_sensor_msgs/srv/detail/get_config__type_support.c.o[0m
[6.766s] [ 45%] Built target ouster_sensor_msgs__rosidl_typesupport_c
[6.785s] [ 47%] [32mBuilding CXX object CMakeFiles/ouster_sensor_msgs__rosidl_typesupport_fastrtps_cpp.dir/rosidl_typesupport_fastrtps_cpp/ouster_sensor_msgs/srv/detail/dds_fastrtps/get_config__type_support.cpp.o[0m
[6.884s] [ 49%] [32mBuilding CXX object CMakeFiles/ouster_sensor_msgs__rosidl_typesupport_introspection_cpp.dir/rosidl_typesupport_introspection_cpp/ouster_sensor_msgs/srv/detail/get_config__type_support.cpp.o[0m
[6.894s] [ 50%] [32mBuilding C object CMakeFiles/ouster_sensor_msgs__rosidl_typesupport_introspection_c.dir/rosidl_typesupport_introspection_c/ouster_sensor_msgs/srv/detail/set_config__type_support.c.o[0m
[7.011s] [ 52%] [32mBuilding C object CMakeFiles/ouster_sensor_msgs__rosidl_typesupport_introspection_c.dir/rosidl_typesupport_introspection_c/ouster_sensor_msgs/srv/detail/get_metadata__type_support.c.o[0m
[7.044s] [ 54%] [32mBuilding CXX object CMakeFiles/ouster_sensor_msgs__rosidl_typesupport_cpp.dir/rosidl_typesupport_cpp/ouster_sensor_msgs/srv/set_config__type_support.cpp.o[0m
[7.124s] [ 56%] [32m[1mLinking C shared library libouster_sensor_msgs__rosidl_typesupport_introspection_c.so[0m
[7.141s] [ 58%] [32mBuilding CXX object CMakeFiles/ouster_sensor_msgs__rosidl_typesupport_fastrtps_cpp.dir/rosidl_typesupport_fastrtps_cpp/ouster_sensor_msgs/srv/detail/dds_fastrtps/set_config__type_support.cpp.o[0m
[7.189s] [ 58%] Built target ouster_sensor_msgs__rosidl_typesupport_introspection_c
[7.211s] [ 60%] [32mBuilding CXX object CMakeFiles/ouster_sensor_msgs__rosidl_typesupport_fastrtps_cpp.dir/rosidl_typesupport_fastrtps_cpp/ouster_sensor_msgs/srv/detail/dds_fastrtps/get_metadata__type_support.cpp.o[0m
[7.388s] [ 61%] [32mBuilding CXX object CMakeFiles/ouster_sensor_msgs__rosidl_typesupport_fastrtps_c.dir/rosidl_typesupport_fastrtps_c/ouster_sensor_msgs/srv/detail/get_config__type_support_c.cpp.o[0m
[7.653s] [ 63%] [32mBuilding CXX object CMakeFiles/ouster_sensor_msgs__rosidl_typesupport_cpp.dir/rosidl_typesupport_cpp/ouster_sensor_msgs/srv/get_metadata__type_support.cpp.o[0m
[7.687s] [ 65%] [32mBuilding CXX object CMakeFiles/ouster_sensor_msgs__rosidl_typesupport_fastrtps_c.dir/rosidl_typesupport_fastrtps_c/ouster_sensor_msgs/srv/detail/set_config__type_support_c.cpp.o[0m
[8.034s] [ 67%] [32mBuilding CXX object CMakeFiles/ouster_sensor_msgs__rosidl_typesupport_fastrtps_c.dir/rosidl_typesupport_fastrtps_c/ouster_sensor_msgs/srv/detail/get_metadata__type_support_c.cpp.o[0m
[8.042s] [ 69%] [32mBuilding CXX object CMakeFiles/ouster_sensor_msgs__rosidl_typesupport_introspection_cpp.dir/rosidl_typesupport_introspection_cpp/ouster_sensor_msgs/srv/detail/set_config__type_support.cpp.o[0m
[8.183s] [ 70%] [32m[1mLinking CXX shared library libouster_sensor_msgs__rosidl_typesupport_fastrtps_cpp.so[0m
[8.196s] [ 72%] [32mBuilding CXX object CMakeFiles/ouster_sensor_msgs__rosidl_typesupport_introspection_cpp.dir/rosidl_typesupport_introspection_cpp/ouster_sensor_msgs/srv/detail/get_metadata__type_support.cpp.o[0m
[8.278s] [ 74%] [32m[1mLinking CXX shared library libouster_sensor_msgs__rosidl_typesupport_cpp.so[0m
[8.365s] [ 74%] Built target ouster_sensor_msgs__rosidl_typesupport_cpp
[8.366s] [ 74%] Built target ouster_sensor_msgs__rosidl_typesupport_fastrtps_cpp
[8.912s] [ 76%] [32m[1mLinking CXX shared library libouster_sensor_msgs__rosidl_typesupport_fastrtps_c.so[0m
[9.028s] [ 78%] [32m[1mLinking CXX shared library libouster_sensor_msgs__rosidl_typesupport_introspection_cpp.so[0m
[9.066s] [ 78%] Built target ouster_sensor_msgs__rosidl_typesupport_fastrtps_c
[9.193s] [ 78%] Built target ouster_sensor_msgs__rosidl_typesupport_introspection_cpp
[9.238s] [ 78%] Built target ouster_sensor_msgs
[9.283s] [ 80%] [34m[1mGenerating Python code for ROS interfaces[0m
[10.688s] [ 80%] Built target ouster_sensor_msgs__py
[10.732s] [ 83%] [32mBuilding C object CMakeFiles/ouster_sensor_msgs__rosidl_generator_py.dir/rosidl_generator_py/ouster_sensor_msgs/srv/_get_metadata_s.c.o[0m
[10.733s] [ 83%] [32mBuilding C object CMakeFiles/ouster_sensor_msgs__rosidl_generator_py.dir/rosidl_generator_py/ouster_sensor_msgs/srv/_set_config_s.c.o[0m
[10.734s] [ 85%] [32mBuilding C object CMakeFiles/ouster_sensor_msgs__rosidl_generator_py.dir/rosidl_generator_py/ouster_sensor_msgs/msg/_packet_msg_s.c.o[0m
[10.736s] [ 87%] [32mBuilding C object CMakeFiles/ouster_sensor_msgs__rosidl_generator_py.dir/rosidl_generator_py/ouster_sensor_msgs/srv/_get_config_s.c.o[0m
[10.978s] [ 89%] [32m[1mLinking C shared library rosidl_generator_py/ouster_sensor_msgs/libouster_sensor_msgs__rosidl_generator_py.so[0m
[11.068s] [ 89%] Built target ouster_sensor_msgs__rosidl_generator_py
[11.110s] [ 92%] [32mBuilding C object CMakeFiles/ouster_sensor_msgs__rosidl_typesupport_c__pyext.dir/rosidl_generator_py/ouster_sensor_msgs/_ouster_sensor_msgs_s.ep.rosidl_typesupport_c.c.o[0m
[11.110s] [ 92%] [32mBuilding C object CMakeFiles/ouster_sensor_msgs__rosidl_typesupport_fastrtps_c__pyext.dir/rosidl_generator_py/ouster_sensor_msgs/_ouster_sensor_msgs_s.ep.rosidl_typesupport_fastrtps_c.c.o[0m
[11.113s] [ 94%] [32mBuilding C object CMakeFiles/ouster_sensor_msgs__rosidl_typesupport_introspection_c__pyext.dir/rosidl_generator_py/ouster_sensor_msgs/_ouster_sensor_msgs_s.ep.rosidl_typesupport_introspection_c.c.o[0m
[11.353s] [ 98%] [32m[1mLinking C shared library rosidl_generator_py/ouster_sensor_msgs/ouster_sensor_msgs_s__rosidl_typesupport_c.cpython-310-aarch64-linux-gnu.so[0m
[11.353s] [ 98%] [32m[1mLinking C shared library rosidl_generator_py/ouster_sensor_msgs/ouster_sensor_msgs_s__rosidl_typesupport_fastrtps_c.cpython-310-aarch64-linux-gnu.so[0m
[11.358s] [100%] [32m[1mLinking C shared library rosidl_generator_py/ouster_sensor_msgs/ouster_sensor_msgs_s__rosidl_typesupport_introspection_c.cpython-310-aarch64-linux-gnu.so[0m
[11.436s] [100%] Built target ouster_sensor_msgs__rosidl_typesupport_c__pyext
[11.437s] [100%] Built target ouster_sensor_msgs__rosidl_typesupport_introspection_c__pyext
[11.437s] [100%] Built target ouster_sensor_msgs__rosidl_typesupport_fastrtps_c__pyext
[11.467s] Invoked command in '/home/nvidia/f1tenth_ws/build/ouster_sensor_msgs' returned '0': CMAKE_PREFIX_PATH=/opt/ros/humble /usr/bin/cmake --build /home/nvidia/f1tenth_ws/build/ouster_sensor_msgs -- -j6 -l6
[11.680s] Invoking command in '/home/nvidia/f1tenth_ws/build/ouster_sensor_msgs': CMAKE_PREFIX_PATH=/opt/ros/humble /usr/bin/cmake --install /home/nvidia/f1tenth_ws/build/ouster_sensor_msgs
[11.700s] -- Install configuration: ""
[11.700s] -- Installing: /home/nvidia/f1tenth_ws/install/ouster_sensor_msgs/share/ament_index/resource_index/rosidl_interfaces/ouster_sensor_msgs
[11.701s] -- Installing: /home/nvidia/f1tenth_ws/install/ouster_sensor_msgs/include/ouster_sensor_msgs/ouster_sensor_msgs
[11.701s] -- Installing: /home/nvidia/f1tenth_ws/install/ouster_sensor_msgs/include/ouster_sensor_msgs/ouster_sensor_msgs/srv
[11.701s] -- Installing: /home/nvidia/f1tenth_ws/install/ouster_sensor_msgs/include/ouster_sensor_msgs/ouster_sensor_msgs/srv/get_metadata.h
[11.701s] -- Installing: /home/nvidia/f1tenth_ws/install/ouster_sensor_msgs/include/ouster_sensor_msgs/ouster_sensor_msgs/srv/set_config.h
[11.702s] -- Installing: /home/nvidia/f1tenth_ws/install/ouster_sensor_msgs/include/ouster_sensor_msgs/ouster_sensor_msgs/srv/detail
[11.702s] -- Installing: /home/nvidia/f1tenth_ws/install/ouster_sensor_msgs/include/ouster_sensor_msgs/ouster_sensor_msgs/srv/detail/get_config__functions.c
[11.702s] -- Installing: /home/nvidia/f1tenth_ws/install/ouster_sensor_msgs/include/ouster_sensor_msgs/ouster_sensor_msgs/srv/detail/set_config__functions.c
[11.702s] -- Installing: /home/nvidia/f1tenth_ws/install/ouster_sensor_msgs/include/ouster_sensor_msgs/ouster_sensor_msgs/srv/detail/get_metadata__type_support.h
[11.703s] -- Installing: /home/nvidia/f1tenth_ws/install/ouster_sensor_msgs/include/ouster_sensor_msgs/ouster_sensor_msgs/srv/detail/set_config__struct.h
[11.703s] -- Installing: /home/nvidia/f1tenth_ws/install/ouster_sensor_msgs/include/ouster_sensor_msgs/ouster_sensor_msgs/srv/detail/set_config__type_support.h
[11.703s] -- Installing: /home/nvidia/f1tenth_ws/install/ouster_sensor_msgs/include/ouster_sensor_msgs/ouster_sensor_msgs/srv/detail/get_config__type_support.h
[11.703s] -- Installing: /home/nvidia/f1tenth_ws/install/ouster_sensor_msgs/include/ouster_sensor_msgs/ouster_sensor_msgs/srv/detail/get_metadata__struct.h
[11.703s] -- Installing: /home/nvidia/f1tenth_ws/install/ouster_sensor_msgs/include/ouster_sensor_msgs/ouster_sensor_msgs/srv/detail/get_config__struct.h
[11.704s] -- Installing: /home/nvidia/f1tenth_ws/install/ouster_sensor_msgs/include/ouster_sensor_msgs/ouster_sensor_msgs/srv/detail/set_config__functions.h
[11.704s] -- Installing: /home/nvidia/f1tenth_ws/install/ouster_sensor_msgs/include/ouster_sensor_msgs/ouster_sensor_msgs/srv/detail/get_config__functions.h
[11.704s] -- Installing: /home/nvidia/f1tenth_ws/install/ouster_sensor_msgs/include/ouster_sensor_msgs/ouster_sensor_msgs/srv/detail/get_metadata__functions.c
[11.705s] -- Installing: /home/nvidia/f1tenth_ws/install/ouster_sensor_msgs/include/ouster_sensor_msgs/ouster_sensor_msgs/srv/detail/get_metadata__functions.h
[11.705s] -- Installing: /home/nvidia/f1tenth_ws/install/ouster_sensor_msgs/include/ouster_sensor_msgs/ouster_sensor_msgs/srv/get_config.h
[11.705s] -- Installing: /home/nvidia/f1tenth_ws/install/ouster_sensor_msgs/include/ouster_sensor_msgs/ouster_sensor_msgs/msg
[11.706s] -- Installing: /home/nvidia/f1tenth_ws/install/ouster_sensor_msgs/include/ouster_sensor_msgs/ouster_sensor_msgs/msg/packet_msg.h
[11.706s] -- Installing: /home/nvidia/f1tenth_ws/install/ouster_sensor_msgs/include/ouster_sensor_msgs/ouster_sensor_msgs/msg/detail
[11.706s] -- Installing: /home/nvidia/f1tenth_ws/install/ouster_sensor_msgs/include/ouster_sensor_msgs/ouster_sensor_msgs/msg/detail/packet_msg__type_support.h
[11.706s] -- Installing: /home/nvidia/f1tenth_ws/install/ouster_sensor_msgs/include/ouster_sensor_msgs/ouster_sensor_msgs/msg/detail/packet_msg__struct.h
[11.706s] -- Installing: /home/nvidia/f1tenth_ws/install/ouster_sensor_msgs/include/ouster_sensor_msgs/ouster_sensor_msgs/msg/detail/packet_msg__functions.h
[11.707s] -- Installing: /home/nvidia/f1tenth_ws/install/ouster_sensor_msgs/include/ouster_sensor_msgs/ouster_sensor_msgs/msg/detail/packet_msg__functions.c
[11.707s] -- Installing: /home/nvidia/f1tenth_ws/install/ouster_sensor_msgs/include/ouster_sensor_msgs/ouster_sensor_msgs/msg/rosidl_generator_c__visibility_control.h
[11.707s] -- Installing: /home/nvidia/f1tenth_ws/install/ouster_sensor_msgs/share/ouster_sensor_msgs/environment/library_path.sh
[11.708s] -- Installing: /home/nvidia/f1tenth_ws/install/ouster_sensor_msgs/share/ouster_sensor_msgs/environment/library_path.dsv
[11.708s] -- Installing: /home/nvidia/f1tenth_ws/install/ouster_sensor_msgs/lib/libouster_sensor_msgs__rosidl_generator_c.so
[11.709s] -- Set runtime path of "/home/nvidia/f1tenth_ws/install/ouster_sensor_msgs/lib/libouster_sensor_msgs__rosidl_generator_c.so" to ""
[11.709s] -- Up-to-date: /home/nvidia/f1tenth_ws/install/ouster_sensor_msgs/include/ouster_sensor_msgs/ouster_sensor_msgs
[11.710s] -- Up-to-date: /home/nvidia/f1tenth_ws/install/ouster_sensor_msgs/include/ouster_sensor_msgs/ouster_sensor_msgs/srv
[11.710s] -- Up-to-date: /home/nvidia/f1tenth_ws/install/ouster_sensor_msgs/include/ouster_sensor_msgs/ouster_sensor_msgs/srv/detail
[11.710s] -- Installing: /home/nvidia/f1tenth_ws/install/ouster_sensor_msgs/include/ouster_sensor_msgs/ouster_sensor_msgs/srv/detail/get_metadata__rosidl_typesupport_fastrtps_c.h
[11.710s] -- Installing: /home/nvidia/f1tenth_ws/install/ouster_sensor_msgs/include/ouster_sensor_msgs/ouster_sensor_msgs/srv/detail/set_config__rosidl_typesupport_fastrtps_c.h
[11.711s] -- Installing: /home/nvidia/f1tenth_ws/install/ouster_sensor_msgs/include/ouster_sensor_msgs/ouster_sensor_msgs/srv/detail/get_config__rosidl_typesupport_fastrtps_c.h
[11.711s] -- Up-to-date: /home/nvidia/f1tenth_ws/install/ouster_sensor_msgs/include/ouster_sensor_msgs/ouster_sensor_msgs/msg
[11.711s] -- Installing: /home/nvidia/f1tenth_ws/install/ouster_sensor_msgs/include/ouster_sensor_msgs/ouster_sensor_msgs/msg/rosidl_typesupport_fastrtps_c__visibility_control.h
[11.711s] -- Up-to-date: /home/nvidia/f1tenth_ws/install/ouster_sensor_msgs/include/ouster_sensor_msgs/ouster_sensor_msgs/msg/detail
[11.711s] -- Installing: /home/nvidia/f1tenth_ws/install/ouster_sensor_msgs/include/ouster_sensor_msgs/ouster_sensor_msgs/msg/detail/packet_msg__rosidl_typesupport_fastrtps_c.h
[11.711s] -- Installing: /home/nvidia/f1tenth_ws/install/ouster_sensor_msgs/lib/libouster_sensor_msgs__rosidl_typesupport_fastrtps_c.so
[11.712s] -- Set runtime path of "/home/nvidia/f1tenth_ws/install/ouster_sensor_msgs/lib/libouster_sensor_msgs__rosidl_typesupport_fastrtps_c.so" to ""
[11.712s] -- Up-to-date: /home/nvidia/f1tenth_ws/install/ouster_sensor_msgs/include/ouster_sensor_msgs/ouster_sensor_msgs
[11.712s] -- Up-to-date: /home/nvidia/f1tenth_ws/install/ouster_sensor_msgs/include/ouster_sensor_msgs/ouster_sensor_msgs/srv
[11.712s] -- Up-to-date: /home/nvidia/f1tenth_ws/install/ouster_sensor_msgs/include/ouster_sensor_msgs/ouster_sensor_msgs/srv/detail
[11.712s] -- Installing: /home/nvidia/f1tenth_ws/install/ouster_sensor_msgs/include/ouster_sensor_msgs/ouster_sensor_msgs/srv/detail/get_config__struct.hpp
[11.713s] -- Installing: /home/nvidia/f1tenth_ws/install/ouster_sensor_msgs/include/ouster_sensor_msgs/ouster_sensor_msgs/srv/detail/get_config__traits.hpp
[11.713s] -- Installing: /home/nvidia/f1tenth_ws/install/ouster_sensor_msgs/include/ouster_sensor_msgs/ouster_sensor_msgs/srv/detail/get_metadata__builder.hpp
[11.713s] -- Installing: /home/nvidia/f1tenth_ws/install/ouster_sensor_msgs/include/ouster_sensor_msgs/ouster_sensor_msgs/srv/detail/set_config__traits.hpp
[11.713s] -- Installing: /home/nvidia/f1tenth_ws/install/ouster_sensor_msgs/include/ouster_sensor_msgs/ouster_sensor_msgs/srv/detail/get_metadata__struct.hpp
[11.713s] -- Installing: /home/nvidia/f1tenth_ws/install/ouster_sensor_msgs/include/ouster_sensor_msgs/ouster_sensor_msgs/srv/detail/get_config__builder.hpp
[11.714s] -- Installing: /home/nvidia/f1tenth_ws/install/ouster_sensor_msgs/include/ouster_sensor_msgs/ouster_sensor_msgs/srv/detail/set_config__struct.hpp
[11.714s] -- Installing: /home/nvidia/f1tenth_ws/install/ouster_sensor_msgs/include/ouster_sensor_msgs/ouster_sensor_msgs/srv/detail/get_metadata__traits.hpp
[11.714s] -- Installing: /home/nvidia/f1tenth_ws/install/ouster_sensor_msgs/include/ouster_sensor_msgs/ouster_sensor_msgs/srv/detail/set_config__builder.hpp
[11.714s] -- Installing: /home/nvidia/f1tenth_ws/install/ouster_sensor_msgs/include/ouster_sensor_msgs/ouster_sensor_msgs/srv/get_config.hpp
[11.715s] -- Installing: /home/nvidia/f1tenth_ws/install/ouster_sensor_msgs/include/ouster_sensor_msgs/ouster_sensor_msgs/srv/set_config.hpp
[11.715s] -- Installing: /home/nvidia/f1tenth_ws/install/ouster_sensor_msgs/include/ouster_sensor_msgs/ouster_sensor_msgs/srv/get_metadata.hpp
[11.715s] -- Up-to-date: /home/nvidia/f1tenth_ws/install/ouster_sensor_msgs/include/ouster_sensor_msgs/ouster_sensor_msgs/msg
[11.715s] -- Installing: /home/nvidia/f1tenth_ws/install/ouster_sensor_msgs/include/ouster_sensor_msgs/ouster_sensor_msgs/msg/packet_msg.hpp
[11.716s] -- Up-to-date: /home/nvidia/f1tenth_ws/install/ouster_sensor_msgs/include/ouster_sensor_msgs/ouster_sensor_msgs/msg/detail
[11.716s] -- Installing: /home/nvidia/f1tenth_ws/install/ouster_sensor_msgs/include/ouster_sensor_msgs/ouster_sensor_msgs/msg/detail/packet_msg__struct.hpp
[11.716s] -- Installing: /home/nvidia/f1tenth_ws/install/ouster_sensor_msgs/include/ouster_sensor_msgs/ouster_sensor_msgs/msg/detail/packet_msg__builder.hpp
[11.716s] -- Installing: /home/nvidia/f1tenth_ws/install/ouster_sensor_msgs/include/ouster_sensor_msgs/ouster_sensor_msgs/msg/detail/packet_msg__traits.hpp
[11.716s] -- Up-to-date: /home/nvidia/f1tenth_ws/install/ouster_sensor_msgs/include/ouster_sensor_msgs/ouster_sensor_msgs
[11.717s] -- Up-to-date: /home/nvidia/f1tenth_ws/install/ouster_sensor_msgs/include/ouster_sensor_msgs/ouster_sensor_msgs/srv
[11.717s] -- Up-to-date: /home/nvidia/f1tenth_ws/install/ouster_sensor_msgs/include/ouster_sensor_msgs/ouster_sensor_msgs/srv/detail
[11.717s] -- Installing: /home/nvidia/f1tenth_ws/install/ouster_sensor_msgs/include/ouster_sensor_msgs/ouster_sensor_msgs/srv/detail/dds_fastrtps
[11.717s] -- Installing: /home/nvidia/f1tenth_ws/install/ouster_sensor_msgs/include/ouster_sensor_msgs/ouster_sensor_msgs/srv/detail/get_metadata__rosidl_typesupport_fastrtps_cpp.hpp
[11.717s] -- Installing: /home/nvidia/f1tenth_ws/install/ouster_sensor_msgs/include/ouster_sensor_msgs/ouster_sensor_msgs/srv/detail/set_config__rosidl_typesupport_fastrtps_cpp.hpp
[11.718s] -- Installing: /home/nvidia/f1tenth_ws/install/ouster_sensor_msgs/include/ouster_sensor_msgs/ouster_sensor_msgs/srv/detail/get_config__rosidl_typesupport_fastrtps_cpp.hpp
[11.718s] -- Up-to-date: /home/nvidia/f1tenth_ws/install/ouster_sensor_msgs/include/ouster_sensor_msgs/ouster_sensor_msgs/msg
[11.718s] -- Installing: /home/nvidia/f1tenth_ws/install/ouster_sensor_msgs/include/ouster_sensor_msgs/ouster_sensor_msgs/msg/rosidl_typesupport_fastrtps_cpp__visibility_control.h
[11.718s] -- Up-to-date: /home/nvidia/f1tenth_ws/install/ouster_sensor_msgs/include/ouster_sensor_msgs/ouster_sensor_msgs/msg/detail
[11.718s] -- Installing: /home/nvidia/f1tenth_ws/install/ouster_sensor_msgs/include/ouster_sensor_msgs/ouster_sensor_msgs/msg/detail/packet_msg__rosidl_typesupport_fastrtps_cpp.hpp
[11.718s] -- Installing: /home/nvidia/f1tenth_ws/install/ouster_sensor_msgs/include/ouster_sensor_msgs/ouster_sensor_msgs/msg/detail/dds_fastrtps
[11.719s] -- Installing: /home/nvidia/f1tenth_ws/install/ouster_sensor_msgs/lib/libouster_sensor_msgs__rosidl_typesupport_fastrtps_cpp.so
[11.719s] -- Set runtime path of "/home/nvidia/f1tenth_ws/install/ouster_sensor_msgs/lib/libouster_sensor_msgs__rosidl_typesupport_fastrtps_cpp.so" to ""
[11.719s] -- Up-to-date: /home/nvidia/f1tenth_ws/install/ouster_sensor_msgs/include/ouster_sensor_msgs/ouster_sensor_msgs
[11.719s] -- Up-to-date: /home/nvidia/f1tenth_ws/install/ouster_sensor_msgs/include/ouster_sensor_msgs/ouster_sensor_msgs/srv
[11.720s] -- Up-to-date: /home/nvidia/f1tenth_ws/install/ouster_sensor_msgs/include/ouster_sensor_msgs/ouster_sensor_msgs/srv/detail
[11.720s] -- Installing: /home/nvidia/f1tenth_ws/install/ouster_sensor_msgs/include/ouster_sensor_msgs/ouster_sensor_msgs/srv/detail/get_config__rosidl_typesupport_introspection_c.h
[11.720s] -- Installing: /home/nvidia/f1tenth_ws/install/ouster_sensor_msgs/include/ouster_sensor_msgs/ouster_sensor_msgs/srv/detail/set_config__rosidl_typesupport_introspection_c.h
[11.720s] -- Installing: /home/nvidia/f1tenth_ws/install/ouster_sensor_msgs/include/ouster_sensor_msgs/ouster_sensor_msgs/srv/detail/get_metadata__type_support.c
[11.720s] -- Installing: /home/nvidia/f1tenth_ws/install/ouster_sensor_msgs/include/ouster_sensor_msgs/ouster_sensor_msgs/srv/detail/get_metadata__rosidl_typesupport_introspection_c.h
[11.721s] -- Installing: /home/nvidia/f1tenth_ws/install/ouster_sensor_msgs/include/ouster_sensor_msgs/ouster_sensor_msgs/srv/detail/set_config__type_support.c
[11.721s] -- Installing: /home/nvidia/f1tenth_ws/install/ouster_sensor_msgs/include/ouster_sensor_msgs/ouster_sensor_msgs/srv/detail/get_config__type_support.c
[11.721s] -- Up-to-date: /home/nvidia/f1tenth_ws/install/ouster_sensor_msgs/include/ouster_sensor_msgs/ouster_sensor_msgs/msg
[11.721s] -- Up-to-date: /home/nvidia/f1tenth_ws/install/ouster_sensor_msgs/include/ouster_sensor_msgs/ouster_sensor_msgs/msg/detail
[11.721s] -- Installing: /home/nvidia/f1tenth_ws/install/ouster_sensor_msgs/include/ouster_sensor_msgs/ouster_sensor_msgs/msg/detail/packet_msg__type_support.c
[11.722s] -- Installing: /home/nvidia/f1tenth_ws/install/ouster_sensor_msgs/include/ouster_sensor_msgs/ouster_sensor_msgs/msg/detail/packet_msg__rosidl_typesupport_introspection_c.h
[11.722s] -- Installing: /home/nvidia/f1tenth_ws/install/ouster_sensor_msgs/include/ouster_sensor_msgs/ouster_sensor_msgs/msg/rosidl_typesupport_introspection_c__visibility_control.h
[11.722s] -- Installing: /home/nvidia/f1tenth_ws/install/ouster_sensor_msgs/lib/libouster_sensor_msgs__rosidl_typesupport_introspection_c.so
[11.722s] -- Set runtime path of "/home/nvidia/f1tenth_ws/install/ouster_sensor_msgs/lib/libouster_sensor_msgs__rosidl_typesupport_introspection_c.so" to ""
[11.722s] -- Installing: /home/nvidia/f1tenth_ws/install/ouster_sensor_msgs/lib/libouster_sensor_msgs__rosidl_typesupport_c.so
[11.723s] -- Set runtime path of "/home/nvidia/f1tenth_ws/install/ouster_sensor_msgs/lib/libouster_sensor_msgs__rosidl_typesupport_c.so" to ""
[11.723s] -- Up-to-date: /home/nvidia/f1tenth_ws/install/ouster_sensor_msgs/include/ouster_sensor_msgs/ouster_sensor_msgs
[11.723s] -- Up-to-date: /home/nvidia/f1tenth_ws/install/ouster_sensor_msgs/include/ouster_sensor_msgs/ouster_sensor_msgs/srv
[11.724s] -- Up-to-date: /home/nvidia/f1tenth_ws/install/ouster_sensor_msgs/include/ouster_sensor_msgs/ouster_sensor_msgs/srv/detail
[11.724s] -- Installing: /home/nvidia/f1tenth_ws/install/ouster_sensor_msgs/include/ouster_sensor_msgs/ouster_sensor_msgs/srv/detail/get_metadata__rosidl_typesupport_introspection_cpp.hpp
[11.724s] -- Installing: /home/nvidia/f1tenth_ws/install/ouster_sensor_msgs/include/ouster_sensor_msgs/ouster_sensor_msgs/srv/detail/get_config__rosidl_typesupport_introspection_cpp.hpp
[11.724s] -- Installing: /home/nvidia/f1tenth_ws/install/ouster_sensor_msgs/include/ouster_sensor_msgs/ouster_sensor_msgs/srv/detail/set_config__rosidl_typesupport_introspection_cpp.hpp
[11.724s] -- Installing: /home/nvidia/f1tenth_ws/install/ouster_sensor_msgs/include/ouster_sensor_msgs/ouster_sensor_msgs/srv/detail/set_config__type_support.cpp
[11.725s] -- Installing: /home/nvidia/f1tenth_ws/install/ouster_sensor_msgs/include/ouster_sensor_msgs/ouster_sensor_msgs/srv/detail/get_config__type_support.cpp
[11.725s] -- Installing: /home/nvidia/f1tenth_ws/install/ouster_sensor_msgs/include/ouster_sensor_msgs/ouster_sensor_msgs/srv/detail/get_metadata__type_support.cpp
[11.726s] -- Up-to-date: /home/nvidia/f1tenth_ws/install/ouster_sensor_msgs/include/ouster_sensor_msgs/ouster_sensor_msgs/msg
[11.726s] -- Up-to-date: /home/nvidia/f1tenth_ws/install/ouster_sensor_msgs/include/ouster_sensor_msgs/ouster_sensor_msgs/msg/detail
[11.726s] -- Installing: /home/nvidia/f1tenth_ws/install/ouster_sensor_msgs/include/ouster_sensor_msgs/ouster_sensor_msgs/msg/detail/packet_msg__type_support.cpp
[11.726s] -- Installing: /home/nvidia/f1tenth_ws/install/ouster_sensor_msgs/include/ouster_sensor_msgs/ouster_sensor_msgs/msg/detail/packet_msg__rosidl_typesupport_introspection_cpp.hpp
[11.727s] -- Installing: /home/nvidia/f1tenth_ws/install/ouster_sensor_msgs/lib/libouster_sensor_msgs__rosidl_typesupport_introspection_cpp.so
[11.727s] -- Set runtime path of "/home/nvidia/f1tenth_ws/install/ouster_sensor_msgs/lib/libouster_sensor_msgs__rosidl_typesupport_introspection_cpp.so" to ""
[11.727s] -- Installing: /home/nvidia/f1tenth_ws/install/ouster_sensor_msgs/lib/libouster_sensor_msgs__rosidl_typesupport_cpp.so
[11.727s] -- Set runtime path of "/home/nvidia/f1tenth_ws/install/ouster_sensor_msgs/lib/libouster_sensor_msgs__rosidl_typesupport_cpp.so" to ""
[11.728s] -- Installing: /home/nvidia/f1tenth_ws/install/ouster_sensor_msgs/share/ouster_sensor_msgs/environment/pythonpath.sh
[11.728s] -- Installing: /home/nvidia/f1tenth_ws/install/ouster_sensor_msgs/share/ouster_sensor_msgs/environment/pythonpath.dsv
[11.728s] -- Installing: /home/nvidia/f1tenth_ws/install/ouster_sensor_msgs/local/lib/python3.10/dist-packages/ouster_sensor_msgs-0.12.2-py3.10.egg-info
[11.728s] -- Installing: /home/nvidia/f1tenth_ws/install/ouster_sensor_msgs/local/lib/python3.10/dist-packages/ouster_sensor_msgs-0.12.2-py3.10.egg-info/dependency_links.txt
[11.729s] -- Installing: /home/nvidia/f1tenth_ws/install/ouster_sensor_msgs/local/lib/python3.10/dist-packages/ouster_sensor_msgs-0.12.2-py3.10.egg-info/PKG-INFO
[11.729s] -- Installing: /home/nvidia/f1tenth_ws/install/ouster_sensor_msgs/local/lib/python3.10/dist-packages/ouster_sensor_msgs-0.12.2-py3.10.egg-info/SOURCES.txt
[11.729s] -- Installing: /home/nvidia/f1tenth_ws/install/ouster_sensor_msgs/local/lib/python3.10/dist-packages/ouster_sensor_msgs-0.12.2-py3.10.egg-info/top_level.txt
[11.729s] -- Installing: /home/nvidia/f1tenth_ws/install/ouster_sensor_msgs/local/lib/python3.10/dist-packages/ouster_sensor_msgs
[11.730s] -- Installing: /home/nvidia/f1tenth_ws/install/ouster_sensor_msgs/local/lib/python3.10/dist-packages/ouster_sensor_msgs/srv
[11.730s] -- Installing: /home/nvidia/f1tenth_ws/install/ouster_sensor_msgs/local/lib/python3.10/dist-packages/ouster_sensor_msgs/srv/_set_config_s.c
[11.730s] -- Installing: /home/nvidia/f1tenth_ws/install/ouster_sensor_msgs/local/lib/python3.10/dist-packages/ouster_sensor_msgs/srv/_get_config_s.c
[11.730s] -- Installing: /home/nvidia/f1tenth_ws/install/ouster_sensor_msgs/local/lib/python3.10/dist-packages/ouster_sensor_msgs/srv/_get_config.py
[11.731s] -- Installing: /home/nvidia/f1tenth_ws/install/ouster_sensor_msgs/local/lib/python3.10/dist-packages/ouster_sensor_msgs/srv/_set_config.py
[11.731s] -- Installing: /home/nvidia/f1tenth_ws/install/ouster_sensor_msgs/local/lib/python3.10/dist-packages/ouster_sensor_msgs/srv/__init__.py
[11.731s] -- Installing: /home/nvidia/f1tenth_ws/install/ouster_sensor_msgs/local/lib/python3.10/dist-packages/ouster_sensor_msgs/srv/_get_metadata_s.c
[11.732s] -- Installing: /home/nvidia/f1tenth_ws/install/ouster_sensor_msgs/local/lib/python3.10/dist-packages/ouster_sensor_msgs/srv/_get_metadata.py
[11.732s] -- Installing: /home/nvidia/f1tenth_ws/install/ouster_sensor_msgs/local/lib/python3.10/dist-packages/ouster_sensor_msgs/_ouster_sensor_msgs_s.ep.rosidl_typesupport_introspection_c.c
[11.732s] -- Installing: /home/nvidia/f1tenth_ws/install/ouster_sensor_msgs/local/lib/python3.10/dist-packages/ouster_sensor_msgs/__init__.py
[11.732s] -- Installing: /home/nvidia/f1tenth_ws/install/ouster_sensor_msgs/local/lib/python3.10/dist-packages/ouster_sensor_msgs/ouster_sensor_msgs_s__rosidl_typesupport_c.cpython-310-aarch64-linux-gnu.so
[11.732s] -- Installing: /home/nvidia/f1tenth_ws/install/ouster_sensor_msgs/local/lib/python3.10/dist-packages/ouster_sensor_msgs/_ouster_sensor_msgs_s.ep.rosidl_typesupport_c.c
[11.733s] -- Installing: /home/nvidia/f1tenth_ws/install/ouster_sensor_msgs/local/lib/python3.10/dist-packages/ouster_sensor_msgs/ouster_sensor_msgs_s__rosidl_typesupport_introspection_c.cpython-310-aarch64-linux-gnu.so
[11.733s] -- Installing: /home/nvidia/f1tenth_ws/install/ouster_sensor_msgs/local/lib/python3.10/dist-packages/ouster_sensor_msgs/msg
[11.733s] -- Installing: /home/nvidia/f1tenth_ws/install/ouster_sensor_msgs/local/lib/python3.10/dist-packages/ouster_sensor_msgs/msg/_packet_msg.py
[11.733s] -- Installing: /home/nvidia/f1tenth_ws/install/ouster_sensor_msgs/local/lib/python3.10/dist-packages/ouster_sensor_msgs/msg/__init__.py
[11.734s] -- Installing: /home/nvidia/f1tenth_ws/install/ouster_sensor_msgs/local/lib/python3.10/dist-packages/ouster_sensor_msgs/msg/_packet_msg_s.c
[11.734s] -- Installing: /home/nvidia/f1tenth_ws/install/ouster_sensor_msgs/local/lib/python3.10/dist-packages/ouster_sensor_msgs/ouster_sensor_msgs_s__rosidl_typesupport_fastrtps_c.cpython-310-aarch64-linux-gnu.so
[11.734s] -- Installing: /home/nvidia/f1tenth_ws/install/ouster_sensor_msgs/local/lib/python3.10/dist-packages/ouster_sensor_msgs/_ouster_sensor_msgs_s.ep.rosidl_typesupport_fastrtps_c.c
[11.734s] -- Installing: /home/nvidia/f1tenth_ws/install/ouster_sensor_msgs/local/lib/python3.10/dist-packages/ouster_sensor_msgs/libouster_sensor_msgs__rosidl_generator_py.so
[11.810s] Listing '/home/nvidia/f1tenth_ws/install/ouster_sensor_msgs/local/lib/python3.10/dist-packages/ouster_sensor_msgs'...
[11.811s] Compiling '/home/nvidia/f1tenth_ws/install/ouster_sensor_msgs/local/lib/python3.10/dist-packages/ouster_sensor_msgs/__init__.py'...
[11.811s] Listing '/home/nvidia/f1tenth_ws/install/ouster_sensor_msgs/local/lib/python3.10/dist-packages/ouster_sensor_msgs/msg'...
[11.811s] Compiling '/home/nvidia/f1tenth_ws/install/ouster_sensor_msgs/local/lib/python3.10/dist-packages/ouster_sensor_msgs/msg/__init__.py'...
[11.811s] Compiling '/home/nvidia/f1tenth_ws/install/ouster_sensor_msgs/local/lib/python3.10/dist-packages/ouster_sensor_msgs/msg/_packet_msg.py'...
[11.811s] Listing '/home/nvidia/f1tenth_ws/install/ouster_sensor_msgs/local/lib/python3.10/dist-packages/ouster_sensor_msgs/srv'...
[11.811s] Compiling '/home/nvidia/f1tenth_ws/install/ouster_sensor_msgs/local/lib/python3.10/dist-packages/ouster_sensor_msgs/srv/__init__.py'...
[11.812s] Compiling '/home/nvidia/f1tenth_ws/install/ouster_sensor_msgs/local/lib/python3.10/dist-packages/ouster_sensor_msgs/srv/_get_config.py'...
[11.812s] Compiling '/home/nvidia/f1tenth_ws/install/ouster_sensor_msgs/local/lib/python3.10/dist-packages/ouster_sensor_msgs/srv/_get_metadata.py'...
[11.812s] Compiling '/home/nvidia/f1tenth_ws/install/ouster_sensor_msgs/local/lib/python3.10/dist-packages/ouster_sensor_msgs/srv/_set_config.py'...
[11.822s] -- Installing: /home/nvidia/f1tenth_ws/install/ouster_sensor_msgs/local/lib/python3.10/dist-packages/ouster_sensor_msgs/ouster_sensor_msgs_s__rosidl_typesupport_fastrtps_c.cpython-310-aarch64-linux-gnu.so
[11.822s] -- Set runtime path of "/home/nvidia/f1tenth_ws/install/ouster_sensor_msgs/local/lib/python3.10/dist-packages/ouster_sensor_msgs/ouster_sensor_msgs_s__rosidl_typesupport_fastrtps_c.cpython-310-aarch64-linux-gnu.so" to ""
[11.823s] -- Installing: /home/nvidia/f1tenth_ws/install/ouster_sensor_msgs/local/lib/python3.10/dist-packages/ouster_sensor_msgs/ouster_sensor_msgs_s__rosidl_typesupport_introspection_c.cpython-310-aarch64-linux-gnu.so
[11.824s] -- Set runtime path of "/home/nvidia/f1tenth_ws/install/ouster_sensor_msgs/local/lib/python3.10/dist-packages/ouster_sensor_msgs/ouster_sensor_msgs_s__rosidl_typesupport_introspection_c.cpython-310-aarch64-linux-gnu.so" to ""
[11.825s] -- Installing: /home/nvidia/f1tenth_ws/install/ouster_sensor_msgs/local/lib/python3.10/dist-packages/ouster_sensor_msgs/ouster_sensor_msgs_s__rosidl_typesupport_c.cpython-310-aarch64-linux-gnu.so
[11.825s] -- Set runtime path of "/home/nvidia/f1tenth_ws/install/ouster_sensor_msgs/local/lib/python3.10/dist-packages/ouster_sensor_msgs/ouster_sensor_msgs_s__rosidl_typesupport_c.cpython-310-aarch64-linux-gnu.so" to ""
[11.826s] -- Installing: /home/nvidia/f1tenth_ws/install/ouster_sensor_msgs/lib/libouster_sensor_msgs__rosidl_generator_py.so
[11.826s] -- Set runtime path of "/home/nvidia/f1tenth_ws/install/ouster_sensor_msgs/lib/libouster_sensor_msgs__rosidl_generator_py.so" to ""
[11.826s] -- Installing: /home/nvidia/f1tenth_ws/install/ouster_sensor_msgs/share/ouster_sensor_msgs/msg/PacketMsg.idl
[11.827s] -- Installing: /home/nvidia/f1tenth_ws/install/ouster_sensor_msgs/share/ouster_sensor_msgs/srv/GetConfig.idl
[11.827s] -- Installing: /home/nvidia/f1tenth_ws/install/ouster_sensor_msgs/share/ouster_sensor_msgs/srv/SetConfig.idl
[11.827s] -- Installing: /home/nvidia/f1tenth_ws/install/ouster_sensor_msgs/share/ouster_sensor_msgs/srv/GetMetadata.idl
[11.828s] -- Installing: /home/nvidia/f1tenth_ws/install/ouster_sensor_msgs/share/ouster_sensor_msgs/msg/PacketMsg.msg
[11.828s] -- Installing: /home/nvidia/f1tenth_ws/install/ouster_sensor_msgs/share/ouster_sensor_msgs/srv/GetConfig.srv
[11.828s] -- Installing: /home/nvidia/f1tenth_ws/install/ouster_sensor_msgs/share/ouster_sensor_msgs/srv/GetConfig_Request.msg
[11.828s] -- Installing: /home/nvidia/f1tenth_ws/install/ouster_sensor_msgs/share/ouster_sensor_msgs/srv/GetConfig_Response.msg
[11.829s] -- Installing: /home/nvidia/f1tenth_ws/install/ouster_sensor_msgs/share/ouster_sensor_msgs/srv/SetConfig.srv
[11.829s] -- Installing: /home/nvidia/f1tenth_ws/install/ouster_sensor_msgs/share/ouster_sensor_msgs/srv/SetConfig_Request.msg
[11.830s] -- Installing: /home/nvidia/f1tenth_ws/install/ouster_sensor_msgs/share/ouster_sensor_msgs/srv/SetConfig_Response.msg
[11.830s] -- Installing: /home/nvidia/f1tenth_ws/install/ouster_sensor_msgs/share/ouster_sensor_msgs/srv/GetMetadata.srv
[11.830s] -- Installing: /home/nvidia/f1tenth_ws/install/ouster_sensor_msgs/share/ouster_sensor_msgs/srv/GetMetadata_Request.msg
[11.830s] -- Installing: /home/nvidia/f1tenth_ws/install/ouster_sensor_msgs/share/ouster_sensor_msgs/srv/GetMetadata_Response.msg
[11.831s] -- Installing: /home/nvidia/f1tenth_ws/install/ouster_sensor_msgs/share/ament_index/resource_index/package_run_dependencies/ouster_sensor_msgs
[11.831s] -- Installing: /home/nvidia/f1tenth_ws/install/ouster_sensor_msgs/share/ament_index/resource_index/parent_prefix_path/ouster_sensor_msgs
[11.832s] -- Installing: /home/nvidia/f1tenth_ws/install/ouster_sensor_msgs/share/ouster_sensor_msgs/environment/ament_prefix_path.sh
[11.832s] -- Installing: /home/nvidia/f1tenth_ws/install/ouster_sensor_msgs/share/ouster_sensor_msgs/environment/ament_prefix_path.dsv
[11.832s] -- Installing: /home/nvidia/f1tenth_ws/install/ouster_sensor_msgs/share/ouster_sensor_msgs/environment/path.sh
[11.832s] -- Installing: /home/nvidia/f1tenth_ws/install/ouster_sensor_msgs/share/ouster_sensor_msgs/environment/path.dsv
[11.833s] -- Installing: /home/nvidia/f1tenth_ws/install/ouster_sensor_msgs/share/ouster_sensor_msgs/local_setup.bash
[11.833s] -- Installing: /home/nvidia/f1tenth_ws/install/ouster_sensor_msgs/share/ouster_sensor_msgs/local_setup.sh
[11.833s] -- Installing: /home/nvidia/f1tenth_ws/install/ouster_sensor_msgs/share/ouster_sensor_msgs/local_setup.zsh
[11.834s] -- Installing: /home/nvidia/f1tenth_ws/install/ouster_sensor_msgs/share/ouster_sensor_msgs/local_setup.dsv
[11.834s] -- Installing: /home/nvidia/f1tenth_ws/install/ouster_sensor_msgs/share/ouster_sensor_msgs/package.dsv
[11.834s] -- Installing: /home/nvidia/f1tenth_ws/install/ouster_sensor_msgs/share/ament_index/resource_index/packages/ouster_sensor_msgs
[11.835s] -- Installing: /home/nvidia/f1tenth_ws/install/ouster_sensor_msgs/share/ouster_sensor_msgs/cmake/export_ouster_sensor_msgs__rosidl_generator_cExport.cmake
[11.835s] -- Installing: /home/nvidia/f1tenth_ws/install/ouster_sensor_msgs/share/ouster_sensor_msgs/cmake/export_ouster_sensor_msgs__rosidl_generator_cExport-noconfig.cmake
[11.836s] -- Installing: /home/nvidia/f1tenth_ws/install/ouster_sensor_msgs/share/ouster_sensor_msgs/cmake/export_ouster_sensor_msgs__rosidl_typesupport_fastrtps_cExport.cmake
[11.836s] -- Installing: /home/nvidia/f1tenth_ws/install/ouster_sensor_msgs/share/ouster_sensor_msgs/cmake/export_ouster_sensor_msgs__rosidl_typesupport_fastrtps_cExport-noconfig.cmake
[11.836s] -- Installing: /home/nvidia/f1tenth_ws/install/ouster_sensor_msgs/share/ouster_sensor_msgs/cmake/export_ouster_sensor_msgs__rosidl_generator_cppExport.cmake
[11.837s] -- Installing: /home/nvidia/f1tenth_ws/install/ouster_sensor_msgs/share/ouster_sensor_msgs/cmake/export_ouster_sensor_msgs__rosidl_typesupport_fastrtps_cppExport.cmake
[11.837s] -- Installing: /home/nvidia/f1tenth_ws/install/ouster_sensor_msgs/share/ouster_sensor_msgs/cmake/export_ouster_sensor_msgs__rosidl_typesupport_fastrtps_cppExport-noconfig.cmake
[11.837s] -- Installing: /home/nvidia/f1tenth_ws/install/ouster_sensor_msgs/share/ouster_sensor_msgs/cmake/ouster_sensor_msgs__rosidl_typesupport_introspection_cExport.cmake
[11.838s] -- Installing: /home/nvidia/f1tenth_ws/install/ouster_sensor_msgs/share/ouster_sensor_msgs/cmake/ouster_sensor_msgs__rosidl_typesupport_introspection_cExport-noconfig.cmake
[11.838s] -- Installing: /home/nvidia/f1tenth_ws/install/ouster_sensor_msgs/share/ouster_sensor_msgs/cmake/ouster_sensor_msgs__rosidl_typesupport_cExport.cmake
[11.838s] -- Installing: /home/nvidia/f1tenth_ws/install/ouster_sensor_msgs/share/ouster_sensor_msgs/cmake/ouster_sensor_msgs__rosidl_typesupport_cExport-noconfig.cmake
[11.839s] -- Installing: /home/nvidia/f1tenth_ws/install/ouster_sensor_msgs/share/ouster_sensor_msgs/cmake/ouster_sensor_msgs__rosidl_typesupport_introspection_cppExport.cmake
[11.839s] -- Installing: /home/nvidia/f1tenth_ws/install/ouster_sensor_msgs/share/ouster_sensor_msgs/cmake/ouster_sensor_msgs__rosidl_typesupport_introspection_cppExport-noconfig.cmake
[11.840s] -- Installing: /home/nvidia/f1tenth_ws/install/ouster_sensor_msgs/share/ouster_sensor_msgs/cmake/ouster_sensor_msgs__rosidl_typesupport_cppExport.cmake
[11.840s] -- Installing: /home/nvidia/f1tenth_ws/install/ouster_sensor_msgs/share/ouster_sensor_msgs/cmake/ouster_sensor_msgs__rosidl_typesupport_cppExport-noconfig.cmake
[11.840s] -- Installing: /home/nvidia/f1tenth_ws/install/ouster_sensor_msgs/share/ouster_sensor_msgs/cmake/export_ouster_sensor_msgs__rosidl_generator_pyExport.cmake
[11.841s] -- Installing: /home/nvidia/f1tenth_ws/install/ouster_sensor_msgs/share/ouster_sensor_msgs/cmake/export_ouster_sensor_msgs__rosidl_generator_pyExport-noconfig.cmake
[11.841s] -- Installing: /home/nvidia/f1tenth_ws/install/ouster_sensor_msgs/share/ouster_sensor_msgs/cmake/rosidl_cmake-extras.cmake
[11.841s] -- Installing: /home/nvidia/f1tenth_ws/install/ouster_sensor_msgs/share/ouster_sensor_msgs/cmake/ament_cmake_export_dependencies-extras.cmake
[11.842s] -- Installing: /home/nvidia/f1tenth_ws/install/ouster_sensor_msgs/share/ouster_sensor_msgs/cmake/ament_cmake_export_include_directories-extras.cmake
[11.842s] -- Installing: /home/nvidia/f1tenth_ws/install/ouster_sensor_msgs/share/ouster_sensor_msgs/cmake/ament_cmake_export_libraries-extras.cmake
[11.842s] -- Installing: /home/nvidia/f1tenth_ws/install/ouster_sensor_msgs/share/ouster_sensor_msgs/cmake/ament_cmake_export_targets-extras.cmake
[11.842s] -- Installing: /home/nvidia/f1tenth_ws/install/ouster_sensor_msgs/share/ouster_sensor_msgs/cmake/rosidl_cmake_export_typesupport_targets-extras.cmake
[11.843s] -- Installing: /home/nvidia/f1tenth_ws/install/ouster_sensor_msgs/share/ouster_sensor_msgs/cmake/rosidl_cmake_export_typesupport_libraries-extras.cmake
[11.843s] -- Installing: /home/nvidia/f1tenth_ws/install/ouster_sensor_msgs/share/ouster_sensor_msgs/cmake/ouster_sensor_msgsConfig.cmake
[11.843s] -- Installing: /home/nvidia/f1tenth_ws/install/ouster_sensor_msgs/share/ouster_sensor_msgs/cmake/ouster_sensor_msgsConfig-version.cmake
[11.844s] -- Installing: /home/nvidia/f1tenth_ws/install/ouster_sensor_msgs/share/ouster_sensor_msgs/package.xml
[11.851s] Invoked command in '/home/nvidia/f1tenth_ws/build/ouster_sensor_msgs' returned '0': CMAKE_PREFIX_PATH=/opt/ros/humble /usr/bin/cmake --install /home/nvidia/f1tenth_ws/build/ouster_sensor_msgs
