[0.038s] Invoking command in '/home/nvidia/f1tenth_ws/build/ackermann_mux': CMAKE_PREFIX_PATH=/opt/ros/humble /usr/bin/cmake /home/nvidia/f1tenth_ws/src/f1tenth_system/ackermann_mux -DCMAKE_INSTALL_PREFIX=/home/nvidia/f1tenth_ws/install/ackermann_mux
[0.656s] -- The C compiler identification is GNU 11.4.0
[0.657s] -- The CXX compiler identification is GNU 11.4.0
[0.657s] -- Detecting C compiler ABI info
[0.657s] -- Detecting C compiler ABI info - done
[0.657s] -- Check for working C compiler: /usr/bin/cc - skipped
[0.657s] -- Detecting C compile features
[0.658s] -- Detecting C compile features - done
[0.658s] -- Detecting CXX compiler ABI info
[0.758s] -- Detecting CXX compiler ABI info - done
[0.783s] -- Check for working CXX compiler: /usr/bin/c++ - skipped
[0.784s] -- Detecting CXX compile features
[0.786s] -- Detecting CXX compile features - done
[0.793s] -- Found ament_cmake: 1.3.8 (/opt/ros/humble/share/ament_cmake/cmake)
[1.141s] -- Found Python3: /usr/bin/python3 (found version "3.10.12") found components: Interpreter 
[1.346s] -- Found rclcpp: 16.0.8 (/opt/ros/humble/share/rclcpp/cmake)
[1.436s] -- Found rosidl_generator_c: 3.1.5 (/opt/ros/humble/share/rosidl_generator_c/cmake)
[1.444s] -- Found rosidl_adapter: 3.1.5 (/opt/ros/humble/share/rosidl_adapter/cmake)
[1.463s] -- Found rosidl_generator_cpp: 3.1.5 (/opt/ros/humble/share/rosidl_generator_cpp/cmake)
[1.495s] -- Using all available rosidl_typesupport_c: rosidl_typesupport_fastrtps_c;rosidl_typesupport_introspection_c
[1.531s] -- Using all available rosidl_typesupport_cpp: rosidl_typesupport_fastrtps_cpp;rosidl_typesupport_introspection_cpp
[1.672s] -- Found rmw_implementation_cmake: 6.1.1 (/opt/ros/humble/share/rmw_implementation_cmake/cmake)
[1.677s] -- Found rmw_fastrtps_cpp: 6.2.6 (/opt/ros/humble/share/rmw_fastrtps_cpp/cmake)
[1.882s] -- Found OpenSSL: /usr/lib/aarch64-linux-gnu/libcrypto.so (found version "3.0.2")  
[1.940s] -- Found FastRTPS: /opt/ros/humble/include  
[2.040s] -- Using RMW implementation 'rmw_fastrtps_cpp' as default
[2.066s] -- Looking for pthread.h
[2.229s] -- Looking for pthread.h - found
[2.230s] -- Performing Test CMAKE_HAVE_LIBC_PTHREAD
[2.378s] -- Performing Test CMAKE_HAVE_LIBC_PTHREAD - Success
[2.381s] -- Found Threads: TRUE  
[2.706s] -- Found ackermann_msgs: 2.0.2 (/opt/ros/humble/share/ackermann_msgs/cmake)
[2.791s] -- Found diagnostic_updater: 3.1.2 (/opt/ros/humble/share/diagnostic_updater/cmake)
[2.927s] -- Found ament_lint_auto: 0.12.10 (/opt/ros/humble/share/ament_lint_auto/cmake)
[3.126s] -- Found python_cmake_module: 0.10.0 (/opt/ros/humble/share/python_cmake_module/cmake)
[3.179s] -- Found PythonInterp: /usr/bin/python3 (found suitable version "3.10.12", minimum required is "3.6") 
[3.192s] -- Found PythonLibs: /usr/lib/aarch64-linux-gnu/libpython3.10.so (found suitable version "3.10.12", minimum required is "3.5") 
[3.192s] -- Using PYTHON_EXECUTABLE: /usr/bin/python3
[3.192s] -- Using PYTHON_INCLUDE_DIRS: /usr/include/python3.10
[3.192s] -- Using PYTHON_LIBRARIES: /usr/lib/aarch64-linux-gnu/libpython3.10.so
[3.242s] -- Found PythonExtra: .so  
[3.287s] -- Added test 'xmllint' to check XML markup files
[3.289s] -- Added test 'copyright' to check source files copyright and LICENSE
[3.293s] -- Added test 'cppcheck' to perform static code analysis on C / C++ code
[3.294s] -- Configured cppcheck include dirs: /home/nvidia/f1tenth_ws/src/f1tenth_system/ackermann_mux/include
[3.294s] -- Configured cppcheck exclude dirs and/or files: 
[3.297s] -- Added test 'cpplint' to check C / C++ code against the Google style
[3.297s] -- Configured cpplint exclude dirs and/or files: 
[3.299s] -- Added test 'flake8' to check Python code syntax and style conventions
[3.300s] -- Added test 'lint_cmake' to check CMake code style
[3.302s] -- Added test 'pep257' to check Python code against some of the docstring style conventions in PEP 257
[3.306s] -- Added test 'uncrustify' to check C / C++ code style
[3.306s] -- Configured uncrustify additional arguments: 
[3.313s] -- Configuring done
[3.337s] -- Generating done
[3.341s] -- Build files have been written to: /home/nvidia/f1tenth_ws/build/ackermann_mux
[3.367s] Invoked command in '/home/nvidia/f1tenth_ws/build/ackermann_mux' returned '0': CMAKE_PREFIX_PATH=/opt/ros/humble /usr/bin/cmake /home/nvidia/f1tenth_ws/src/f1tenth_system/ackermann_mux -DCMAKE_INSTALL_PREFIX=/home/nvidia/f1tenth_ws/install/ackermann_mux
[3.371s] Invoking command in '/home/nvidia/f1tenth_ws/build/ackermann_mux': CMAKE_PREFIX_PATH=/opt/ros/humble /usr/bin/cmake --build /home/nvidia/f1tenth_ws/build/ackermann_mux -- -j6 -l6
[3.476s] [ 50%] [32mBuilding CXX object CMakeFiles/ackermann_mux.dir/src/ackermann_mux_node.cpp.o[0m
[3.477s] [ 50%] [32mBuilding CXX object CMakeFiles/ackermann_mux.dir/src/ackermann_mux.cpp.o[0m
[3.480s] [ 75%] [32mBuilding CXX object CMakeFiles/ackermann_mux.dir/src/ackermann_mux_diagnostics.cpp.o[0m
[40.591s] [100%] [32m[1mLinking CXX executable ackermann_mux[0m
[41.967s] [100%] Built target ackermann_mux
