[0.056s] Invoking command in '/home/nvidia/f1tenth_ws/build/realsense2_description': AMENT_PREFIX_PATH=/home/nvidia/f1tenth_ws/install/realsense2_camera_msgs:${AMENT_PREFIX_PATH} CMAKE_PREFIX_PATH=/home/nvidia/f1tenth_ws/install/realsense2_camera_msgs:/opt/ros/humble LD_LIBRARY_PATH=/home/nvidia/f1tenth_ws/install/realsense2_camera_msgs/lib:/opt/ros/humble/opt/rviz_ogre_vendor/lib:/opt/ros/humble/lib/aarch64-linux-gnu:/opt/ros/humble/lib:/usr/local/cuda-12.2/lib64 PYTHONPATH=/home/nvidia/f1tenth_ws/install/realsense2_camera_msgs/local/lib/python3.10/dist-packages:${PYTHONPATH} /usr/bin/cmake --build /home/nvidia/f1tenth_ws/build/realsense2_description -- -j6 -l6
[0.198s] Invoked command in '/home/nvidia/f1tenth_ws/build/realsense2_description' returned '0': AMENT_PREFIX_PATH=/home/nvidia/f1tenth_ws/install/realsense2_camera_msgs:${AMENT_PREFIX_PATH} CMAKE_PREFIX_PATH=/home/nvidia/f1tenth_ws/install/realsense2_camera_msgs:/opt/ros/humble LD_LIBRARY_PATH=/home/nvidia/f1tenth_ws/install/realsense2_camera_msgs/lib:/opt/ros/humble/opt/rviz_ogre_vendor/lib:/opt/ros/humble/lib/aarch64-linux-gnu:/opt/ros/humble/lib:/usr/local/cuda-12.2/lib64 PYTHONPATH=/home/nvidia/f1tenth_ws/install/realsense2_camera_msgs/local/lib/python3.10/dist-packages:${PYTHONPATH} /usr/bin/cmake --build /home/nvidia/f1tenth_ws/build/realsense2_description -- -j6 -l6
[0.269s] Invoking command in '/home/nvidia/f1tenth_ws/build/realsense2_description': AMENT_PREFIX_PATH=/home/nvidia/f1tenth_ws/install/realsense2_camera_msgs:${AMENT_PREFIX_PATH} CMAKE_PREFIX_PATH=/home/nvidia/f1tenth_ws/install/realsense2_camera_msgs:/opt/ros/humble LD_LIBRARY_PATH=/home/nvidia/f1tenth_ws/install/realsense2_camera_msgs/lib:/opt/ros/humble/opt/rviz_ogre_vendor/lib:/opt/ros/humble/lib/aarch64-linux-gnu:/opt/ros/humble/lib:/usr/local/cuda-12.2/lib64 PYTHONPATH=/home/nvidia/f1tenth_ws/install/realsense2_camera_msgs/local/lib/python3.10/dist-packages:${PYTHONPATH} /usr/bin/cmake --install /home/nvidia/f1tenth_ws/build/realsense2_description
[0.284s] -- Install configuration: ""
[0.285s] -- Up-to-date: /home/nvidia/f1tenth_ws/install/realsense2_description/share/realsense2_description/launch
[0.285s] -- Up-to-date: /home/nvidia/f1tenth_ws/install/realsense2_description/share/realsense2_description/launch/view_model.launch.py
[0.285s] -- Up-to-date: /home/nvidia/f1tenth_ws/install/realsense2_description/share/realsense2_description/launch/launch_utils.py
[0.286s] -- Up-to-date: /home/nvidia/f1tenth_ws/install/realsense2_description/share/realsense2_description/meshes
[0.286s] -- Up-to-date: /home/nvidia/f1tenth_ws/install/realsense2_description/share/realsense2_description/meshes/d405.stl
[0.286s] -- Up-to-date: /home/nvidia/f1tenth_ws/install/realsense2_description/share/realsense2_description/meshes/d415.stl
[0.286s] -- Up-to-date: /home/nvidia/f1tenth_ws/install/realsense2_description/share/realsense2_description/meshes/plug.stl
[0.286s] -- Up-to-date: /home/nvidia/f1tenth_ws/install/realsense2_description/share/realsense2_description/meshes/d435.dae
[0.286s] -- Up-to-date: /home/nvidia/f1tenth_ws/install/realsense2_description/share/realsense2_description/meshes/plug_collision.stl
[0.286s] -- Up-to-date: /home/nvidia/f1tenth_ws/install/realsense2_description/share/realsense2_description/meshes/d455.stl
[0.286s] -- Up-to-date: /home/nvidia/f1tenth_ws/install/realsense2_description/share/realsense2_description/meshes/l515.dae
[0.286s] -- Up-to-date: /home/nvidia/f1tenth_ws/install/realsense2_description/share/realsense2_description/rviz
[0.287s] -- Up-to-date: /home/nvidia/f1tenth_ws/install/realsense2_description/share/realsense2_description/rviz/urdf.rviz
[0.287s] -- Up-to-date: /home/nvidia/f1tenth_ws/install/realsense2_description/share/realsense2_description/urdf
[0.287s] -- Up-to-date: /home/nvidia/f1tenth_ws/install/realsense2_description/share/realsense2_description/urdf/_materials.urdf.xacro
[0.287s] -- Up-to-date: /home/nvidia/f1tenth_ws/install/realsense2_description/share/realsense2_description/urdf/test_d405_camera.urdf.xacro
[0.287s] -- Up-to-date: /home/nvidia/f1tenth_ws/install/realsense2_description/share/realsense2_description/urdf/_r410.urdf.xacro
[0.287s] -- Up-to-date: /home/nvidia/f1tenth_ws/install/realsense2_description/share/realsense2_description/urdf/_r430.urdf.xacro
[0.287s] -- Up-to-date: /home/nvidia/f1tenth_ws/install/realsense2_description/share/realsense2_description/urdf/test_r430_camera.urdf.xacro
[0.287s] -- Up-to-date: /home/nvidia/f1tenth_ws/install/realsense2_description/share/realsense2_description/urdf/test_r410_camera.urdf.xacro
[0.287s] -- Up-to-date: /home/nvidia/f1tenth_ws/install/realsense2_description/share/realsense2_description/urdf/_d435.urdf.xacro
[0.288s] -- Up-to-date: /home/nvidia/f1tenth_ws/install/realsense2_description/share/realsense2_description/urdf/_d435i.urdf.xacro
[0.288s] -- Up-to-date: /home/nvidia/f1tenth_ws/install/realsense2_description/share/realsense2_description/urdf/test_d415_camera.urdf.xacro
[0.288s] -- Up-to-date: /home/nvidia/f1tenth_ws/install/realsense2_description/share/realsense2_description/urdf/test_d435_camera.urdf.xacro
[0.288s] -- Up-to-date: /home/nvidia/f1tenth_ws/install/realsense2_description/share/realsense2_description/urdf/_d435i_imu_modules.urdf.xacro
[0.288s] -- Up-to-date: /home/nvidia/f1tenth_ws/install/realsense2_description/share/realsense2_description/urdf/_usb_plug.urdf.xacro
[0.288s] -- Up-to-date: /home/nvidia/f1tenth_ws/install/realsense2_description/share/realsense2_description/urdf/_d455.urdf.xacro
[0.288s] -- Up-to-date: /home/nvidia/f1tenth_ws/install/realsense2_description/share/realsense2_description/urdf/test_d435i_camera.urdf.xacro
[0.288s] -- Up-to-date: /home/nvidia/f1tenth_ws/install/realsense2_description/share/realsense2_description/urdf/test_d455_camera.urdf.xacro
[0.288s] -- Up-to-date: /home/nvidia/f1tenth_ws/install/realsense2_description/share/realsense2_description/urdf/_d405.urdf.xacro
[0.289s] -- Up-to-date: /home/nvidia/f1tenth_ws/install/realsense2_description/share/realsense2_description/urdf/test_d435_multiple_cameras.urdf.xacro
[0.289s] -- Up-to-date: /home/nvidia/f1tenth_ws/install/realsense2_description/share/realsense2_description/urdf/_d415.urdf.xacro
[0.289s] -- Up-to-date: /home/nvidia/f1tenth_ws/install/realsense2_description/share/ament_index/resource_index/package_run_dependencies/realsense2_description
[0.289s] -- Up-to-date: /home/nvidia/f1tenth_ws/install/realsense2_description/share/ament_index/resource_index/parent_prefix_path/realsense2_description
[0.290s] -- Up-to-date: /home/nvidia/f1tenth_ws/install/realsense2_description/share/realsense2_description/environment/ament_prefix_path.sh
[0.290s] -- Up-to-date: /home/nvidia/f1tenth_ws/install/realsense2_description/share/realsense2_description/environment/ament_prefix_path.dsv
[0.298s] -- Up-to-date: /home/nvidia/f1tenth_ws/install/realsense2_description/share/realsense2_description/environment/path.sh
[0.299s] -- Up-to-date: /home/nvidia/f1tenth_ws/install/realsense2_description/share/realsense2_description/environment/path.dsv
[0.299s] -- Up-to-date: /home/nvidia/f1tenth_ws/install/realsense2_description/share/realsense2_description/local_setup.bash
[0.299s] -- Up-to-date: /home/nvidia/f1tenth_ws/install/realsense2_description/share/realsense2_description/local_setup.sh
[0.299s] -- Up-to-date: /home/nvidia/f1tenth_ws/install/realsense2_description/share/realsense2_description/local_setup.zsh
[0.300s] -- Up-to-date: /home/nvidia/f1tenth_ws/install/realsense2_description/share/realsense2_description/local_setup.dsv
[0.301s] -- Installing: /home/nvidia/f1tenth_ws/install/realsense2_description/share/realsense2_description/package.dsv
[0.304s] -- Up-to-date: /home/nvidia/f1tenth_ws/install/realsense2_description/share/ament_index/resource_index/packages/realsense2_description
[0.308s] -- Up-to-date: /home/nvidia/f1tenth_ws/install/realsense2_description/share/realsense2_description/cmake/realsense2_descriptionConfig.cmake
[0.308s] -- Up-to-date: /home/nvidia/f1tenth_ws/install/realsense2_description/share/realsense2_description/cmake/realsense2_descriptionConfig-version.cmake
[0.308s] -- Up-to-date: /home/nvidia/f1tenth_ws/install/realsense2_description/share/realsense2_description/package.xml
[0.322s] Invoked command in '/home/nvidia/f1tenth_ws/build/realsense2_description' returned '0': AMENT_PREFIX_PATH=/home/nvidia/f1tenth_ws/install/realsense2_camera_msgs:${AMENT_PREFIX_PATH} CMAKE_PREFIX_PATH=/home/nvidia/f1tenth_ws/install/realsense2_camera_msgs:/opt/ros/humble LD_LIBRARY_PATH=/home/nvidia/f1tenth_ws/install/realsense2_camera_msgs/lib:/opt/ros/humble/opt/rviz_ogre_vendor/lib:/opt/ros/humble/lib/aarch64-linux-gnu:/opt/ros/humble/lib:/usr/local/cuda-12.2/lib64 PYTHONPATH=/home/nvidia/f1tenth_ws/install/realsense2_camera_msgs/local/lib/python3.10/dist-packages:${PYTHONPATH} /usr/bin/cmake --install /home/nvidia/f1tenth_ws/build/realsense2_description
