[0.032s] Invoking command in '/home/nvidia/f1tenth_ws/build/realsense2_camera': AMENT_PREFIX_PATH=/home/nvidia/f1tenth_ws/install/realsense2_camera_msgs:${AMENT_PREFIX_PATH} CMAKE_PREFIX_PATH=/home/nvidia/f1tenth_ws/install/realsense2_camera_msgs:/opt/ros/humble LD_LIBRARY_PATH=/home/nvidia/f1tenth_ws/install/realsense2_camera_msgs/lib:/opt/ros/humble/opt/rviz_ogre_vendor/lib:/opt/ros/humble/lib/aarch64-linux-gnu:/opt/ros/humble/lib:/usr/local/cuda-12.2/lib64 PYTHONPATH=/home/nvidia/f1tenth_ws/install/realsense2_camera_msgs/local/lib/python3.10/dist-packages:${PYTHONPATH} /usr/bin/cmake --build /home/nvidia/f1tenth_ws/build/realsense2_camera -- -j6 -l6
[0.164s] [  9%] Built target gtest_main
[0.191s] [ 18%] Built target gtest
[0.211s] [ 27%] Built target realsense2_camera_node
[0.245s] [ 36%] Built target gtest_template
[0.248s] [ 40%] [32m[1mLinking CXX shared library librealsense2_camera.so[0m
[1.616s] [100%] Built target realsense2_camera
[2.092s] Invoked command in '/home/nvidia/f1tenth_ws/build/realsense2_camera' returned '0': AMENT_PREFIX_PATH=/home/nvidia/f1tenth_ws/install/realsense2_camera_msgs:${AMENT_PREFIX_PATH} CMAKE_PREFIX_PATH=/home/nvidia/f1tenth_ws/install/realsense2_camera_msgs:/opt/ros/humble LD_LIBRARY_PATH=/home/nvidia/f1tenth_ws/install/realsense2_camera_msgs/lib:/opt/ros/humble/opt/rviz_ogre_vendor/lib:/opt/ros/humble/lib/aarch64-linux-gnu:/opt/ros/humble/lib:/usr/local/cuda-12.2/lib64 PYTHONPATH=/home/nvidia/f1tenth_ws/install/realsense2_camera_msgs/local/lib/python3.10/dist-packages:${PYTHONPATH} /usr/bin/cmake --build /home/nvidia/f1tenth_ws/build/realsense2_camera -- -j6 -l6
[2.207s] Invoking command in '/home/nvidia/f1tenth_ws/build/realsense2_camera': AMENT_PREFIX_PATH=/home/nvidia/f1tenth_ws/install/realsense2_camera_msgs:${AMENT_PREFIX_PATH} CMAKE_PREFIX_PATH=/home/nvidia/f1tenth_ws/install/realsense2_camera_msgs:/opt/ros/humble LD_LIBRARY_PATH=/home/nvidia/f1tenth_ws/install/realsense2_camera_msgs/lib:/opt/ros/humble/opt/rviz_ogre_vendor/lib:/opt/ros/humble/lib/aarch64-linux-gnu:/opt/ros/humble/lib:/usr/local/cuda-12.2/lib64 PYTHONPATH=/home/nvidia/f1tenth_ws/install/realsense2_camera_msgs/local/lib/python3.10/dist-packages:${PYTHONPATH} /usr/bin/cmake --install /home/nvidia/f1tenth_ws/build/realsense2_camera
[2.226s] -- Install configuration: "Release"
[2.227s] -- Up-to-date: /home/nvidia/f1tenth_ws/install/realsense2_camera/lib/realsense2_camera/realsense2_camera_node
[2.228s] -- Installing: /home/nvidia/f1tenth_ws/install/realsense2_camera/lib/librealsense2_camera.so
[2.235s] -- Set runtime path of "/home/nvidia/f1tenth_ws/install/realsense2_camera/lib/librealsense2_camera.so" to ""
[2.236s] -- Up-to-date: /home/nvidia/f1tenth_ws/install/realsense2_camera/include
[2.236s] -- Up-to-date: /home/nvidia/f1tenth_ws/install/realsense2_camera/include/ros_sensor.h
[2.236s] -- Up-to-date: /home/nvidia/f1tenth_ws/install/realsense2_camera/include/ros_utils.h
[2.237s] -- Up-to-date: /home/nvidia/f1tenth_ws/install/realsense2_camera/include/image_publisher.h
[2.237s] -- Up-to-date: /home/nvidia/f1tenth_ws/install/realsense2_camera/include/profile_manager.h
[2.237s] -- Up-to-date: /home/nvidia/f1tenth_ws/install/realsense2_camera/include/realsense_node_factory.h
[2.237s] -- Up-to-date: /home/nvidia/f1tenth_ws/install/realsense2_camera/include/sensor_params.h
[2.237s] -- Up-to-date: /home/nvidia/f1tenth_ws/install/realsense2_camera/include/named_filter.h
[2.237s] -- Up-to-date: /home/nvidia/f1tenth_ws/install/realsense2_camera/include/base_realsense_node.h
[2.237s] -- Up-to-date: /home/nvidia/f1tenth_ws/install/realsense2_camera/include/gl_window.h
[2.238s] -- Up-to-date: /home/nvidia/f1tenth_ws/install/realsense2_camera/include/dynamic_params.h
[2.238s] -- Up-to-date: /home/nvidia/f1tenth_ws/install/realsense2_camera/include/ros_param_backend.h
[2.238s] -- Up-to-date: /home/nvidia/f1tenth_ws/install/realsense2_camera/include/constants.h
[2.238s] -- Up-to-date: /home/nvidia/f1tenth_ws/install/realsense2_camera/share/realsense2_camera/launch
[2.239s] -- Up-to-date: /home/nvidia/f1tenth_ws/install/realsense2_camera/share/realsense2_camera/launch/rs_intra_process_demo_launch.py
[2.239s] -- Up-to-date: /home/nvidia/f1tenth_ws/install/realsense2_camera/share/realsense2_camera/launch/rs_launch.py
[2.239s] -- Up-to-date: /home/nvidia/f1tenth_ws/install/realsense2_camera/share/realsense2_camera/launch/default.rviz
[2.239s] -- Up-to-date: /home/nvidia/f1tenth_ws/install/realsense2_camera/share/realsense2_camera/launch/rs_multi_camera_launch.py
[2.239s] -- Up-to-date: /home/nvidia/f1tenth_ws/install/realsense2_camera/share/realsense2_camera/examples
[2.240s] -- Up-to-date: /home/nvidia/f1tenth_ws/install/realsense2_camera/share/realsense2_camera/examples/launch_params_from_file
[2.240s] -- Up-to-date: /home/nvidia/f1tenth_ws/install/realsense2_camera/share/realsense2_camera/examples/launch_params_from_file/README.md
[2.241s] -- Up-to-date: /home/nvidia/f1tenth_ws/install/realsense2_camera/share/realsense2_camera/examples/launch_params_from_file/config
[2.241s] -- Up-to-date: /home/nvidia/f1tenth_ws/install/realsense2_camera/share/realsense2_camera/examples/launch_params_from_file/config/config.yaml
[2.241s] -- Up-to-date: /home/nvidia/f1tenth_ws/install/realsense2_camera/share/realsense2_camera/examples/launch_params_from_file/rs_launch_get_params_from_yaml.py
[2.242s] -- Up-to-date: /home/nvidia/f1tenth_ws/install/realsense2_camera/share/realsense2_camera/examples/align_depth
[2.242s] -- Up-to-date: /home/nvidia/f1tenth_ws/install/realsense2_camera/share/realsense2_camera/examples/align_depth/rs_align_depth_launch.py
[2.242s] -- Up-to-date: /home/nvidia/f1tenth_ws/install/realsense2_camera/share/realsense2_camera/examples/align_depth/README.md
[2.242s] -- Up-to-date: /home/nvidia/f1tenth_ws/install/realsense2_camera/share/realsense2_camera/examples/dual_camera
[2.243s] -- Up-to-date: /home/nvidia/f1tenth_ws/install/realsense2_camera/share/realsense2_camera/examples/dual_camera/README.md
[2.243s] -- Up-to-date: /home/nvidia/f1tenth_ws/install/realsense2_camera/share/realsense2_camera/examples/dual_camera/rs_dual_camera_launch.py
[2.243s] -- Up-to-date: /home/nvidia/f1tenth_ws/install/realsense2_camera/share/realsense2_camera/examples/dual_camera/rviz
[2.243s] -- Up-to-date: /home/nvidia/f1tenth_ws/install/realsense2_camera/share/realsense2_camera/examples/dual_camera/rviz/dual_camera_pointcloud.rviz
[2.243s] -- Up-to-date: /home/nvidia/f1tenth_ws/install/realsense2_camera/share/realsense2_camera/examples/launch_from_rosbag
[2.244s] -- Up-to-date: /home/nvidia/f1tenth_ws/install/realsense2_camera/share/realsense2_camera/examples/launch_from_rosbag/rs_launch_from_rosbag.py
[2.244s] -- Up-to-date: /home/nvidia/f1tenth_ws/install/realsense2_camera/share/realsense2_camera/examples/launch_from_rosbag/README.md
[2.244s] -- Up-to-date: /home/nvidia/f1tenth_ws/install/realsense2_camera/share/realsense2_camera/examples/pointcloud
[2.244s] -- Up-to-date: /home/nvidia/f1tenth_ws/install/realsense2_camera/share/realsense2_camera/examples/pointcloud/rs_d455_pointcloud_launch.py
[2.244s] -- Up-to-date: /home/nvidia/f1tenth_ws/install/realsense2_camera/share/realsense2_camera/examples/pointcloud/README.md
[2.245s] -- Up-to-date: /home/nvidia/f1tenth_ws/install/realsense2_camera/share/realsense2_camera/examples/pointcloud/rviz
[2.245s] -- Up-to-date: /home/nvidia/f1tenth_ws/install/realsense2_camera/share/realsense2_camera/examples/pointcloud/rviz/pointcloud.rviz
[2.245s] -- Up-to-date: /home/nvidia/f1tenth_ws/install/realsense2_camera/share/realsense2_camera/examples/pointcloud/rviz/urdf_pointcloud.rviz
[2.245s] -- Up-to-date: /home/nvidia/f1tenth_ws/install/realsense2_camera/share/realsense2_camera/examples/pointcloud/rs_d405_pointcloud_launch.py
[2.245s] -- Up-to-date: /home/nvidia/f1tenth_ws/install/realsense2_camera/share/realsense2_camera/examples/pointcloud/rs_pointcloud_launch.py
[2.246s] -- Up-to-date: /home/nvidia/f1tenth_ws/install/realsense2_camera/share/realsense2_camera/environment/library_path.sh
[2.246s] -- Up-to-date: /home/nvidia/f1tenth_ws/install/realsense2_camera/share/realsense2_camera/environment/library_path.dsv
[2.246s] -- Up-to-date: /home/nvidia/f1tenth_ws/install/realsense2_camera/share/ament_index/resource_index/package_run_dependencies/realsense2_camera
[2.246s] -- Up-to-date: /home/nvidia/f1tenth_ws/install/realsense2_camera/share/ament_index/resource_index/parent_prefix_path/realsense2_camera
[2.246s] -- Up-to-date: /home/nvidia/f1tenth_ws/install/realsense2_camera/share/realsense2_camera/environment/ament_prefix_path.sh
[2.247s] -- Up-to-date: /home/nvidia/f1tenth_ws/install/realsense2_camera/share/realsense2_camera/environment/ament_prefix_path.dsv
[2.247s] -- Up-to-date: /home/nvidia/f1tenth_ws/install/realsense2_camera/share/realsense2_camera/environment/path.sh
[2.247s] -- Up-to-date: /home/nvidia/f1tenth_ws/install/realsense2_camera/share/realsense2_camera/environment/path.dsv
[2.247s] -- Up-to-date: /home/nvidia/f1tenth_ws/install/realsense2_camera/share/realsense2_camera/local_setup.bash
[2.247s] -- Up-to-date: /home/nvidia/f1tenth_ws/install/realsense2_camera/share/realsense2_camera/local_setup.sh
[2.247s] -- Up-to-date: /home/nvidia/f1tenth_ws/install/realsense2_camera/share/realsense2_camera/local_setup.zsh
[2.247s] -- Up-to-date: /home/nvidia/f1tenth_ws/install/realsense2_camera/share/realsense2_camera/local_setup.dsv
[2.248s] -- Installing: /home/nvidia/f1tenth_ws/install/realsense2_camera/share/realsense2_camera/package.dsv
[2.248s] -- Up-to-date: /home/nvidia/f1tenth_ws/install/realsense2_camera/share/ament_index/resource_index/packages/realsense2_camera
[2.248s] -- Up-to-date: /home/nvidia/f1tenth_ws/install/realsense2_camera/share/ament_index/resource_index/rclcpp_components/realsense2_camera
[2.248s] -- Up-to-date: /home/nvidia/f1tenth_ws/install/realsense2_camera/share/realsense2_camera/cmake/ament_cmake_export_include_directories-extras.cmake
[2.248s] -- Up-to-date: /home/nvidia/f1tenth_ws/install/realsense2_camera/share/realsense2_camera/cmake/ament_cmake_export_libraries-extras.cmake
[2.248s] -- Up-to-date: /home/nvidia/f1tenth_ws/install/realsense2_camera/share/realsense2_camera/cmake/ament_cmake_export_dependencies-extras.cmake
[2.248s] -- Up-to-date: /home/nvidia/f1tenth_ws/install/realsense2_camera/share/realsense2_camera/cmake/realsense2_cameraConfig.cmake
[2.248s] -- Up-to-date: /home/nvidia/f1tenth_ws/install/realsense2_camera/share/realsense2_camera/cmake/realsense2_cameraConfig-version.cmake
[2.249s] -- Up-to-date: /home/nvidia/f1tenth_ws/install/realsense2_camera/share/realsense2_camera/package.xml
[2.252s] Invoked command in '/home/nvidia/f1tenth_ws/build/realsense2_camera' returned '0': AMENT_PREFIX_PATH=/home/nvidia/f1tenth_ws/install/realsense2_camera_msgs:${AMENT_PREFIX_PATH} CMAKE_PREFIX_PATH=/home/nvidia/f1tenth_ws/install/realsense2_camera_msgs:/opt/ros/humble LD_LIBRARY_PATH=/home/nvidia/f1tenth_ws/install/realsense2_camera_msgs/lib:/opt/ros/humble/opt/rviz_ogre_vendor/lib:/opt/ros/humble/lib/aarch64-linux-gnu:/opt/ros/humble/lib:/usr/local/cuda-12.2/lib64 PYTHONPATH=/home/nvidia/f1tenth_ws/install/realsense2_camera_msgs/local/lib/python3.10/dist-packages:${PYTHONPATH} /usr/bin/cmake --install /home/nvidia/f1tenth_ws/build/realsense2_camera
