[0.059s] Invoking command in '/home/nvidia/f1tenth_ws/build/teleop_tools_msgs': CMAKE_PREFIX_PATH=/opt/ros/humble /usr/bin/cmake --build /home/nvidia/f1tenth_ws/build/teleop_tools_msgs -- -j6 -l6
[0.852s] [  9%] Built target teleop_tools_msgs__rosidl_generator_c
[0.852s] [ 12%] Built target teleop_tools_msgs__cpp
[0.852s] [ 12%] Built target ament_cmake_python_symlink_teleop_tools_msgs
[0.852s] [ 22%] Built target teleop_tools_msgs__rosidl_typesupport_c
[0.853s] [ 32%] Built target teleop_tools_msgs__rosidl_typesupport_introspection_c
[0.853s] [ 41%] Built target teleop_tools_msgs__rosidl_typesupport_fastrtps_c
[0.853s] [ 61%] Built target teleop_tools_msgs__rosidl_typesupport_fastrtps_cpp
[0.853s] [ 61%] Built target teleop_tools_msgs__rosidl_typesupport_introspection_cpp
[0.853s] [ 70%] Built target teleop_tools_msgs__rosidl_typesupport_cpp
[0.853s] [ 70%] Built target teleop_tools_msgs
[0.853s] [ 74%] Built target teleop_tools_msgs__py
[0.853s] [35m[1mConsolidate compiler generated dependencies of target teleop_tools_msgs__rosidl_generator_py[0m
[0.854s] [ 80%] Built target teleop_tools_msgs__rosidl_generator_py
[0.854s] [35m[1mConsolidate compiler generated dependencies of target teleop_tools_msgs__rosidl_typesupport_fastrtps_c__pyext[0m
[0.854s] [35m[1mConsolidate compiler generated dependencies of target teleop_tools_msgs__rosidl_typesupport_c__pyext[0m
[0.854s] [35m[1mConsolidate compiler generated dependencies of target teleop_tools_msgs__rosidl_typesupport_introspection_c__pyext[0m
[0.854s] [ 87%] Built target teleop_tools_msgs__rosidl_typesupport_c__pyext
[0.854s] [ 93%] Built target teleop_tools_msgs__rosidl_typesupport_fastrtps_c__pyext
[0.854s] [100%] Built target teleop_tools_msgs__rosidl_typesupport_introspection_c__pyext
[1.076s] running egg_info
[1.078s] writing teleop_tools_msgs.egg-info/PKG-INFO
[1.078s] writing dependency_links to teleop_tools_msgs.egg-info/dependency_links.txt
[1.079s] writing top-level names to teleop_tools_msgs.egg-info/top_level.txt
[1.085s] reading manifest file 'teleop_tools_msgs.egg-info/SOURCES.txt'
[1.086s] writing manifest file 'teleop_tools_msgs.egg-info/SOURCES.txt'
[1.169s] [100%] Built target ament_cmake_python_build_teleop_tools_msgs_egg
[1.212s] Invoked command in '/home/nvidia/f1tenth_ws/build/teleop_tools_msgs' returned '0': CMAKE_PREFIX_PATH=/opt/ros/humble /usr/bin/cmake --build /home/nvidia/f1tenth_ws/build/teleop_tools_msgs -- -j6 -l6
