-- Found ament_cmake: 1.3.8 (/opt/ros/humble/share/ament_cmake/cmake)
-- Override CMake install command with custom implementation using symlinks instead of copying resources
-- Found rosidl_default_generators: 1.2.0 (/opt/ros/humble/share/rosidl_default_generators/cmake)
-- Using all available rosidl_typesupport_c: rosidl_typesupport_fastrtps_c;rosidl_typesupport_introspection_c
-- Found rosidl_adapter: 3.1.5 (/opt/ros/humble/share/rosidl_adapter/cmake)
-- Using all available rosidl_typesupport_cpp: rosidl_typesupport_fastrtps_cpp;rosidl_typesupport_introspection_cpp
-- Found ament_lint_auto: 0.12.10 (/opt/ros/humble/share/ament_lint_auto/cmake)
-- Found ament_cmake_ros: 0.10.0 (/opt/ros/humble/share/ament_cmake_ros/cmake)
-- Using all available rosidl_typesupport_c: rosidl_typesupport_fastrtps_c;rosidl_typesupport_introspection_c
-- Using all available rosidl_typesupport_cpp: rosidl_typesupport_fastrtps_cpp;rosidl_typesupport_introspection_cpp
-- Found python_cmake_module: 0.10.0 (/opt/ros/humble/share/python_cmake_module/cmake)
-- Using PYTHON_EXECUTABLE: /usr/bin/python3
-- Using PYTHON_INCLUDE_DIRS: /usr/include/python3.10
-- Using PYTHON_LIBRARIES: /usr/lib/aarch64-linux-gnu/libpython3.10.so
-- Added test 'copyright' to check source files copyright and LICENSE
-- Added test 'lint_cmake' to check CMake code style
-- Added test 'xmllint' to check XML markup files
-- Configuring done
-- Generating done
-- Build files have been written to: /home/nvidia/f1tenth_ws/build/teleop_tools_msgs
[35m[1mConsolidate compiler generated dependencies of target teleop_tools_msgs__rosidl_generator_c[0m
[  3%] Built target teleop_tools_msgs__cpp
[ 12%] Built target teleop_tools_msgs__rosidl_generator_c
[35m[1mConsolidate compiler generated dependencies of target teleop_tools_msgs__rosidl_typesupport_fastrtps_cpp[0m
[35m[1mConsolidate compiler generated dependencies of target teleop_tools_msgs__rosidl_typesupport_introspection_cpp[0m
[35m[1mConsolidate compiler generated dependencies of target teleop_tools_msgs__rosidl_typesupport_cpp[0m
[ 22%] Built target teleop_tools_msgs__rosidl_typesupport_fastrtps_cpp
[35m[1mConsolidate compiler generated dependencies of target teleop_tools_msgs__rosidl_typesupport_fastrtps_c[0m
[ 32%] Built target teleop_tools_msgs__rosidl_typesupport_introspection_cpp
[ 35%] [32mBuilding CXX object CMakeFiles/teleop_tools_msgs__rosidl_typesupport_fastrtps_c.dir/rosidl_typesupport_fastrtps_c/teleop_tools_msgs/action/detail/increment__type_support_c.cpp.o[0m
[ 45%] Built target teleop_tools_msgs__rosidl_typesupport_cpp
failed to create symbolic link '/home/nvidia/f1tenth_ws/build/teleop_tools_msgs/ament_cmake_python/teleop_tools_msgs/teleop_tools_msgs' because existing path cannot be removed: Is a directory
gmake[2]: *** [CMakeFiles/ament_cmake_python_symlink_teleop_tools_msgs.dir/build.make:70: CMakeFiles/ament_cmake_python_symlink_teleop_tools_msgs] Error 1
gmake[1]: *** [CMakeFiles/Makefile2:421: CMakeFiles/ament_cmake_python_symlink_teleop_tools_msgs.dir/all] Error 2
gmake[1]: *** Waiting for unfinished jobs....
[ 48%] [32m[1mLinking CXX shared library libteleop_tools_msgs__rosidl_typesupport_fastrtps_c.so[0m
[ 51%] Built target teleop_tools_msgs__rosidl_typesupport_fastrtps_c
gmake: *** [Makefile:146: all] Error 2
