[0.053s] Invoking command in '/home/nvidia/f1tenth_ws/build/realsense2_description': CMAKE_PREFIX_PATH=/home/nvidia/f1tenth_ws/install/realsense2_camera_msgs:/home/nvidia/f1tenth_ws/install/vesc:/home/nvidia/f1tenth_ws/install/vesc_driver:/home/nvidia/f1tenth_ws/install/vesc_ackermann:/home/nvidia/f1tenth_ws/install/vesc_msgs:/home/nvidia/f1tenth_ws/install/teleop_tools:/home/nvidia/f1tenth_ws/install/teleop_tools_msgs:/home/nvidia/f1tenth_ws/install/ros2_ouster:/home/nvidia/f1tenth_ws/install/realsense2_description:/home/nvidia/f1tenth_ws/install/realsense2_camera:/home/nvidia/f1tenth_ws/install/ouster_ros:/home/nvidia/f1tenth_ws/install/ouster_sensor_msgs:/home/nvidia/f1tenth_ws/install/ouster_msgs:/home/nvidia/f1tenth_ws/install/fixposition_odometry_converter_ros2:/home/nvidia/f1tenth_ws/install/fixposition_driver_ros2:/home/nvidia/f1tenth_ws/install/fixposition_driver_lib:/home/nvidia/f1tenth_ws/install/fixposition_gnss_tf:/home/nvidia/f1tenth_ws/install/ackermann_mux:/home/nvidia/f1tenth_ws/install/f1tenth_stack:/home/nvidia/f1tenth_ws/install/joy_teleop:/home/nvidia/f1tenth_ws/install/mouse_teleop:/home/nvidia/f1tenth_ws/install/key_teleop:/opt/ros/humble LD_LIBRARY_PATH=/home/nvidia/f1tenth_ws/install/realsense2_camera_msgs/lib:/home/nvidia/f1tenth_ws/install/vesc_driver/lib:/home/nvidia/f1tenth_ws/install/vesc_ackermann/lib:/home/nvidia/f1tenth_ws/install/vesc_msgs/lib:/home/nvidia/f1tenth_ws/install/teleop_tools_msgs/lib:/home/nvidia/f1tenth_ws/install/ros2_ouster/lib:/home/nvidia/f1tenth_ws/install/realsense2_camera/lib:/home/nvidia/f1tenth_ws/install/ouster_ros/lib:/home/nvidia/f1tenth_ws/install/ouster_sensor_msgs/lib:/home/nvidia/f1tenth_ws/install/ouster_msgs/lib:/home/nvidia/f1tenth_ws/install/fixposition_odometry_converter_ros2/lib:/home/nvidia/f1tenth_ws/install/fixposition_driver_ros2/lib:/home/nvidia/f1tenth_ws/install/fixposition_driver_lib/lib:/home/nvidia/f1tenth_ws/install/fixposition_gnss_tf/lib:/opt/ros/humble/opt/rviz_ogre_vendor/lib:/opt/ros/humble/lib/aarch64-linux-gnu:/opt/ros/humble/lib:/usr/local/cuda-12.2/lib64 /usr/bin/cmake --build /home/nvidia/f1tenth_ws/build/realsense2_description -- -j6 -l6
[0.184s] Invoked command in '/home/nvidia/f1tenth_ws/build/realsense2_description' returned '0': CMAKE_PREFIX_PATH=/home/nvidia/f1tenth_ws/install/realsense2_camera_msgs:/home/nvidia/f1tenth_ws/install/vesc:/home/nvidia/f1tenth_ws/install/vesc_driver:/home/nvidia/f1tenth_ws/install/vesc_ackermann:/home/nvidia/f1tenth_ws/install/vesc_msgs:/home/nvidia/f1tenth_ws/install/teleop_tools:/home/nvidia/f1tenth_ws/install/teleop_tools_msgs:/home/nvidia/f1tenth_ws/install/ros2_ouster:/home/nvidia/f1tenth_ws/install/realsense2_description:/home/nvidia/f1tenth_ws/install/realsense2_camera:/home/nvidia/f1tenth_ws/install/ouster_ros:/home/nvidia/f1tenth_ws/install/ouster_sensor_msgs:/home/nvidia/f1tenth_ws/install/ouster_msgs:/home/nvidia/f1tenth_ws/install/fixposition_odometry_converter_ros2:/home/nvidia/f1tenth_ws/install/fixposition_driver_ros2:/home/nvidia/f1tenth_ws/install/fixposition_driver_lib:/home/nvidia/f1tenth_ws/install/fixposition_gnss_tf:/home/nvidia/f1tenth_ws/install/ackermann_mux:/home/nvidia/f1tenth_ws/install/f1tenth_stack:/home/nvidia/f1tenth_ws/install/joy_teleop:/home/nvidia/f1tenth_ws/install/mouse_teleop:/home/nvidia/f1tenth_ws/install/key_teleop:/opt/ros/humble LD_LIBRARY_PATH=/home/nvidia/f1tenth_ws/install/realsense2_camera_msgs/lib:/home/nvidia/f1tenth_ws/install/vesc_driver/lib:/home/nvidia/f1tenth_ws/install/vesc_ackermann/lib:/home/nvidia/f1tenth_ws/install/vesc_msgs/lib:/home/nvidia/f1tenth_ws/install/teleop_tools_msgs/lib:/home/nvidia/f1tenth_ws/install/ros2_ouster/lib:/home/nvidia/f1tenth_ws/install/realsense2_camera/lib:/home/nvidia/f1tenth_ws/install/ouster_ros/lib:/home/nvidia/f1tenth_ws/install/ouster_sensor_msgs/lib:/home/nvidia/f1tenth_ws/install/ouster_msgs/lib:/home/nvidia/f1tenth_ws/install/fixposition_odometry_converter_ros2/lib:/home/nvidia/f1tenth_ws/install/fixposition_driver_ros2/lib:/home/nvidia/f1tenth_ws/install/fixposition_driver_lib/lib:/home/nvidia/f1tenth_ws/install/fixposition_gnss_tf/lib:/opt/ros/humble/opt/rviz_ogre_vendor/lib:/opt/ros/humble/lib/aarch64-linux-gnu:/opt/ros/humble/lib:/usr/local/cuda-12.2/lib64 /usr/bin/cmake --build /home/nvidia/f1tenth_ws/build/realsense2_description -- -j6 -l6
[0.255s] Invoking command in '/home/nvidia/f1tenth_ws/build/realsense2_description': CMAKE_PREFIX_PATH=/home/nvidia/f1tenth_ws/install/realsense2_camera_msgs:/home/nvidia/f1tenth_ws/install/vesc:/home/nvidia/f1tenth_ws/install/vesc_driver:/home/nvidia/f1tenth_ws/install/vesc_ackermann:/home/nvidia/f1tenth_ws/install/vesc_msgs:/home/nvidia/f1tenth_ws/install/teleop_tools:/home/nvidia/f1tenth_ws/install/teleop_tools_msgs:/home/nvidia/f1tenth_ws/install/ros2_ouster:/home/nvidia/f1tenth_ws/install/realsense2_description:/home/nvidia/f1tenth_ws/install/realsense2_camera:/home/nvidia/f1tenth_ws/install/ouster_ros:/home/nvidia/f1tenth_ws/install/ouster_sensor_msgs:/home/nvidia/f1tenth_ws/install/ouster_msgs:/home/nvidia/f1tenth_ws/install/fixposition_odometry_converter_ros2:/home/nvidia/f1tenth_ws/install/fixposition_driver_ros2:/home/nvidia/f1tenth_ws/install/fixposition_driver_lib:/home/nvidia/f1tenth_ws/install/fixposition_gnss_tf:/home/nvidia/f1tenth_ws/install/ackermann_mux:/home/nvidia/f1tenth_ws/install/f1tenth_stack:/home/nvidia/f1tenth_ws/install/joy_teleop:/home/nvidia/f1tenth_ws/install/mouse_teleop:/home/nvidia/f1tenth_ws/install/key_teleop:/opt/ros/humble LD_LIBRARY_PATH=/home/nvidia/f1tenth_ws/install/realsense2_camera_msgs/lib:/home/nvidia/f1tenth_ws/install/vesc_driver/lib:/home/nvidia/f1tenth_ws/install/vesc_ackermann/lib:/home/nvidia/f1tenth_ws/install/vesc_msgs/lib:/home/nvidia/f1tenth_ws/install/teleop_tools_msgs/lib:/home/nvidia/f1tenth_ws/install/ros2_ouster/lib:/home/nvidia/f1tenth_ws/install/realsense2_camera/lib:/home/nvidia/f1tenth_ws/install/ouster_ros/lib:/home/nvidia/f1tenth_ws/install/ouster_sensor_msgs/lib:/home/nvidia/f1tenth_ws/install/ouster_msgs/lib:/home/nvidia/f1tenth_ws/install/fixposition_odometry_converter_ros2/lib:/home/nvidia/f1tenth_ws/install/fixposition_driver_ros2/lib:/home/nvidia/f1tenth_ws/install/fixposition_driver_lib/lib:/home/nvidia/f1tenth_ws/install/fixposition_gnss_tf/lib:/opt/ros/humble/opt/rviz_ogre_vendor/lib:/opt/ros/humble/lib/aarch64-linux-gnu:/opt/ros/humble/lib:/usr/local/cuda-12.2/lib64 /usr/bin/cmake --install /home/nvidia/f1tenth_ws/build/realsense2_description
[0.283s] -- Install configuration: ""
[0.283s] -- Up-to-date: /home/nvidia/f1tenth_ws/install/realsense2_description/share/realsense2_description/launch
[0.284s] -- Up-to-date: /home/nvidia/f1tenth_ws/install/realsense2_description/share/realsense2_description/launch/view_model.launch.py
[0.284s] -- Up-to-date: /home/nvidia/f1tenth_ws/install/realsense2_description/share/realsense2_description/launch/launch_utils.py
[0.285s] -- Up-to-date: /home/nvidia/f1tenth_ws/install/realsense2_description/share/realsense2_description/meshes
[0.285s] -- Up-to-date: /home/nvidia/f1tenth_ws/install/realsense2_description/share/realsense2_description/meshes/d405.stl
[0.286s] -- Up-to-date: /home/nvidia/f1tenth_ws/install/realsense2_description/share/realsense2_description/meshes/d415.stl
[0.286s] -- Up-to-date: /home/nvidia/f1tenth_ws/install/realsense2_description/share/realsense2_description/meshes/plug.stl
[0.286s] -- Up-to-date: /home/nvidia/f1tenth_ws/install/realsense2_description/share/realsense2_description/meshes/d435.dae
[0.288s] -- Up-to-date: /home/nvidia/f1tenth_ws/install/realsense2_description/share/realsense2_description/meshes/plug_collision.stl
[0.289s] -- Up-to-date: /home/nvidia/f1tenth_ws/install/realsense2_description/share/realsense2_description/meshes/d455.stl
[0.316s] -- Up-to-date: /home/nvidia/f1tenth_ws/install/realsense2_description/share/realsense2_description/meshes/l515.dae
[0.316s] -- Up-to-date: /home/nvidia/f1tenth_ws/install/realsense2_description/share/realsense2_description/rviz
[0.316s] -- Up-to-date: /home/nvidia/f1tenth_ws/install/realsense2_description/share/realsense2_description/rviz/urdf.rviz
[0.317s] -- Up-to-date: /home/nvidia/f1tenth_ws/install/realsense2_description/share/realsense2_description/urdf
[0.317s] -- Up-to-date: /home/nvidia/f1tenth_ws/install/realsense2_description/share/realsense2_description/urdf/_materials.urdf.xacro
[0.317s] -- Up-to-date: /home/nvidia/f1tenth_ws/install/realsense2_description/share/realsense2_description/urdf/test_d405_camera.urdf.xacro
[0.317s] -- Up-to-date: /home/nvidia/f1tenth_ws/install/realsense2_description/share/realsense2_description/urdf/_r410.urdf.xacro
[0.317s] -- Up-to-date: /home/nvidia/f1tenth_ws/install/realsense2_description/share/realsense2_description/urdf/_r430.urdf.xacro
[0.317s] -- Up-to-date: /home/nvidia/f1tenth_ws/install/realsense2_description/share/realsense2_description/urdf/test_r430_camera.urdf.xacro
[0.317s] -- Up-to-date: /home/nvidia/f1tenth_ws/install/realsense2_description/share/realsense2_description/urdf/test_r410_camera.urdf.xacro
[0.317s] -- Up-to-date: /home/nvidia/f1tenth_ws/install/realsense2_description/share/realsense2_description/urdf/_d435.urdf.xacro
[0.318s] -- Up-to-date: /home/nvidia/f1tenth_ws/install/realsense2_description/share/realsense2_description/urdf/_d435i.urdf.xacro
[0.318s] -- Up-to-date: /home/nvidia/f1tenth_ws/install/realsense2_description/share/realsense2_description/urdf/test_d415_camera.urdf.xacro
[0.318s] -- Up-to-date: /home/nvidia/f1tenth_ws/install/realsense2_description/share/realsense2_description/urdf/test_d435_camera.urdf.xacro
[0.318s] -- Up-to-date: /home/nvidia/f1tenth_ws/install/realsense2_description/share/realsense2_description/urdf/_d435i_imu_modules.urdf.xacro
[0.319s] -- Up-to-date: /home/nvidia/f1tenth_ws/install/realsense2_description/share/realsense2_description/urdf/_usb_plug.urdf.xacro
[0.319s] -- Up-to-date: /home/nvidia/f1tenth_ws/install/realsense2_description/share/realsense2_description/urdf/_d455.urdf.xacro
[0.320s] -- Up-to-date: /home/nvidia/f1tenth_ws/install/realsense2_description/share/realsense2_description/urdf/test_d435i_camera.urdf.xacro
[0.321s] -- Up-to-date: /home/nvidia/f1tenth_ws/install/realsense2_description/share/realsense2_description/urdf/test_d455_camera.urdf.xacro
[0.321s] -- Up-to-date: /home/nvidia/f1tenth_ws/install/realsense2_description/share/realsense2_description/urdf/_d405.urdf.xacro
[0.322s] -- Up-to-date: /home/nvidia/f1tenth_ws/install/realsense2_description/share/realsense2_description/urdf/test_d435_multiple_cameras.urdf.xacro
[0.323s] -- Up-to-date: /home/nvidia/f1tenth_ws/install/realsense2_description/share/realsense2_description/urdf/_d415.urdf.xacro
[0.325s] -- Up-to-date: /home/nvidia/f1tenth_ws/install/realsense2_description/share/ament_index/resource_index/package_run_dependencies/realsense2_description
[0.326s] -- Up-to-date: /home/nvidia/f1tenth_ws/install/realsense2_description/share/ament_index/resource_index/parent_prefix_path/realsense2_description
[0.326s] -- Up-to-date: /home/nvidia/f1tenth_ws/install/realsense2_description/share/realsense2_description/environment/ament_prefix_path.sh
[0.326s] -- Up-to-date: /home/nvidia/f1tenth_ws/install/realsense2_description/share/realsense2_description/environment/ament_prefix_path.dsv
[0.326s] -- Up-to-date: /home/nvidia/f1tenth_ws/install/realsense2_description/share/realsense2_description/environment/path.sh
[0.327s] -- Up-to-date: /home/nvidia/f1tenth_ws/install/realsense2_description/share/realsense2_description/environment/path.dsv
[0.327s] -- Up-to-date: /home/nvidia/f1tenth_ws/install/realsense2_description/share/realsense2_description/local_setup.bash
[0.327s] -- Up-to-date: /home/nvidia/f1tenth_ws/install/realsense2_description/share/realsense2_description/local_setup.sh
[0.328s] -- Up-to-date: /home/nvidia/f1tenth_ws/install/realsense2_description/share/realsense2_description/local_setup.zsh
[0.328s] -- Up-to-date: /home/nvidia/f1tenth_ws/install/realsense2_description/share/realsense2_description/local_setup.dsv
[0.330s] -- Installing: /home/nvidia/f1tenth_ws/install/realsense2_description/share/realsense2_description/package.dsv
[0.330s] -- Up-to-date: /home/nvidia/f1tenth_ws/install/realsense2_description/share/ament_index/resource_index/packages/realsense2_description
[0.332s] -- Up-to-date: /home/nvidia/f1tenth_ws/install/realsense2_description/share/realsense2_description/cmake/realsense2_descriptionConfig.cmake
[0.333s] -- Up-to-date: /home/nvidia/f1tenth_ws/install/realsense2_description/share/realsense2_description/cmake/realsense2_descriptionConfig-version.cmake
[0.333s] -- Up-to-date: /home/nvidia/f1tenth_ws/install/realsense2_description/share/realsense2_description/package.xml
[0.344s] Invoked command in '/home/nvidia/f1tenth_ws/build/realsense2_description' returned '0': CMAKE_PREFIX_PATH=/home/nvidia/f1tenth_ws/install/realsense2_camera_msgs:/home/nvidia/f1tenth_ws/install/vesc:/home/nvidia/f1tenth_ws/install/vesc_driver:/home/nvidia/f1tenth_ws/install/vesc_ackermann:/home/nvidia/f1tenth_ws/install/vesc_msgs:/home/nvidia/f1tenth_ws/install/teleop_tools:/home/nvidia/f1tenth_ws/install/teleop_tools_msgs:/home/nvidia/f1tenth_ws/install/ros2_ouster:/home/nvidia/f1tenth_ws/install/realsense2_description:/home/nvidia/f1tenth_ws/install/realsense2_camera:/home/nvidia/f1tenth_ws/install/ouster_ros:/home/nvidia/f1tenth_ws/install/ouster_sensor_msgs:/home/nvidia/f1tenth_ws/install/ouster_msgs:/home/nvidia/f1tenth_ws/install/fixposition_odometry_converter_ros2:/home/nvidia/f1tenth_ws/install/fixposition_driver_ros2:/home/nvidia/f1tenth_ws/install/fixposition_driver_lib:/home/nvidia/f1tenth_ws/install/fixposition_gnss_tf:/home/nvidia/f1tenth_ws/install/ackermann_mux:/home/nvidia/f1tenth_ws/install/f1tenth_stack:/home/nvidia/f1tenth_ws/install/joy_teleop:/home/nvidia/f1tenth_ws/install/mouse_teleop:/home/nvidia/f1tenth_ws/install/key_teleop:/opt/ros/humble LD_LIBRARY_PATH=/home/nvidia/f1tenth_ws/install/realsense2_camera_msgs/lib:/home/nvidia/f1tenth_ws/install/vesc_driver/lib:/home/nvidia/f1tenth_ws/install/vesc_ackermann/lib:/home/nvidia/f1tenth_ws/install/vesc_msgs/lib:/home/nvidia/f1tenth_ws/install/teleop_tools_msgs/lib:/home/nvidia/f1tenth_ws/install/ros2_ouster/lib:/home/nvidia/f1tenth_ws/install/realsense2_camera/lib:/home/nvidia/f1tenth_ws/install/ouster_ros/lib:/home/nvidia/f1tenth_ws/install/ouster_sensor_msgs/lib:/home/nvidia/f1tenth_ws/install/ouster_msgs/lib:/home/nvidia/f1tenth_ws/install/fixposition_odometry_converter_ros2/lib:/home/nvidia/f1tenth_ws/install/fixposition_driver_ros2/lib:/home/nvidia/f1tenth_ws/install/fixposition_driver_lib/lib:/home/nvidia/f1tenth_ws/install/fixposition_gnss_tf/lib:/opt/ros/humble/opt/rviz_ogre_vendor/lib:/opt/ros/humble/lib/aarch64-linux-gnu:/opt/ros/humble/lib:/usr/local/cuda-12.2/lib64 /usr/bin/cmake --install /home/nvidia/f1tenth_ws/build/realsense2_description
