[0.094s] Invoking command in '/home/nvidia/f1tenth_ws/build/fixposition_odometry_converter_ros2': AMENT_PREFIX_PATH=/home/nvidia/f1tenth_ws/install/fixposition_driver_ros2:${AMENT_PREFIX_PATH} CMAKE_PREFIX_PATH=/home/nvidia/f1tenth_ws/install/fixposition_driver_ros2:/home/nvidia/f1tenth_ws/install/fixposition_gnss_tf:/opt/ros/humble LD_LIBRARY_PATH=/home/nvidia/f1tenth_ws/install/fixposition_driver_ros2/lib:/home/nvidia/f1tenth_ws/install/fixposition_gnss_tf/lib:/opt/ros/humble/opt/rviz_ogre_vendor/lib:/opt/ros/humble/lib/aarch64-linux-gnu:/opt/ros/humble/lib:/usr/local/cuda-12.2/lib64 PKG_CONFIG_PATH=/home/nvidia/f1tenth_ws/install/fixposition_gnss_tf/lib/aarch64-linux-gnu/pkgconfig:/home/nvidia/f1tenth_ws/install/fixposition_gnss_tf/lib/pkgconfig PYTHONPATH=/home/nvidia/f1tenth_ws/install/fixposition_driver_ros2/local/lib/python3.10/dist-packages:${PYTHONPATH} /usr/bin/cmake --build /home/nvidia/f1tenth_ws/build/fixposition_odometry_converter_ros2 -- -j6 -l6
[0.245s] [100%] Built target odom_converter
[0.246s] [ 80%] Built target odom_converter_node
[0.289s] Invoked command in '/home/nvidia/f1tenth_ws/build/fixposition_odometry_converter_ros2' returned '0': AMENT_PREFIX_PATH=/home/nvidia/f1tenth_ws/install/fixposition_driver_ros2:${AMENT_PREFIX_PATH} CMAKE_PREFIX_PATH=/home/nvidia/f1tenth_ws/install/fixposition_driver_ros2:/home/nvidia/f1tenth_ws/install/fixposition_gnss_tf:/opt/ros/humble LD_LIBRARY_PATH=/home/nvidia/f1tenth_ws/install/fixposition_driver_ros2/lib:/home/nvidia/f1tenth_ws/install/fixposition_gnss_tf/lib:/opt/ros/humble/opt/rviz_ogre_vendor/lib:/opt/ros/humble/lib/aarch64-linux-gnu:/opt/ros/humble/lib:/usr/local/cuda-12.2/lib64 PKG_CONFIG_PATH=/home/nvidia/f1tenth_ws/install/fixposition_gnss_tf/lib/aarch64-linux-gnu/pkgconfig:/home/nvidia/f1tenth_ws/install/fixposition_gnss_tf/lib/pkgconfig PYTHONPATH=/home/nvidia/f1tenth_ws/install/fixposition_driver_ros2/local/lib/python3.10/dist-packages:${PYTHONPATH} /usr/bin/cmake --build /home/nvidia/f1tenth_ws/build/fixposition_odometry_converter_ros2 -- -j6 -l6
[0.986s] Invoking command in '/home/nvidia/f1tenth_ws/build/fixposition_odometry_converter_ros2': AMENT_PREFIX_PATH=/home/nvidia/f1tenth_ws/install/fixposition_driver_ros2:${AMENT_PREFIX_PATH} CMAKE_PREFIX_PATH=/home/nvidia/f1tenth_ws/install/fixposition_driver_ros2:/home/nvidia/f1tenth_ws/install/fixposition_gnss_tf:/opt/ros/humble LD_LIBRARY_PATH=/home/nvidia/f1tenth_ws/install/fixposition_driver_ros2/lib:/home/nvidia/f1tenth_ws/install/fixposition_gnss_tf/lib:/opt/ros/humble/opt/rviz_ogre_vendor/lib:/opt/ros/humble/lib/aarch64-linux-gnu:/opt/ros/humble/lib:/usr/local/cuda-12.2/lib64 PKG_CONFIG_PATH=/home/nvidia/f1tenth_ws/install/fixposition_gnss_tf/lib/aarch64-linux-gnu/pkgconfig:/home/nvidia/f1tenth_ws/install/fixposition_gnss_tf/lib/pkgconfig PYTHONPATH=/home/nvidia/f1tenth_ws/install/fixposition_driver_ros2/local/lib/python3.10/dist-packages:${PYTHONPATH} /usr/bin/cmake --install /home/nvidia/f1tenth_ws/build/fixposition_odometry_converter_ros2
[1.007s] -- Install configuration: "Release"
[1.007s] -- Up-to-date: /home/nvidia/f1tenth_ws/install/fixposition_odometry_converter_ros2/lib/fixposition_odometry_converter_ros2/odom_converter_node
[1.007s] -- Up-to-date: /home/nvidia/f1tenth_ws/install/fixposition_odometry_converter_ros2/share/fixposition_odometry_converter_ros2/launch
[1.007s] -- Up-to-date: /home/nvidia/f1tenth_ws/install/fixposition_odometry_converter_ros2/share/fixposition_odometry_converter_ros2/launch/odom_converter.yaml
[1.007s] -- Up-to-date: /home/nvidia/f1tenth_ws/install/fixposition_odometry_converter_ros2/share/fixposition_odometry_converter_ros2/launch/odom_converter.launch
[1.008s] -- Up-to-date: /home/nvidia/f1tenth_ws/install/fixposition_odometry_converter_ros2/lib/libodom_converter.so
[1.012s] -- Up-to-date: /home/nvidia/f1tenth_ws/install/fixposition_odometry_converter_ros2/./include
[1.013s] -- Up-to-date: /home/nvidia/f1tenth_ws/install/fixposition_odometry_converter_ros2/./include/fixposition_odometry_converter_ros2
[1.013s] -- Up-to-date: /home/nvidia/f1tenth_ws/install/fixposition_odometry_converter_ros2/./include/fixposition_odometry_converter_ros2/params.hpp
[1.013s] -- Up-to-date: /home/nvidia/f1tenth_ws/install/fixposition_odometry_converter_ros2/./include/fixposition_odometry_converter_ros2/odom_converter_node.hpp
[1.013s] -- Up-to-date: /home/nvidia/f1tenth_ws/install/fixposition_odometry_converter_ros2/share/ament_index/resource_index/package_run_dependencies/fixposition_odometry_converter_ros2
[1.013s] -- Up-to-date: /home/nvidia/f1tenth_ws/install/fixposition_odometry_converter_ros2/share/ament_index/resource_index/parent_prefix_path/fixposition_odometry_converter_ros2
[1.013s] -- Up-to-date: /home/nvidia/f1tenth_ws/install/fixposition_odometry_converter_ros2/share/fixposition_odometry_converter_ros2/environment/ament_prefix_path.sh
[1.013s] -- Up-to-date: /home/nvidia/f1tenth_ws/install/fixposition_odometry_converter_ros2/share/fixposition_odometry_converter_ros2/environment/ament_prefix_path.dsv
[1.014s] -- Up-to-date: /home/nvidia/f1tenth_ws/install/fixposition_odometry_converter_ros2/share/fixposition_odometry_converter_ros2/environment/path.sh
[1.014s] -- Up-to-date: /home/nvidia/f1tenth_ws/install/fixposition_odometry_converter_ros2/share/fixposition_odometry_converter_ros2/environment/path.dsv
[1.014s] -- Up-to-date: /home/nvidia/f1tenth_ws/install/fixposition_odometry_converter_ros2/share/fixposition_odometry_converter_ros2/local_setup.bash
[1.014s] -- Up-to-date: /home/nvidia/f1tenth_ws/install/fixposition_odometry_converter_ros2/share/fixposition_odometry_converter_ros2/local_setup.sh
[1.014s] -- Up-to-date: /home/nvidia/f1tenth_ws/install/fixposition_odometry_converter_ros2/share/fixposition_odometry_converter_ros2/local_setup.zsh
[1.014s] -- Up-to-date: /home/nvidia/f1tenth_ws/install/fixposition_odometry_converter_ros2/share/fixposition_odometry_converter_ros2/local_setup.dsv
[1.014s] -- Installing: /home/nvidia/f1tenth_ws/install/fixposition_odometry_converter_ros2/share/fixposition_odometry_converter_ros2/package.dsv
[1.014s] -- Up-to-date: /home/nvidia/f1tenth_ws/install/fixposition_odometry_converter_ros2/share/ament_index/resource_index/packages/fixposition_odometry_converter_ros2
[1.015s] -- Up-to-date: /home/nvidia/f1tenth_ws/install/fixposition_odometry_converter_ros2/share/ament_index/resource_index/rclcpp_components/fixposition_odometry_converter_ros2
[1.015s] -- Up-to-date: /home/nvidia/f1tenth_ws/install/fixposition_odometry_converter_ros2/share/fixposition_odometry_converter_ros2/cmake/fixposition_odometry_converter_ros2Config.cmake
[1.015s] -- Up-to-date: /home/nvidia/f1tenth_ws/install/fixposition_odometry_converter_ros2/share/fixposition_odometry_converter_ros2/cmake/fixposition_odometry_converter_ros2Config-version.cmake
[1.015s] -- Up-to-date: /home/nvidia/f1tenth_ws/install/fixposition_odometry_converter_ros2/share/fixposition_odometry_converter_ros2/package.xml
[1.057s] Invoked command in '/home/nvidia/f1tenth_ws/build/fixposition_odometry_converter_ros2' returned '0': AMENT_PREFIX_PATH=/home/nvidia/f1tenth_ws/install/fixposition_driver_ros2:${AMENT_PREFIX_PATH} CMAKE_PREFIX_PATH=/home/nvidia/f1tenth_ws/install/fixposition_driver_ros2:/home/nvidia/f1tenth_ws/install/fixposition_gnss_tf:/opt/ros/humble LD_LIBRARY_PATH=/home/nvidia/f1tenth_ws/install/fixposition_driver_ros2/lib:/home/nvidia/f1tenth_ws/install/fixposition_gnss_tf/lib:/opt/ros/humble/opt/rviz_ogre_vendor/lib:/opt/ros/humble/lib/aarch64-linux-gnu:/opt/ros/humble/lib:/usr/local/cuda-12.2/lib64 PKG_CONFIG_PATH=/home/nvidia/f1tenth_ws/install/fixposition_gnss_tf/lib/aarch64-linux-gnu/pkgconfig:/home/nvidia/f1tenth_ws/install/fixposition_gnss_tf/lib/pkgconfig PYTHONPATH=/home/nvidia/f1tenth_ws/install/fixposition_driver_ros2/local/lib/python3.10/dist-packages:${PYTHONPATH} /usr/bin/cmake --install /home/nvidia/f1tenth_ws/build/fixposition_odometry_converter_ros2
