[0.052s] Invoking command in '/home/nvidia/f1tenth_ws/build/ackermann_mux': CMAKE_PREFIX_PATH=/opt/ros/humble /usr/bin/cmake --build /home/nvidia/f1tenth_ws/build/ackermann_mux -- -j6 -l6
[0.248s] [100%] Built target ackermann_mux
[0.755s] Invoked command in '/home/nvidia/f1tenth_ws/build/ackermann_mux' returned '0': CMAKE_PREFIX_PATH=/opt/ros/humble /usr/bin/cmake --build /home/nvidia/f1tenth_ws/build/ackermann_mux -- -j6 -l6
[0.822s] Invoking command in '/home/nvidia/f1tenth_ws/build/ackermann_mux': CMAKE_PREFIX_PATH=/opt/ros/humble /usr/bin/cmake --install /home/nvidia/f1tenth_ws/build/ackermann_mux
[0.852s] -- Install configuration: "Release"
[0.854s] -- Execute custom install script
[0.857s] -- Up-to-date symlink: /home/nvidia/f1tenth_ws/install/ackermann_mux/lib/ackermann_mux/ackermann_mux
[0.859s] -- Up-to-date symlink: /home/nvidia/f1tenth_ws/install/ackermann_mux/share/ackermann_mux/launch/ackermann_mux_launch.py
[0.860s] -- Up-to-date symlink: /home/nvidia/f1tenth_ws/install/ackermann_mux/share/ackermann_mux/config/ackermann_mux_locks.yaml
[0.861s] -- Up-to-date symlink: /home/nvidia/f1tenth_ws/install/ackermann_mux/share/ackermann_mux/config/ackermann_mux_topics.yaml
[0.862s] -- Up-to-date symlink: /home/nvidia/f1tenth_ws/install/ackermann_mux/share/ackermann_mux/config/joystick.yaml
[0.863s] -- Up-to-date symlink: /home/nvidia/f1tenth_ws/install/ackermann_mux/include/ackermann_mux/ackermann_mux.hpp
[0.863s] -- Up-to-date symlink: /home/nvidia/f1tenth_ws/install/ackermann_mux/include/ackermann_mux/ackermann_mux_diagnostics.hpp
[0.864s] -- Up-to-date symlink: /home/nvidia/f1tenth_ws/install/ackermann_mux/include/ackermann_mux/ackermann_mux_diagnostics_status.hpp
[0.864s] -- Up-to-date symlink: /home/nvidia/f1tenth_ws/install/ackermann_mux/include/ackermann_mux/params_helpers.hpp
[0.864s] -- Up-to-date symlink: /home/nvidia/f1tenth_ws/install/ackermann_mux/include/ackermann_mux/topic_handle.hpp
[0.864s] -- Up-to-date symlink: /home/nvidia/f1tenth_ws/install/ackermann_mux/include/ackermann_mux/utils.hpp
[0.865s] -- Up-to-date symlink: /home/nvidia/f1tenth_ws/install/ackermann_mux/share/ament_index/resource_index/package_run_dependencies/ackermann_mux
[0.866s] -- Up-to-date symlink: /home/nvidia/f1tenth_ws/install/ackermann_mux/share/ament_index/resource_index/parent_prefix_path/ackermann_mux
[0.866s] -- Up-to-date symlink: /home/nvidia/f1tenth_ws/install/ackermann_mux/share/ackermann_mux/environment/ament_prefix_path.sh
[0.867s] -- Up-to-date symlink: /home/nvidia/f1tenth_ws/install/ackermann_mux/share/ackermann_mux/environment/ament_prefix_path.dsv
[0.868s] -- Up-to-date symlink: /home/nvidia/f1tenth_ws/install/ackermann_mux/share/ackermann_mux/environment/path.sh
[0.870s] -- Up-to-date symlink: /home/nvidia/f1tenth_ws/install/ackermann_mux/share/ackermann_mux/environment/path.dsv
[0.871s] -- Up-to-date symlink: /home/nvidia/f1tenth_ws/install/ackermann_mux/share/ackermann_mux/local_setup.bash
[0.871s] -- Up-to-date symlink: /home/nvidia/f1tenth_ws/install/ackermann_mux/share/ackermann_mux/local_setup.sh
[0.872s] -- Up-to-date symlink: /home/nvidia/f1tenth_ws/install/ackermann_mux/share/ackermann_mux/local_setup.zsh
[0.872s] -- Up-to-date symlink: /home/nvidia/f1tenth_ws/install/ackermann_mux/share/ackermann_mux/local_setup.dsv
[0.872s] -- Symlinking: /home/nvidia/f1tenth_ws/install/ackermann_mux/share/ackermann_mux/package.dsv
[0.892s] -- Up-to-date symlink: /home/nvidia/f1tenth_ws/install/ackermann_mux/share/ament_index/resource_index/packages/ackermann_mux
[0.892s] -- Up-to-date symlink: /home/nvidia/f1tenth_ws/install/ackermann_mux/share/ackermann_mux/cmake/ament_cmake_export_include_directories-extras.cmake
[0.892s] -- Up-to-date symlink: /home/nvidia/f1tenth_ws/install/ackermann_mux/share/ackermann_mux/cmake/ament_cmake_export_dependencies-extras.cmake
[0.894s] -- Up-to-date symlink: /home/nvidia/f1tenth_ws/install/ackermann_mux/share/ackermann_mux/cmake/ackermann_muxConfig.cmake
[0.895s] -- Up-to-date symlink: /home/nvidia/f1tenth_ws/install/ackermann_mux/share/ackermann_mux/cmake/ackermann_muxConfig-version.cmake
[0.895s] -- Up-to-date symlink: /home/nvidia/f1tenth_ws/install/ackermann_mux/share/ackermann_mux/package.xml
