[0.029s] Invoking command in '/home/nvidia/f1tenth_ws/build/ros2_ouster': CMAKE_PREFIX_PATH=/home/nvidia/f1tenth_ws/install/ouster_msgs:/home/nvidia/f1tenth_ws/install/vesc:/home/nvidia/f1tenth_ws/install/vesc_driver:/home/nvidia/f1tenth_ws/install/vesc_ackermann:/home/nvidia/f1tenth_ws/install/vesc_msgs:/home/nvidia/f1tenth_ws/install/teleop_tools:/home/nvidia/f1tenth_ws/install/teleop_tools_msgs:/home/nvidia/f1tenth_ws/install/ros2_ouster:/home/nvidia/f1tenth_ws/install/realsense2_description:/home/nvidia/f1tenth_ws/install/realsense2_camera:/home/nvidia/f1tenth_ws/install/realsense2_camera_msgs:/home/nvidia/f1tenth_ws/install/ouster_ros:/home/nvidia/f1tenth_ws/install/ouster_sensor_msgs:/home/nvidia/f1tenth_ws/install/fixposition_odometry_converter_ros2:/home/nvidia/f1tenth_ws/install/fixposition_driver_ros2:/home/nvidia/f1tenth_ws/install/fixposition_driver_lib:/home/nvidia/f1tenth_ws/install/fixposition_gnss_tf:/home/nvidia/f1tenth_ws/install/ackermann_mux:/home/nvidia/f1tenth_ws/install/f1tenth_stack:/home/nvidia/f1tenth_ws/install/joy_teleop:/home/nvidia/f1tenth_ws/install/mouse_teleop:/home/nvidia/f1tenth_ws/install/key_teleop:/opt/ros/humble LD_LIBRARY_PATH=/home/nvidia/f1tenth_ws/install/ouster_msgs/lib:/home/nvidia/f1tenth_ws/install/vesc_driver/lib:/home/nvidia/f1tenth_ws/install/vesc_ackermann/lib:/home/nvidia/f1tenth_ws/install/vesc_msgs/lib:/home/nvidia/f1tenth_ws/install/teleop_tools_msgs/lib:/home/nvidia/f1tenth_ws/install/ros2_ouster/lib:/home/nvidia/f1tenth_ws/install/realsense2_camera/lib:/home/nvidia/f1tenth_ws/install/realsense2_camera_msgs/lib:/home/nvidia/f1tenth_ws/install/ouster_ros/lib:/home/nvidia/f1tenth_ws/install/ouster_sensor_msgs/lib:/home/nvidia/f1tenth_ws/install/fixposition_odometry_converter_ros2/lib:/home/nvidia/f1tenth_ws/install/fixposition_driver_ros2/lib:/home/nvidia/f1tenth_ws/install/fixposition_driver_lib/lib:/home/nvidia/f1tenth_ws/install/fixposition_gnss_tf/lib:/opt/ros/humble/opt/rviz_ogre_vendor/lib:/opt/ros/humble/lib/aarch64-linux-gnu:/opt/ros/humble/lib:/usr/local/cuda-12.2/lib64 /usr/bin/cmake --build /home/nvidia/f1tenth_ws/build/ros2_ouster -- -j6 -l6
[0.187s] [35m[1mConsolidate compiler generated dependencies of target ouster_driver_core[0m
[0.298s] [ 71%] Built target ouster_driver_core
[0.332s] [35m[1mConsolidate compiler generated dependencies of target ouster_driver[0m
[0.333s] [35m[1mConsolidate compiler generated dependencies of target ouster_tins_driver[0m
[0.400s] [ 92%] Built target ouster_driver
[0.400s] [100%] Built target ouster_tins_driver
[0.452s] Invoked command in '/home/nvidia/f1tenth_ws/build/ros2_ouster' returned '0': CMAKE_PREFIX_PATH=/home/nvidia/f1tenth_ws/install/ouster_msgs:/home/nvidia/f1tenth_ws/install/vesc:/home/nvidia/f1tenth_ws/install/vesc_driver:/home/nvidia/f1tenth_ws/install/vesc_ackermann:/home/nvidia/f1tenth_ws/install/vesc_msgs:/home/nvidia/f1tenth_ws/install/teleop_tools:/home/nvidia/f1tenth_ws/install/teleop_tools_msgs:/home/nvidia/f1tenth_ws/install/ros2_ouster:/home/nvidia/f1tenth_ws/install/realsense2_description:/home/nvidia/f1tenth_ws/install/realsense2_camera:/home/nvidia/f1tenth_ws/install/realsense2_camera_msgs:/home/nvidia/f1tenth_ws/install/ouster_ros:/home/nvidia/f1tenth_ws/install/ouster_sensor_msgs:/home/nvidia/f1tenth_ws/install/fixposition_odometry_converter_ros2:/home/nvidia/f1tenth_ws/install/fixposition_driver_ros2:/home/nvidia/f1tenth_ws/install/fixposition_driver_lib:/home/nvidia/f1tenth_ws/install/fixposition_gnss_tf:/home/nvidia/f1tenth_ws/install/ackermann_mux:/home/nvidia/f1tenth_ws/install/f1tenth_stack:/home/nvidia/f1tenth_ws/install/joy_teleop:/home/nvidia/f1tenth_ws/install/mouse_teleop:/home/nvidia/f1tenth_ws/install/key_teleop:/opt/ros/humble LD_LIBRARY_PATH=/home/nvidia/f1tenth_ws/install/ouster_msgs/lib:/home/nvidia/f1tenth_ws/install/vesc_driver/lib:/home/nvidia/f1tenth_ws/install/vesc_ackermann/lib:/home/nvidia/f1tenth_ws/install/vesc_msgs/lib:/home/nvidia/f1tenth_ws/install/teleop_tools_msgs/lib:/home/nvidia/f1tenth_ws/install/ros2_ouster/lib:/home/nvidia/f1tenth_ws/install/realsense2_camera/lib:/home/nvidia/f1tenth_ws/install/realsense2_camera_msgs/lib:/home/nvidia/f1tenth_ws/install/ouster_ros/lib:/home/nvidia/f1tenth_ws/install/ouster_sensor_msgs/lib:/home/nvidia/f1tenth_ws/install/fixposition_odometry_converter_ros2/lib:/home/nvidia/f1tenth_ws/install/fixposition_driver_ros2/lib:/home/nvidia/f1tenth_ws/install/fixposition_driver_lib/lib:/home/nvidia/f1tenth_ws/install/fixposition_gnss_tf/lib:/opt/ros/humble/opt/rviz_ogre_vendor/lib:/opt/ros/humble/lib/aarch64-linux-gnu:/opt/ros/humble/lib:/usr/local/cuda-12.2/lib64 /usr/bin/cmake --build /home/nvidia/f1tenth_ws/build/ros2_ouster -- -j6 -l6
[1.279s] Invoking command in '/home/nvidia/f1tenth_ws/build/ros2_ouster': CMAKE_PREFIX_PATH=/home/nvidia/f1tenth_ws/install/ouster_msgs:/home/nvidia/f1tenth_ws/install/vesc:/home/nvidia/f1tenth_ws/install/vesc_driver:/home/nvidia/f1tenth_ws/install/vesc_ackermann:/home/nvidia/f1tenth_ws/install/vesc_msgs:/home/nvidia/f1tenth_ws/install/teleop_tools:/home/nvidia/f1tenth_ws/install/teleop_tools_msgs:/home/nvidia/f1tenth_ws/install/ros2_ouster:/home/nvidia/f1tenth_ws/install/realsense2_description:/home/nvidia/f1tenth_ws/install/realsense2_camera:/home/nvidia/f1tenth_ws/install/realsense2_camera_msgs:/home/nvidia/f1tenth_ws/install/ouster_ros:/home/nvidia/f1tenth_ws/install/ouster_sensor_msgs:/home/nvidia/f1tenth_ws/install/fixposition_odometry_converter_ros2:/home/nvidia/f1tenth_ws/install/fixposition_driver_ros2:/home/nvidia/f1tenth_ws/install/fixposition_driver_lib:/home/nvidia/f1tenth_ws/install/fixposition_gnss_tf:/home/nvidia/f1tenth_ws/install/ackermann_mux:/home/nvidia/f1tenth_ws/install/f1tenth_stack:/home/nvidia/f1tenth_ws/install/joy_teleop:/home/nvidia/f1tenth_ws/install/mouse_teleop:/home/nvidia/f1tenth_ws/install/key_teleop:/opt/ros/humble LD_LIBRARY_PATH=/home/nvidia/f1tenth_ws/install/ouster_msgs/lib:/home/nvidia/f1tenth_ws/install/vesc_driver/lib:/home/nvidia/f1tenth_ws/install/vesc_ackermann/lib:/home/nvidia/f1tenth_ws/install/vesc_msgs/lib:/home/nvidia/f1tenth_ws/install/teleop_tools_msgs/lib:/home/nvidia/f1tenth_ws/install/ros2_ouster/lib:/home/nvidia/f1tenth_ws/install/realsense2_camera/lib:/home/nvidia/f1tenth_ws/install/realsense2_camera_msgs/lib:/home/nvidia/f1tenth_ws/install/ouster_ros/lib:/home/nvidia/f1tenth_ws/install/ouster_sensor_msgs/lib:/home/nvidia/f1tenth_ws/install/fixposition_odometry_converter_ros2/lib:/home/nvidia/f1tenth_ws/install/fixposition_driver_ros2/lib:/home/nvidia/f1tenth_ws/install/fixposition_driver_lib/lib:/home/nvidia/f1tenth_ws/install/fixposition_gnss_tf/lib:/opt/ros/humble/opt/rviz_ogre_vendor/lib:/opt/ros/humble/lib/aarch64-linux-gnu:/opt/ros/humble/lib:/usr/local/cuda-12.2/lib64 /usr/bin/cmake --install /home/nvidia/f1tenth_ws/build/ros2_ouster
[1.295s] -- Install configuration: "Release"
[1.295s] -- Up-to-date: /home/nvidia/f1tenth_ws/install/ros2_ouster/lib/ros2_ouster/ouster_driver
[1.295s] -- Up-to-date: /home/nvidia/f1tenth_ws/install/ros2_ouster/lib/ros2_ouster/ouster_tins_driver
[1.296s] -- Up-to-date: /home/nvidia/f1tenth_ws/install/ros2_ouster/lib/libouster_driver_core.so
[1.296s] -- Up-to-date: /home/nvidia/f1tenth_ws/install/ros2_ouster/include/
[1.296s] -- Up-to-date: /home/nvidia/f1tenth_ws/install/ros2_ouster/include//ros2_ouster
[1.296s] -- Up-to-date: /home/nvidia/f1tenth_ws/install/ros2_ouster/include//ros2_ouster/driver_types.hpp
[1.297s] -- Up-to-date: /home/nvidia/f1tenth_ws/install/ros2_ouster/include//ros2_ouster/ringbuffer.hpp
[1.297s] -- Up-to-date: /home/nvidia/f1tenth_ws/install/ros2_ouster/include//ros2_ouster/string_utils.hpp
[1.297s] -- Up-to-date: /home/nvidia/f1tenth_ws/install/ros2_ouster/include//ros2_ouster/client
[1.298s] -- Up-to-date: /home/nvidia/f1tenth_ws/install/ros2_ouster/include//ros2_ouster/client/viz
[1.298s] -- Up-to-date: /home/nvidia/f1tenth_ws/install/ros2_ouster/include//ros2_ouster/client/viz/beam_uniformity.h
[1.298s] -- Up-to-date: /home/nvidia/f1tenth_ws/install/ros2_ouster/include//ros2_ouster/client/viz/autoexposure.h
[1.305s] -- Up-to-date: /home/nvidia/f1tenth_ws/install/ros2_ouster/include//ros2_ouster/client/impl
[1.305s] -- Up-to-date: /home/nvidia/f1tenth_ws/install/ros2_ouster/include//ros2_ouster/client/impl/parsing.h
[1.306s] -- Up-to-date: /home/nvidia/f1tenth_ws/install/ros2_ouster/include//ros2_ouster/client/impl/netcompat.h
[1.308s] -- Up-to-date: /home/nvidia/f1tenth_ws/install/ros2_ouster/include//ros2_ouster/client/lidar_scan.h
[1.308s] -- Up-to-date: /home/nvidia/f1tenth_ws/install/ros2_ouster/include//ros2_ouster/client/types.h
[1.308s] -- Up-to-date: /home/nvidia/f1tenth_ws/install/ros2_ouster/include//ros2_ouster/client/client.h
[1.308s] -- Up-to-date: /home/nvidia/f1tenth_ws/install/ros2_ouster/include//ros2_ouster/client/point.h
[1.308s] -- Up-to-date: /home/nvidia/f1tenth_ws/install/ros2_ouster/include//ros2_ouster/client/version.h
[1.308s] -- Up-to-date: /home/nvidia/f1tenth_ws/install/ros2_ouster/include//ros2_ouster/client/optional-lite
[1.308s] -- Up-to-date: /home/nvidia/f1tenth_ws/install/ros2_ouster/include//ros2_ouster/client/optional-lite/LICENSE.txt
[1.309s] -- Up-to-date: /home/nvidia/f1tenth_ws/install/ros2_ouster/include//ros2_ouster/client/optional-lite/optional.hpp
[1.309s] -- Up-to-date: /home/nvidia/f1tenth_ws/install/ros2_ouster/include//ros2_ouster/sensor.hpp
[1.309s] -- Up-to-date: /home/nvidia/f1tenth_ws/install/ros2_ouster/include//ros2_ouster/ros2_utils.hpp
[1.309s] -- Up-to-date: /home/nvidia/f1tenth_ws/install/ros2_ouster/include//ros2_ouster/conversions.hpp
[1.309s] -- Up-to-date: /home/nvidia/f1tenth_ws/install/ros2_ouster/include//ros2_ouster/full_rotation_accumulator.hpp
[1.309s] -- Up-to-date: /home/nvidia/f1tenth_ws/install/ros2_ouster/include//ros2_ouster/sensor_tins.hpp
[1.309s] -- Up-to-date: /home/nvidia/f1tenth_ws/install/ros2_ouster/include//ros2_ouster/processors
[1.309s] -- Up-to-date: /home/nvidia/f1tenth_ws/install/ros2_ouster/include//ros2_ouster/processors/imu_processor.hpp
[1.309s] -- Up-to-date: /home/nvidia/f1tenth_ws/install/ros2_ouster/include//ros2_ouster/processors/scan_processor.hpp
[1.310s] -- Up-to-date: /home/nvidia/f1tenth_ws/install/ros2_ouster/include//ros2_ouster/processors/processor_factories.hpp
[1.310s] -- Up-to-date: /home/nvidia/f1tenth_ws/install/ros2_ouster/include//ros2_ouster/processors/pointcloud_processor.hpp
[1.311s] -- Up-to-date: /home/nvidia/f1tenth_ws/install/ros2_ouster/include//ros2_ouster/processors/image_processor.hpp
[1.314s] -- Up-to-date: /home/nvidia/f1tenth_ws/install/ros2_ouster/include//ros2_ouster/ouster_driver.hpp
[1.314s] -- Up-to-date: /home/nvidia/f1tenth_ws/install/ros2_ouster/include//ros2_ouster/interfaces
[1.314s] -- Up-to-date: /home/nvidia/f1tenth_ws/install/ros2_ouster/include//ros2_ouster/interfaces/configuration.hpp
[1.315s] -- Up-to-date: /home/nvidia/f1tenth_ws/install/ros2_ouster/include//ros2_ouster/interfaces/metadata.hpp
[1.315s] -- Up-to-date: /home/nvidia/f1tenth_ws/install/ros2_ouster/include//ros2_ouster/interfaces/data_processor_interface.hpp
[1.315s] -- Up-to-date: /home/nvidia/f1tenth_ws/install/ros2_ouster/include//ros2_ouster/interfaces/sensor_interface.hpp
[1.315s] -- Up-to-date: /home/nvidia/f1tenth_ws/install/ros2_ouster/include//ros2_ouster/interfaces/lifecycle_interface.hpp
[1.316s] -- Up-to-date: /home/nvidia/f1tenth_ws/install/ros2_ouster/include//ros2_ouster/exception.hpp
[1.316s] -- Up-to-date: /home/nvidia/f1tenth_ws/install/ros2_ouster/share/ros2_ouster/launch
[1.316s] -- Up-to-date: /home/nvidia/f1tenth_ws/install/ros2_ouster/share/ros2_ouster/launch/driver_launch.py
[1.316s] -- Up-to-date: /home/nvidia/f1tenth_ws/install/ros2_ouster/share/ros2_ouster/launch/tins_driver_launch.py
[1.316s] -- Up-to-date: /home/nvidia/f1tenth_ws/install/ros2_ouster/share/ros2_ouster/params
[1.317s] -- Up-to-date: /home/nvidia/f1tenth_ws/install/ros2_ouster/share/ros2_ouster/params/ouster_os0128_2048_metadata.json
[1.317s] -- Up-to-date: /home/nvidia/f1tenth_ws/install/ros2_ouster/share/ros2_ouster/params/tins_driver_config.yaml
[1.318s] -- Up-to-date: /home/nvidia/f1tenth_ws/install/ros2_ouster/share/ros2_ouster/params/ouster_os0128_1024_metadata.json
[1.318s] -- Installing: /home/nvidia/f1tenth_ws/install/ros2_ouster/share/ros2_ouster/params/driver_config.yaml
[1.318s] -- Up-to-date: /home/nvidia/f1tenth_ws/install/ros2_ouster/share/ros2_ouster/environment/library_path.sh
[1.319s] -- Up-to-date: /home/nvidia/f1tenth_ws/install/ros2_ouster/share/ros2_ouster/environment/library_path.dsv
[1.319s] -- Up-to-date: /home/nvidia/f1tenth_ws/install/ros2_ouster/share/ament_index/resource_index/package_run_dependencies/ros2_ouster
[1.320s] -- Up-to-date: /home/nvidia/f1tenth_ws/install/ros2_ouster/share/ament_index/resource_index/parent_prefix_path/ros2_ouster
[1.320s] -- Up-to-date: /home/nvidia/f1tenth_ws/install/ros2_ouster/share/ros2_ouster/environment/ament_prefix_path.sh
[1.320s] -- Up-to-date: /home/nvidia/f1tenth_ws/install/ros2_ouster/share/ros2_ouster/environment/ament_prefix_path.dsv
[1.320s] -- Up-to-date: /home/nvidia/f1tenth_ws/install/ros2_ouster/share/ros2_ouster/environment/path.sh
[1.321s] -- Up-to-date: /home/nvidia/f1tenth_ws/install/ros2_ouster/share/ros2_ouster/environment/path.dsv
[1.321s] -- Up-to-date: /home/nvidia/f1tenth_ws/install/ros2_ouster/share/ros2_ouster/local_setup.bash
[1.322s] -- Up-to-date: /home/nvidia/f1tenth_ws/install/ros2_ouster/share/ros2_ouster/local_setup.sh
[1.322s] -- Up-to-date: /home/nvidia/f1tenth_ws/install/ros2_ouster/share/ros2_ouster/local_setup.zsh
[1.322s] -- Up-to-date: /home/nvidia/f1tenth_ws/install/ros2_ouster/share/ros2_ouster/local_setup.dsv
[1.323s] -- Installing: /home/nvidia/f1tenth_ws/install/ros2_ouster/share/ros2_ouster/package.dsv
[1.326s] -- Up-to-date: /home/nvidia/f1tenth_ws/install/ros2_ouster/share/ament_index/resource_index/packages/ros2_ouster
[1.326s] -- Up-to-date: /home/nvidia/f1tenth_ws/install/ros2_ouster/share/ament_index/resource_index/rclcpp_components/ros2_ouster
[1.326s] -- Up-to-date: /home/nvidia/f1tenth_ws/install/ros2_ouster/share/ros2_ouster/cmake/ament_cmake_export_include_directories-extras.cmake
[1.327s] -- Up-to-date: /home/nvidia/f1tenth_ws/install/ros2_ouster/share/ros2_ouster/cmake/ament_cmake_export_libraries-extras.cmake
[1.327s] -- Up-to-date: /home/nvidia/f1tenth_ws/install/ros2_ouster/share/ros2_ouster/cmake/ament_cmake_export_dependencies-extras.cmake
[1.327s] -- Up-to-date: /home/nvidia/f1tenth_ws/install/ros2_ouster/share/ros2_ouster/cmake/ros2_ousterConfig.cmake
[1.328s] -- Up-to-date: /home/nvidia/f1tenth_ws/install/ros2_ouster/share/ros2_ouster/cmake/ros2_ousterConfig-version.cmake
[1.328s] -- Up-to-date: /home/nvidia/f1tenth_ws/install/ros2_ouster/share/ros2_ouster/package.xml
[1.339s] Invoked command in '/home/nvidia/f1tenth_ws/build/ros2_ouster' returned '0': CMAKE_PREFIX_PATH=/home/nvidia/f1tenth_ws/install/ouster_msgs:/home/nvidia/f1tenth_ws/install/vesc:/home/nvidia/f1tenth_ws/install/vesc_driver:/home/nvidia/f1tenth_ws/install/vesc_ackermann:/home/nvidia/f1tenth_ws/install/vesc_msgs:/home/nvidia/f1tenth_ws/install/teleop_tools:/home/nvidia/f1tenth_ws/install/teleop_tools_msgs:/home/nvidia/f1tenth_ws/install/ros2_ouster:/home/nvidia/f1tenth_ws/install/realsense2_description:/home/nvidia/f1tenth_ws/install/realsense2_camera:/home/nvidia/f1tenth_ws/install/realsense2_camera_msgs:/home/nvidia/f1tenth_ws/install/ouster_ros:/home/nvidia/f1tenth_ws/install/ouster_sensor_msgs:/home/nvidia/f1tenth_ws/install/fixposition_odometry_converter_ros2:/home/nvidia/f1tenth_ws/install/fixposition_driver_ros2:/home/nvidia/f1tenth_ws/install/fixposition_driver_lib:/home/nvidia/f1tenth_ws/install/fixposition_gnss_tf:/home/nvidia/f1tenth_ws/install/ackermann_mux:/home/nvidia/f1tenth_ws/install/f1tenth_stack:/home/nvidia/f1tenth_ws/install/joy_teleop:/home/nvidia/f1tenth_ws/install/mouse_teleop:/home/nvidia/f1tenth_ws/install/key_teleop:/opt/ros/humble LD_LIBRARY_PATH=/home/nvidia/f1tenth_ws/install/ouster_msgs/lib:/home/nvidia/f1tenth_ws/install/vesc_driver/lib:/home/nvidia/f1tenth_ws/install/vesc_ackermann/lib:/home/nvidia/f1tenth_ws/install/vesc_msgs/lib:/home/nvidia/f1tenth_ws/install/teleop_tools_msgs/lib:/home/nvidia/f1tenth_ws/install/ros2_ouster/lib:/home/nvidia/f1tenth_ws/install/realsense2_camera/lib:/home/nvidia/f1tenth_ws/install/realsense2_camera_msgs/lib:/home/nvidia/f1tenth_ws/install/ouster_ros/lib:/home/nvidia/f1tenth_ws/install/ouster_sensor_msgs/lib:/home/nvidia/f1tenth_ws/install/fixposition_odometry_converter_ros2/lib:/home/nvidia/f1tenth_ws/install/fixposition_driver_ros2/lib:/home/nvidia/f1tenth_ws/install/fixposition_driver_lib/lib:/home/nvidia/f1tenth_ws/install/fixposition_gnss_tf/lib:/opt/ros/humble/opt/rviz_ogre_vendor/lib:/opt/ros/humble/lib/aarch64-linux-gnu:/opt/ros/humble/lib:/usr/local/cuda-12.2/lib64 /usr/bin/cmake --install /home/nvidia/f1tenth_ws/build/ros2_ouster
