[0.736s] Invoking command in '/home/nvidia/f1tenth_ws/build/realsense2_camera': CMAKE_PREFIX_PATH=/home/nvidia/f1tenth_ws/install/realsense2_camera_msgs:/home/nvidia/f1tenth_ws/install/vesc:/home/nvidia/f1tenth_ws/install/vesc_driver:/home/nvidia/f1tenth_ws/install/vesc_ackermann:/home/nvidia/f1tenth_ws/install/vesc_msgs:/home/nvidia/f1tenth_ws/install/teleop_tools:/home/nvidia/f1tenth_ws/install/teleop_tools_msgs:/home/nvidia/f1tenth_ws/install/ros2_ouster:/home/nvidia/f1tenth_ws/install/realsense2_description:/home/nvidia/f1tenth_ws/install/realsense2_camera:/home/nvidia/f1tenth_ws/install/ouster_ros:/home/nvidia/f1tenth_ws/install/ouster_sensor_msgs:/home/nvidia/f1tenth_ws/install/ouster_msgs:/home/nvidia/f1tenth_ws/install/fixposition_odometry_converter_ros2:/home/nvidia/f1tenth_ws/install/fixposition_driver_ros2:/home/nvidia/f1tenth_ws/install/fixposition_driver_lib:/home/nvidia/f1tenth_ws/install/fixposition_gnss_tf:/home/nvidia/f1tenth_ws/install/ackermann_mux:/home/nvidia/f1tenth_ws/install/f1tenth_stack:/home/nvidia/f1tenth_ws/install/joy_teleop:/home/nvidia/f1tenth_ws/install/mouse_teleop:/home/nvidia/f1tenth_ws/install/key_teleop:/opt/ros/humble LD_LIBRARY_PATH=/home/nvidia/f1tenth_ws/install/realsense2_camera_msgs/lib:/home/nvidia/f1tenth_ws/install/vesc_driver/lib:/home/nvidia/f1tenth_ws/install/vesc_ackermann/lib:/home/nvidia/f1tenth_ws/install/vesc_msgs/lib:/home/nvidia/f1tenth_ws/install/teleop_tools_msgs/lib:/home/nvidia/f1tenth_ws/install/ros2_ouster/lib:/home/nvidia/f1tenth_ws/install/realsense2_camera/lib:/home/nvidia/f1tenth_ws/install/ouster_ros/lib:/home/nvidia/f1tenth_ws/install/ouster_sensor_msgs/lib:/home/nvidia/f1tenth_ws/install/ouster_msgs/lib:/home/nvidia/f1tenth_ws/install/fixposition_odometry_converter_ros2/lib:/home/nvidia/f1tenth_ws/install/fixposition_driver_ros2/lib:/home/nvidia/f1tenth_ws/install/fixposition_driver_lib/lib:/home/nvidia/f1tenth_ws/install/fixposition_gnss_tf/lib:/opt/ros/humble/opt/rviz_ogre_vendor/lib:/opt/ros/humble/lib/aarch64-linux-gnu:/opt/ros/humble/lib:/usr/local/cuda-12.2/lib64 /usr/bin/cmake --build /home/nvidia/f1tenth_ws/build/realsense2_camera -- -j6 -l6
[0.912s] [  9%] Built target gtest_main
[0.923s] [ 18%] Built target realsense2_camera_node
[0.952s] [ 27%] Built target gtest
[1.003s] [ 90%] Built target realsense2_camera
[1.068s] [100%] Built target gtest_template
[1.118s] Invoked command in '/home/nvidia/f1tenth_ws/build/realsense2_camera' returned '0': CMAKE_PREFIX_PATH=/home/nvidia/f1tenth_ws/install/realsense2_camera_msgs:/home/nvidia/f1tenth_ws/install/vesc:/home/nvidia/f1tenth_ws/install/vesc_driver:/home/nvidia/f1tenth_ws/install/vesc_ackermann:/home/nvidia/f1tenth_ws/install/vesc_msgs:/home/nvidia/f1tenth_ws/install/teleop_tools:/home/nvidia/f1tenth_ws/install/teleop_tools_msgs:/home/nvidia/f1tenth_ws/install/ros2_ouster:/home/nvidia/f1tenth_ws/install/realsense2_description:/home/nvidia/f1tenth_ws/install/realsense2_camera:/home/nvidia/f1tenth_ws/install/ouster_ros:/home/nvidia/f1tenth_ws/install/ouster_sensor_msgs:/home/nvidia/f1tenth_ws/install/ouster_msgs:/home/nvidia/f1tenth_ws/install/fixposition_odometry_converter_ros2:/home/nvidia/f1tenth_ws/install/fixposition_driver_ros2:/home/nvidia/f1tenth_ws/install/fixposition_driver_lib:/home/nvidia/f1tenth_ws/install/fixposition_gnss_tf:/home/nvidia/f1tenth_ws/install/ackermann_mux:/home/nvidia/f1tenth_ws/install/f1tenth_stack:/home/nvidia/f1tenth_ws/install/joy_teleop:/home/nvidia/f1tenth_ws/install/mouse_teleop:/home/nvidia/f1tenth_ws/install/key_teleop:/opt/ros/humble LD_LIBRARY_PATH=/home/nvidia/f1tenth_ws/install/realsense2_camera_msgs/lib:/home/nvidia/f1tenth_ws/install/vesc_driver/lib:/home/nvidia/f1tenth_ws/install/vesc_ackermann/lib:/home/nvidia/f1tenth_ws/install/vesc_msgs/lib:/home/nvidia/f1tenth_ws/install/teleop_tools_msgs/lib:/home/nvidia/f1tenth_ws/install/ros2_ouster/lib:/home/nvidia/f1tenth_ws/install/realsense2_camera/lib:/home/nvidia/f1tenth_ws/install/ouster_ros/lib:/home/nvidia/f1tenth_ws/install/ouster_sensor_msgs/lib:/home/nvidia/f1tenth_ws/install/ouster_msgs/lib:/home/nvidia/f1tenth_ws/install/fixposition_odometry_converter_ros2/lib:/home/nvidia/f1tenth_ws/install/fixposition_driver_ros2/lib:/home/nvidia/f1tenth_ws/install/fixposition_driver_lib/lib:/home/nvidia/f1tenth_ws/install/fixposition_gnss_tf/lib:/opt/ros/humble/opt/rviz_ogre_vendor/lib:/opt/ros/humble/lib/aarch64-linux-gnu:/opt/ros/humble/lib:/usr/local/cuda-12.2/lib64 /usr/bin/cmake --build /home/nvidia/f1tenth_ws/build/realsense2_camera -- -j6 -l6
[1.332s] Invoking command in '/home/nvidia/f1tenth_ws/build/realsense2_camera': CMAKE_PREFIX_PATH=/home/nvidia/f1tenth_ws/install/realsense2_camera_msgs:/home/nvidia/f1tenth_ws/install/vesc:/home/nvidia/f1tenth_ws/install/vesc_driver:/home/nvidia/f1tenth_ws/install/vesc_ackermann:/home/nvidia/f1tenth_ws/install/vesc_msgs:/home/nvidia/f1tenth_ws/install/teleop_tools:/home/nvidia/f1tenth_ws/install/teleop_tools_msgs:/home/nvidia/f1tenth_ws/install/ros2_ouster:/home/nvidia/f1tenth_ws/install/realsense2_description:/home/nvidia/f1tenth_ws/install/realsense2_camera:/home/nvidia/f1tenth_ws/install/ouster_ros:/home/nvidia/f1tenth_ws/install/ouster_sensor_msgs:/home/nvidia/f1tenth_ws/install/ouster_msgs:/home/nvidia/f1tenth_ws/install/fixposition_odometry_converter_ros2:/home/nvidia/f1tenth_ws/install/fixposition_driver_ros2:/home/nvidia/f1tenth_ws/install/fixposition_driver_lib:/home/nvidia/f1tenth_ws/install/fixposition_gnss_tf:/home/nvidia/f1tenth_ws/install/ackermann_mux:/home/nvidia/f1tenth_ws/install/f1tenth_stack:/home/nvidia/f1tenth_ws/install/joy_teleop:/home/nvidia/f1tenth_ws/install/mouse_teleop:/home/nvidia/f1tenth_ws/install/key_teleop:/opt/ros/humble LD_LIBRARY_PATH=/home/nvidia/f1tenth_ws/install/realsense2_camera_msgs/lib:/home/nvidia/f1tenth_ws/install/vesc_driver/lib:/home/nvidia/f1tenth_ws/install/vesc_ackermann/lib:/home/nvidia/f1tenth_ws/install/vesc_msgs/lib:/home/nvidia/f1tenth_ws/install/teleop_tools_msgs/lib:/home/nvidia/f1tenth_ws/install/ros2_ouster/lib:/home/nvidia/f1tenth_ws/install/realsense2_camera/lib:/home/nvidia/f1tenth_ws/install/ouster_ros/lib:/home/nvidia/f1tenth_ws/install/ouster_sensor_msgs/lib:/home/nvidia/f1tenth_ws/install/ouster_msgs/lib:/home/nvidia/f1tenth_ws/install/fixposition_odometry_converter_ros2/lib:/home/nvidia/f1tenth_ws/install/fixposition_driver_ros2/lib:/home/nvidia/f1tenth_ws/install/fixposition_driver_lib/lib:/home/nvidia/f1tenth_ws/install/fixposition_gnss_tf/lib:/opt/ros/humble/opt/rviz_ogre_vendor/lib:/opt/ros/humble/lib/aarch64-linux-gnu:/opt/ros/humble/lib:/usr/local/cuda-12.2/lib64 /usr/bin/cmake --install /home/nvidia/f1tenth_ws/build/realsense2_camera
[1.352s] -- Install configuration: "Release"
[1.353s] -- Up-to-date: /home/nvidia/f1tenth_ws/install/realsense2_camera/lib/realsense2_camera/realsense2_camera_node
[1.354s] -- Up-to-date: /home/nvidia/f1tenth_ws/install/realsense2_camera/lib/librealsense2_camera.so
[1.355s] -- Up-to-date: /home/nvidia/f1tenth_ws/install/realsense2_camera/include
[1.355s] -- Up-to-date: /home/nvidia/f1tenth_ws/install/realsense2_camera/include/ros_sensor.h
[1.355s] -- Up-to-date: /home/nvidia/f1tenth_ws/install/realsense2_camera/include/ros_utils.h
[1.355s] -- Up-to-date: /home/nvidia/f1tenth_ws/install/realsense2_camera/include/image_publisher.h
[1.356s] -- Up-to-date: /home/nvidia/f1tenth_ws/install/realsense2_camera/include/profile_manager.h
[1.356s] -- Up-to-date: /home/nvidia/f1tenth_ws/install/realsense2_camera/include/realsense_node_factory.h
[1.357s] -- Up-to-date: /home/nvidia/f1tenth_ws/install/realsense2_camera/include/sensor_params.h
[1.357s] -- Up-to-date: /home/nvidia/f1tenth_ws/install/realsense2_camera/include/named_filter.h
[1.357s] -- Up-to-date: /home/nvidia/f1tenth_ws/install/realsense2_camera/include/base_realsense_node.h
[1.357s] -- Up-to-date: /home/nvidia/f1tenth_ws/install/realsense2_camera/include/gl_window.h
[1.357s] -- Up-to-date: /home/nvidia/f1tenth_ws/install/realsense2_camera/include/dynamic_params.h
[1.358s] -- Up-to-date: /home/nvidia/f1tenth_ws/install/realsense2_camera/include/ros_param_backend.h
[1.358s] -- Up-to-date: /home/nvidia/f1tenth_ws/install/realsense2_camera/include/constants.h
[1.359s] -- Up-to-date: /home/nvidia/f1tenth_ws/install/realsense2_camera/share/realsense2_camera/launch
[1.359s] -- Up-to-date: /home/nvidia/f1tenth_ws/install/realsense2_camera/share/realsense2_camera/launch/rs_intra_process_demo_launch.py
[1.359s] -- Up-to-date: /home/nvidia/f1tenth_ws/install/realsense2_camera/share/realsense2_camera/launch/rs_launch.py
[1.359s] -- Up-to-date: /home/nvidia/f1tenth_ws/install/realsense2_camera/share/realsense2_camera/launch/default.rviz
[1.359s] -- Up-to-date: /home/nvidia/f1tenth_ws/install/realsense2_camera/share/realsense2_camera/launch/rs_multi_camera_launch.py
[1.359s] -- Up-to-date: /home/nvidia/f1tenth_ws/install/realsense2_camera/share/realsense2_camera/examples
[1.360s] -- Up-to-date: /home/nvidia/f1tenth_ws/install/realsense2_camera/share/realsense2_camera/examples/launch_params_from_file
[1.361s] -- Up-to-date: /home/nvidia/f1tenth_ws/install/realsense2_camera/share/realsense2_camera/examples/launch_params_from_file/README.md
[1.361s] -- Up-to-date: /home/nvidia/f1tenth_ws/install/realsense2_camera/share/realsense2_camera/examples/launch_params_from_file/config
[1.362s] -- Up-to-date: /home/nvidia/f1tenth_ws/install/realsense2_camera/share/realsense2_camera/examples/launch_params_from_file/config/config.yaml
[1.362s] -- Up-to-date: /home/nvidia/f1tenth_ws/install/realsense2_camera/share/realsense2_camera/examples/launch_params_from_file/rs_launch_get_params_from_yaml.py
[1.363s] -- Up-to-date: /home/nvidia/f1tenth_ws/install/realsense2_camera/share/realsense2_camera/examples/align_depth
[1.363s] -- Up-to-date: /home/nvidia/f1tenth_ws/install/realsense2_camera/share/realsense2_camera/examples/align_depth/rs_align_depth_launch.py
[1.363s] -- Up-to-date: /home/nvidia/f1tenth_ws/install/realsense2_camera/share/realsense2_camera/examples/align_depth/README.md
[1.364s] -- Up-to-date: /home/nvidia/f1tenth_ws/install/realsense2_camera/share/realsense2_camera/examples/dual_camera
[1.365s] -- Up-to-date: /home/nvidia/f1tenth_ws/install/realsense2_camera/share/realsense2_camera/examples/dual_camera/README.md
[1.365s] -- Up-to-date: /home/nvidia/f1tenth_ws/install/realsense2_camera/share/realsense2_camera/examples/dual_camera/rs_dual_camera_launch.py
[1.366s] -- Up-to-date: /home/nvidia/f1tenth_ws/install/realsense2_camera/share/realsense2_camera/examples/dual_camera/rviz
[1.366s] -- Up-to-date: /home/nvidia/f1tenth_ws/install/realsense2_camera/share/realsense2_camera/examples/dual_camera/rviz/dual_camera_pointcloud.rviz
[1.366s] -- Up-to-date: /home/nvidia/f1tenth_ws/install/realsense2_camera/share/realsense2_camera/examples/launch_from_rosbag
[1.367s] -- Up-to-date: /home/nvidia/f1tenth_ws/install/realsense2_camera/share/realsense2_camera/examples/launch_from_rosbag/rs_launch_from_rosbag.py
[1.367s] -- Up-to-date: /home/nvidia/f1tenth_ws/install/realsense2_camera/share/realsense2_camera/examples/launch_from_rosbag/README.md
[1.367s] -- Up-to-date: /home/nvidia/f1tenth_ws/install/realsense2_camera/share/realsense2_camera/examples/pointcloud
[1.368s] -- Up-to-date: /home/nvidia/f1tenth_ws/install/realsense2_camera/share/realsense2_camera/examples/pointcloud/rs_d455_pointcloud_launch.py
[1.370s] -- Up-to-date: /home/nvidia/f1tenth_ws/install/realsense2_camera/share/realsense2_camera/examples/pointcloud/README.md
[1.372s] -- Up-to-date: /home/nvidia/f1tenth_ws/install/realsense2_camera/share/realsense2_camera/examples/pointcloud/rviz
[1.372s] -- Up-to-date: /home/nvidia/f1tenth_ws/install/realsense2_camera/share/realsense2_camera/examples/pointcloud/rviz/pointcloud.rviz
[1.373s] -- Up-to-date: /home/nvidia/f1tenth_ws/install/realsense2_camera/share/realsense2_camera/examples/pointcloud/rviz/urdf_pointcloud.rviz
[1.373s] -- Up-to-date: /home/nvidia/f1tenth_ws/install/realsense2_camera/share/realsense2_camera/examples/pointcloud/rs_d405_pointcloud_launch.py
[1.373s] -- Up-to-date: /home/nvidia/f1tenth_ws/install/realsense2_camera/share/realsense2_camera/examples/pointcloud/rs_pointcloud_launch.py
[1.373s] -- Up-to-date: /home/nvidia/f1tenth_ws/install/realsense2_camera/share/realsense2_camera/environment/library_path.sh
[1.373s] -- Up-to-date: /home/nvidia/f1tenth_ws/install/realsense2_camera/share/realsense2_camera/environment/library_path.dsv
[1.374s] -- Up-to-date: /home/nvidia/f1tenth_ws/install/realsense2_camera/share/ament_index/resource_index/package_run_dependencies/realsense2_camera
[1.374s] -- Up-to-date: /home/nvidia/f1tenth_ws/install/realsense2_camera/share/ament_index/resource_index/parent_prefix_path/realsense2_camera
[1.374s] -- Up-to-date: /home/nvidia/f1tenth_ws/install/realsense2_camera/share/realsense2_camera/environment/ament_prefix_path.sh
[1.375s] -- Up-to-date: /home/nvidia/f1tenth_ws/install/realsense2_camera/share/realsense2_camera/environment/ament_prefix_path.dsv
[1.375s] -- Up-to-date: /home/nvidia/f1tenth_ws/install/realsense2_camera/share/realsense2_camera/environment/path.sh
[1.375s] -- Up-to-date: /home/nvidia/f1tenth_ws/install/realsense2_camera/share/realsense2_camera/environment/path.dsv
[1.375s] -- Up-to-date: /home/nvidia/f1tenth_ws/install/realsense2_camera/share/realsense2_camera/local_setup.bash
[1.376s] -- Up-to-date: /home/nvidia/f1tenth_ws/install/realsense2_camera/share/realsense2_camera/local_setup.sh
[1.376s] -- Up-to-date: /home/nvidia/f1tenth_ws/install/realsense2_camera/share/realsense2_camera/local_setup.zsh
[1.376s] -- Up-to-date: /home/nvidia/f1tenth_ws/install/realsense2_camera/share/realsense2_camera/local_setup.dsv
[1.376s] -- Installing: /home/nvidia/f1tenth_ws/install/realsense2_camera/share/realsense2_camera/package.dsv
[1.376s] -- Up-to-date: /home/nvidia/f1tenth_ws/install/realsense2_camera/share/ament_index/resource_index/packages/realsense2_camera
[1.377s] -- Up-to-date: /home/nvidia/f1tenth_ws/install/realsense2_camera/share/ament_index/resource_index/rclcpp_components/realsense2_camera
[1.377s] -- Up-to-date: /home/nvidia/f1tenth_ws/install/realsense2_camera/share/realsense2_camera/cmake/ament_cmake_export_include_directories-extras.cmake
[1.377s] -- Up-to-date: /home/nvidia/f1tenth_ws/install/realsense2_camera/share/realsense2_camera/cmake/ament_cmake_export_libraries-extras.cmake
[1.377s] -- Up-to-date: /home/nvidia/f1tenth_ws/install/realsense2_camera/share/realsense2_camera/cmake/ament_cmake_export_dependencies-extras.cmake
[1.378s] -- Up-to-date: /home/nvidia/f1tenth_ws/install/realsense2_camera/share/realsense2_camera/cmake/realsense2_cameraConfig.cmake
[1.378s] -- Up-to-date: /home/nvidia/f1tenth_ws/install/realsense2_camera/share/realsense2_camera/cmake/realsense2_cameraConfig-version.cmake
[1.378s] -- Up-to-date: /home/nvidia/f1tenth_ws/install/realsense2_camera/share/realsense2_camera/package.xml
[1.380s] Invoked command in '/home/nvidia/f1tenth_ws/build/realsense2_camera' returned '0': CMAKE_PREFIX_PATH=/home/nvidia/f1tenth_ws/install/realsense2_camera_msgs:/home/nvidia/f1tenth_ws/install/vesc:/home/nvidia/f1tenth_ws/install/vesc_driver:/home/nvidia/f1tenth_ws/install/vesc_ackermann:/home/nvidia/f1tenth_ws/install/vesc_msgs:/home/nvidia/f1tenth_ws/install/teleop_tools:/home/nvidia/f1tenth_ws/install/teleop_tools_msgs:/home/nvidia/f1tenth_ws/install/ros2_ouster:/home/nvidia/f1tenth_ws/install/realsense2_description:/home/nvidia/f1tenth_ws/install/realsense2_camera:/home/nvidia/f1tenth_ws/install/ouster_ros:/home/nvidia/f1tenth_ws/install/ouster_sensor_msgs:/home/nvidia/f1tenth_ws/install/ouster_msgs:/home/nvidia/f1tenth_ws/install/fixposition_odometry_converter_ros2:/home/nvidia/f1tenth_ws/install/fixposition_driver_ros2:/home/nvidia/f1tenth_ws/install/fixposition_driver_lib:/home/nvidia/f1tenth_ws/install/fixposition_gnss_tf:/home/nvidia/f1tenth_ws/install/ackermann_mux:/home/nvidia/f1tenth_ws/install/f1tenth_stack:/home/nvidia/f1tenth_ws/install/joy_teleop:/home/nvidia/f1tenth_ws/install/mouse_teleop:/home/nvidia/f1tenth_ws/install/key_teleop:/opt/ros/humble LD_LIBRARY_PATH=/home/nvidia/f1tenth_ws/install/realsense2_camera_msgs/lib:/home/nvidia/f1tenth_ws/install/vesc_driver/lib:/home/nvidia/f1tenth_ws/install/vesc_ackermann/lib:/home/nvidia/f1tenth_ws/install/vesc_msgs/lib:/home/nvidia/f1tenth_ws/install/teleop_tools_msgs/lib:/home/nvidia/f1tenth_ws/install/ros2_ouster/lib:/home/nvidia/f1tenth_ws/install/realsense2_camera/lib:/home/nvidia/f1tenth_ws/install/ouster_ros/lib:/home/nvidia/f1tenth_ws/install/ouster_sensor_msgs/lib:/home/nvidia/f1tenth_ws/install/ouster_msgs/lib:/home/nvidia/f1tenth_ws/install/fixposition_odometry_converter_ros2/lib:/home/nvidia/f1tenth_ws/install/fixposition_driver_ros2/lib:/home/nvidia/f1tenth_ws/install/fixposition_driver_lib/lib:/home/nvidia/f1tenth_ws/install/fixposition_gnss_tf/lib:/opt/ros/humble/opt/rviz_ogre_vendor/lib:/opt/ros/humble/lib/aarch64-linux-gnu:/opt/ros/humble/lib:/usr/local/cuda-12.2/lib64 /usr/bin/cmake --install /home/nvidia/f1tenth_ws/build/realsense2_camera
