[100%] Built target fixposition_driver_lib
-- Install configuration: "Release"
-- Up-to-date: /home/nvidia/f1tenth_ws/install/fixposition_driver_lib/./include
-- Up-to-date: /home/nvidia/f1tenth_ws/install/fixposition_driver_lib/./include/fixposition_driver_lib
-- Up-to-date: /home/nvidia/f1tenth_ws/install/fixposition_driver_lib/./include/fixposition_driver_lib/nov_type.hpp
-- Up-to-date: /home/nvidia/f1tenth_ws/install/fixposition_driver_lib/./include/fixposition_driver_lib/msg_data.hpp
-- Up-to-date: /home/nvidia/f1tenth_ws/install/fixposition_driver_lib/./include/fixposition_driver_lib/fpb_measurements.hpp
-- Up-to-date: /home/nvidia/f1tenth_ws/install/fixposition_driver_lib/./include/fixposition_driver_lib/fpb.hpp
-- Up-to-date: /home/nvidia/f1tenth_ws/install/fixposition_driver_lib/./include/fixposition_driver_lib/params.hpp
-- Up-to-date: /home/nvidia/f1tenth_ws/install/fixposition_driver_lib/./include/fixposition_driver_lib/converter
-- Up-to-date: /home/nvidia/f1tenth_ws/install/fixposition_driver_lib/./include/fixposition_driver_lib/converter/gpgga.hpp
-- Up-to-date: /home/nvidia/f1tenth_ws/install/fixposition_driver_lib/./include/fixposition_driver_lib/converter/imu.hpp
-- Up-to-date: /home/nvidia/f1tenth_ws/install/fixposition_driver_lib/./include/fixposition_driver_lib/converter/odometry.hpp
-- Up-to-date: /home/nvidia/f1tenth_ws/install/fixposition_driver_lib/./include/fixposition_driver_lib/converter/llh.hpp
-- Up-to-date: /home/nvidia/f1tenth_ws/install/fixposition_driver_lib/./include/fixposition_driver_lib/converter/base_converter.hpp
-- Up-to-date: /home/nvidia/f1tenth_ws/install/fixposition_driver_lib/./include/fixposition_driver_lib/converter/tf.hpp
-- Up-to-date: /home/nvidia/f1tenth_ws/install/fixposition_driver_lib/./include/fixposition_driver_lib/converter/gprmc.hpp
-- Up-to-date: /home/nvidia/f1tenth_ws/install/fixposition_driver_lib/./include/fixposition_driver_lib/converter/gpzda.hpp
-- Up-to-date: /home/nvidia/f1tenth_ws/install/fixposition_driver_lib/./include/fixposition_driver_lib/fixposition_driver.hpp
-- Up-to-date: /home/nvidia/f1tenth_ws/install/fixposition_driver_lib/./include/fixposition_driver_lib/helper.hpp
-- Up-to-date: /home/nvidia/f1tenth_ws/install/fixposition_driver_lib/./include/fixposition_driver_lib/parser.hpp
-- Up-to-date: /home/nvidia/f1tenth_ws/install/fixposition_driver_lib/./include/fixposition_driver_lib/time_conversions.hpp
-- Up-to-date: /home/nvidia/f1tenth_ws/install/fixposition_driver_lib/lib/libfixposition_driver_lib.so
-- Up-to-date: /home/nvidia/f1tenth_ws/install/fixposition_driver_lib/lib/libfixposition_driver_lib.so
-- Up-to-date: /home/nvidia/f1tenth_ws/install/fixposition_driver_lib/lib/cmake/fixposition_driver_lib/fixposition_driver_lib-targets.cmake
-- Up-to-date: /home/nvidia/f1tenth_ws/install/fixposition_driver_lib/lib/cmake/fixposition_driver_lib/fixposition_driver_lib-targets-release.cmake
-- Up-to-date: /home/nvidia/f1tenth_ws/install/fixposition_driver_lib/include/fixposition_driver_lib
-- Up-to-date: /home/nvidia/f1tenth_ws/install/fixposition_driver_lib/include/fixposition_driver_lib/nov_type.hpp
-- Up-to-date: /home/nvidia/f1tenth_ws/install/fixposition_driver_lib/include/fixposition_driver_lib/msg_data.hpp
-- Up-to-date: /home/nvidia/f1tenth_ws/install/fixposition_driver_lib/include/fixposition_driver_lib/fpb_measurements.hpp
-- Up-to-date: /home/nvidia/f1tenth_ws/install/fixposition_driver_lib/include/fixposition_driver_lib/fpb.hpp
-- Up-to-date: /home/nvidia/f1tenth_ws/install/fixposition_driver_lib/include/fixposition_driver_lib/params.hpp
-- Up-to-date: /home/nvidia/f1tenth_ws/install/fixposition_driver_lib/include/fixposition_driver_lib/converter
-- Up-to-date: /home/nvidia/f1tenth_ws/install/fixposition_driver_lib/include/fixposition_driver_lib/converter/gpgga.hpp
-- Up-to-date: /home/nvidia/f1tenth_ws/install/fixposition_driver_lib/include/fixposition_driver_lib/converter/imu.hpp
-- Up-to-date: /home/nvidia/f1tenth_ws/install/fixposition_driver_lib/include/fixposition_driver_lib/converter/odometry.hpp
-- Up-to-date: /home/nvidia/f1tenth_ws/install/fixposition_driver_lib/include/fixposition_driver_lib/converter/llh.hpp
-- Up-to-date: /home/nvidia/f1tenth_ws/install/fixposition_driver_lib/include/fixposition_driver_lib/converter/base_converter.hpp
-- Up-to-date: /home/nvidia/f1tenth_ws/install/fixposition_driver_lib/include/fixposition_driver_lib/converter/tf.hpp
-- Up-to-date: /home/nvidia/f1tenth_ws/install/fixposition_driver_lib/include/fixposition_driver_lib/converter/gprmc.hpp
-- Up-to-date: /home/nvidia/f1tenth_ws/install/fixposition_driver_lib/include/fixposition_driver_lib/converter/gpzda.hpp
-- Up-to-date: /home/nvidia/f1tenth_ws/install/fixposition_driver_lib/include/fixposition_driver_lib/fixposition_driver.hpp
-- Up-to-date: /home/nvidia/f1tenth_ws/install/fixposition_driver_lib/include/fixposition_driver_lib/helper.hpp
-- Up-to-date: /home/nvidia/f1tenth_ws/install/fixposition_driver_lib/include/fixposition_driver_lib/parser.hpp
-- Up-to-date: /home/nvidia/f1tenth_ws/install/fixposition_driver_lib/include/fixposition_driver_lib/time_conversions.hpp
-- Up-to-date: /home/nvidia/f1tenth_ws/install/fixposition_driver_lib/share/fixposition_driver_lib/package.xml
-- Up-to-date: /home/nvidia/f1tenth_ws/install/fixposition_driver_lib/lib/cmake/fixposition_driver_lib/fixposition_driver_lib-config.cmake
-- Up-to-date: /home/nvidia/f1tenth_ws/install/fixposition_driver_lib/lib/cmake/fixposition_driver_lib/fixposition_driver_lib-config-version.cmake
