[0.019s] Invoking command in '/home/nvidia/f1tenth_ws/build/fixposition_gnss_tf': CMAKE_PREFIX_PATH=/opt/ros/humble /usr/bin/cmake /home/nvidia/f1tenth_ws/src/fixposition_gnss_tf -DCMAKE_INSTALL_PREFIX=/home/nvidia/f1tenth_ws/install/fixposition_gnss_tf
[0.223s] -- The CXX compiler identification is GNU 11.4.0
[0.249s] -- Detecting CXX compiler ABI info
[0.419s] -- Detecting CXX compiler ABI info - done
[0.440s] -- Check for working CXX compiler: /usr/bin/c++ - skipped
[0.441s] -- Detecting CXX compile features
[0.443s] -- Detecting CXX compile features - done
[0.473s] -- Configuring done
[0.483s] -- Generating done
[0.485s] -- Build files have been written to: /home/nvidia/f1tenth_ws/build/fixposition_gnss_tf
[0.493s] Invoked command in '/home/nvidia/f1tenth_ws/build/fixposition_gnss_tf' returned '0': CMAKE_PREFIX_PATH=/opt/ros/humble /usr/bin/cmake /home/nvidia/f1tenth_ws/src/fixposition_gnss_tf -DCMAKE_INSTALL_PREFIX=/home/nvidia/f1tenth_ws/install/fixposition_gnss_tf
[0.498s] Invoking command in '/home/nvidia/f1tenth_ws/build/fixposition_gnss_tf': CMAKE_PREFIX_PATH=/opt/ros/humble /usr/bin/cmake --build /home/nvidia/f1tenth_ws/build/fixposition_gnss_tf -- -j6 -l6
[0.596s] [ 50%] [32mBuilding CXX object CMakeFiles/fixposition_gnss_tf.dir/src/gnss_tf.cpp.o[0m
[4.353s] [100%] [32m[1mLinking CXX shared library libfixposition_gnss_tf.so[0m
[4.450s] [100%] Built target fixposition_gnss_tf
[4.476s] Invoked command in '/home/nvidia/f1tenth_ws/build/fixposition_gnss_tf' returned '0': CMAKE_PREFIX_PATH=/opt/ros/humble /usr/bin/cmake --build /home/nvidia/f1tenth_ws/build/fixposition_gnss_tf -- -j6 -l6
[4.538s] Invoking command in '/home/nvidia/f1tenth_ws/build/fixposition_gnss_tf': CMAKE_PREFIX_PATH=/opt/ros/humble /usr/bin/cmake --install /home/nvidia/f1tenth_ws/build/fixposition_gnss_tf
[4.557s] -- Install configuration: "Release"
[4.558s] -- Installing: /home/nvidia/f1tenth_ws/install/fixposition_gnss_tf/./include
[4.558s] -- Installing: /home/nvidia/f1tenth_ws/install/fixposition_gnss_tf/./include/fixposition_gnss_tf
[4.558s] -- Installing: /home/nvidia/f1tenth_ws/install/fixposition_gnss_tf/./include/fixposition_gnss_tf/gnss_tf.hpp
[4.559s] -- Installing: /home/nvidia/f1tenth_ws/install/fixposition_gnss_tf/lib/libfixposition_gnss_tf.so
[4.559s] -- Up-to-date: /home/nvidia/f1tenth_ws/install/fixposition_gnss_tf/lib/libfixposition_gnss_tf.so
[4.560s] -- Installing: /home/nvidia/f1tenth_ws/install/fixposition_gnss_tf/lib/cmake/fixposition_gnss_tf/fixposition_gnss_tf-targets.cmake
[4.560s] -- Installing: /home/nvidia/f1tenth_ws/install/fixposition_gnss_tf/lib/cmake/fixposition_gnss_tf/fixposition_gnss_tf-targets-release.cmake
[4.560s] -- Up-to-date: /home/nvidia/f1tenth_ws/install/fixposition_gnss_tf/include/fixposition_gnss_tf
[4.561s] -- Up-to-date: /home/nvidia/f1tenth_ws/install/fixposition_gnss_tf/include/fixposition_gnss_tf/gnss_tf.hpp
[4.561s] -- Installing: /home/nvidia/f1tenth_ws/install/fixposition_gnss_tf/share/fixposition_gnss_tf/package.xml
[4.561s] -- Installing: /home/nvidia/f1tenth_ws/install/fixposition_gnss_tf/lib/cmake/fixposition_gnss_tf/fixposition_gnss_tf-config.cmake
[4.561s] -- Installing: /home/nvidia/f1tenth_ws/install/fixposition_gnss_tf/lib/cmake/fixposition_gnss_tf/fixposition_gnss_tf-config-version.cmake
[4.565s] Invoked command in '/home/nvidia/f1tenth_ws/build/fixposition_gnss_tf' returned '0': CMAKE_PREFIX_PATH=/opt/ros/humble /usr/bin/cmake --install /home/nvidia/f1tenth_ws/build/fixposition_gnss_tf
