[0.029s] Invoking command in '/home/nvidia/f1tenth_ws/build/realsense2_description': AMENT_PREFIX_PATH=/home/nvidia/f1tenth_ws/install/realsense2_camera_msgs:${AMENT_PREFIX_PATH} CMAKE_PREFIX_PATH=/home/nvidia/f1tenth_ws/install/realsense2_camera_msgs:/home/nvidia/f1tenth_ws/install/vesc:/home/nvidia/f1tenth_ws/install/vesc_driver:/home/nvidia/f1tenth_ws/install/vesc_ackermann:/home/nvidia/f1tenth_ws/install/vesc_msgs:/home/nvidia/f1tenth_ws/install/teleop_tools:/home/nvidia/f1tenth_ws/install/teleop_tools_msgs:/home/nvidia/f1tenth_ws/install/ros2_ouster:/home/nvidia/f1tenth_ws/install/ouster_ros:/home/nvidia/f1tenth_ws/install/ouster_sensor_msgs:/home/nvidia/f1tenth_ws/install/ouster_msgs:/home/nvidia/f1tenth_ws/install/fixposition_odometry_converter_ros2:/home/nvidia/f1tenth_ws/install/fixposition_driver_ros2:/home/nvidia/f1tenth_ws/install/fixposition_driver_lib:/home/nvidia/f1tenth_ws/install/fixposition_gnss_tf:/home/nvidia/f1tenth_ws/install/ackermann_mux:/home/nvidia/f1tenth_ws/install/f1tenth_stack:/home/nvidia/f1tenth_ws/install/joy_teleop:/home/nvidia/f1tenth_ws/install/mouse_teleop:/home/nvidia/f1tenth_ws/install/key_teleop:/opt/ros/humble LD_LIBRARY_PATH=/home/nvidia/f1tenth_ws/install/realsense2_camera_msgs/lib:/home/nvidia/f1tenth_ws/install/vesc_driver/lib:/home/nvidia/f1tenth_ws/install/vesc_ackermann/lib:/home/nvidia/f1tenth_ws/install/vesc_msgs/lib:/home/nvidia/f1tenth_ws/install/teleop_tools_msgs/lib:/home/nvidia/f1tenth_ws/install/ros2_ouster/lib:/home/nvidia/f1tenth_ws/install/ouster_ros/lib:/home/nvidia/f1tenth_ws/install/ouster_sensor_msgs/lib:/home/nvidia/f1tenth_ws/install/ouster_msgs/lib:/home/nvidia/f1tenth_ws/install/fixposition_odometry_converter_ros2/lib:/home/nvidia/f1tenth_ws/install/fixposition_driver_ros2/lib:/home/nvidia/f1tenth_ws/install/fixposition_driver_lib/lib:/home/nvidia/f1tenth_ws/install/fixposition_gnss_tf/lib:/opt/ros/humble/opt/rviz_ogre_vendor/lib:/opt/ros/humble/lib/aarch64-linux-gnu:/opt/ros/humble/lib:/usr/local/cuda-12.2/lib64 PYTHONPATH=/home/nvidia/f1tenth_ws/install/realsense2_camera_msgs/local/lib/python3.10/dist-packages:${PYTHONPATH} /usr/bin/cmake /home/nvidia/f1tenth_ws/src/realsense-ros/realsense2_description -DCMAKE_INSTALL_PREFIX=/home/nvidia/f1tenth_ws/install/realsense2_description
[0.137s] -- The C compiler identification is GNU 11.4.0
[0.256s] -- The CXX compiler identification is GNU 11.4.0
[0.278s] -- Detecting C compiler ABI info
[0.429s] -- Detecting C compiler ABI info - done
[0.450s] -- Check for working C compiler: /usr/bin/cc - skipped
[0.451s] -- Detecting C compile features
[0.453s] -- Detecting C compile features - done
[0.463s] -- Detecting CXX compiler ABI info
[0.635s] -- Detecting CXX compiler ABI info - done
[0.658s] -- Check for working CXX compiler: /usr/bin/c++ - skipped
[0.659s] -- Detecting CXX compile features
[0.661s] -- Detecting CXX compile features - done
[0.676s] -- Found ament_cmake: 1.3.8 (/opt/ros/humble/share/ament_cmake/cmake)
[1.088s] -- Found Python3: /usr/bin/python3 (found version "3.10.12") found components: Interpreter 
[1.508s] -- Configuring done
[1.514s] -- Generating done
[1.515s] -- Build files have been written to: /home/nvidia/f1tenth_ws/build/realsense2_description
[1.525s] Invoked command in '/home/nvidia/f1tenth_ws/build/realsense2_description' returned '0': AMENT_PREFIX_PATH=/home/nvidia/f1tenth_ws/install/realsense2_camera_msgs:${AMENT_PREFIX_PATH} CMAKE_PREFIX_PATH=/home/nvidia/f1tenth_ws/install/realsense2_camera_msgs:/home/nvidia/f1tenth_ws/install/vesc:/home/nvidia/f1tenth_ws/install/vesc_driver:/home/nvidia/f1tenth_ws/install/vesc_ackermann:/home/nvidia/f1tenth_ws/install/vesc_msgs:/home/nvidia/f1tenth_ws/install/teleop_tools:/home/nvidia/f1tenth_ws/install/teleop_tools_msgs:/home/nvidia/f1tenth_ws/install/ros2_ouster:/home/nvidia/f1tenth_ws/install/ouster_ros:/home/nvidia/f1tenth_ws/install/ouster_sensor_msgs:/home/nvidia/f1tenth_ws/install/ouster_msgs:/home/nvidia/f1tenth_ws/install/fixposition_odometry_converter_ros2:/home/nvidia/f1tenth_ws/install/fixposition_driver_ros2:/home/nvidia/f1tenth_ws/install/fixposition_driver_lib:/home/nvidia/f1tenth_ws/install/fixposition_gnss_tf:/home/nvidia/f1tenth_ws/install/ackermann_mux:/home/nvidia/f1tenth_ws/install/f1tenth_stack:/home/nvidia/f1tenth_ws/install/joy_teleop:/home/nvidia/f1tenth_ws/install/mouse_teleop:/home/nvidia/f1tenth_ws/install/key_teleop:/opt/ros/humble LD_LIBRARY_PATH=/home/nvidia/f1tenth_ws/install/realsense2_camera_msgs/lib:/home/nvidia/f1tenth_ws/install/vesc_driver/lib:/home/nvidia/f1tenth_ws/install/vesc_ackermann/lib:/home/nvidia/f1tenth_ws/install/vesc_msgs/lib:/home/nvidia/f1tenth_ws/install/teleop_tools_msgs/lib:/home/nvidia/f1tenth_ws/install/ros2_ouster/lib:/home/nvidia/f1tenth_ws/install/ouster_ros/lib:/home/nvidia/f1tenth_ws/install/ouster_sensor_msgs/lib:/home/nvidia/f1tenth_ws/install/ouster_msgs/lib:/home/nvidia/f1tenth_ws/install/fixposition_odometry_converter_ros2/lib:/home/nvidia/f1tenth_ws/install/fixposition_driver_ros2/lib:/home/nvidia/f1tenth_ws/install/fixposition_driver_lib/lib:/home/nvidia/f1tenth_ws/install/fixposition_gnss_tf/lib:/opt/ros/humble/opt/rviz_ogre_vendor/lib:/opt/ros/humble/lib/aarch64-linux-gnu:/opt/ros/humble/lib:/usr/local/cuda-12.2/lib64 PYTHONPATH=/home/nvidia/f1tenth_ws/install/realsense2_camera_msgs/local/lib/python3.10/dist-packages:${PYTHONPATH} /usr/bin/cmake /home/nvidia/f1tenth_ws/src/realsense-ros/realsense2_description -DCMAKE_INSTALL_PREFIX=/home/nvidia/f1tenth_ws/install/realsense2_description
[1.527s] Invoking command in '/home/nvidia/f1tenth_ws/build/realsense2_description': AMENT_PREFIX_PATH=/home/nvidia/f1tenth_ws/install/realsense2_camera_msgs:${AMENT_PREFIX_PATH} CMAKE_PREFIX_PATH=/home/nvidia/f1tenth_ws/install/realsense2_camera_msgs:/home/nvidia/f1tenth_ws/install/vesc:/home/nvidia/f1tenth_ws/install/vesc_driver:/home/nvidia/f1tenth_ws/install/vesc_ackermann:/home/nvidia/f1tenth_ws/install/vesc_msgs:/home/nvidia/f1tenth_ws/install/teleop_tools:/home/nvidia/f1tenth_ws/install/teleop_tools_msgs:/home/nvidia/f1tenth_ws/install/ros2_ouster:/home/nvidia/f1tenth_ws/install/ouster_ros:/home/nvidia/f1tenth_ws/install/ouster_sensor_msgs:/home/nvidia/f1tenth_ws/install/ouster_msgs:/home/nvidia/f1tenth_ws/install/fixposition_odometry_converter_ros2:/home/nvidia/f1tenth_ws/install/fixposition_driver_ros2:/home/nvidia/f1tenth_ws/install/fixposition_driver_lib:/home/nvidia/f1tenth_ws/install/fixposition_gnss_tf:/home/nvidia/f1tenth_ws/install/ackermann_mux:/home/nvidia/f1tenth_ws/install/f1tenth_stack:/home/nvidia/f1tenth_ws/install/joy_teleop:/home/nvidia/f1tenth_ws/install/mouse_teleop:/home/nvidia/f1tenth_ws/install/key_teleop:/opt/ros/humble LD_LIBRARY_PATH=/home/nvidia/f1tenth_ws/install/realsense2_camera_msgs/lib:/home/nvidia/f1tenth_ws/install/vesc_driver/lib:/home/nvidia/f1tenth_ws/install/vesc_ackermann/lib:/home/nvidia/f1tenth_ws/install/vesc_msgs/lib:/home/nvidia/f1tenth_ws/install/teleop_tools_msgs/lib:/home/nvidia/f1tenth_ws/install/ros2_ouster/lib:/home/nvidia/f1tenth_ws/install/ouster_ros/lib:/home/nvidia/f1tenth_ws/install/ouster_sensor_msgs/lib:/home/nvidia/f1tenth_ws/install/ouster_msgs/lib:/home/nvidia/f1tenth_ws/install/fixposition_odometry_converter_ros2/lib:/home/nvidia/f1tenth_ws/install/fixposition_driver_ros2/lib:/home/nvidia/f1tenth_ws/install/fixposition_driver_lib/lib:/home/nvidia/f1tenth_ws/install/fixposition_gnss_tf/lib:/opt/ros/humble/opt/rviz_ogre_vendor/lib:/opt/ros/humble/lib/aarch64-linux-gnu:/opt/ros/humble/lib:/usr/local/cuda-12.2/lib64 PYTHONPATH=/home/nvidia/f1tenth_ws/install/realsense2_camera_msgs/local/lib/python3.10/dist-packages:${PYTHONPATH} /usr/bin/cmake --build /home/nvidia/f1tenth_ws/build/realsense2_description -- -j6 -l6
[1.611s] Invoked command in '/home/nvidia/f1tenth_ws/build/realsense2_description' returned '0': AMENT_PREFIX_PATH=/home/nvidia/f1tenth_ws/install/realsense2_camera_msgs:${AMENT_PREFIX_PATH} CMAKE_PREFIX_PATH=/home/nvidia/f1tenth_ws/install/realsense2_camera_msgs:/home/nvidia/f1tenth_ws/install/vesc:/home/nvidia/f1tenth_ws/install/vesc_driver:/home/nvidia/f1tenth_ws/install/vesc_ackermann:/home/nvidia/f1tenth_ws/install/vesc_msgs:/home/nvidia/f1tenth_ws/install/teleop_tools:/home/nvidia/f1tenth_ws/install/teleop_tools_msgs:/home/nvidia/f1tenth_ws/install/ros2_ouster:/home/nvidia/f1tenth_ws/install/ouster_ros:/home/nvidia/f1tenth_ws/install/ouster_sensor_msgs:/home/nvidia/f1tenth_ws/install/ouster_msgs:/home/nvidia/f1tenth_ws/install/fixposition_odometry_converter_ros2:/home/nvidia/f1tenth_ws/install/fixposition_driver_ros2:/home/nvidia/f1tenth_ws/install/fixposition_driver_lib:/home/nvidia/f1tenth_ws/install/fixposition_gnss_tf:/home/nvidia/f1tenth_ws/install/ackermann_mux:/home/nvidia/f1tenth_ws/install/f1tenth_stack:/home/nvidia/f1tenth_ws/install/joy_teleop:/home/nvidia/f1tenth_ws/install/mouse_teleop:/home/nvidia/f1tenth_ws/install/key_teleop:/opt/ros/humble LD_LIBRARY_PATH=/home/nvidia/f1tenth_ws/install/realsense2_camera_msgs/lib:/home/nvidia/f1tenth_ws/install/vesc_driver/lib:/home/nvidia/f1tenth_ws/install/vesc_ackermann/lib:/home/nvidia/f1tenth_ws/install/vesc_msgs/lib:/home/nvidia/f1tenth_ws/install/teleop_tools_msgs/lib:/home/nvidia/f1tenth_ws/install/ros2_ouster/lib:/home/nvidia/f1tenth_ws/install/ouster_ros/lib:/home/nvidia/f1tenth_ws/install/ouster_sensor_msgs/lib:/home/nvidia/f1tenth_ws/install/ouster_msgs/lib:/home/nvidia/f1tenth_ws/install/fixposition_odometry_converter_ros2/lib:/home/nvidia/f1tenth_ws/install/fixposition_driver_ros2/lib:/home/nvidia/f1tenth_ws/install/fixposition_driver_lib/lib:/home/nvidia/f1tenth_ws/install/fixposition_gnss_tf/lib:/opt/ros/humble/opt/rviz_ogre_vendor/lib:/opt/ros/humble/lib/aarch64-linux-gnu:/opt/ros/humble/lib:/usr/local/cuda-12.2/lib64 PYTHONPATH=/home/nvidia/f1tenth_ws/install/realsense2_camera_msgs/local/lib/python3.10/dist-packages:${PYTHONPATH} /usr/bin/cmake --build /home/nvidia/f1tenth_ws/build/realsense2_description -- -j6 -l6
[1.665s] Invoking command in '/home/nvidia/f1tenth_ws/build/realsense2_description': AMENT_PREFIX_PATH=/home/nvidia/f1tenth_ws/install/realsense2_camera_msgs:${AMENT_PREFIX_PATH} CMAKE_PREFIX_PATH=/home/nvidia/f1tenth_ws/install/realsense2_camera_msgs:/home/nvidia/f1tenth_ws/install/vesc:/home/nvidia/f1tenth_ws/install/vesc_driver:/home/nvidia/f1tenth_ws/install/vesc_ackermann:/home/nvidia/f1tenth_ws/install/vesc_msgs:/home/nvidia/f1tenth_ws/install/teleop_tools:/home/nvidia/f1tenth_ws/install/teleop_tools_msgs:/home/nvidia/f1tenth_ws/install/ros2_ouster:/home/nvidia/f1tenth_ws/install/ouster_ros:/home/nvidia/f1tenth_ws/install/ouster_sensor_msgs:/home/nvidia/f1tenth_ws/install/ouster_msgs:/home/nvidia/f1tenth_ws/install/fixposition_odometry_converter_ros2:/home/nvidia/f1tenth_ws/install/fixposition_driver_ros2:/home/nvidia/f1tenth_ws/install/fixposition_driver_lib:/home/nvidia/f1tenth_ws/install/fixposition_gnss_tf:/home/nvidia/f1tenth_ws/install/ackermann_mux:/home/nvidia/f1tenth_ws/install/f1tenth_stack:/home/nvidia/f1tenth_ws/install/joy_teleop:/home/nvidia/f1tenth_ws/install/mouse_teleop:/home/nvidia/f1tenth_ws/install/key_teleop:/opt/ros/humble LD_LIBRARY_PATH=/home/nvidia/f1tenth_ws/install/realsense2_camera_msgs/lib:/home/nvidia/f1tenth_ws/install/vesc_driver/lib:/home/nvidia/f1tenth_ws/install/vesc_ackermann/lib:/home/nvidia/f1tenth_ws/install/vesc_msgs/lib:/home/nvidia/f1tenth_ws/install/teleop_tools_msgs/lib:/home/nvidia/f1tenth_ws/install/ros2_ouster/lib:/home/nvidia/f1tenth_ws/install/ouster_ros/lib:/home/nvidia/f1tenth_ws/install/ouster_sensor_msgs/lib:/home/nvidia/f1tenth_ws/install/ouster_msgs/lib:/home/nvidia/f1tenth_ws/install/fixposition_odometry_converter_ros2/lib:/home/nvidia/f1tenth_ws/install/fixposition_driver_ros2/lib:/home/nvidia/f1tenth_ws/install/fixposition_driver_lib/lib:/home/nvidia/f1tenth_ws/install/fixposition_gnss_tf/lib:/opt/ros/humble/opt/rviz_ogre_vendor/lib:/opt/ros/humble/lib/aarch64-linux-gnu:/opt/ros/humble/lib:/usr/local/cuda-12.2/lib64 PYTHONPATH=/home/nvidia/f1tenth_ws/install/realsense2_camera_msgs/local/lib/python3.10/dist-packages:${PYTHONPATH} /usr/bin/cmake --install /home/nvidia/f1tenth_ws/build/realsense2_description
[1.685s] -- Install configuration: ""
[1.686s] -- Installing: /home/nvidia/f1tenth_ws/install/realsense2_description/share/realsense2_description/launch
[1.686s] -- Installing: /home/nvidia/f1tenth_ws/install/realsense2_description/share/realsense2_description/launch/view_model.launch.py
[1.686s] -- Installing: /home/nvidia/f1tenth_ws/install/realsense2_description/share/realsense2_description/launch/launch_utils.py
[1.686s] -- Installing: /home/nvidia/f1tenth_ws/install/realsense2_description/share/realsense2_description/meshes
[1.686s] -- Installing: /home/nvidia/f1tenth_ws/install/realsense2_description/share/realsense2_description/meshes/d405.stl
[1.687s] -- Installing: /home/nvidia/f1tenth_ws/install/realsense2_description/share/realsense2_description/meshes/d415.stl
[1.733s] -- Installing: /home/nvidia/f1tenth_ws/install/realsense2_description/share/realsense2_description/meshes/plug.stl
[1.734s] -- Installing: /home/nvidia/f1tenth_ws/install/realsense2_description/share/realsense2_description/meshes/d435.dae
[1.764s] -- Installing: /home/nvidia/f1tenth_ws/install/realsense2_description/share/realsense2_description/meshes/plug_collision.stl
[1.765s] -- Installing: /home/nvidia/f1tenth_ws/install/realsense2_description/share/realsense2_description/meshes/d455.stl
[1.769s] -- Installing: /home/nvidia/f1tenth_ws/install/realsense2_description/share/realsense2_description/meshes/l515.dae
[1.827s] -- Installing: /home/nvidia/f1tenth_ws/install/realsense2_description/share/realsense2_description/rviz
[1.827s] -- Installing: /home/nvidia/f1tenth_ws/install/realsense2_description/share/realsense2_description/rviz/urdf.rviz
[1.827s] -- Installing: /home/nvidia/f1tenth_ws/install/realsense2_description/share/realsense2_description/urdf
[1.827s] -- Installing: /home/nvidia/f1tenth_ws/install/realsense2_description/share/realsense2_description/urdf/_materials.urdf.xacro
[1.827s] -- Installing: /home/nvidia/f1tenth_ws/install/realsense2_description/share/realsense2_description/urdf/test_d405_camera.urdf.xacro
[1.828s] -- Installing: /home/nvidia/f1tenth_ws/install/realsense2_description/share/realsense2_description/urdf/_r410.urdf.xacro
[1.828s] -- Installing: /home/nvidia/f1tenth_ws/install/realsense2_description/share/realsense2_description/urdf/_r430.urdf.xacro
[1.828s] -- Installing: /home/nvidia/f1tenth_ws/install/realsense2_description/share/realsense2_description/urdf/test_r430_camera.urdf.xacro
[1.828s] -- Installing: /home/nvidia/f1tenth_ws/install/realsense2_description/share/realsense2_description/urdf/test_r410_camera.urdf.xacro
[1.828s] -- Installing: /home/nvidia/f1tenth_ws/install/realsense2_description/share/realsense2_description/urdf/_d435.urdf.xacro
[1.828s] -- Installing: /home/nvidia/f1tenth_ws/install/realsense2_description/share/realsense2_description/urdf/_d435i.urdf.xacro
[1.829s] -- Installing: /home/nvidia/f1tenth_ws/install/realsense2_description/share/realsense2_description/urdf/test_d415_camera.urdf.xacro
[1.829s] -- Installing: /home/nvidia/f1tenth_ws/install/realsense2_description/share/realsense2_description/urdf/test_d435_camera.urdf.xacro
[1.829s] -- Installing: /home/nvidia/f1tenth_ws/install/realsense2_description/share/realsense2_description/urdf/_d435i_imu_modules.urdf.xacro
[1.829s] -- Installing: /home/nvidia/f1tenth_ws/install/realsense2_description/share/realsense2_description/urdf/_usb_plug.urdf.xacro
[1.829s] -- Installing: /home/nvidia/f1tenth_ws/install/realsense2_description/share/realsense2_description/urdf/_d455.urdf.xacro
[1.829s] -- Installing: /home/nvidia/f1tenth_ws/install/realsense2_description/share/realsense2_description/urdf/test_d435i_camera.urdf.xacro
[1.830s] -- Installing: /home/nvidia/f1tenth_ws/install/realsense2_description/share/realsense2_description/urdf/test_d455_camera.urdf.xacro
[1.830s] -- Installing: /home/nvidia/f1tenth_ws/install/realsense2_description/share/realsense2_description/urdf/_d405.urdf.xacro
[1.830s] -- Installing: /home/nvidia/f1tenth_ws/install/realsense2_description/share/realsense2_description/urdf/test_d435_multiple_cameras.urdf.xacro
[1.830s] -- Installing: /home/nvidia/f1tenth_ws/install/realsense2_description/share/realsense2_description/urdf/_d415.urdf.xacro
[1.831s] -- Installing: /home/nvidia/f1tenth_ws/install/realsense2_description/share/ament_index/resource_index/package_run_dependencies/realsense2_description
[1.831s] -- Installing: /home/nvidia/f1tenth_ws/install/realsense2_description/share/ament_index/resource_index/parent_prefix_path/realsense2_description
[1.831s] -- Installing: /home/nvidia/f1tenth_ws/install/realsense2_description/share/realsense2_description/environment/ament_prefix_path.sh
[1.832s] -- Installing: /home/nvidia/f1tenth_ws/install/realsense2_description/share/realsense2_description/environment/ament_prefix_path.dsv
[1.832s] -- Installing: /home/nvidia/f1tenth_ws/install/realsense2_description/share/realsense2_description/environment/path.sh
[1.832s] -- Installing: /home/nvidia/f1tenth_ws/install/realsense2_description/share/realsense2_description/environment/path.dsv
[1.832s] -- Installing: /home/nvidia/f1tenth_ws/install/realsense2_description/share/realsense2_description/local_setup.bash
[1.833s] -- Installing: /home/nvidia/f1tenth_ws/install/realsense2_description/share/realsense2_description/local_setup.sh
[1.833s] -- Installing: /home/nvidia/f1tenth_ws/install/realsense2_description/share/realsense2_description/local_setup.zsh
[1.833s] -- Installing: /home/nvidia/f1tenth_ws/install/realsense2_description/share/realsense2_description/local_setup.dsv
[1.833s] -- Installing: /home/nvidia/f1tenth_ws/install/realsense2_description/share/realsense2_description/package.dsv
[1.834s] -- Installing: /home/nvidia/f1tenth_ws/install/realsense2_description/share/ament_index/resource_index/packages/realsense2_description
[1.834s] -- Installing: /home/nvidia/f1tenth_ws/install/realsense2_description/share/realsense2_description/cmake/realsense2_descriptionConfig.cmake
[1.834s] -- Installing: /home/nvidia/f1tenth_ws/install/realsense2_description/share/realsense2_description/cmake/realsense2_descriptionConfig-version.cmake
[1.834s] -- Installing: /home/nvidia/f1tenth_ws/install/realsense2_description/share/realsense2_description/package.xml
[1.840s] Invoked command in '/home/nvidia/f1tenth_ws/build/realsense2_description' returned '0': AMENT_PREFIX_PATH=/home/nvidia/f1tenth_ws/install/realsense2_camera_msgs:${AMENT_PREFIX_PATH} CMAKE_PREFIX_PATH=/home/nvidia/f1tenth_ws/install/realsense2_camera_msgs:/home/nvidia/f1tenth_ws/install/vesc:/home/nvidia/f1tenth_ws/install/vesc_driver:/home/nvidia/f1tenth_ws/install/vesc_ackermann:/home/nvidia/f1tenth_ws/install/vesc_msgs:/home/nvidia/f1tenth_ws/install/teleop_tools:/home/nvidia/f1tenth_ws/install/teleop_tools_msgs:/home/nvidia/f1tenth_ws/install/ros2_ouster:/home/nvidia/f1tenth_ws/install/ouster_ros:/home/nvidia/f1tenth_ws/install/ouster_sensor_msgs:/home/nvidia/f1tenth_ws/install/ouster_msgs:/home/nvidia/f1tenth_ws/install/fixposition_odometry_converter_ros2:/home/nvidia/f1tenth_ws/install/fixposition_driver_ros2:/home/nvidia/f1tenth_ws/install/fixposition_driver_lib:/home/nvidia/f1tenth_ws/install/fixposition_gnss_tf:/home/nvidia/f1tenth_ws/install/ackermann_mux:/home/nvidia/f1tenth_ws/install/f1tenth_stack:/home/nvidia/f1tenth_ws/install/joy_teleop:/home/nvidia/f1tenth_ws/install/mouse_teleop:/home/nvidia/f1tenth_ws/install/key_teleop:/opt/ros/humble LD_LIBRARY_PATH=/home/nvidia/f1tenth_ws/install/realsense2_camera_msgs/lib:/home/nvidia/f1tenth_ws/install/vesc_driver/lib:/home/nvidia/f1tenth_ws/install/vesc_ackermann/lib:/home/nvidia/f1tenth_ws/install/vesc_msgs/lib:/home/nvidia/f1tenth_ws/install/teleop_tools_msgs/lib:/home/nvidia/f1tenth_ws/install/ros2_ouster/lib:/home/nvidia/f1tenth_ws/install/ouster_ros/lib:/home/nvidia/f1tenth_ws/install/ouster_sensor_msgs/lib:/home/nvidia/f1tenth_ws/install/ouster_msgs/lib:/home/nvidia/f1tenth_ws/install/fixposition_odometry_converter_ros2/lib:/home/nvidia/f1tenth_ws/install/fixposition_driver_ros2/lib:/home/nvidia/f1tenth_ws/install/fixposition_driver_lib/lib:/home/nvidia/f1tenth_ws/install/fixposition_gnss_tf/lib:/opt/ros/humble/opt/rviz_ogre_vendor/lib:/opt/ros/humble/lib/aarch64-linux-gnu:/opt/ros/humble/lib:/usr/local/cuda-12.2/lib64 PYTHONPATH=/home/nvidia/f1tenth_ws/install/realsense2_camera_msgs/local/lib/python3.10/dist-packages:${PYTHONPATH} /usr/bin/cmake --install /home/nvidia/f1tenth_ws/build/realsense2_description
