[1.392s] Invoking command in '/home/nvidia/f1tenth_ws/src/f1tenth_system/teleop_tools/joy_teleop': AMENT_PREFIX_PATH=/home/nvidia/f1tenth_ws/install/teleop_tools_msgs:${AMENT_PREFIX_PATH} CMAKE_PREFIX_PATH=/home/nvidia/f1tenth_ws/install/teleop_tools_msgs LD_LIBRARY_PATH=/home/nvidia/f1tenth_ws/install/teleop_tools_msgs/lib:/opt/ros/humble/opt/rviz_ogre_vendor/lib:/opt/ros/humble/lib/aarch64-linux-gnu:/opt/ros/humble/lib:/usr/local/cuda-12.2/lib64 PYTHONPATH=/home/nvidia/f1tenth_ws/build/joy_teleop/prefix_override:/home/nvidia/f1tenth_ws/install/joy_teleop/lib/python3.10/site-packages:/home/nvidia/f1tenth_ws/install/teleop_tools_msgs/local/lib/python3.10/dist-packages:${PYTHONPATH} /usr/bin/python3 -W ignore:setup.py install is deprecated setup.py egg_info --egg-base ../../../../build/joy_teleop build --build-base /home/nvidia/f1tenth_ws/build/joy_teleop/build install --record /home/nvidia/f1tenth_ws/build/joy_teleop/install.log --install-scripts $base/lib/joy_teleop --single-version-externally-managed install_data
[1.906s] /usr/lib/python3/dist-packages/setuptools/dist.py:723: UserWarning: Usage of dash-separated 'script-dir' will not be supported in future versions. Please use the underscore name 'script_dir' instead
[1.906s]   warnings.warn(
[1.925s] running egg_info
[1.926s] creating ../../../../build/joy_teleop/joy_teleop.egg-info
[1.927s] writing ../../../../build/joy_teleop/joy_teleop.egg-info/PKG-INFO
[1.927s] writing dependency_links to ../../../../build/joy_teleop/joy_teleop.egg-info/dependency_links.txt
[1.928s] writing entry points to ../../../../build/joy_teleop/joy_teleop.egg-info/entry_points.txt
[1.928s] writing requirements to ../../../../build/joy_teleop/joy_teleop.egg-info/requires.txt
[1.928s] writing top-level names to ../../../../build/joy_teleop/joy_teleop.egg-info/top_level.txt
[1.929s] writing manifest file '../../../../build/joy_teleop/joy_teleop.egg-info/SOURCES.txt'
[1.932s] reading manifest file '../../../../build/joy_teleop/joy_teleop.egg-info/SOURCES.txt'
[1.934s] writing manifest file '../../../../build/joy_teleop/joy_teleop.egg-info/SOURCES.txt'
[1.935s] running build
[1.935s] running build_py
[1.935s] creating /home/nvidia/f1tenth_ws/build/joy_teleop/build
[1.935s] creating /home/nvidia/f1tenth_ws/build/joy_teleop/build/lib
[1.936s] creating /home/nvidia/f1tenth_ws/build/joy_teleop/build/lib/joy_teleop
[1.936s] copying joy_teleop/__init__.py -> /home/nvidia/f1tenth_ws/build/joy_teleop/build/lib/joy_teleop
[1.936s] copying joy_teleop/incrementer_server.py -> /home/nvidia/f1tenth_ws/build/joy_teleop/build/lib/joy_teleop
[1.936s] copying joy_teleop/joy_teleop.py -> /home/nvidia/f1tenth_ws/build/joy_teleop/build/lib/joy_teleop
[1.936s] running install
[1.937s] running install_lib
[1.941s] creating /home/nvidia/f1tenth_ws/install/joy_teleop/lib/python3.10/site-packages/joy_teleop
[1.942s] copying /home/nvidia/f1tenth_ws/build/joy_teleop/build/lib/joy_teleop/__init__.py -> /home/nvidia/f1tenth_ws/install/joy_teleop/lib/python3.10/site-packages/joy_teleop
[1.942s] copying /home/nvidia/f1tenth_ws/build/joy_teleop/build/lib/joy_teleop/incrementer_server.py -> /home/nvidia/f1tenth_ws/install/joy_teleop/lib/python3.10/site-packages/joy_teleop
[1.942s] copying /home/nvidia/f1tenth_ws/build/joy_teleop/build/lib/joy_teleop/joy_teleop.py -> /home/nvidia/f1tenth_ws/install/joy_teleop/lib/python3.10/site-packages/joy_teleop
[1.942s] byte-compiling /home/nvidia/f1tenth_ws/install/joy_teleop/lib/python3.10/site-packages/joy_teleop/__init__.py to __init__.cpython-310.pyc
[1.942s] byte-compiling /home/nvidia/f1tenth_ws/install/joy_teleop/lib/python3.10/site-packages/joy_teleop/incrementer_server.py to incrementer_server.cpython-310.pyc
[1.943s] byte-compiling /home/nvidia/f1tenth_ws/install/joy_teleop/lib/python3.10/site-packages/joy_teleop/joy_teleop.py to joy_teleop.cpython-310.pyc
[1.948s] running install_data
[1.948s] copying package.xml -> /home/nvidia/f1tenth_ws/install/joy_teleop/share/joy_teleop
[1.948s] creating /home/nvidia/f1tenth_ws/install/joy_teleop/share/joy_teleop/config
[1.949s] copying config/joy_teleop_example.yaml -> /home/nvidia/f1tenth_ws/install/joy_teleop/share/joy_teleop/config
[1.949s] creating /home/nvidia/f1tenth_ws/install/joy_teleop/share/joy_teleop/launch
[1.949s] copying launch/example.launch.py -> /home/nvidia/f1tenth_ws/install/joy_teleop/share/joy_teleop/launch
[1.950s] creating /home/nvidia/f1tenth_ws/install/joy_teleop/share/ament_index
[1.950s] creating /home/nvidia/f1tenth_ws/install/joy_teleop/share/ament_index/resource_index
[1.950s] creating /home/nvidia/f1tenth_ws/install/joy_teleop/share/ament_index/resource_index/packages
[1.950s] copying resource/joy_teleop -> /home/nvidia/f1tenth_ws/install/joy_teleop/share/ament_index/resource_index/packages
[1.950s] running install_egg_info
[1.953s] Copying ../../../../build/joy_teleop/joy_teleop.egg-info to /home/nvidia/f1tenth_ws/install/joy_teleop/lib/python3.10/site-packages/joy_teleop-0.3.0-py3.10.egg-info
[1.955s] running install_scripts
[2.001s] Installing incrementer_server script to /home/nvidia/f1tenth_ws/install/joy_teleop/lib/joy_teleop
[2.002s] Installing joy_teleop script to /home/nvidia/f1tenth_ws/install/joy_teleop/lib/joy_teleop
[2.002s] writing list of installed files to '/home/nvidia/f1tenth_ws/build/joy_teleop/install.log'
[2.075s] Invoked command in '/home/nvidia/f1tenth_ws/src/f1tenth_system/teleop_tools/joy_teleop' returned '0': AMENT_PREFIX_PATH=/home/nvidia/f1tenth_ws/install/teleop_tools_msgs:${AMENT_PREFIX_PATH} CMAKE_PREFIX_PATH=/home/nvidia/f1tenth_ws/install/teleop_tools_msgs LD_LIBRARY_PATH=/home/nvidia/f1tenth_ws/install/teleop_tools_msgs/lib:/opt/ros/humble/opt/rviz_ogre_vendor/lib:/opt/ros/humble/lib/aarch64-linux-gnu:/opt/ros/humble/lib:/usr/local/cuda-12.2/lib64 PYTHONPATH=/home/nvidia/f1tenth_ws/build/joy_teleop/prefix_override:/home/nvidia/f1tenth_ws/install/joy_teleop/lib/python3.10/site-packages:/home/nvidia/f1tenth_ws/install/teleop_tools_msgs/local/lib/python3.10/dist-packages:${PYTHONPATH} /usr/bin/python3 -W ignore:setup.py install is deprecated setup.py egg_info --egg-base ../../../../build/joy_teleop build --build-base /home/nvidia/f1tenth_ws/build/joy_teleop/build install --record /home/nvidia/f1tenth_ws/build/joy_teleop/install.log --install-scripts $base/lib/joy_teleop --single-version-externally-managed install_data
