[0.019s] Invoking command in '/home/nvidia/f1tenth_ws/build/fixposition_odometry_converter_ros1': /usr/bin/cmake /home/nvidia/f1tenth_ws/src/fixposition_driver/fixposition_odometry_converter_ros1 -DCATKIN_INSTALL_INTO_PREFIX_ROOT=0 -DCMAKE_INSTALL_PREFIX=/home/nvidia/f1tenth_ws/install/fixposition_odometry_converter_ros1
[0.155s] -- The CXX compiler identification is GNU 11.4.0
[0.170s] -- Detecting CXX compiler ABI info
[0.369s] -- Detecting CXX compiler ABI info - done
[0.392s] -- Check for working CXX compiler: /usr/bin/c++ - skipped
[0.393s] -- Detecting CXX compile features
[0.393s] -- Detecting CXX compile features - done
[0.402s] -- Found Boost: /usr/lib/aarch64-linux-gnu/cmake/Boost-1.74.0/BoostConfig.cmake (found suitable version "1.74.0", minimum required is "1.65.0")  
[0.434s] [31mCMake Error at CMakeLists.txt:13 (find_package):
[0.434s]   By not providing "Findcatkin.cmake" in CMAKE_MODULE_PATH this project has
[0.434s]   asked CMake to find a package configuration file provided by "catkin", but
[0.434s]   CMake did not find one.
[0.434s] 
[0.434s]   Could not find a package configuration file provided by "catkin" with any
[0.434s]   of the following names:
[0.435s] 
[0.435s]     catkinConfig.cmake
[0.435s]     catkin-config.cmake
[0.435s] 
[0.435s]   Add the installation prefix of "catkin" to CMAKE_PREFIX_PATH or set
[0.435s]   "catkin_DIR" to a directory containing one of the above files.  If "catkin"
[0.435s]   provides a separate development package or SDK, be sure it has been
[0.436s]   installed.
[0.436s] 
[0.436s] [0m
[0.437s] -- Configuring incomplete, errors occurred!
[0.437s] See also "/home/nvidia/f1tenth_ws/build/fixposition_odometry_converter_ros1/CMakeFiles/CMakeOutput.log".
[0.445s] Invoked command in '/home/nvidia/f1tenth_ws/build/fixposition_odometry_converter_ros1' returned '1': /usr/bin/cmake /home/nvidia/f1tenth_ws/src/fixposition_driver/fixposition_odometry_converter_ros1 -DCATKIN_INSTALL_INTO_PREFIX_ROOT=0 -DCMAKE_INSTALL_PREFIX=/home/nvidia/f1tenth_ws/install/fixposition_odometry_converter_ros1
