[0.026s] Invoking command in '/home/nvidia/f1tenth_ws/build/fixposition_driver_ros2': CMAKE_PREFIX_PATH=/home/nvidia/f1tenth_ws/install/fixposition_gnss_tf:/opt/ros/humble LD_LIBRARY_PATH=/home/nvidia/f1tenth_ws/install/fixposition_gnss_tf/lib:/opt/ros/humble/opt/rviz_ogre_vendor/lib:/opt/ros/humble/lib/aarch64-linux-gnu:/opt/ros/humble/lib:/usr/local/cuda-12.2/lib64 PKG_CONFIG_PATH=/home/nvidia/f1tenth_ws/install/fixposition_gnss_tf/lib/aarch64-linux-gnu/pkgconfig:/home/nvidia/f1tenth_ws/install/fixposition_gnss_tf/lib/pkgconfig /usr/bin/cmake --build /home/nvidia/f1tenth_ws/build/fixposition_driver_ros2 -- -j6 -l6
[0.160s] [  1%] Built target fixposition_driver_ros2__cpp
[0.210s] [  1%] Built target ament_cmake_python_copy_fixposition_driver_ros2
[0.215s] [ 11%] Built target fixposition_driver_ros2__rosidl_generator_c
[0.231s] [ 32%] Built target fixposition_driver_ros2__rosidl_typesupport_fastrtps_cpp
[0.231s] [ 32%] Built target fixposition_driver_ros2__rosidl_typesupport_cpp
[0.243s] [ 42%] Built target fixposition_driver_ros2__rosidl_typesupport_introspection_cpp
[0.322s] [ 52%] Built target fixposition_driver_ros2__rosidl_typesupport_introspection_c
[0.322s] [ 62%] Built target fixposition_driver_ros2__rosidl_typesupport_fastrtps_c
[0.339s] [ 72%] Built target fixposition_driver_ros2__rosidl_typesupport_c
[0.387s] [ 72%] Built target fixposition_driver_ros2
[0.433s] [ 79%] Built target fixposition_driver_ros2_exec
[0.439s] [ 81%] Built target fixposition_driver_ros2__py
[0.482s] [ 89%] Built target fixposition_driver_ros2__rosidl_generator_py
[0.552s] [ 93%] Built target fixposition_driver_ros2__rosidl_typesupport_fastrtps_c__pyext
[0.572s] [ 96%] Built target fixposition_driver_ros2__rosidl_typesupport_introspection_c__pyext
[0.592s] [100%] Built target fixposition_driver_ros2__rosidl_typesupport_c__pyext
[0.852s] running egg_info
[0.853s] writing fixposition_driver_ros2.egg-info/PKG-INFO
[0.854s] writing dependency_links to fixposition_driver_ros2.egg-info/dependency_links.txt
[0.854s] writing top-level names to fixposition_driver_ros2.egg-info/top_level.txt
[0.859s] reading manifest file 'fixposition_driver_ros2.egg-info/SOURCES.txt'
[0.860s] writing manifest file 'fixposition_driver_ros2.egg-info/SOURCES.txt'
[0.929s] [100%] Built target ament_cmake_python_build_fixposition_driver_ros2_egg
[1.325s] Invoked command in '/home/nvidia/f1tenth_ws/build/fixposition_driver_ros2' returned '0': CMAKE_PREFIX_PATH=/home/nvidia/f1tenth_ws/install/fixposition_gnss_tf:/opt/ros/humble LD_LIBRARY_PATH=/home/nvidia/f1tenth_ws/install/fixposition_gnss_tf/lib:/opt/ros/humble/opt/rviz_ogre_vendor/lib:/opt/ros/humble/lib/aarch64-linux-gnu:/opt/ros/humble/lib:/usr/local/cuda-12.2/lib64 PKG_CONFIG_PATH=/home/nvidia/f1tenth_ws/install/fixposition_gnss_tf/lib/aarch64-linux-gnu/pkgconfig:/home/nvidia/f1tenth_ws/install/fixposition_gnss_tf/lib/pkgconfig /usr/bin/cmake --build /home/nvidia/f1tenth_ws/build/fixposition_driver_ros2 -- -j6 -l6
[1.655s] Invoking command in '/home/nvidia/f1tenth_ws/build/fixposition_driver_ros2': CMAKE_PREFIX_PATH=/home/nvidia/f1tenth_ws/install/fixposition_gnss_tf:/opt/ros/humble LD_LIBRARY_PATH=/home/nvidia/f1tenth_ws/install/fixposition_gnss_tf/lib:/opt/ros/humble/opt/rviz_ogre_vendor/lib:/opt/ros/humble/lib/aarch64-linux-gnu:/opt/ros/humble/lib:/usr/local/cuda-12.2/lib64 PKG_CONFIG_PATH=/home/nvidia/f1tenth_ws/install/fixposition_gnss_tf/lib/aarch64-linux-gnu/pkgconfig:/home/nvidia/f1tenth_ws/install/fixposition_gnss_tf/lib/pkgconfig /usr/bin/cmake --install /home/nvidia/f1tenth_ws/build/fixposition_driver_ros2
[1.684s] -- Install configuration: "Release"
[1.684s] -- Up-to-date: /home/nvidia/f1tenth_ws/install/fixposition_driver_ros2/share/ament_index/resource_index/rosidl_interfaces/fixposition_driver_ros2
[1.685s] -- Up-to-date: /home/nvidia/f1tenth_ws/install/fixposition_driver_ros2/include/fixposition_driver_ros2/fixposition_driver_ros2
[1.685s] -- Up-to-date: /home/nvidia/f1tenth_ws/install/fixposition_driver_ros2/include/fixposition_driver_ros2/fixposition_driver_ros2/msg
[1.686s] -- Up-to-date: /home/nvidia/f1tenth_ws/install/fixposition_driver_ros2/include/fixposition_driver_ros2/fixposition_driver_ros2/msg/nmea.h
[1.687s] -- Up-to-date: /home/nvidia/f1tenth_ws/install/fixposition_driver_ros2/include/fixposition_driver_ros2/fixposition_driver_ros2/msg/wheel_sensor.h
[1.688s] -- Up-to-date: /home/nvidia/f1tenth_ws/install/fixposition_driver_ros2/include/fixposition_driver_ros2/fixposition_driver_ros2/msg/detail
[1.688s] -- Up-to-date: /home/nvidia/f1tenth_ws/install/fixposition_driver_ros2/include/fixposition_driver_ros2/fixposition_driver_ros2/msg/detail/vrtk__struct.h
[1.688s] -- Up-to-date: /home/nvidia/f1tenth_ws/install/fixposition_driver_ros2/include/fixposition_driver_ros2/fixposition_driver_ros2/msg/detail/speed__functions.c
[1.690s] -- Up-to-date: /home/nvidia/f1tenth_ws/install/fixposition_driver_ros2/include/fixposition_driver_ros2/fixposition_driver_ros2/msg/detail/speed__functions.h
[1.692s] -- Up-to-date: /home/nvidia/f1tenth_ws/install/fixposition_driver_ros2/include/fixposition_driver_ros2/fixposition_driver_ros2/msg/detail/vrtk__functions.h
[1.692s] -- Up-to-date: /home/nvidia/f1tenth_ws/install/fixposition_driver_ros2/include/fixposition_driver_ros2/fixposition_driver_ros2/msg/detail/speed__type_support.h
[1.693s] -- Up-to-date: /home/nvidia/f1tenth_ws/install/fixposition_driver_ros2/include/fixposition_driver_ros2/fixposition_driver_ros2/msg/detail/vrtk__type_support.h
[1.693s] -- Up-to-date: /home/nvidia/f1tenth_ws/install/fixposition_driver_ros2/include/fixposition_driver_ros2/fixposition_driver_ros2/msg/detail/nmea__type_support.h
[1.694s] -- Up-to-date: /home/nvidia/f1tenth_ws/install/fixposition_driver_ros2/include/fixposition_driver_ros2/fixposition_driver_ros2/msg/detail/wheel_sensor__struct.h
[1.694s] -- Up-to-date: /home/nvidia/f1tenth_ws/install/fixposition_driver_ros2/include/fixposition_driver_ros2/fixposition_driver_ros2/msg/detail/vrtk__functions.c
[1.694s] -- Up-to-date: /home/nvidia/f1tenth_ws/install/fixposition_driver_ros2/include/fixposition_driver_ros2/fixposition_driver_ros2/msg/detail/nmea__functions.h
[1.694s] -- Up-to-date: /home/nvidia/f1tenth_ws/install/fixposition_driver_ros2/include/fixposition_driver_ros2/fixposition_driver_ros2/msg/detail/wheel_sensor__functions.h
[1.694s] -- Up-to-date: /home/nvidia/f1tenth_ws/install/fixposition_driver_ros2/include/fixposition_driver_ros2/fixposition_driver_ros2/msg/detail/wheel_sensor__type_support.h
[1.694s] -- Up-to-date: /home/nvidia/f1tenth_ws/install/fixposition_driver_ros2/include/fixposition_driver_ros2/fixposition_driver_ros2/msg/detail/wheel_sensor__functions.c
[1.694s] -- Up-to-date: /home/nvidia/f1tenth_ws/install/fixposition_driver_ros2/include/fixposition_driver_ros2/fixposition_driver_ros2/msg/detail/nmea__struct.h
[1.695s] -- Up-to-date: /home/nvidia/f1tenth_ws/install/fixposition_driver_ros2/include/fixposition_driver_ros2/fixposition_driver_ros2/msg/detail/speed__struct.h
[1.695s] -- Up-to-date: /home/nvidia/f1tenth_ws/install/fixposition_driver_ros2/include/fixposition_driver_ros2/fixposition_driver_ros2/msg/detail/nmea__functions.c
[1.695s] -- Up-to-date: /home/nvidia/f1tenth_ws/install/fixposition_driver_ros2/include/fixposition_driver_ros2/fixposition_driver_ros2/msg/speed.h
[1.695s] -- Up-to-date: /home/nvidia/f1tenth_ws/install/fixposition_driver_ros2/include/fixposition_driver_ros2/fixposition_driver_ros2/msg/rosidl_generator_c__visibility_control.h
[1.695s] -- Up-to-date: /home/nvidia/f1tenth_ws/install/fixposition_driver_ros2/include/fixposition_driver_ros2/fixposition_driver_ros2/msg/vrtk.h
[1.695s] -- Up-to-date: /home/nvidia/f1tenth_ws/install/fixposition_driver_ros2/share/fixposition_driver_ros2/environment/library_path.sh
[1.696s] -- Up-to-date: /home/nvidia/f1tenth_ws/install/fixposition_driver_ros2/share/fixposition_driver_ros2/environment/library_path.dsv
[1.696s] -- Up-to-date: /home/nvidia/f1tenth_ws/install/fixposition_driver_ros2/lib/libfixposition_driver_ros2__rosidl_generator_c.so
[1.696s] -- Up-to-date: /home/nvidia/f1tenth_ws/install/fixposition_driver_ros2/include/fixposition_driver_ros2/fixposition_driver_ros2
[1.696s] -- Up-to-date: /home/nvidia/f1tenth_ws/install/fixposition_driver_ros2/include/fixposition_driver_ros2/fixposition_driver_ros2/msg
[1.696s] -- Up-to-date: /home/nvidia/f1tenth_ws/install/fixposition_driver_ros2/include/fixposition_driver_ros2/fixposition_driver_ros2/msg/rosidl_typesupport_fastrtps_c__visibility_control.h
[1.698s] -- Up-to-date: /home/nvidia/f1tenth_ws/install/fixposition_driver_ros2/include/fixposition_driver_ros2/fixposition_driver_ros2/msg/detail
[1.698s] -- Up-to-date: /home/nvidia/f1tenth_ws/install/fixposition_driver_ros2/include/fixposition_driver_ros2/fixposition_driver_ros2/msg/detail/nmea__rosidl_typesupport_fastrtps_c.h
[1.699s] -- Up-to-date: /home/nvidia/f1tenth_ws/install/fixposition_driver_ros2/include/fixposition_driver_ros2/fixposition_driver_ros2/msg/detail/wheel_sensor__rosidl_typesupport_fastrtps_c.h
[1.700s] -- Up-to-date: /home/nvidia/f1tenth_ws/install/fixposition_driver_ros2/include/fixposition_driver_ros2/fixposition_driver_ros2/msg/detail/vrtk__rosidl_typesupport_fastrtps_c.h
[1.700s] -- Up-to-date: /home/nvidia/f1tenth_ws/install/fixposition_driver_ros2/include/fixposition_driver_ros2/fixposition_driver_ros2/msg/detail/speed__rosidl_typesupport_fastrtps_c.h
[1.700s] -- Up-to-date: /home/nvidia/f1tenth_ws/install/fixposition_driver_ros2/lib/libfixposition_driver_ros2__rosidl_typesupport_fastrtps_c.so
[1.700s] -- Up-to-date: /home/nvidia/f1tenth_ws/install/fixposition_driver_ros2/include/fixposition_driver_ros2/fixposition_driver_ros2
[1.700s] -- Up-to-date: /home/nvidia/f1tenth_ws/install/fixposition_driver_ros2/include/fixposition_driver_ros2/fixposition_driver_ros2/msg
[1.700s] -- Up-to-date: /home/nvidia/f1tenth_ws/install/fixposition_driver_ros2/include/fixposition_driver_ros2/fixposition_driver_ros2/msg/nmea.hpp
[1.700s] -- Up-to-date: /home/nvidia/f1tenth_ws/install/fixposition_driver_ros2/include/fixposition_driver_ros2/fixposition_driver_ros2/msg/wheel_sensor.hpp
[1.700s] -- Up-to-date: /home/nvidia/f1tenth_ws/install/fixposition_driver_ros2/include/fixposition_driver_ros2/fixposition_driver_ros2/msg/vrtk.hpp
[1.701s] -- Up-to-date: /home/nvidia/f1tenth_ws/install/fixposition_driver_ros2/include/fixposition_driver_ros2/fixposition_driver_ros2/msg/speed.hpp
[1.701s] -- Up-to-date: /home/nvidia/f1tenth_ws/install/fixposition_driver_ros2/include/fixposition_driver_ros2/fixposition_driver_ros2/msg/detail
[1.702s] -- Up-to-date: /home/nvidia/f1tenth_ws/install/fixposition_driver_ros2/include/fixposition_driver_ros2/fixposition_driver_ros2/msg/detail/vrtk__struct.hpp
[1.702s] -- Up-to-date: /home/nvidia/f1tenth_ws/install/fixposition_driver_ros2/include/fixposition_driver_ros2/fixposition_driver_ros2/msg/detail/speed__builder.hpp
[1.702s] -- Up-to-date: /home/nvidia/f1tenth_ws/install/fixposition_driver_ros2/include/fixposition_driver_ros2/fixposition_driver_ros2/msg/detail/nmea__builder.hpp
[1.702s] -- Up-to-date: /home/nvidia/f1tenth_ws/install/fixposition_driver_ros2/include/fixposition_driver_ros2/fixposition_driver_ros2/msg/detail/speed__struct.hpp
[1.702s] -- Up-to-date: /home/nvidia/f1tenth_ws/install/fixposition_driver_ros2/include/fixposition_driver_ros2/fixposition_driver_ros2/msg/detail/vrtk__traits.hpp
[1.702s] -- Up-to-date: /home/nvidia/f1tenth_ws/install/fixposition_driver_ros2/include/fixposition_driver_ros2/fixposition_driver_ros2/msg/detail/wheel_sensor__builder.hpp
[1.702s] -- Up-to-date: /home/nvidia/f1tenth_ws/install/fixposition_driver_ros2/include/fixposition_driver_ros2/fixposition_driver_ros2/msg/detail/nmea__struct.hpp
[1.703s] -- Up-to-date: /home/nvidia/f1tenth_ws/install/fixposition_driver_ros2/include/fixposition_driver_ros2/fixposition_driver_ros2/msg/detail/speed__traits.hpp
[1.703s] -- Up-to-date: /home/nvidia/f1tenth_ws/install/fixposition_driver_ros2/include/fixposition_driver_ros2/fixposition_driver_ros2/msg/detail/nmea__traits.hpp
[1.703s] -- Up-to-date: /home/nvidia/f1tenth_ws/install/fixposition_driver_ros2/include/fixposition_driver_ros2/fixposition_driver_ros2/msg/detail/vrtk__builder.hpp
[1.703s] -- Up-to-date: /home/nvidia/f1tenth_ws/install/fixposition_driver_ros2/include/fixposition_driver_ros2/fixposition_driver_ros2/msg/detail/wheel_sensor__struct.hpp
[1.703s] -- Up-to-date: /home/nvidia/f1tenth_ws/install/fixposition_driver_ros2/include/fixposition_driver_ros2/fixposition_driver_ros2/msg/detail/wheel_sensor__traits.hpp
[1.703s] -- Up-to-date: /home/nvidia/f1tenth_ws/install/fixposition_driver_ros2/include/fixposition_driver_ros2/fixposition_driver_ros2
[1.703s] -- Up-to-date: /home/nvidia/f1tenth_ws/install/fixposition_driver_ros2/include/fixposition_driver_ros2/fixposition_driver_ros2/msg
[1.703s] -- Up-to-date: /home/nvidia/f1tenth_ws/install/fixposition_driver_ros2/include/fixposition_driver_ros2/fixposition_driver_ros2/msg/rosidl_typesupport_fastrtps_cpp__visibility_control.h
[1.703s] -- Up-to-date: /home/nvidia/f1tenth_ws/install/fixposition_driver_ros2/include/fixposition_driver_ros2/fixposition_driver_ros2/msg/detail
[1.704s] -- Up-to-date: /home/nvidia/f1tenth_ws/install/fixposition_driver_ros2/include/fixposition_driver_ros2/fixposition_driver_ros2/msg/detail/dds_fastrtps
[1.704s] -- Up-to-date: /home/nvidia/f1tenth_ws/install/fixposition_driver_ros2/include/fixposition_driver_ros2/fixposition_driver_ros2/msg/detail/speed__rosidl_typesupport_fastrtps_cpp.hpp
[1.704s] -- Up-to-date: /home/nvidia/f1tenth_ws/install/fixposition_driver_ros2/include/fixposition_driver_ros2/fixposition_driver_ros2/msg/detail/nmea__rosidl_typesupport_fastrtps_cpp.hpp
[1.704s] -- Up-to-date: /home/nvidia/f1tenth_ws/install/fixposition_driver_ros2/include/fixposition_driver_ros2/fixposition_driver_ros2/msg/detail/wheel_sensor__rosidl_typesupport_fastrtps_cpp.hpp
[1.705s] -- Up-to-date: /home/nvidia/f1tenth_ws/install/fixposition_driver_ros2/include/fixposition_driver_ros2/fixposition_driver_ros2/msg/detail/vrtk__rosidl_typesupport_fastrtps_cpp.hpp
[1.705s] -- Up-to-date: /home/nvidia/f1tenth_ws/install/fixposition_driver_ros2/lib/libfixposition_driver_ros2__rosidl_typesupport_fastrtps_cpp.so
[1.705s] -- Up-to-date: /home/nvidia/f1tenth_ws/install/fixposition_driver_ros2/include/fixposition_driver_ros2/fixposition_driver_ros2
[1.706s] -- Up-to-date: /home/nvidia/f1tenth_ws/install/fixposition_driver_ros2/include/fixposition_driver_ros2/fixposition_driver_ros2/msg
[1.706s] -- Up-to-date: /home/nvidia/f1tenth_ws/install/fixposition_driver_ros2/include/fixposition_driver_ros2/fixposition_driver_ros2/msg/detail
[1.706s] -- Up-to-date: /home/nvidia/f1tenth_ws/install/fixposition_driver_ros2/include/fixposition_driver_ros2/fixposition_driver_ros2/msg/detail/wheel_sensor__rosidl_typesupport_introspection_c.h
[1.706s] -- Up-to-date: /home/nvidia/f1tenth_ws/install/fixposition_driver_ros2/include/fixposition_driver_ros2/fixposition_driver_ros2/msg/detail/vrtk__rosidl_typesupport_introspection_c.h
[1.706s] -- Up-to-date: /home/nvidia/f1tenth_ws/install/fixposition_driver_ros2/include/fixposition_driver_ros2/fixposition_driver_ros2/msg/detail/nmea__type_support.c
[1.706s] -- Up-to-date: /home/nvidia/f1tenth_ws/install/fixposition_driver_ros2/include/fixposition_driver_ros2/fixposition_driver_ros2/msg/detail/nmea__rosidl_typesupport_introspection_c.h
[1.706s] -- Up-to-date: /home/nvidia/f1tenth_ws/install/fixposition_driver_ros2/include/fixposition_driver_ros2/fixposition_driver_ros2/msg/detail/wheel_sensor__type_support.c
[1.706s] -- Up-to-date: /home/nvidia/f1tenth_ws/install/fixposition_driver_ros2/include/fixposition_driver_ros2/fixposition_driver_ros2/msg/detail/speed__type_support.c
[1.707s] -- Up-to-date: /home/nvidia/f1tenth_ws/install/fixposition_driver_ros2/include/fixposition_driver_ros2/fixposition_driver_ros2/msg/detail/vrtk__type_support.c
[1.707s] -- Up-to-date: /home/nvidia/f1tenth_ws/install/fixposition_driver_ros2/include/fixposition_driver_ros2/fixposition_driver_ros2/msg/detail/speed__rosidl_typesupport_introspection_c.h
[1.707s] -- Up-to-date: /home/nvidia/f1tenth_ws/install/fixposition_driver_ros2/include/fixposition_driver_ros2/fixposition_driver_ros2/msg/rosidl_typesupport_introspection_c__visibility_control.h
[1.707s] -- Up-to-date: /home/nvidia/f1tenth_ws/install/fixposition_driver_ros2/lib/libfixposition_driver_ros2__rosidl_typesupport_introspection_c.so
[1.707s] -- Up-to-date: /home/nvidia/f1tenth_ws/install/fixposition_driver_ros2/lib/libfixposition_driver_ros2__rosidl_typesupport_c.so
[1.707s] -- Up-to-date: /home/nvidia/f1tenth_ws/install/fixposition_driver_ros2/include/fixposition_driver_ros2/fixposition_driver_ros2
[1.707s] -- Up-to-date: /home/nvidia/f1tenth_ws/install/fixposition_driver_ros2/include/fixposition_driver_ros2/fixposition_driver_ros2/msg
[1.707s] -- Up-to-date: /home/nvidia/f1tenth_ws/install/fixposition_driver_ros2/include/fixposition_driver_ros2/fixposition_driver_ros2/msg/detail
[1.708s] -- Up-to-date: /home/nvidia/f1tenth_ws/install/fixposition_driver_ros2/include/fixposition_driver_ros2/fixposition_driver_ros2/msg/detail/vrtk__type_support.cpp
[1.708s] -- Up-to-date: /home/nvidia/f1tenth_ws/install/fixposition_driver_ros2/include/fixposition_driver_ros2/fixposition_driver_ros2/msg/detail/nmea__type_support.cpp
[1.708s] -- Up-to-date: /home/nvidia/f1tenth_ws/install/fixposition_driver_ros2/include/fixposition_driver_ros2/fixposition_driver_ros2/msg/detail/speed__rosidl_typesupport_introspection_cpp.hpp
[1.708s] -- Up-to-date: /home/nvidia/f1tenth_ws/install/fixposition_driver_ros2/include/fixposition_driver_ros2/fixposition_driver_ros2/msg/detail/wheel_sensor__rosidl_typesupport_introspection_cpp.hpp
[1.708s] -- Up-to-date: /home/nvidia/f1tenth_ws/install/fixposition_driver_ros2/include/fixposition_driver_ros2/fixposition_driver_ros2/msg/detail/wheel_sensor__type_support.cpp
[1.708s] -- Up-to-date: /home/nvidia/f1tenth_ws/install/fixposition_driver_ros2/include/fixposition_driver_ros2/fixposition_driver_ros2/msg/detail/speed__type_support.cpp
[1.708s] -- Up-to-date: /home/nvidia/f1tenth_ws/install/fixposition_driver_ros2/include/fixposition_driver_ros2/fixposition_driver_ros2/msg/detail/nmea__rosidl_typesupport_introspection_cpp.hpp
[1.708s] -- Up-to-date: /home/nvidia/f1tenth_ws/install/fixposition_driver_ros2/include/fixposition_driver_ros2/fixposition_driver_ros2/msg/detail/vrtk__rosidl_typesupport_introspection_cpp.hpp
[1.709s] -- Up-to-date: /home/nvidia/f1tenth_ws/install/fixposition_driver_ros2/lib/libfixposition_driver_ros2__rosidl_typesupport_introspection_cpp.so
[1.709s] -- Up-to-date: /home/nvidia/f1tenth_ws/install/fixposition_driver_ros2/lib/libfixposition_driver_ros2__rosidl_typesupport_cpp.so
[1.709s] -- Up-to-date: /home/nvidia/f1tenth_ws/install/fixposition_driver_ros2/share/fixposition_driver_ros2/environment/pythonpath.sh
[1.709s] -- Up-to-date: /home/nvidia/f1tenth_ws/install/fixposition_driver_ros2/share/fixposition_driver_ros2/environment/pythonpath.dsv
[1.709s] -- Up-to-date: /home/nvidia/f1tenth_ws/install/fixposition_driver_ros2/local/lib/python3.10/dist-packages/fixposition_driver_ros2-5.0.0-py3.10.egg-info
[1.709s] -- Installing: /home/nvidia/f1tenth_ws/install/fixposition_driver_ros2/local/lib/python3.10/dist-packages/fixposition_driver_ros2-5.0.0-py3.10.egg-info/dependency_links.txt
[1.709s] -- Installing: /home/nvidia/f1tenth_ws/install/fixposition_driver_ros2/local/lib/python3.10/dist-packages/fixposition_driver_ros2-5.0.0-py3.10.egg-info/PKG-INFO
[1.709s] -- Installing: /home/nvidia/f1tenth_ws/install/fixposition_driver_ros2/local/lib/python3.10/dist-packages/fixposition_driver_ros2-5.0.0-py3.10.egg-info/SOURCES.txt
[1.709s] -- Installing: /home/nvidia/f1tenth_ws/install/fixposition_driver_ros2/local/lib/python3.10/dist-packages/fixposition_driver_ros2-5.0.0-py3.10.egg-info/top_level.txt
[1.710s] -- Up-to-date: /home/nvidia/f1tenth_ws/install/fixposition_driver_ros2/local/lib/python3.10/dist-packages/fixposition_driver_ros2
[1.710s] -- Up-to-date: /home/nvidia/f1tenth_ws/install/fixposition_driver_ros2/local/lib/python3.10/dist-packages/fixposition_driver_ros2/_fixposition_driver_ros2_s.ep.rosidl_typesupport_introspection_c.c
[1.710s] -- Up-to-date: /home/nvidia/f1tenth_ws/install/fixposition_driver_ros2/local/lib/python3.10/dist-packages/fixposition_driver_ros2/libfixposition_driver_ros2__rosidl_generator_py.so
[1.710s] -- Up-to-date: /home/nvidia/f1tenth_ws/install/fixposition_driver_ros2/local/lib/python3.10/dist-packages/fixposition_driver_ros2/fixposition_driver_ros2_s__rosidl_typesupport_c.cpython-310-aarch64-linux-gnu.so
[1.710s] -- Up-to-date: /home/nvidia/f1tenth_ws/install/fixposition_driver_ros2/local/lib/python3.10/dist-packages/fixposition_driver_ros2/fixposition_driver_ros2_s__rosidl_typesupport_introspection_c.cpython-310-aarch64-linux-gnu.so
[1.710s] -- Up-to-date: /home/nvidia/f1tenth_ws/install/fixposition_driver_ros2/local/lib/python3.10/dist-packages/fixposition_driver_ros2/__init__.py
[1.710s] -- Up-to-date: /home/nvidia/f1tenth_ws/install/fixposition_driver_ros2/local/lib/python3.10/dist-packages/fixposition_driver_ros2/_fixposition_driver_ros2_s.ep.rosidl_typesupport_c.c
[1.710s] -- Up-to-date: /home/nvidia/f1tenth_ws/install/fixposition_driver_ros2/local/lib/python3.10/dist-packages/fixposition_driver_ros2/_fixposition_driver_ros2_s.ep.rosidl_typesupport_fastrtps_c.c
[1.711s] -- Up-to-date: /home/nvidia/f1tenth_ws/install/fixposition_driver_ros2/local/lib/python3.10/dist-packages/fixposition_driver_ros2/msg
[1.711s] -- Up-to-date: /home/nvidia/f1tenth_ws/install/fixposition_driver_ros2/local/lib/python3.10/dist-packages/fixposition_driver_ros2/msg/_speed_s.c
[1.711s] -- Up-to-date: /home/nvidia/f1tenth_ws/install/fixposition_driver_ros2/local/lib/python3.10/dist-packages/fixposition_driver_ros2/msg/_vrtk.py
[1.711s] -- Up-to-date: /home/nvidia/f1tenth_ws/install/fixposition_driver_ros2/local/lib/python3.10/dist-packages/fixposition_driver_ros2/msg/__init__.py
[1.711s] -- Up-to-date: /home/nvidia/f1tenth_ws/install/fixposition_driver_ros2/local/lib/python3.10/dist-packages/fixposition_driver_ros2/msg/_wheel_sensor.py
[1.711s] -- Up-to-date: /home/nvidia/f1tenth_ws/install/fixposition_driver_ros2/local/lib/python3.10/dist-packages/fixposition_driver_ros2/msg/_nmea_s.c
[1.711s] -- Up-to-date: /home/nvidia/f1tenth_ws/install/fixposition_driver_ros2/local/lib/python3.10/dist-packages/fixposition_driver_ros2/msg/_wheel_sensor_s.c
[1.711s] -- Up-to-date: /home/nvidia/f1tenth_ws/install/fixposition_driver_ros2/local/lib/python3.10/dist-packages/fixposition_driver_ros2/msg/_speed.py
[1.714s] -- Up-to-date: /home/nvidia/f1tenth_ws/install/fixposition_driver_ros2/local/lib/python3.10/dist-packages/fixposition_driver_ros2/msg/_vrtk_s.c
[1.714s] -- Up-to-date: /home/nvidia/f1tenth_ws/install/fixposition_driver_ros2/local/lib/python3.10/dist-packages/fixposition_driver_ros2/msg/_nmea.py
[1.715s] -- Up-to-date: /home/nvidia/f1tenth_ws/install/fixposition_driver_ros2/local/lib/python3.10/dist-packages/fixposition_driver_ros2/fixposition_driver_ros2_s__rosidl_typesupport_fastrtps_c.cpython-310-aarch64-linux-gnu.so
[1.778s] Listing '/home/nvidia/f1tenth_ws/install/fixposition_driver_ros2/local/lib/python3.10/dist-packages/fixposition_driver_ros2'...
[1.778s] Listing '/home/nvidia/f1tenth_ws/install/fixposition_driver_ros2/local/lib/python3.10/dist-packages/fixposition_driver_ros2/msg'...
[1.796s] -- Up-to-date: /home/nvidia/f1tenth_ws/install/fixposition_driver_ros2/local/lib/python3.10/dist-packages/fixposition_driver_ros2/fixposition_driver_ros2_s__rosidl_typesupport_fastrtps_c.cpython-310-aarch64-linux-gnu.so
[1.797s] -- Up-to-date: /home/nvidia/f1tenth_ws/install/fixposition_driver_ros2/local/lib/python3.10/dist-packages/fixposition_driver_ros2/fixposition_driver_ros2_s__rosidl_typesupport_introspection_c.cpython-310-aarch64-linux-gnu.so
[1.802s] -- Up-to-date: /home/nvidia/f1tenth_ws/install/fixposition_driver_ros2/local/lib/python3.10/dist-packages/fixposition_driver_ros2/fixposition_driver_ros2_s__rosidl_typesupport_c.cpython-310-aarch64-linux-gnu.so
[1.804s] -- Up-to-date: /home/nvidia/f1tenth_ws/install/fixposition_driver_ros2/lib/libfixposition_driver_ros2__rosidl_generator_py.so
[1.804s] -- Up-to-date: /home/nvidia/f1tenth_ws/install/fixposition_driver_ros2/share/fixposition_driver_ros2/msg/VRTK.idl
[1.804s] -- Up-to-date: /home/nvidia/f1tenth_ws/install/fixposition_driver_ros2/share/fixposition_driver_ros2/msg/Speed.idl
[1.805s] -- Up-to-date: /home/nvidia/f1tenth_ws/install/fixposition_driver_ros2/share/fixposition_driver_ros2/msg/NMEA.idl
[1.805s] -- Up-to-date: /home/nvidia/f1tenth_ws/install/fixposition_driver_ros2/share/fixposition_driver_ros2/msg/WheelSensor.idl
[1.805s] -- Up-to-date: /home/nvidia/f1tenth_ws/install/fixposition_driver_ros2/share/fixposition_driver_ros2/msg/VRTK.msg
[1.805s] -- Up-to-date: /home/nvidia/f1tenth_ws/install/fixposition_driver_ros2/share/fixposition_driver_ros2/msg/Speed.msg
[1.805s] -- Up-to-date: /home/nvidia/f1tenth_ws/install/fixposition_driver_ros2/share/fixposition_driver_ros2/msg/NMEA.msg
[1.806s] -- Up-to-date: /home/nvidia/f1tenth_ws/install/fixposition_driver_ros2/share/fixposition_driver_ros2/msg/WheelSensor.msg
[1.806s] -- Up-to-date: /home/nvidia/f1tenth_ws/install/fixposition_driver_ros2/.
[1.806s] -- Up-to-date: /home/nvidia/f1tenth_ws/install/fixposition_driver_ros2/./fixposition_driver_ros2
[1.806s] -- Up-to-date: /home/nvidia/f1tenth_ws/install/fixposition_driver_ros2/./fixposition_driver_ros2/fixposition_driver_node.hpp
[1.806s] -- Up-to-date: /home/nvidia/f1tenth_ws/install/fixposition_driver_ros2/./fixposition_driver_ros2/params.hpp
[1.806s] -- Up-to-date: /home/nvidia/f1tenth_ws/install/fixposition_driver_ros2/./fixposition_driver_ros2/data_to_ros2.hpp
[1.806s] -- Up-to-date: /home/nvidia/f1tenth_ws/install/fixposition_driver_ros2/lib/fixposition_driver_ros2/fixposition_driver_ros2_exec
[1.807s] -- Up-to-date: /home/nvidia/f1tenth_ws/install/fixposition_driver_ros2/share/fixposition_driver_ros2//launch
[1.807s] -- Up-to-date: /home/nvidia/f1tenth_ws/install/fixposition_driver_ros2/share/fixposition_driver_ros2//launch/serial.launch
[1.807s] -- Up-to-date: /home/nvidia/f1tenth_ws/install/fixposition_driver_ros2/share/fixposition_driver_ros2//launch/serial.yaml
[1.808s] -- Up-to-date: /home/nvidia/f1tenth_ws/install/fixposition_driver_ros2/share/fixposition_driver_ros2//launch/tcp.launch
[1.808s] -- Up-to-date: /home/nvidia/f1tenth_ws/install/fixposition_driver_ros2/share/fixposition_driver_ros2//launch/tcp.yaml
[1.808s] -- Up-to-date: /home/nvidia/f1tenth_ws/install/fixposition_driver_ros2/share/ament_index/resource_index/package_run_dependencies/fixposition_driver_ros2
[1.808s] -- Up-to-date: /home/nvidia/f1tenth_ws/install/fixposition_driver_ros2/share/ament_index/resource_index/parent_prefix_path/fixposition_driver_ros2
[1.808s] -- Up-to-date: /home/nvidia/f1tenth_ws/install/fixposition_driver_ros2/share/fixposition_driver_ros2/environment/ament_prefix_path.sh
[1.808s] -- Up-to-date: /home/nvidia/f1tenth_ws/install/fixposition_driver_ros2/share/fixposition_driver_ros2/environment/ament_prefix_path.dsv
[1.808s] -- Up-to-date: /home/nvidia/f1tenth_ws/install/fixposition_driver_ros2/share/fixposition_driver_ros2/environment/path.sh
[1.809s] -- Up-to-date: /home/nvidia/f1tenth_ws/install/fixposition_driver_ros2/share/fixposition_driver_ros2/environment/path.dsv
[1.809s] -- Up-to-date: /home/nvidia/f1tenth_ws/install/fixposition_driver_ros2/share/fixposition_driver_ros2/local_setup.bash
[1.809s] -- Up-to-date: /home/nvidia/f1tenth_ws/install/fixposition_driver_ros2/share/fixposition_driver_ros2/local_setup.sh
[1.809s] -- Up-to-date: /home/nvidia/f1tenth_ws/install/fixposition_driver_ros2/share/fixposition_driver_ros2/local_setup.zsh
[1.809s] -- Up-to-date: /home/nvidia/f1tenth_ws/install/fixposition_driver_ros2/share/fixposition_driver_ros2/local_setup.dsv
[1.809s] -- Installing: /home/nvidia/f1tenth_ws/install/fixposition_driver_ros2/share/fixposition_driver_ros2/package.dsv
[1.810s] -- Up-to-date: /home/nvidia/f1tenth_ws/install/fixposition_driver_ros2/share/ament_index/resource_index/packages/fixposition_driver_ros2
[1.819s] -- Up-to-date: /home/nvidia/f1tenth_ws/install/fixposition_driver_ros2/share/fixposition_driver_ros2/cmake/export_fixposition_driver_ros2__rosidl_generator_cExport.cmake
[1.820s] -- Up-to-date: /home/nvidia/f1tenth_ws/install/fixposition_driver_ros2/share/fixposition_driver_ros2/cmake/export_fixposition_driver_ros2__rosidl_generator_cExport-release.cmake
[1.821s] -- Up-to-date: /home/nvidia/f1tenth_ws/install/fixposition_driver_ros2/share/fixposition_driver_ros2/cmake/export_fixposition_driver_ros2__rosidl_typesupport_fastrtps_cExport.cmake
[1.821s] -- Up-to-date: /home/nvidia/f1tenth_ws/install/fixposition_driver_ros2/share/fixposition_driver_ros2/cmake/export_fixposition_driver_ros2__rosidl_typesupport_fastrtps_cExport-release.cmake
[1.821s] -- Up-to-date: /home/nvidia/f1tenth_ws/install/fixposition_driver_ros2/share/fixposition_driver_ros2/cmake/export_fixposition_driver_ros2__rosidl_generator_cppExport.cmake
[1.822s] -- Up-to-date: /home/nvidia/f1tenth_ws/install/fixposition_driver_ros2/share/fixposition_driver_ros2/cmake/export_fixposition_driver_ros2__rosidl_typesupport_fastrtps_cppExport.cmake
[1.822s] -- Up-to-date: /home/nvidia/f1tenth_ws/install/fixposition_driver_ros2/share/fixposition_driver_ros2/cmake/export_fixposition_driver_ros2__rosidl_typesupport_fastrtps_cppExport-release.cmake
[1.822s] -- Up-to-date: /home/nvidia/f1tenth_ws/install/fixposition_driver_ros2/share/fixposition_driver_ros2/cmake/fixposition_driver_ros2__rosidl_typesupport_introspection_cExport.cmake
[1.823s] -- Up-to-date: /home/nvidia/f1tenth_ws/install/fixposition_driver_ros2/share/fixposition_driver_ros2/cmake/fixposition_driver_ros2__rosidl_typesupport_introspection_cExport-release.cmake
[1.823s] -- Up-to-date: /home/nvidia/f1tenth_ws/install/fixposition_driver_ros2/share/fixposition_driver_ros2/cmake/fixposition_driver_ros2__rosidl_typesupport_cExport.cmake
[1.823s] -- Up-to-date: /home/nvidia/f1tenth_ws/install/fixposition_driver_ros2/share/fixposition_driver_ros2/cmake/fixposition_driver_ros2__rosidl_typesupport_cExport-release.cmake
[1.824s] -- Up-to-date: /home/nvidia/f1tenth_ws/install/fixposition_driver_ros2/share/fixposition_driver_ros2/cmake/fixposition_driver_ros2__rosidl_typesupport_introspection_cppExport.cmake
[1.824s] -- Up-to-date: /home/nvidia/f1tenth_ws/install/fixposition_driver_ros2/share/fixposition_driver_ros2/cmake/fixposition_driver_ros2__rosidl_typesupport_introspection_cppExport-release.cmake
[1.824s] -- Up-to-date: /home/nvidia/f1tenth_ws/install/fixposition_driver_ros2/share/fixposition_driver_ros2/cmake/fixposition_driver_ros2__rosidl_typesupport_cppExport.cmake
[1.825s] -- Up-to-date: /home/nvidia/f1tenth_ws/install/fixposition_driver_ros2/share/fixposition_driver_ros2/cmake/fixposition_driver_ros2__rosidl_typesupport_cppExport-release.cmake
[1.825s] -- Up-to-date: /home/nvidia/f1tenth_ws/install/fixposition_driver_ros2/share/fixposition_driver_ros2/cmake/export_fixposition_driver_ros2__rosidl_generator_pyExport.cmake
[1.826s] -- Up-to-date: /home/nvidia/f1tenth_ws/install/fixposition_driver_ros2/share/fixposition_driver_ros2/cmake/export_fixposition_driver_ros2__rosidl_generator_pyExport-release.cmake
[1.826s] -- Up-to-date: /home/nvidia/f1tenth_ws/install/fixposition_driver_ros2/share/fixposition_driver_ros2/cmake/rosidl_cmake-extras.cmake
[1.826s] -- Up-to-date: /home/nvidia/f1tenth_ws/install/fixposition_driver_ros2/share/fixposition_driver_ros2/cmake/ament_cmake_export_dependencies-extras.cmake
[1.826s] -- Up-to-date: /home/nvidia/f1tenth_ws/install/fixposition_driver_ros2/share/fixposition_driver_ros2/cmake/ament_cmake_export_include_directories-extras.cmake
[1.828s] -- Up-to-date: /home/nvidia/f1tenth_ws/install/fixposition_driver_ros2/share/fixposition_driver_ros2/cmake/ament_cmake_export_libraries-extras.cmake
[1.828s] -- Up-to-date: /home/nvidia/f1tenth_ws/install/fixposition_driver_ros2/share/fixposition_driver_ros2/cmake/ament_cmake_export_targets-extras.cmake
[1.828s] -- Up-to-date: /home/nvidia/f1tenth_ws/install/fixposition_driver_ros2/share/fixposition_driver_ros2/cmake/rosidl_cmake_export_typesupport_targets-extras.cmake
[1.828s] -- Up-to-date: /home/nvidia/f1tenth_ws/install/fixposition_driver_ros2/share/fixposition_driver_ros2/cmake/rosidl_cmake_export_typesupport_libraries-extras.cmake
[1.828s] -- Up-to-date: /home/nvidia/f1tenth_ws/install/fixposition_driver_ros2/share/fixposition_driver_ros2/cmake/fixposition_driver_ros2Config.cmake
[1.828s] -- Up-to-date: /home/nvidia/f1tenth_ws/install/fixposition_driver_ros2/share/fixposition_driver_ros2/cmake/fixposition_driver_ros2Config-version.cmake
[1.828s] -- Up-to-date: /home/nvidia/f1tenth_ws/install/fixposition_driver_ros2/share/fixposition_driver_ros2/package.xml
[1.836s] Invoked command in '/home/nvidia/f1tenth_ws/build/fixposition_driver_ros2' returned '0': CMAKE_PREFIX_PATH=/home/nvidia/f1tenth_ws/install/fixposition_gnss_tf:/opt/ros/humble LD_LIBRARY_PATH=/home/nvidia/f1tenth_ws/install/fixposition_gnss_tf/lib:/opt/ros/humble/opt/rviz_ogre_vendor/lib:/opt/ros/humble/lib/aarch64-linux-gnu:/opt/ros/humble/lib:/usr/local/cuda-12.2/lib64 PKG_CONFIG_PATH=/home/nvidia/f1tenth_ws/install/fixposition_gnss_tf/lib/aarch64-linux-gnu/pkgconfig:/home/nvidia/f1tenth_ws/install/fixposition_gnss_tf/lib/pkgconfig /usr/bin/cmake --install /home/nvidia/f1tenth_ws/build/fixposition_driver_ros2
