[ 11%] Built target realsense2_camera_msgs__rosidl_generator_c
failed to create symbolic link '/home/nvidia/f1tenth_ws/build/realsense2_camera_msgs/ament_cmake_python/realsense2_camera_msgs/realsense2_camera_msgs' because existing path cannot be removed: Is a directory
[ 12%] Built target realsense2_camera_msgs__cpp
gmake[2]: *** [CMakeFiles/ament_cmake_python_symlink_realsense2_camera_msgs.dir/build.make:70: CMakeFiles/ament_cmake_python_symlink_realsense2_camera_msgs] Error 1
gmake[1]: *** [CMakeFiles/Makefile2:421: CMakeFiles/ament_cmake_python_symlink_realsense2_camera_msgs.dir/all] Error 2
gmake[1]: *** Waiting for unfinished jobs....
[35m[1mConsolidate compiler generated dependencies of target realsense2_camera_msgs__rosidl_typesupport_fastrtps_c[0m
[35m[1mConsolidate compiler generated dependencies of target realsense2_camera_msgs__rosidl_typesupport_introspection_c[0m
[35m[1mConsolidate compiler generated dependencies of target realsense2_camera_msgs__rosidl_typesupport_c[0m
[ 23%] Built target realsense2_camera_msgs__rosidl_typesupport_introspection_c
[ 36%] Built target realsense2_camera_msgs__rosidl_typesupport_fastrtps_c
[ 36%] [32mBuilding CXX object CMakeFiles/realsense2_camera_msgs__rosidl_typesupport_c.dir/rosidl_typesupport_c/realsense2_camera_msgs/msg/imu_info__type_support.cpp.o[0m
[ 38%] [32mBuilding CXX object CMakeFiles/realsense2_camera_msgs__rosidl_typesupport_c.dir/rosidl_typesupport_c/realsense2_camera_msgs/msg/metadata__type_support.cpp.o[0m
[ 39%] [32mBuilding CXX object CMakeFiles/realsense2_camera_msgs__rosidl_typesupport_c.dir/rosidl_typesupport_c/realsense2_camera_msgs/msg/extrinsics__type_support.cpp.o[0m
[ 44%] [32mBuilding CXX object CMakeFiles/realsense2_camera_msgs__rosidl_typesupport_c.dir/rosidl_typesupport_c/realsense2_camera_msgs/msg/rgbd__type_support.cpp.o[0m
[ 52%] Built target realsense2_camera_msgs__rosidl_typesupport_cpp
[ 53%] [32mBuilding CXX object CMakeFiles/realsense2_camera_msgs__rosidl_typesupport_c.dir/rosidl_typesupport_c/realsense2_camera_msgs/srv/device_info__type_support.cpp.o[0m
[ 55%] [32m[1mLinking CXX shared library librealsense2_camera_msgs__rosidl_typesupport_c.so[0m
[ 57%] Built target realsense2_camera_msgs__rosidl_typesupport_c
gmake: *** [Makefile:146: all] Error 2
