[0.052s] Invoking command in '/home/nvidia/f1tenth_ws/build/realsense2_camera_msgs': CMAKE_PREFIX_PATH=/opt/ros/humble /usr/bin/cmake --build /home/nvidia/f1tenth_ws/build/realsense2_camera_msgs -- -j6 -l6
[0.186s] [ 11%] Built target realsense2_camera_msgs__rosidl_generator_c
[0.213s] failed to create symbolic link '/home/nvidia/f1tenth_ws/build/realsense2_camera_msgs/ament_cmake_python/realsense2_camera_msgs/realsense2_camera_msgs' because existing path cannot be removed: Is a directory
[0.215s] [ 12%] Built target realsense2_camera_msgs__cpp
[0.220s] gmake[2]: *** [CMakeFiles/ament_cmake_python_symlink_realsense2_camera_msgs.dir/build.make:70: CMakeFiles/ament_cmake_python_symlink_realsense2_camera_msgs] Error 1
[0.222s] gmake[1]: *** [CMakeFiles/Makefile2:421: CMakeFiles/ament_cmake_python_symlink_realsense2_camera_msgs.dir/all] Error 2
[0.222s] gmake[1]: *** Waiting for unfinished jobs....
[0.253s] [35m[1mConsolidate compiler generated dependencies of target realsense2_camera_msgs__rosidl_typesupport_fastrtps_c[0m
[0.256s] [35m[1mConsolidate compiler generated dependencies of target realsense2_camera_msgs__rosidl_typesupport_introspection_c[0m
[0.268s] [35m[1mConsolidate compiler generated dependencies of target realsense2_camera_msgs__rosidl_typesupport_c[0m
[0.298s] [ 23%] Built target realsense2_camera_msgs__rosidl_typesupport_introspection_c
[0.300s] [ 36%] Built target realsense2_camera_msgs__rosidl_typesupport_fastrtps_c
[0.300s] [ 36%] [32mBuilding CXX object CMakeFiles/realsense2_camera_msgs__rosidl_typesupport_c.dir/rosidl_typesupport_c/realsense2_camera_msgs/msg/imu_info__type_support.cpp.o[0m
[0.306s] [ 38%] [32mBuilding CXX object CMakeFiles/realsense2_camera_msgs__rosidl_typesupport_c.dir/rosidl_typesupport_c/realsense2_camera_msgs/msg/metadata__type_support.cpp.o[0m
[0.306s] [ 39%] [32mBuilding CXX object CMakeFiles/realsense2_camera_msgs__rosidl_typesupport_c.dir/rosidl_typesupport_c/realsense2_camera_msgs/msg/extrinsics__type_support.cpp.o[0m
[0.321s] [ 44%] [32mBuilding CXX object CMakeFiles/realsense2_camera_msgs__rosidl_typesupport_c.dir/rosidl_typesupport_c/realsense2_camera_msgs/msg/rgbd__type_support.cpp.o[0m
[0.321s] [ 52%] Built target realsense2_camera_msgs__rosidl_typesupport_cpp
[0.331s] [ 53%] [32mBuilding CXX object CMakeFiles/realsense2_camera_msgs__rosidl_typesupport_c.dir/rosidl_typesupport_c/realsense2_camera_msgs/srv/device_info__type_support.cpp.o[0m
[0.447s] [ 55%] [32m[1mLinking CXX shared library librealsense2_camera_msgs__rosidl_typesupport_c.so[0m
[0.547s] [ 57%] Built target realsense2_camera_msgs__rosidl_typesupport_c
[0.549s] gmake: *** [Makefile:146: all] Error 2
[0.764s] Invoked command in '/home/nvidia/f1tenth_ws/build/realsense2_camera_msgs' returned '2': CMAKE_PREFIX_PATH=/opt/ros/humble /usr/bin/cmake --build /home/nvidia/f1tenth_ws/build/realsense2_camera_msgs -- -j6 -l6
