[0.050s] Invoking command in '/home/nvidia/f1tenth_ws/build/ouster_ros': CMAKE_PREFIX_PATH=/home/nvidia/f1tenth_ws/install/ouster_sensor_msgs:/home/nvidia/f1tenth_ws/install/vesc:/home/nvidia/f1tenth_ws/install/vesc_driver:/home/nvidia/f1tenth_ws/install/vesc_ackermann:/home/nvidia/f1tenth_ws/install/vesc_msgs:/home/nvidia/f1tenth_ws/install/teleop_tools:/home/nvidia/f1tenth_ws/install/teleop_tools_msgs:/home/nvidia/f1tenth_ws/install/ros2_ouster:/home/nvidia/f1tenth_ws/install/realsense2_description:/home/nvidia/f1tenth_ws/install/realsense2_camera:/home/nvidia/f1tenth_ws/install/realsense2_camera_msgs:/home/nvidia/f1tenth_ws/install/ouster_ros:/home/nvidia/f1tenth_ws/install/ouster_msgs:/home/nvidia/f1tenth_ws/install/fixposition_odometry_converter_ros2:/home/nvidia/f1tenth_ws/install/fixposition_driver_ros2:/home/nvidia/f1tenth_ws/install/fixposition_driver_lib:/home/nvidia/f1tenth_ws/install/fixposition_gnss_tf:/home/nvidia/f1tenth_ws/install/ackermann_mux:/home/nvidia/f1tenth_ws/install/f1tenth_stack:/home/nvidia/f1tenth_ws/install/joy_teleop:/home/nvidia/f1tenth_ws/install/mouse_teleop:/home/nvidia/f1tenth_ws/install/key_teleop:/opt/ros/humble LD_LIBRARY_PATH=/home/nvidia/f1tenth_ws/install/ouster_sensor_msgs/lib:/home/nvidia/f1tenth_ws/install/vesc_driver/lib:/home/nvidia/f1tenth_ws/install/vesc_ackermann/lib:/home/nvidia/f1tenth_ws/install/vesc_msgs/lib:/home/nvidia/f1tenth_ws/install/teleop_tools_msgs/lib:/home/nvidia/f1tenth_ws/install/ros2_ouster/lib:/home/nvidia/f1tenth_ws/install/realsense2_camera/lib:/home/nvidia/f1tenth_ws/install/realsense2_camera_msgs/lib:/home/nvidia/f1tenth_ws/install/ouster_ros/lib:/home/nvidia/f1tenth_ws/install/ouster_msgs/lib:/home/nvidia/f1tenth_ws/install/fixposition_odometry_converter_ros2/lib:/home/nvidia/f1tenth_ws/install/fixposition_driver_ros2/lib:/home/nvidia/f1tenth_ws/install/fixposition_driver_lib/lib:/home/nvidia/f1tenth_ws/install/fixposition_gnss_tf/lib:/opt/ros/humble/opt/rviz_ogre_vendor/lib:/opt/ros/humble/lib/aarch64-linux-gnu:/opt/ros/humble/lib:/usr/local/cuda-12.2/lib64 /usr/bin/cmake --build /home/nvidia/f1tenth_ws/build/ouster_ros -- -j6 -l6
[0.239s] [35m[1mConsolidate compiler generated dependencies of target os_sensor[0m
[0.250s] [35m[1mConsolidate compiler generated dependencies of target os_image[0m
[0.252s] [35m[1mConsolidate compiler generated dependencies of target os_replay[0m
[0.254s] [35m[1mConsolidate compiler generated dependencies of target os_cloud[0m
[0.258s] [35m[1mConsolidate compiler generated dependencies of target os_driver[0m
[0.281s] [34m[1mGenerating build info header[0m
[0.300s] [  3%] Built target os_sensor
[0.324s] [  7%] Built target os_driver
[0.338s] [ 11%] Built target os_image
[0.339s] [ 15%] Built target os_replay
[0.342s] [ 18%] Built target os_cloud
[0.352s] [35m[1mConsolidate compiler generated dependencies of target gtest_main[0m
[0.376s] [35m[1mConsolidate compiler generated dependencies of target gtest[0m
[0.387s] [ 22%] Built target gtest_main
[0.408s] [ 26%] Built target gtest
[0.439s] [ 26%] Built target ouster_generate_header
[0.480s] [35m[1mConsolidate compiler generated dependencies of target ouster_client[0m
[0.549s] [ 54%] Built target ouster_client
[0.583s] [35m[1mConsolidate compiler generated dependencies of target ouster_ros_library[0m
[0.641s] [ 58%] Built target ouster_ros_library
[0.690s] [35m[1mConsolidate compiler generated dependencies of target os_cloud_component[0m
[0.723s] [35m[1mConsolidate compiler generated dependencies of target os_driver_component[0m
[0.737s] [35m[1mConsolidate compiler generated dependencies of target os_replay_component[0m
[0.745s] [35m[1mConsolidate compiler generated dependencies of target os_image_component[0m
[0.745s] [35m[1mConsolidate compiler generated dependencies of target os_sensor_component[0m
[0.759s] [35m[1mConsolidate compiler generated dependencies of target ouster_ros_test[0m
[0.836s] [ 64%] Built target os_cloud_component
[0.836s] [ 71%] Built target os_driver_component
[0.861s] [ 77%] Built target os_replay_component
[0.878s] [ 83%] Built target os_sensor_component
[0.878s] [ 88%] Built target os_image_component
[0.899s] [100%] Built target ouster_ros_test
[1.534s] Invoked command in '/home/nvidia/f1tenth_ws/build/ouster_ros' returned '0': CMAKE_PREFIX_PATH=/home/nvidia/f1tenth_ws/install/ouster_sensor_msgs:/home/nvidia/f1tenth_ws/install/vesc:/home/nvidia/f1tenth_ws/install/vesc_driver:/home/nvidia/f1tenth_ws/install/vesc_ackermann:/home/nvidia/f1tenth_ws/install/vesc_msgs:/home/nvidia/f1tenth_ws/install/teleop_tools:/home/nvidia/f1tenth_ws/install/teleop_tools_msgs:/home/nvidia/f1tenth_ws/install/ros2_ouster:/home/nvidia/f1tenth_ws/install/realsense2_description:/home/nvidia/f1tenth_ws/install/realsense2_camera:/home/nvidia/f1tenth_ws/install/realsense2_camera_msgs:/home/nvidia/f1tenth_ws/install/ouster_ros:/home/nvidia/f1tenth_ws/install/ouster_msgs:/home/nvidia/f1tenth_ws/install/fixposition_odometry_converter_ros2:/home/nvidia/f1tenth_ws/install/fixposition_driver_ros2:/home/nvidia/f1tenth_ws/install/fixposition_driver_lib:/home/nvidia/f1tenth_ws/install/fixposition_gnss_tf:/home/nvidia/f1tenth_ws/install/ackermann_mux:/home/nvidia/f1tenth_ws/install/f1tenth_stack:/home/nvidia/f1tenth_ws/install/joy_teleop:/home/nvidia/f1tenth_ws/install/mouse_teleop:/home/nvidia/f1tenth_ws/install/key_teleop:/opt/ros/humble LD_LIBRARY_PATH=/home/nvidia/f1tenth_ws/install/ouster_sensor_msgs/lib:/home/nvidia/f1tenth_ws/install/vesc_driver/lib:/home/nvidia/f1tenth_ws/install/vesc_ackermann/lib:/home/nvidia/f1tenth_ws/install/vesc_msgs/lib:/home/nvidia/f1tenth_ws/install/teleop_tools_msgs/lib:/home/nvidia/f1tenth_ws/install/ros2_ouster/lib:/home/nvidia/f1tenth_ws/install/realsense2_camera/lib:/home/nvidia/f1tenth_ws/install/realsense2_camera_msgs/lib:/home/nvidia/f1tenth_ws/install/ouster_ros/lib:/home/nvidia/f1tenth_ws/install/ouster_msgs/lib:/home/nvidia/f1tenth_ws/install/fixposition_odometry_converter_ros2/lib:/home/nvidia/f1tenth_ws/install/fixposition_driver_ros2/lib:/home/nvidia/f1tenth_ws/install/fixposition_driver_lib/lib:/home/nvidia/f1tenth_ws/install/fixposition_gnss_tf/lib:/opt/ros/humble/opt/rviz_ogre_vendor/lib:/opt/ros/humble/lib/aarch64-linux-gnu:/opt/ros/humble/lib:/usr/local/cuda-12.2/lib64 /usr/bin/cmake --build /home/nvidia/f1tenth_ws/build/ouster_ros -- -j6 -l6
[1.756s] Invoking command in '/home/nvidia/f1tenth_ws/build/ouster_ros': CMAKE_PREFIX_PATH=/home/nvidia/f1tenth_ws/install/ouster_sensor_msgs:/home/nvidia/f1tenth_ws/install/vesc:/home/nvidia/f1tenth_ws/install/vesc_driver:/home/nvidia/f1tenth_ws/install/vesc_ackermann:/home/nvidia/f1tenth_ws/install/vesc_msgs:/home/nvidia/f1tenth_ws/install/teleop_tools:/home/nvidia/f1tenth_ws/install/teleop_tools_msgs:/home/nvidia/f1tenth_ws/install/ros2_ouster:/home/nvidia/f1tenth_ws/install/realsense2_description:/home/nvidia/f1tenth_ws/install/realsense2_camera:/home/nvidia/f1tenth_ws/install/realsense2_camera_msgs:/home/nvidia/f1tenth_ws/install/ouster_ros:/home/nvidia/f1tenth_ws/install/ouster_msgs:/home/nvidia/f1tenth_ws/install/fixposition_odometry_converter_ros2:/home/nvidia/f1tenth_ws/install/fixposition_driver_ros2:/home/nvidia/f1tenth_ws/install/fixposition_driver_lib:/home/nvidia/f1tenth_ws/install/fixposition_gnss_tf:/home/nvidia/f1tenth_ws/install/ackermann_mux:/home/nvidia/f1tenth_ws/install/f1tenth_stack:/home/nvidia/f1tenth_ws/install/joy_teleop:/home/nvidia/f1tenth_ws/install/mouse_teleop:/home/nvidia/f1tenth_ws/install/key_teleop:/opt/ros/humble LD_LIBRARY_PATH=/home/nvidia/f1tenth_ws/install/ouster_sensor_msgs/lib:/home/nvidia/f1tenth_ws/install/vesc_driver/lib:/home/nvidia/f1tenth_ws/install/vesc_ackermann/lib:/home/nvidia/f1tenth_ws/install/vesc_msgs/lib:/home/nvidia/f1tenth_ws/install/teleop_tools_msgs/lib:/home/nvidia/f1tenth_ws/install/ros2_ouster/lib:/home/nvidia/f1tenth_ws/install/realsense2_camera/lib:/home/nvidia/f1tenth_ws/install/realsense2_camera_msgs/lib:/home/nvidia/f1tenth_ws/install/ouster_ros/lib:/home/nvidia/f1tenth_ws/install/ouster_msgs/lib:/home/nvidia/f1tenth_ws/install/fixposition_odometry_converter_ros2/lib:/home/nvidia/f1tenth_ws/install/fixposition_driver_ros2/lib:/home/nvidia/f1tenth_ws/install/fixposition_driver_lib/lib:/home/nvidia/f1tenth_ws/install/fixposition_gnss_tf/lib:/opt/ros/humble/opt/rviz_ogre_vendor/lib:/opt/ros/humble/lib/aarch64-linux-gnu:/opt/ros/humble/lib:/usr/local/cuda-12.2/lib64 /usr/bin/cmake --install /home/nvidia/f1tenth_ws/build/ouster_ros
[1.779s] -- Install configuration: "Release"
[1.780s] -- Up-to-date: /home/nvidia/f1tenth_ws/install/ouster_ros/lib/ouster_ros/os_sensor
[1.781s] -- Up-to-date: /home/nvidia/f1tenth_ws/install/ouster_ros/lib/ouster_ros/os_replay
[1.782s] -- Up-to-date: /home/nvidia/f1tenth_ws/install/ouster_ros/lib/ouster_ros/os_cloud
[1.782s] -- Up-to-date: /home/nvidia/f1tenth_ws/install/ouster_ros/lib/ouster_ros/os_image
[1.783s] -- Up-to-date: /home/nvidia/f1tenth_ws/install/ouster_ros/lib/ouster_ros/os_driver
[1.784s] -- Up-to-date: /home/nvidia/f1tenth_ws/install/ouster_ros/lib/libouster_ros_library.so
[1.785s] -- Up-to-date: /home/nvidia/f1tenth_ws/install/ouster_ros/lib/libos_sensor_component.so
[1.786s] -- Up-to-date: /home/nvidia/f1tenth_ws/install/ouster_ros/lib/libos_replay_component.so
[1.787s] -- Up-to-date: /home/nvidia/f1tenth_ws/install/ouster_ros/lib/libos_cloud_component.so
[1.787s] -- Up-to-date: /home/nvidia/f1tenth_ws/install/ouster_ros/lib/libos_image_component.so
[1.788s] -- Up-to-date: /home/nvidia/f1tenth_ws/install/ouster_ros/lib/libos_driver_component.so
[1.789s] -- Up-to-date: /home/nvidia/f1tenth_ws/install/ouster_ros/include/ouster_ros/include
[1.789s] -- Up-to-date: /home/nvidia/f1tenth_ws/install/ouster_ros/include/ouster_ros/include/ouster_ros
[1.790s] -- Up-to-date: /home/nvidia/f1tenth_ws/install/ouster_ros/include/ouster_ros/include/ouster_ros/sensor_point_types.h
[1.790s] -- Up-to-date: /home/nvidia/f1tenth_ws/install/ouster_ros/include/ouster_ros/include/ouster_ros/os_sensor_node_base.h
[1.790s] -- Up-to-date: /home/nvidia/f1tenth_ws/install/ouster_ros/include/ouster_ros/include/ouster_ros/os_point.h
[1.790s] -- Up-to-date: /home/nvidia/f1tenth_ws/install/ouster_ros/include/ouster_ros/include/ouster_ros/common_point_types.h
[1.791s] -- Up-to-date: /home/nvidia/f1tenth_ws/install/ouster_ros/include/ouster_ros/include/ouster_ros/visibility_control.h
[1.791s] -- Up-to-date: /home/nvidia/f1tenth_ws/install/ouster_ros/include/ouster_ros/include/ouster_ros/os_ros.h
[1.791s] -- Up-to-date: /home/nvidia/f1tenth_ws/install/ouster_ros/include/ouster_ros/include/ouster_ros/os_processing_node_base.h
[1.792s] -- Up-to-date: /home/nvidia/f1tenth_ws/install/ouster_ros/include/ouster_ros/include
[1.792s] -- Up-to-date: /home/nvidia/f1tenth_ws/install/ouster_ros/include/ouster_ros/include/ouster
[1.792s] -- Up-to-date: /home/nvidia/f1tenth_ws/install/ouster_ros/include/ouster_ros/include/ouster/impl
[1.793s] -- Up-to-date: /home/nvidia/f1tenth_ws/install/ouster_ros/include/ouster_ros/include/ouster/impl/packet_writer.h
[1.793s] -- Up-to-date: /home/nvidia/f1tenth_ws/install/ouster_ros/include/ouster_ros/include/ouster/impl/profile_extension.h
[1.794s] -- Up-to-date: /home/nvidia/f1tenth_ws/install/ouster_ros/include/ouster_ros/include/ouster/impl/cartesian.h
[1.794s] -- Up-to-date: /home/nvidia/f1tenth_ws/install/ouster_ros/include/ouster_ros/include/ouster/impl/lidar_scan_impl.h
[1.794s] -- Up-to-date: /home/nvidia/f1tenth_ws/install/ouster_ros/include/ouster_ros/include/ouster/lidar_scan.h
[1.794s] -- Up-to-date: /home/nvidia/f1tenth_ws/install/ouster_ros/include/ouster_ros/include/ouster/defaults.h
[1.795s] -- Up-to-date: /home/nvidia/f1tenth_ws/install/ouster_ros/include/ouster_ros/include/ouster/types.h
[1.795s] -- Up-to-date: /home/nvidia/f1tenth_ws/install/ouster_ros/include/ouster_ros/include/ouster/sensor_http.h
[1.795s] -- Up-to-date: /home/nvidia/f1tenth_ws/install/ouster_ros/include/ouster_ros/include/ouster/client.h
[1.796s] -- Up-to-date: /home/nvidia/f1tenth_ws/install/ouster_ros/include/ouster_ros/include/ouster/buffered_udp_source.h
[1.796s] -- Up-to-date: /home/nvidia/f1tenth_ws/install/ouster_ros/include/ouster_ros/include/ouster/version.h
[1.796s] -- Up-to-date: /home/nvidia/f1tenth_ws/install/ouster_ros/include/ouster_ros/include/ouster/util.h
[1.797s] -- Up-to-date: /home/nvidia/f1tenth_ws/install/ouster_ros/include/ouster_ros/include/ouster/image_processing.h
[1.797s] -- Up-to-date: /home/nvidia/f1tenth_ws/install/ouster_ros/include/ouster_ros/include/optional-lite
[1.797s] -- Up-to-date: /home/nvidia/f1tenth_ws/install/ouster_ros/include/ouster_ros/include/optional-lite/nonstd
[1.798s] -- Up-to-date: /home/nvidia/f1tenth_ws/install/ouster_ros/include/ouster_ros/include/optional-lite/nonstd/optional.hpp
[1.798s] -- Up-to-date: /home/nvidia/f1tenth_ws/install/ouster_ros/include/ouster_ros/optional-lite
[1.798s] -- Up-to-date: /home/nvidia/f1tenth_ws/install/ouster_ros/include/ouster_ros/optional-lite/nonstd
[1.798s] -- Up-to-date: /home/nvidia/f1tenth_ws/install/ouster_ros/include/ouster_ros/optional-lite/nonstd/optional.hpp
[1.799s] -- Up-to-date: /home/nvidia/f1tenth_ws/install/ouster_ros/share/ouster_ros/LICENSE
[1.799s] -- Up-to-date: /home/nvidia/f1tenth_ws/install/ouster_ros/share/ouster_ros/launch
[1.800s] -- Up-to-date: /home/nvidia/f1tenth_ws/install/ouster_ros/share/ouster_ros/launch/driver_launch.py
[1.800s] -- Up-to-date: /home/nvidia/f1tenth_ws/install/ouster_ros/share/ouster_ros/launch/record.composite.launch.xml
[1.801s] -- Up-to-date: /home/nvidia/f1tenth_ws/install/ouster_ros/share/ouster_ros/launch/sensor.launch.xml
[1.801s] -- Up-to-date: /home/nvidia/f1tenth_ws/install/ouster_ros/share/ouster_ros/launch/rviz.launch.xml
[1.801s] -- Up-to-date: /home/nvidia/f1tenth_ws/install/ouster_ros/share/ouster_ros/launch/replay.launch.xml
[1.801s] -- Up-to-date: /home/nvidia/f1tenth_ws/install/ouster_ros/share/ouster_ros/launch/sensor_mtp.launch.xml
[1.802s] -- Up-to-date: /home/nvidia/f1tenth_ws/install/ouster_ros/share/ouster_ros/launch/replay.composite.launch.xml
[1.802s] -- Up-to-date: /home/nvidia/f1tenth_ws/install/ouster_ros/share/ouster_ros/launch/sensor.composite.launch.xml
[1.802s] -- Up-to-date: /home/nvidia/f1tenth_ws/install/ouster_ros/share/ouster_ros/launch/rviz.launch.py
[1.803s] -- Up-to-date: /home/nvidia/f1tenth_ws/install/ouster_ros/share/ouster_ros/launch/sensor.independent.launch.py
[1.803s] -- Up-to-date: /home/nvidia/f1tenth_ws/install/ouster_ros/share/ouster_ros/launch/sensor.independent.launch.xml
[1.803s] -- Up-to-date: /home/nvidia/f1tenth_ws/install/ouster_ros/share/ouster_ros/launch/sensor.composite.launch.py
[1.804s] -- Up-to-date: /home/nvidia/f1tenth_ws/install/ouster_ros/share/ouster_ros/launch/record.launch.xml
[1.804s] -- Up-to-date: /home/nvidia/f1tenth_ws/install/ouster_ros/share/ouster_ros/launch/driver.launch.py
[1.804s] -- Up-to-date: /home/nvidia/f1tenth_ws/install/ouster_ros/share/ouster_ros/config
[1.805s] -- Installing: /home/nvidia/f1tenth_ws/install/ouster_ros/share/ouster_ros/config/driver_params.yaml
[1.806s] -- Up-to-date: /home/nvidia/f1tenth_ws/install/ouster_ros/share/ouster_ros/config/viz.rviz
[1.806s] -- Up-to-date: /home/nvidia/f1tenth_ws/install/ouster_ros/share/ouster_ros/config/os_sensor_cloud_image_params.yaml
[1.806s] -- Up-to-date: /home/nvidia/f1tenth_ws/install/ouster_ros/share/ouster_ros/config/community_driver.rviz
[1.806s] -- Up-to-date: /home/nvidia/f1tenth_ws/install/ouster_ros/share/ouster_ros/config/viz-reliable.rviz
[1.807s] -- Up-to-date: /home/nvidia/f1tenth_ws/install/ouster_ros/share/ouster_ros/config/metadata-qos-override.yaml
[1.807s] -- Up-to-date: /home/nvidia/f1tenth_ws/install/ouster_ros/share/ouster_ros/config/community_driver_config.yaml
[1.808s] -- Up-to-date: /home/nvidia/f1tenth_ws/install/ouster_ros/share/ouster_ros/environment/library_path.sh
[1.812s] -- Up-to-date: /home/nvidia/f1tenth_ws/install/ouster_ros/share/ouster_ros/environment/library_path.dsv
[1.812s] -- Up-to-date: /home/nvidia/f1tenth_ws/install/ouster_ros/share/ament_index/resource_index/package_run_dependencies/ouster_ros
[1.812s] -- Up-to-date: /home/nvidia/f1tenth_ws/install/ouster_ros/share/ament_index/resource_index/parent_prefix_path/ouster_ros
[1.812s] -- Up-to-date: /home/nvidia/f1tenth_ws/install/ouster_ros/share/ouster_ros/environment/ament_prefix_path.sh
[1.812s] -- Up-to-date: /home/nvidia/f1tenth_ws/install/ouster_ros/share/ouster_ros/environment/ament_prefix_path.dsv
[1.813s] -- Up-to-date: /home/nvidia/f1tenth_ws/install/ouster_ros/share/ouster_ros/environment/path.sh
[1.813s] -- Up-to-date: /home/nvidia/f1tenth_ws/install/ouster_ros/share/ouster_ros/environment/path.dsv
[1.813s] -- Up-to-date: /home/nvidia/f1tenth_ws/install/ouster_ros/share/ouster_ros/local_setup.bash
[1.813s] -- Up-to-date: /home/nvidia/f1tenth_ws/install/ouster_ros/share/ouster_ros/local_setup.sh
[1.813s] -- Up-to-date: /home/nvidia/f1tenth_ws/install/ouster_ros/share/ouster_ros/local_setup.zsh
[1.813s] -- Up-to-date: /home/nvidia/f1tenth_ws/install/ouster_ros/share/ouster_ros/local_setup.dsv
[1.813s] -- Installing: /home/nvidia/f1tenth_ws/install/ouster_ros/share/ouster_ros/package.dsv
[1.813s] -- Up-to-date: /home/nvidia/f1tenth_ws/install/ouster_ros/share/ament_index/resource_index/packages/ouster_ros
[1.814s] -- Up-to-date: /home/nvidia/f1tenth_ws/install/ouster_ros/share/ament_index/resource_index/rclcpp_components/ouster_ros
[1.814s] -- Up-to-date: /home/nvidia/f1tenth_ws/install/ouster_ros/share/ouster_ros/cmake/ament_cmake_export_include_directories-extras.cmake
[1.814s] -- Up-to-date: /home/nvidia/f1tenth_ws/install/ouster_ros/share/ouster_ros/cmake/ament_cmake_export_dependencies-extras.cmake
[1.815s] -- Up-to-date: /home/nvidia/f1tenth_ws/install/ouster_ros/share/ouster_ros/cmake/ament_cmake_export_libraries-extras.cmake
[1.815s] -- Up-to-date: /home/nvidia/f1tenth_ws/install/ouster_ros/share/ouster_ros/cmake/ouster_rosConfig.cmake
[1.816s] -- Up-to-date: /home/nvidia/f1tenth_ws/install/ouster_ros/share/ouster_ros/cmake/ouster_rosConfig-version.cmake
[1.816s] -- Up-to-date: /home/nvidia/f1tenth_ws/install/ouster_ros/share/ouster_ros/package.xml
[1.823s] Invoked command in '/home/nvidia/f1tenth_ws/build/ouster_ros' returned '0': CMAKE_PREFIX_PATH=/home/nvidia/f1tenth_ws/install/ouster_sensor_msgs:/home/nvidia/f1tenth_ws/install/vesc:/home/nvidia/f1tenth_ws/install/vesc_driver:/home/nvidia/f1tenth_ws/install/vesc_ackermann:/home/nvidia/f1tenth_ws/install/vesc_msgs:/home/nvidia/f1tenth_ws/install/teleop_tools:/home/nvidia/f1tenth_ws/install/teleop_tools_msgs:/home/nvidia/f1tenth_ws/install/ros2_ouster:/home/nvidia/f1tenth_ws/install/realsense2_description:/home/nvidia/f1tenth_ws/install/realsense2_camera:/home/nvidia/f1tenth_ws/install/realsense2_camera_msgs:/home/nvidia/f1tenth_ws/install/ouster_ros:/home/nvidia/f1tenth_ws/install/ouster_msgs:/home/nvidia/f1tenth_ws/install/fixposition_odometry_converter_ros2:/home/nvidia/f1tenth_ws/install/fixposition_driver_ros2:/home/nvidia/f1tenth_ws/install/fixposition_driver_lib:/home/nvidia/f1tenth_ws/install/fixposition_gnss_tf:/home/nvidia/f1tenth_ws/install/ackermann_mux:/home/nvidia/f1tenth_ws/install/f1tenth_stack:/home/nvidia/f1tenth_ws/install/joy_teleop:/home/nvidia/f1tenth_ws/install/mouse_teleop:/home/nvidia/f1tenth_ws/install/key_teleop:/opt/ros/humble LD_LIBRARY_PATH=/home/nvidia/f1tenth_ws/install/ouster_sensor_msgs/lib:/home/nvidia/f1tenth_ws/install/vesc_driver/lib:/home/nvidia/f1tenth_ws/install/vesc_ackermann/lib:/home/nvidia/f1tenth_ws/install/vesc_msgs/lib:/home/nvidia/f1tenth_ws/install/teleop_tools_msgs/lib:/home/nvidia/f1tenth_ws/install/ros2_ouster/lib:/home/nvidia/f1tenth_ws/install/realsense2_camera/lib:/home/nvidia/f1tenth_ws/install/realsense2_camera_msgs/lib:/home/nvidia/f1tenth_ws/install/ouster_ros/lib:/home/nvidia/f1tenth_ws/install/ouster_msgs/lib:/home/nvidia/f1tenth_ws/install/fixposition_odometry_converter_ros2/lib:/home/nvidia/f1tenth_ws/install/fixposition_driver_ros2/lib:/home/nvidia/f1tenth_ws/install/fixposition_driver_lib/lib:/home/nvidia/f1tenth_ws/install/fixposition_gnss_tf/lib:/opt/ros/humble/opt/rviz_ogre_vendor/lib:/opt/ros/humble/lib/aarch64-linux-gnu:/opt/ros/humble/lib:/usr/local/cuda-12.2/lib64 /usr/bin/cmake --install /home/nvidia/f1tenth_ws/build/ouster_ros
