[2.081s] Invoking command in '/home/nvidia/f1tenth_ws/src/f1tenth_system/teleop_tools/key_teleop': PYTHONPATH=/home/nvidia/f1tenth_ws/build/key_teleop/prefix_override:/home/nvidia/f1tenth_ws/install/key_teleop/lib/python3.10/site-packages:${PYTHONPATH} /usr/bin/python3 -W ignore:setup.py install is deprecated setup.py egg_info --egg-base ../../../../build/key_teleop build --build-base /home/nvidia/f1tenth_ws/build/key_teleop/build install --record /home/nvidia/f1tenth_ws/build/key_teleop/install.log --install-scripts $base/lib/key_teleop --single-version-externally-managed install_data
[2.611s] /usr/lib/python3/dist-packages/setuptools/dist.py:723: UserWarning: Usage of dash-separated 'script-dir' will not be supported in future versions. Please use the underscore name 'script_dir' instead
[2.611s]   warnings.warn(
[2.626s] running egg_info
[2.627s] creating ../../../../build/key_teleop/key_teleop.egg-info
[2.628s] writing ../../../../build/key_teleop/key_teleop.egg-info/PKG-INFO
[2.629s] writing dependency_links to ../../../../build/key_teleop/key_teleop.egg-info/dependency_links.txt
[2.629s] writing entry points to ../../../../build/key_teleop/key_teleop.egg-info/entry_points.txt
[2.630s] writing requirements to ../../../../build/key_teleop/key_teleop.egg-info/requires.txt
[2.630s] writing top-level names to ../../../../build/key_teleop/key_teleop.egg-info/top_level.txt
[2.630s] writing manifest file '../../../../build/key_teleop/key_teleop.egg-info/SOURCES.txt'
[2.634s] reading manifest file '../../../../build/key_teleop/key_teleop.egg-info/SOURCES.txt'
[2.634s] adding license file 'LICENSE'
[2.635s] writing manifest file '../../../../build/key_teleop/key_teleop.egg-info/SOURCES.txt'
[2.636s] running build
[2.636s] running build_py
[2.636s] creating /home/nvidia/f1tenth_ws/build/key_teleop/build
[2.636s] creating /home/nvidia/f1tenth_ws/build/key_teleop/build/lib
[2.636s] creating /home/nvidia/f1tenth_ws/build/key_teleop/build/lib/key_teleop
[2.637s] copying key_teleop/__init__.py -> /home/nvidia/f1tenth_ws/build/key_teleop/build/lib/key_teleop
[2.637s] copying key_teleop/key_teleop.py -> /home/nvidia/f1tenth_ws/build/key_teleop/build/lib/key_teleop
[2.638s] running install
[2.639s] running install_lib
[2.641s] creating /home/nvidia/f1tenth_ws/install/key_teleop/lib/python3.10/site-packages/key_teleop
[2.641s] copying /home/nvidia/f1tenth_ws/build/key_teleop/build/lib/key_teleop/__init__.py -> /home/nvidia/f1tenth_ws/install/key_teleop/lib/python3.10/site-packages/key_teleop
[2.641s] copying /home/nvidia/f1tenth_ws/build/key_teleop/build/lib/key_teleop/key_teleop.py -> /home/nvidia/f1tenth_ws/install/key_teleop/lib/python3.10/site-packages/key_teleop
[2.642s] byte-compiling /home/nvidia/f1tenth_ws/install/key_teleop/lib/python3.10/site-packages/key_teleop/__init__.py to __init__.cpython-310.pyc
[2.643s] byte-compiling /home/nvidia/f1tenth_ws/install/key_teleop/lib/python3.10/site-packages/key_teleop/key_teleop.py to key_teleop.cpython-310.pyc
[2.646s] running install_data
[2.646s] copying package.xml -> /home/nvidia/f1tenth_ws/install/key_teleop/share/key_teleop
[2.646s] creating /home/nvidia/f1tenth_ws/install/key_teleop/share/key_teleop/config
[2.647s] copying config/key_teleop.yaml -> /home/nvidia/f1tenth_ws/install/key_teleop/share/key_teleop/config
[2.647s] creating /home/nvidia/f1tenth_ws/install/key_teleop/share/ament_index
[2.647s] creating /home/nvidia/f1tenth_ws/install/key_teleop/share/ament_index/resource_index
[2.647s] creating /home/nvidia/f1tenth_ws/install/key_teleop/share/ament_index/resource_index/packages
[2.647s] copying resource/key_teleop -> /home/nvidia/f1tenth_ws/install/key_teleop/share/ament_index/resource_index/packages
[2.648s] running install_egg_info
[2.652s] Copying ../../../../build/key_teleop/key_teleop.egg-info to /home/nvidia/f1tenth_ws/install/key_teleop/lib/python3.10/site-packages/key_teleop-0.3.0-py3.10.egg-info
[2.655s] running install_scripts
[2.706s] Installing key_teleop script to /home/nvidia/f1tenth_ws/install/key_teleop/lib/key_teleop
[2.707s] writing list of installed files to '/home/nvidia/f1tenth_ws/build/key_teleop/install.log'
[2.798s] Invoked command in '/home/nvidia/f1tenth_ws/src/f1tenth_system/teleop_tools/key_teleop' returned '0': PYTHONPATH=/home/nvidia/f1tenth_ws/build/key_teleop/prefix_override:/home/nvidia/f1tenth_ws/install/key_teleop/lib/python3.10/site-packages:${PYTHONPATH} /usr/bin/python3 -W ignore:setup.py install is deprecated setup.py egg_info --egg-base ../../../../build/key_teleop build --build-base /home/nvidia/f1tenth_ws/build/key_teleop/build install --record /home/nvidia/f1tenth_ws/build/key_teleop/install.log --install-scripts $base/lib/key_teleop --single-version-externally-managed install_data
