[0.051s] Invoking command in '/home/nvidia/f1tenth_ws/build/realsense2_camera_msgs': CMAKE_PREFIX_PATH=/opt/ros/humble /usr/bin/cmake --build /home/nvidia/f1tenth_ws/build/realsense2_camera_msgs -- -j6 -l6
[0.924s] [  1%] Built target realsense2_camera_msgs__cpp
[0.924s] [ 12%] Built target realsense2_camera_msgs__rosidl_generator_c
[0.925s] [ 12%] Built target ament_cmake_python_copy_realsense2_camera_msgs
[0.925s] [ 23%] Built target realsense2_camera_msgs__rosidl_typesupport_fastrtps_cpp
[0.925s] [ 34%] Built target realsense2_camera_msgs__rosidl_typesupport_fastrtps_c
[0.925s] [ 57%] Built target realsense2_camera_msgs__rosidl_typesupport_introspection_cpp
[0.925s] [ 57%] Built target realsense2_camera_msgs__rosidl_typesupport_cpp
[0.925s] [ 68%] Built target realsense2_camera_msgs__rosidl_typesupport_introspection_c
[0.925s] [ 79%] Built target realsense2_camera_msgs__rosidl_typesupport_c
[0.925s] [ 79%] Built target realsense2_camera_msgs
[0.925s] [ 80%] Built target realsense2_camera_msgs__py
[0.926s] [ 90%] Built target realsense2_camera_msgs__rosidl_generator_py
[0.926s] [ 93%] Built target realsense2_camera_msgs__rosidl_typesupport_fastrtps_c__pyext
[0.926s] [ 96%] Built target realsense2_camera_msgs__rosidl_typesupport_c__pyext
[0.926s] [100%] Built target realsense2_camera_msgs__rosidl_typesupport_introspection_c__pyext
[0.995s] running egg_info
[0.997s] writing realsense2_camera_msgs.egg-info/PKG-INFO
[0.998s] writing dependency_links to realsense2_camera_msgs.egg-info/dependency_links.txt
[0.998s] writing top-level names to realsense2_camera_msgs.egg-info/top_level.txt
[1.006s] reading manifest file 'realsense2_camera_msgs.egg-info/SOURCES.txt'
[1.008s] writing manifest file 'realsense2_camera_msgs.egg-info/SOURCES.txt'
[1.098s] [100%] Built target ament_cmake_python_build_realsense2_camera_msgs_egg
[1.150s] Invoked command in '/home/nvidia/f1tenth_ws/build/realsense2_camera_msgs' returned '0': CMAKE_PREFIX_PATH=/opt/ros/humble /usr/bin/cmake --build /home/nvidia/f1tenth_ws/build/realsense2_camera_msgs -- -j6 -l6
[1.668s] Invoking command in '/home/nvidia/f1tenth_ws/build/realsense2_camera_msgs': CMAKE_PREFIX_PATH=/opt/ros/humble /usr/bin/cmake --install /home/nvidia/f1tenth_ws/build/realsense2_camera_msgs
[1.695s] -- Install configuration: ""
[1.696s] -- Up-to-date: /home/nvidia/f1tenth_ws/install/realsense2_camera_msgs/share/ament_index/resource_index/rosidl_interfaces/realsense2_camera_msgs
[1.696s] -- Up-to-date: /home/nvidia/f1tenth_ws/install/realsense2_camera_msgs/include/realsense2_camera_msgs/realsense2_camera_msgs
[1.697s] -- Up-to-date: /home/nvidia/f1tenth_ws/install/realsense2_camera_msgs/include/realsense2_camera_msgs/realsense2_camera_msgs/srv
[1.697s] -- Up-to-date: /home/nvidia/f1tenth_ws/install/realsense2_camera_msgs/include/realsense2_camera_msgs/realsense2_camera_msgs/srv/detail
[1.698s] -- Up-to-date: /home/nvidia/f1tenth_ws/install/realsense2_camera_msgs/include/realsense2_camera_msgs/realsense2_camera_msgs/srv/detail/device_info__functions.c
[1.698s] -- Up-to-date: /home/nvidia/f1tenth_ws/install/realsense2_camera_msgs/include/realsense2_camera_msgs/realsense2_camera_msgs/srv/detail/device_info__type_support.h
[1.699s] -- Up-to-date: /home/nvidia/f1tenth_ws/install/realsense2_camera_msgs/include/realsense2_camera_msgs/realsense2_camera_msgs/srv/detail/device_info__functions.h
[1.699s] -- Up-to-date: /home/nvidia/f1tenth_ws/install/realsense2_camera_msgs/include/realsense2_camera_msgs/realsense2_camera_msgs/srv/detail/device_info__struct.h
[1.699s] -- Up-to-date: /home/nvidia/f1tenth_ws/install/realsense2_camera_msgs/include/realsense2_camera_msgs/realsense2_camera_msgs/srv/device_info.h
[1.700s] -- Up-to-date: /home/nvidia/f1tenth_ws/install/realsense2_camera_msgs/include/realsense2_camera_msgs/realsense2_camera_msgs/msg
[1.700s] -- Up-to-date: /home/nvidia/f1tenth_ws/install/realsense2_camera_msgs/include/realsense2_camera_msgs/realsense2_camera_msgs/msg/extrinsics.h
[1.700s] -- Up-to-date: /home/nvidia/f1tenth_ws/install/realsense2_camera_msgs/include/realsense2_camera_msgs/realsense2_camera_msgs/msg/rgbd.h
[1.701s] -- Up-to-date: /home/nvidia/f1tenth_ws/install/realsense2_camera_msgs/include/realsense2_camera_msgs/realsense2_camera_msgs/msg/metadata.h
[1.701s] -- Up-to-date: /home/nvidia/f1tenth_ws/install/realsense2_camera_msgs/include/realsense2_camera_msgs/realsense2_camera_msgs/msg/imu_info.h
[1.702s] -- Up-to-date: /home/nvidia/f1tenth_ws/install/realsense2_camera_msgs/include/realsense2_camera_msgs/realsense2_camera_msgs/msg/detail
[1.702s] -- Up-to-date: /home/nvidia/f1tenth_ws/install/realsense2_camera_msgs/include/realsense2_camera_msgs/realsense2_camera_msgs/msg/detail/imu_info__functions.c
[1.702s] -- Up-to-date: /home/nvidia/f1tenth_ws/install/realsense2_camera_msgs/include/realsense2_camera_msgs/realsense2_camera_msgs/msg/detail/extrinsics__struct.h
[1.703s] -- Up-to-date: /home/nvidia/f1tenth_ws/install/realsense2_camera_msgs/include/realsense2_camera_msgs/realsense2_camera_msgs/msg/detail/metadata__type_support.h
[1.703s] -- Up-to-date: /home/nvidia/f1tenth_ws/install/realsense2_camera_msgs/include/realsense2_camera_msgs/realsense2_camera_msgs/msg/detail/extrinsics__type_support.h
[1.704s] -- Up-to-date: /home/nvidia/f1tenth_ws/install/realsense2_camera_msgs/include/realsense2_camera_msgs/realsense2_camera_msgs/msg/detail/extrinsics__functions.h
[1.704s] -- Up-to-date: /home/nvidia/f1tenth_ws/install/realsense2_camera_msgs/include/realsense2_camera_msgs/realsense2_camera_msgs/msg/detail/rgbd__struct.h
[1.705s] -- Up-to-date: /home/nvidia/f1tenth_ws/install/realsense2_camera_msgs/include/realsense2_camera_msgs/realsense2_camera_msgs/msg/detail/rgbd__functions.c
[1.705s] -- Up-to-date: /home/nvidia/f1tenth_ws/install/realsense2_camera_msgs/include/realsense2_camera_msgs/realsense2_camera_msgs/msg/detail/extrinsics__functions.c
[1.707s] -- Up-to-date: /home/nvidia/f1tenth_ws/install/realsense2_camera_msgs/include/realsense2_camera_msgs/realsense2_camera_msgs/msg/detail/imu_info__struct.h
[1.717s] -- Up-to-date: /home/nvidia/f1tenth_ws/install/realsense2_camera_msgs/include/realsense2_camera_msgs/realsense2_camera_msgs/msg/detail/metadata__functions.h
[1.717s] -- Up-to-date: /home/nvidia/f1tenth_ws/install/realsense2_camera_msgs/include/realsense2_camera_msgs/realsense2_camera_msgs/msg/detail/rgbd__type_support.h
[1.717s] -- Up-to-date: /home/nvidia/f1tenth_ws/install/realsense2_camera_msgs/include/realsense2_camera_msgs/realsense2_camera_msgs/msg/detail/metadata__struct.h
[1.717s] -- Up-to-date: /home/nvidia/f1tenth_ws/install/realsense2_camera_msgs/include/realsense2_camera_msgs/realsense2_camera_msgs/msg/detail/imu_info__type_support.h
[1.718s] -- Up-to-date: /home/nvidia/f1tenth_ws/install/realsense2_camera_msgs/include/realsense2_camera_msgs/realsense2_camera_msgs/msg/detail/metadata__functions.c
[1.718s] -- Up-to-date: /home/nvidia/f1tenth_ws/install/realsense2_camera_msgs/include/realsense2_camera_msgs/realsense2_camera_msgs/msg/detail/rgbd__functions.h
[1.718s] -- Up-to-date: /home/nvidia/f1tenth_ws/install/realsense2_camera_msgs/include/realsense2_camera_msgs/realsense2_camera_msgs/msg/detail/imu_info__functions.h
[1.718s] -- Up-to-date: /home/nvidia/f1tenth_ws/install/realsense2_camera_msgs/include/realsense2_camera_msgs/realsense2_camera_msgs/msg/rosidl_generator_c__visibility_control.h
[1.719s] -- Up-to-date: /home/nvidia/f1tenth_ws/install/realsense2_camera_msgs/share/realsense2_camera_msgs/environment/library_path.sh
[1.719s] -- Up-to-date: /home/nvidia/f1tenth_ws/install/realsense2_camera_msgs/share/realsense2_camera_msgs/environment/library_path.dsv
[1.720s] -- Up-to-date: /home/nvidia/f1tenth_ws/install/realsense2_camera_msgs/lib/librealsense2_camera_msgs__rosidl_generator_c.so
[1.720s] -- Up-to-date: /home/nvidia/f1tenth_ws/install/realsense2_camera_msgs/include/realsense2_camera_msgs/realsense2_camera_msgs
[1.720s] -- Up-to-date: /home/nvidia/f1tenth_ws/install/realsense2_camera_msgs/include/realsense2_camera_msgs/realsense2_camera_msgs/srv
[1.721s] -- Up-to-date: /home/nvidia/f1tenth_ws/install/realsense2_camera_msgs/include/realsense2_camera_msgs/realsense2_camera_msgs/srv/detail
[1.721s] -- Up-to-date: /home/nvidia/f1tenth_ws/install/realsense2_camera_msgs/include/realsense2_camera_msgs/realsense2_camera_msgs/srv/detail/device_info__rosidl_typesupport_fastrtps_c.h
[1.721s] -- Up-to-date: /home/nvidia/f1tenth_ws/install/realsense2_camera_msgs/include/realsense2_camera_msgs/realsense2_camera_msgs/msg
[1.721s] -- Up-to-date: /home/nvidia/f1tenth_ws/install/realsense2_camera_msgs/include/realsense2_camera_msgs/realsense2_camera_msgs/msg/rosidl_typesupport_fastrtps_c__visibility_control.h
[1.721s] -- Up-to-date: /home/nvidia/f1tenth_ws/install/realsense2_camera_msgs/include/realsense2_camera_msgs/realsense2_camera_msgs/msg/detail
[1.721s] -- Up-to-date: /home/nvidia/f1tenth_ws/install/realsense2_camera_msgs/include/realsense2_camera_msgs/realsense2_camera_msgs/msg/detail/metadata__rosidl_typesupport_fastrtps_c.h
[1.722s] -- Up-to-date: /home/nvidia/f1tenth_ws/install/realsense2_camera_msgs/include/realsense2_camera_msgs/realsense2_camera_msgs/msg/detail/extrinsics__rosidl_typesupport_fastrtps_c.h
[1.722s] -- Up-to-date: /home/nvidia/f1tenth_ws/install/realsense2_camera_msgs/include/realsense2_camera_msgs/realsense2_camera_msgs/msg/detail/rgbd__rosidl_typesupport_fastrtps_c.h
[1.722s] -- Up-to-date: /home/nvidia/f1tenth_ws/install/realsense2_camera_msgs/include/realsense2_camera_msgs/realsense2_camera_msgs/msg/detail/imu_info__rosidl_typesupport_fastrtps_c.h
[1.725s] -- Up-to-date: /home/nvidia/f1tenth_ws/install/realsense2_camera_msgs/lib/librealsense2_camera_msgs__rosidl_typesupport_fastrtps_c.so
[1.735s] -- Up-to-date: /home/nvidia/f1tenth_ws/install/realsense2_camera_msgs/include/realsense2_camera_msgs/realsense2_camera_msgs
[1.735s] -- Up-to-date: /home/nvidia/f1tenth_ws/install/realsense2_camera_msgs/include/realsense2_camera_msgs/realsense2_camera_msgs/srv
[1.736s] -- Up-to-date: /home/nvidia/f1tenth_ws/install/realsense2_camera_msgs/include/realsense2_camera_msgs/realsense2_camera_msgs/srv/detail
[1.736s] -- Up-to-date: /home/nvidia/f1tenth_ws/install/realsense2_camera_msgs/include/realsense2_camera_msgs/realsense2_camera_msgs/srv/detail/device_info__type_support.c
[1.736s] -- Up-to-date: /home/nvidia/f1tenth_ws/install/realsense2_camera_msgs/include/realsense2_camera_msgs/realsense2_camera_msgs/srv/detail/device_info__rosidl_typesupport_introspection_c.h
[1.737s] -- Up-to-date: /home/nvidia/f1tenth_ws/install/realsense2_camera_msgs/include/realsense2_camera_msgs/realsense2_camera_msgs/msg
[1.737s] -- Up-to-date: /home/nvidia/f1tenth_ws/install/realsense2_camera_msgs/include/realsense2_camera_msgs/realsense2_camera_msgs/msg/detail
[1.737s] -- Up-to-date: /home/nvidia/f1tenth_ws/install/realsense2_camera_msgs/include/realsense2_camera_msgs/realsense2_camera_msgs/msg/detail/extrinsics__rosidl_typesupport_introspection_c.h
[1.738s] -- Up-to-date: /home/nvidia/f1tenth_ws/install/realsense2_camera_msgs/include/realsense2_camera_msgs/realsense2_camera_msgs/msg/detail/metadata__rosidl_typesupport_introspection_c.h
[1.738s] -- Up-to-date: /home/nvidia/f1tenth_ws/install/realsense2_camera_msgs/include/realsense2_camera_msgs/realsense2_camera_msgs/msg/detail/rgbd__type_support.c
[1.738s] -- Up-to-date: /home/nvidia/f1tenth_ws/install/realsense2_camera_msgs/include/realsense2_camera_msgs/realsense2_camera_msgs/msg/detail/metadata__type_support.c
[1.739s] -- Up-to-date: /home/nvidia/f1tenth_ws/install/realsense2_camera_msgs/include/realsense2_camera_msgs/realsense2_camera_msgs/msg/detail/imu_info__rosidl_typesupport_introspection_c.h
[1.739s] -- Up-to-date: /home/nvidia/f1tenth_ws/install/realsense2_camera_msgs/include/realsense2_camera_msgs/realsense2_camera_msgs/msg/detail/imu_info__type_support.c
[1.739s] -- Up-to-date: /home/nvidia/f1tenth_ws/install/realsense2_camera_msgs/include/realsense2_camera_msgs/realsense2_camera_msgs/msg/detail/rgbd__rosidl_typesupport_introspection_c.h
[1.739s] -- Up-to-date: /home/nvidia/f1tenth_ws/install/realsense2_camera_msgs/include/realsense2_camera_msgs/realsense2_camera_msgs/msg/detail/extrinsics__type_support.c
[1.740s] -- Up-to-date: /home/nvidia/f1tenth_ws/install/realsense2_camera_msgs/include/realsense2_camera_msgs/realsense2_camera_msgs/msg/rosidl_typesupport_introspection_c__visibility_control.h
[1.740s] -- Up-to-date: /home/nvidia/f1tenth_ws/install/realsense2_camera_msgs/lib/librealsense2_camera_msgs__rosidl_typesupport_introspection_c.so
[1.740s] -- Up-to-date: /home/nvidia/f1tenth_ws/install/realsense2_camera_msgs/lib/librealsense2_camera_msgs__rosidl_typesupport_c.so
[1.740s] -- Up-to-date: /home/nvidia/f1tenth_ws/install/realsense2_camera_msgs/include/realsense2_camera_msgs/realsense2_camera_msgs
[1.743s] -- Up-to-date: /home/nvidia/f1tenth_ws/install/realsense2_camera_msgs/include/realsense2_camera_msgs/realsense2_camera_msgs/srv
[1.743s] -- Up-to-date: /home/nvidia/f1tenth_ws/install/realsense2_camera_msgs/include/realsense2_camera_msgs/realsense2_camera_msgs/srv/device_info.hpp
[1.747s] -- Up-to-date: /home/nvidia/f1tenth_ws/install/realsense2_camera_msgs/include/realsense2_camera_msgs/realsense2_camera_msgs/srv/detail
[1.747s] -- Up-to-date: /home/nvidia/f1tenth_ws/install/realsense2_camera_msgs/include/realsense2_camera_msgs/realsense2_camera_msgs/srv/detail/device_info__builder.hpp
[1.747s] -- Up-to-date: /home/nvidia/f1tenth_ws/install/realsense2_camera_msgs/include/realsense2_camera_msgs/realsense2_camera_msgs/srv/detail/device_info__traits.hpp
[1.748s] -- Up-to-date: /home/nvidia/f1tenth_ws/install/realsense2_camera_msgs/include/realsense2_camera_msgs/realsense2_camera_msgs/srv/detail/device_info__struct.hpp
[1.748s] -- Up-to-date: /home/nvidia/f1tenth_ws/install/realsense2_camera_msgs/include/realsense2_camera_msgs/realsense2_camera_msgs/msg
[1.748s] -- Up-to-date: /home/nvidia/f1tenth_ws/install/realsense2_camera_msgs/include/realsense2_camera_msgs/realsense2_camera_msgs/msg/imu_info.hpp
[1.748s] -- Up-to-date: /home/nvidia/f1tenth_ws/install/realsense2_camera_msgs/include/realsense2_camera_msgs/realsense2_camera_msgs/msg/metadata.hpp
[1.748s] -- Up-to-date: /home/nvidia/f1tenth_ws/install/realsense2_camera_msgs/include/realsense2_camera_msgs/realsense2_camera_msgs/msg/detail
[1.748s] -- Up-to-date: /home/nvidia/f1tenth_ws/install/realsense2_camera_msgs/include/realsense2_camera_msgs/realsense2_camera_msgs/msg/detail/rgbd__struct.hpp
[1.749s] -- Up-to-date: /home/nvidia/f1tenth_ws/install/realsense2_camera_msgs/include/realsense2_camera_msgs/realsense2_camera_msgs/msg/detail/rgbd__builder.hpp
[1.749s] -- Up-to-date: /home/nvidia/f1tenth_ws/install/realsense2_camera_msgs/include/realsense2_camera_msgs/realsense2_camera_msgs/msg/detail/imu_info__builder.hpp
[1.749s] -- Up-to-date: /home/nvidia/f1tenth_ws/install/realsense2_camera_msgs/include/realsense2_camera_msgs/realsense2_camera_msgs/msg/detail/imu_info__traits.hpp
[1.749s] -- Up-to-date: /home/nvidia/f1tenth_ws/install/realsense2_camera_msgs/include/realsense2_camera_msgs/realsense2_camera_msgs/msg/detail/metadata__builder.hpp
[1.749s] -- Up-to-date: /home/nvidia/f1tenth_ws/install/realsense2_camera_msgs/include/realsense2_camera_msgs/realsense2_camera_msgs/msg/detail/extrinsics__builder.hpp
[1.749s] -- Up-to-date: /home/nvidia/f1tenth_ws/install/realsense2_camera_msgs/include/realsense2_camera_msgs/realsense2_camera_msgs/msg/detail/metadata__traits.hpp
[1.749s] -- Up-to-date: /home/nvidia/f1tenth_ws/install/realsense2_camera_msgs/include/realsense2_camera_msgs/realsense2_camera_msgs/msg/detail/extrinsics__struct.hpp
[1.749s] -- Up-to-date: /home/nvidia/f1tenth_ws/install/realsense2_camera_msgs/include/realsense2_camera_msgs/realsense2_camera_msgs/msg/detail/extrinsics__traits.hpp
[1.749s] -- Up-to-date: /home/nvidia/f1tenth_ws/install/realsense2_camera_msgs/include/realsense2_camera_msgs/realsense2_camera_msgs/msg/detail/rgbd__traits.hpp
[1.750s] -- Up-to-date: /home/nvidia/f1tenth_ws/install/realsense2_camera_msgs/include/realsense2_camera_msgs/realsense2_camera_msgs/msg/detail/metadata__struct.hpp
[1.750s] -- Up-to-date: /home/nvidia/f1tenth_ws/install/realsense2_camera_msgs/include/realsense2_camera_msgs/realsense2_camera_msgs/msg/detail/imu_info__struct.hpp
[1.750s] -- Up-to-date: /home/nvidia/f1tenth_ws/install/realsense2_camera_msgs/include/realsense2_camera_msgs/realsense2_camera_msgs/msg/rgbd.hpp
[1.750s] -- Up-to-date: /home/nvidia/f1tenth_ws/install/realsense2_camera_msgs/include/realsense2_camera_msgs/realsense2_camera_msgs/msg/extrinsics.hpp
[1.750s] -- Up-to-date: /home/nvidia/f1tenth_ws/install/realsense2_camera_msgs/include/realsense2_camera_msgs/realsense2_camera_msgs
[1.751s] -- Up-to-date: /home/nvidia/f1tenth_ws/install/realsense2_camera_msgs/include/realsense2_camera_msgs/realsense2_camera_msgs/srv
[1.753s] -- Up-to-date: /home/nvidia/f1tenth_ws/install/realsense2_camera_msgs/include/realsense2_camera_msgs/realsense2_camera_msgs/srv/detail
[1.755s] -- Up-to-date: /home/nvidia/f1tenth_ws/install/realsense2_camera_msgs/include/realsense2_camera_msgs/realsense2_camera_msgs/srv/detail/dds_fastrtps
[1.756s] -- Up-to-date: /home/nvidia/f1tenth_ws/install/realsense2_camera_msgs/include/realsense2_camera_msgs/realsense2_camera_msgs/srv/detail/device_info__rosidl_typesupport_fastrtps_cpp.hpp
[1.756s] -- Up-to-date: /home/nvidia/f1tenth_ws/install/realsense2_camera_msgs/include/realsense2_camera_msgs/realsense2_camera_msgs/msg
[1.756s] -- Up-to-date: /home/nvidia/f1tenth_ws/install/realsense2_camera_msgs/include/realsense2_camera_msgs/realsense2_camera_msgs/msg/rosidl_typesupport_fastrtps_cpp__visibility_control.h
[1.757s] -- Up-to-date: /home/nvidia/f1tenth_ws/install/realsense2_camera_msgs/include/realsense2_camera_msgs/realsense2_camera_msgs/msg/detail
[1.757s] -- Up-to-date: /home/nvidia/f1tenth_ws/install/realsense2_camera_msgs/include/realsense2_camera_msgs/realsense2_camera_msgs/msg/detail/dds_fastrtps
[1.758s] -- Up-to-date: /home/nvidia/f1tenth_ws/install/realsense2_camera_msgs/include/realsense2_camera_msgs/realsense2_camera_msgs/msg/detail/metadata__rosidl_typesupport_fastrtps_cpp.hpp
[1.758s] -- Up-to-date: /home/nvidia/f1tenth_ws/install/realsense2_camera_msgs/include/realsense2_camera_msgs/realsense2_camera_msgs/msg/detail/imu_info__rosidl_typesupport_fastrtps_cpp.hpp
[1.758s] -- Up-to-date: /home/nvidia/f1tenth_ws/install/realsense2_camera_msgs/include/realsense2_camera_msgs/realsense2_camera_msgs/msg/detail/extrinsics__rosidl_typesupport_fastrtps_cpp.hpp
[1.758s] -- Up-to-date: /home/nvidia/f1tenth_ws/install/realsense2_camera_msgs/include/realsense2_camera_msgs/realsense2_camera_msgs/msg/detail/rgbd__rosidl_typesupport_fastrtps_cpp.hpp
[1.759s] -- Up-to-date: /home/nvidia/f1tenth_ws/install/realsense2_camera_msgs/lib/librealsense2_camera_msgs__rosidl_typesupport_fastrtps_cpp.so
[1.759s] -- Up-to-date: /home/nvidia/f1tenth_ws/install/realsense2_camera_msgs/include/realsense2_camera_msgs/realsense2_camera_msgs
[1.760s] -- Up-to-date: /home/nvidia/f1tenth_ws/install/realsense2_camera_msgs/include/realsense2_camera_msgs/realsense2_camera_msgs/srv
[1.760s] -- Up-to-date: /home/nvidia/f1tenth_ws/install/realsense2_camera_msgs/include/realsense2_camera_msgs/realsense2_camera_msgs/srv/detail
[1.760s] -- Up-to-date: /home/nvidia/f1tenth_ws/install/realsense2_camera_msgs/include/realsense2_camera_msgs/realsense2_camera_msgs/srv/detail/device_info__type_support.cpp
[1.761s] -- Up-to-date: /home/nvidia/f1tenth_ws/install/realsense2_camera_msgs/include/realsense2_camera_msgs/realsense2_camera_msgs/srv/detail/device_info__rosidl_typesupport_introspection_cpp.hpp
[1.761s] -- Up-to-date: /home/nvidia/f1tenth_ws/install/realsense2_camera_msgs/include/realsense2_camera_msgs/realsense2_camera_msgs/msg
[1.762s] -- Up-to-date: /home/nvidia/f1tenth_ws/install/realsense2_camera_msgs/include/realsense2_camera_msgs/realsense2_camera_msgs/msg/detail
[1.762s] -- Up-to-date: /home/nvidia/f1tenth_ws/install/realsense2_camera_msgs/include/realsense2_camera_msgs/realsense2_camera_msgs/msg/detail/metadata__type_support.cpp
[1.762s] -- Up-to-date: /home/nvidia/f1tenth_ws/install/realsense2_camera_msgs/include/realsense2_camera_msgs/realsense2_camera_msgs/msg/detail/metadata__rosidl_typesupport_introspection_cpp.hpp
[1.762s] -- Up-to-date: /home/nvidia/f1tenth_ws/install/realsense2_camera_msgs/include/realsense2_camera_msgs/realsense2_camera_msgs/msg/detail/imu_info__type_support.cpp
[1.762s] -- Up-to-date: /home/nvidia/f1tenth_ws/install/realsense2_camera_msgs/include/realsense2_camera_msgs/realsense2_camera_msgs/msg/detail/rgbd__rosidl_typesupport_introspection_cpp.hpp
[1.763s] -- Up-to-date: /home/nvidia/f1tenth_ws/install/realsense2_camera_msgs/include/realsense2_camera_msgs/realsense2_camera_msgs/msg/detail/imu_info__rosidl_typesupport_introspection_cpp.hpp
[1.763s] -- Up-to-date: /home/nvidia/f1tenth_ws/install/realsense2_camera_msgs/include/realsense2_camera_msgs/realsense2_camera_msgs/msg/detail/rgbd__type_support.cpp
[1.764s] -- Up-to-date: /home/nvidia/f1tenth_ws/install/realsense2_camera_msgs/include/realsense2_camera_msgs/realsense2_camera_msgs/msg/detail/extrinsics__type_support.cpp
[1.764s] -- Up-to-date: /home/nvidia/f1tenth_ws/install/realsense2_camera_msgs/include/realsense2_camera_msgs/realsense2_camera_msgs/msg/detail/extrinsics__rosidl_typesupport_introspection_cpp.hpp
[1.764s] -- Up-to-date: /home/nvidia/f1tenth_ws/install/realsense2_camera_msgs/lib/librealsense2_camera_msgs__rosidl_typesupport_introspection_cpp.so
[1.764s] -- Up-to-date: /home/nvidia/f1tenth_ws/install/realsense2_camera_msgs/lib/librealsense2_camera_msgs__rosidl_typesupport_cpp.so
[1.764s] -- Up-to-date: /home/nvidia/f1tenth_ws/install/realsense2_camera_msgs/share/realsense2_camera_msgs/environment/pythonpath.sh
[1.764s] -- Up-to-date: /home/nvidia/f1tenth_ws/install/realsense2_camera_msgs/share/realsense2_camera_msgs/environment/pythonpath.dsv
[1.765s] -- Up-to-date: /home/nvidia/f1tenth_ws/install/realsense2_camera_msgs/local/lib/python3.10/dist-packages/realsense2_camera_msgs-4.54.1-py3.10.egg-info
[1.765s] -- Installing: /home/nvidia/f1tenth_ws/install/realsense2_camera_msgs/local/lib/python3.10/dist-packages/realsense2_camera_msgs-4.54.1-py3.10.egg-info/dependency_links.txt
[1.765s] -- Installing: /home/nvidia/f1tenth_ws/install/realsense2_camera_msgs/local/lib/python3.10/dist-packages/realsense2_camera_msgs-4.54.1-py3.10.egg-info/PKG-INFO
[1.765s] -- Installing: /home/nvidia/f1tenth_ws/install/realsense2_camera_msgs/local/lib/python3.10/dist-packages/realsense2_camera_msgs-4.54.1-py3.10.egg-info/SOURCES.txt
[1.765s] -- Installing: /home/nvidia/f1tenth_ws/install/realsense2_camera_msgs/local/lib/python3.10/dist-packages/realsense2_camera_msgs-4.54.1-py3.10.egg-info/top_level.txt
[1.765s] -- Up-to-date: /home/nvidia/f1tenth_ws/install/realsense2_camera_msgs/local/lib/python3.10/dist-packages/realsense2_camera_msgs
[1.766s] -- Up-to-date: /home/nvidia/f1tenth_ws/install/realsense2_camera_msgs/local/lib/python3.10/dist-packages/realsense2_camera_msgs/realsense2_camera_msgs_s__rosidl_typesupport_fastrtps_c.cpython-310-aarch64-linux-gnu.so
[1.766s] -- Up-to-date: /home/nvidia/f1tenth_ws/install/realsense2_camera_msgs/local/lib/python3.10/dist-packages/realsense2_camera_msgs/_realsense2_camera_msgs_s.ep.rosidl_typesupport_introspection_c.c
[1.766s] -- Up-to-date: /home/nvidia/f1tenth_ws/install/realsense2_camera_msgs/local/lib/python3.10/dist-packages/realsense2_camera_msgs/_realsense2_camera_msgs_s.ep.rosidl_typesupport_fastrtps_c.c
[1.766s] -- Up-to-date: /home/nvidia/f1tenth_ws/install/realsense2_camera_msgs/local/lib/python3.10/dist-packages/realsense2_camera_msgs/srv
[1.767s] -- Up-to-date: /home/nvidia/f1tenth_ws/install/realsense2_camera_msgs/local/lib/python3.10/dist-packages/realsense2_camera_msgs/srv/__init__.py
[1.768s] -- Up-to-date: /home/nvidia/f1tenth_ws/install/realsense2_camera_msgs/local/lib/python3.10/dist-packages/realsense2_camera_msgs/srv/_device_info_s.c
[1.768s] -- Up-to-date: /home/nvidia/f1tenth_ws/install/realsense2_camera_msgs/local/lib/python3.10/dist-packages/realsense2_camera_msgs/srv/_device_info.py
[1.768s] -- Up-to-date: /home/nvidia/f1tenth_ws/install/realsense2_camera_msgs/local/lib/python3.10/dist-packages/realsense2_camera_msgs/__init__.py
[1.769s] -- Up-to-date: /home/nvidia/f1tenth_ws/install/realsense2_camera_msgs/local/lib/python3.10/dist-packages/realsense2_camera_msgs/realsense2_camera_msgs_s__rosidl_typesupport_c.cpython-310-aarch64-linux-gnu.so
[1.770s] -- Up-to-date: /home/nvidia/f1tenth_ws/install/realsense2_camera_msgs/local/lib/python3.10/dist-packages/realsense2_camera_msgs/librealsense2_camera_msgs__rosidl_generator_py.so
[1.770s] -- Up-to-date: /home/nvidia/f1tenth_ws/install/realsense2_camera_msgs/local/lib/python3.10/dist-packages/realsense2_camera_msgs/msg
[1.770s] -- Up-to-date: /home/nvidia/f1tenth_ws/install/realsense2_camera_msgs/local/lib/python3.10/dist-packages/realsense2_camera_msgs/msg/_imu_info.py
[1.770s] -- Up-to-date: /home/nvidia/f1tenth_ws/install/realsense2_camera_msgs/local/lib/python3.10/dist-packages/realsense2_camera_msgs/msg/_metadata_s.c
[1.771s] -- Up-to-date: /home/nvidia/f1tenth_ws/install/realsense2_camera_msgs/local/lib/python3.10/dist-packages/realsense2_camera_msgs/msg/_imu_info_s.c
[1.771s] -- Up-to-date: /home/nvidia/f1tenth_ws/install/realsense2_camera_msgs/local/lib/python3.10/dist-packages/realsense2_camera_msgs/msg/_extrinsics.py
[1.772s] -- Up-to-date: /home/nvidia/f1tenth_ws/install/realsense2_camera_msgs/local/lib/python3.10/dist-packages/realsense2_camera_msgs/msg/__init__.py
[1.772s] -- Up-to-date: /home/nvidia/f1tenth_ws/install/realsense2_camera_msgs/local/lib/python3.10/dist-packages/realsense2_camera_msgs/msg/_extrinsics_s.c
[1.777s] -- Up-to-date: /home/nvidia/f1tenth_ws/install/realsense2_camera_msgs/local/lib/python3.10/dist-packages/realsense2_camera_msgs/msg/_rgbd.py
[1.778s] -- Up-to-date: /home/nvidia/f1tenth_ws/install/realsense2_camera_msgs/local/lib/python3.10/dist-packages/realsense2_camera_msgs/msg/_rgbd_s.c
[1.778s] -- Up-to-date: /home/nvidia/f1tenth_ws/install/realsense2_camera_msgs/local/lib/python3.10/dist-packages/realsense2_camera_msgs/msg/_metadata.py
[1.778s] -- Up-to-date: /home/nvidia/f1tenth_ws/install/realsense2_camera_msgs/local/lib/python3.10/dist-packages/realsense2_camera_msgs/realsense2_camera_msgs_s__rosidl_typesupport_introspection_c.cpython-310-aarch64-linux-gnu.so
[1.779s] -- Up-to-date: /home/nvidia/f1tenth_ws/install/realsense2_camera_msgs/local/lib/python3.10/dist-packages/realsense2_camera_msgs/_realsense2_camera_msgs_s.ep.rosidl_typesupport_c.c
[1.829s] Listing '/home/nvidia/f1tenth_ws/install/realsense2_camera_msgs/local/lib/python3.10/dist-packages/realsense2_camera_msgs'...
[1.829s] Listing '/home/nvidia/f1tenth_ws/install/realsense2_camera_msgs/local/lib/python3.10/dist-packages/realsense2_camera_msgs/msg'...
[1.829s] Listing '/home/nvidia/f1tenth_ws/install/realsense2_camera_msgs/local/lib/python3.10/dist-packages/realsense2_camera_msgs/srv'...
[1.848s] -- Up-to-date: /home/nvidia/f1tenth_ws/install/realsense2_camera_msgs/local/lib/python3.10/dist-packages/realsense2_camera_msgs/realsense2_camera_msgs_s__rosidl_typesupport_fastrtps_c.cpython-310-aarch64-linux-gnu.so
[1.848s] -- Up-to-date: /home/nvidia/f1tenth_ws/install/realsense2_camera_msgs/local/lib/python3.10/dist-packages/realsense2_camera_msgs/realsense2_camera_msgs_s__rosidl_typesupport_introspection_c.cpython-310-aarch64-linux-gnu.so
[1.848s] -- Up-to-date: /home/nvidia/f1tenth_ws/install/realsense2_camera_msgs/local/lib/python3.10/dist-packages/realsense2_camera_msgs/realsense2_camera_msgs_s__rosidl_typesupport_c.cpython-310-aarch64-linux-gnu.so
[1.849s] -- Up-to-date: /home/nvidia/f1tenth_ws/install/realsense2_camera_msgs/lib/librealsense2_camera_msgs__rosidl_generator_py.so
[1.849s] -- Up-to-date: /home/nvidia/f1tenth_ws/install/realsense2_camera_msgs/share/realsense2_camera_msgs/msg/IMUInfo.idl
[1.849s] -- Up-to-date: /home/nvidia/f1tenth_ws/install/realsense2_camera_msgs/share/realsense2_camera_msgs/msg/Extrinsics.idl
[1.850s] -- Up-to-date: /home/nvidia/f1tenth_ws/install/realsense2_camera_msgs/share/realsense2_camera_msgs/msg/Metadata.idl
[1.850s] -- Up-to-date: /home/nvidia/f1tenth_ws/install/realsense2_camera_msgs/share/realsense2_camera_msgs/msg/RGBD.idl
[1.850s] -- Up-to-date: /home/nvidia/f1tenth_ws/install/realsense2_camera_msgs/share/realsense2_camera_msgs/srv/DeviceInfo.idl
[1.850s] -- Up-to-date: /home/nvidia/f1tenth_ws/install/realsense2_camera_msgs/share/realsense2_camera_msgs/msg/IMUInfo.msg
[1.850s] -- Up-to-date: /home/nvidia/f1tenth_ws/install/realsense2_camera_msgs/share/realsense2_camera_msgs/msg/Extrinsics.msg
[1.850s] -- Up-to-date: /home/nvidia/f1tenth_ws/install/realsense2_camera_msgs/share/realsense2_camera_msgs/msg/Metadata.msg
[1.850s] -- Up-to-date: /home/nvidia/f1tenth_ws/install/realsense2_camera_msgs/share/realsense2_camera_msgs/msg/RGBD.msg
[1.851s] -- Up-to-date: /home/nvidia/f1tenth_ws/install/realsense2_camera_msgs/share/realsense2_camera_msgs/srv/DeviceInfo.srv
[1.851s] -- Up-to-date: /home/nvidia/f1tenth_ws/install/realsense2_camera_msgs/share/realsense2_camera_msgs/srv/DeviceInfo_Request.msg
[1.851s] -- Up-to-date: /home/nvidia/f1tenth_ws/install/realsense2_camera_msgs/share/realsense2_camera_msgs/srv/DeviceInfo_Response.msg
[1.851s] -- Up-to-date: /home/nvidia/f1tenth_ws/install/realsense2_camera_msgs/share/ament_index/resource_index/package_run_dependencies/realsense2_camera_msgs
[1.851s] -- Up-to-date: /home/nvidia/f1tenth_ws/install/realsense2_camera_msgs/share/ament_index/resource_index/parent_prefix_path/realsense2_camera_msgs
[1.851s] -- Up-to-date: /home/nvidia/f1tenth_ws/install/realsense2_camera_msgs/share/realsense2_camera_msgs/environment/ament_prefix_path.sh
[1.854s] -- Up-to-date: /home/nvidia/f1tenth_ws/install/realsense2_camera_msgs/share/realsense2_camera_msgs/environment/ament_prefix_path.dsv
[1.854s] -- Up-to-date: /home/nvidia/f1tenth_ws/install/realsense2_camera_msgs/share/realsense2_camera_msgs/environment/path.sh
[1.854s] -- Up-to-date: /home/nvidia/f1tenth_ws/install/realsense2_camera_msgs/share/realsense2_camera_msgs/environment/path.dsv
[1.854s] -- Up-to-date: /home/nvidia/f1tenth_ws/install/realsense2_camera_msgs/share/realsense2_camera_msgs/local_setup.bash
[1.854s] -- Up-to-date: /home/nvidia/f1tenth_ws/install/realsense2_camera_msgs/share/realsense2_camera_msgs/local_setup.sh
[1.855s] -- Up-to-date: /home/nvidia/f1tenth_ws/install/realsense2_camera_msgs/share/realsense2_camera_msgs/local_setup.zsh
[1.855s] -- Up-to-date: /home/nvidia/f1tenth_ws/install/realsense2_camera_msgs/share/realsense2_camera_msgs/local_setup.dsv
[1.855s] -- Installing: /home/nvidia/f1tenth_ws/install/realsense2_camera_msgs/share/realsense2_camera_msgs/package.dsv
[1.855s] -- Up-to-date: /home/nvidia/f1tenth_ws/install/realsense2_camera_msgs/share/ament_index/resource_index/packages/realsense2_camera_msgs
[1.855s] -- Up-to-date: /home/nvidia/f1tenth_ws/install/realsense2_camera_msgs/share/realsense2_camera_msgs/cmake/export_realsense2_camera_msgs__rosidl_generator_cExport.cmake
[1.855s] -- Up-to-date: /home/nvidia/f1tenth_ws/install/realsense2_camera_msgs/share/realsense2_camera_msgs/cmake/export_realsense2_camera_msgs__rosidl_generator_cExport-noconfig.cmake
[1.855s] -- Up-to-date: /home/nvidia/f1tenth_ws/install/realsense2_camera_msgs/share/realsense2_camera_msgs/cmake/export_realsense2_camera_msgs__rosidl_typesupport_fastrtps_cExport.cmake
[1.856s] -- Up-to-date: /home/nvidia/f1tenth_ws/install/realsense2_camera_msgs/share/realsense2_camera_msgs/cmake/export_realsense2_camera_msgs__rosidl_typesupport_fastrtps_cExport-noconfig.cmake
[1.856s] -- Up-to-date: /home/nvidia/f1tenth_ws/install/realsense2_camera_msgs/share/realsense2_camera_msgs/cmake/realsense2_camera_msgs__rosidl_typesupport_introspection_cExport.cmake
[1.856s] -- Up-to-date: /home/nvidia/f1tenth_ws/install/realsense2_camera_msgs/share/realsense2_camera_msgs/cmake/realsense2_camera_msgs__rosidl_typesupport_introspection_cExport-noconfig.cmake
[1.856s] -- Up-to-date: /home/nvidia/f1tenth_ws/install/realsense2_camera_msgs/share/realsense2_camera_msgs/cmake/realsense2_camera_msgs__rosidl_typesupport_cExport.cmake
[1.856s] -- Up-to-date: /home/nvidia/f1tenth_ws/install/realsense2_camera_msgs/share/realsense2_camera_msgs/cmake/realsense2_camera_msgs__rosidl_typesupport_cExport-noconfig.cmake
[1.856s] -- Up-to-date: /home/nvidia/f1tenth_ws/install/realsense2_camera_msgs/share/realsense2_camera_msgs/cmake/export_realsense2_camera_msgs__rosidl_generator_cppExport.cmake
[1.856s] -- Up-to-date: /home/nvidia/f1tenth_ws/install/realsense2_camera_msgs/share/realsense2_camera_msgs/cmake/export_realsense2_camera_msgs__rosidl_typesupport_fastrtps_cppExport.cmake
[1.856s] -- Up-to-date: /home/nvidia/f1tenth_ws/install/realsense2_camera_msgs/share/realsense2_camera_msgs/cmake/export_realsense2_camera_msgs__rosidl_typesupport_fastrtps_cppExport-noconfig.cmake
[1.856s] -- Up-to-date: /home/nvidia/f1tenth_ws/install/realsense2_camera_msgs/share/realsense2_camera_msgs/cmake/realsense2_camera_msgs__rosidl_typesupport_introspection_cppExport.cmake
[1.857s] -- Up-to-date: /home/nvidia/f1tenth_ws/install/realsense2_camera_msgs/share/realsense2_camera_msgs/cmake/realsense2_camera_msgs__rosidl_typesupport_introspection_cppExport-noconfig.cmake
[1.857s] -- Up-to-date: /home/nvidia/f1tenth_ws/install/realsense2_camera_msgs/share/realsense2_camera_msgs/cmake/realsense2_camera_msgs__rosidl_typesupport_cppExport.cmake
[1.859s] -- Up-to-date: /home/nvidia/f1tenth_ws/install/realsense2_camera_msgs/share/realsense2_camera_msgs/cmake/realsense2_camera_msgs__rosidl_typesupport_cppExport-noconfig.cmake
[1.861s] -- Up-to-date: /home/nvidia/f1tenth_ws/install/realsense2_camera_msgs/share/realsense2_camera_msgs/cmake/export_realsense2_camera_msgs__rosidl_generator_pyExport.cmake
[1.861s] -- Up-to-date: /home/nvidia/f1tenth_ws/install/realsense2_camera_msgs/share/realsense2_camera_msgs/cmake/export_realsense2_camera_msgs__rosidl_generator_pyExport-noconfig.cmake
[1.861s] -- Up-to-date: /home/nvidia/f1tenth_ws/install/realsense2_camera_msgs/share/realsense2_camera_msgs/cmake/rosidl_cmake-extras.cmake
[1.861s] -- Up-to-date: /home/nvidia/f1tenth_ws/install/realsense2_camera_msgs/share/realsense2_camera_msgs/cmake/ament_cmake_export_dependencies-extras.cmake
[1.861s] -- Up-to-date: /home/nvidia/f1tenth_ws/install/realsense2_camera_msgs/share/realsense2_camera_msgs/cmake/ament_cmake_export_include_directories-extras.cmake
[1.862s] -- Up-to-date: /home/nvidia/f1tenth_ws/install/realsense2_camera_msgs/share/realsense2_camera_msgs/cmake/ament_cmake_export_libraries-extras.cmake
[1.862s] -- Up-to-date: /home/nvidia/f1tenth_ws/install/realsense2_camera_msgs/share/realsense2_camera_msgs/cmake/ament_cmake_export_targets-extras.cmake
[1.862s] -- Up-to-date: /home/nvidia/f1tenth_ws/install/realsense2_camera_msgs/share/realsense2_camera_msgs/cmake/rosidl_cmake_export_typesupport_targets-extras.cmake
[1.862s] -- Up-to-date: /home/nvidia/f1tenth_ws/install/realsense2_camera_msgs/share/realsense2_camera_msgs/cmake/rosidl_cmake_export_typesupport_libraries-extras.cmake
[1.862s] -- Up-to-date: /home/nvidia/f1tenth_ws/install/realsense2_camera_msgs/share/realsense2_camera_msgs/cmake/realsense2_camera_msgsConfig.cmake
[1.862s] -- Up-to-date: /home/nvidia/f1tenth_ws/install/realsense2_camera_msgs/share/realsense2_camera_msgs/cmake/realsense2_camera_msgsConfig-version.cmake
[1.862s] -- Up-to-date: /home/nvidia/f1tenth_ws/install/realsense2_camera_msgs/share/realsense2_camera_msgs/package.xml
[2.488s] Invoked command in '/home/nvidia/f1tenth_ws/build/realsense2_camera_msgs' returned '0': CMAKE_PREFIX_PATH=/opt/ros/humble /usr/bin/cmake --install /home/nvidia/f1tenth_ws/build/realsense2_camera_msgs
